#
# A fatal error has been detected by the Java Runtime Environment:
#
#  EXCEPTION_ACCESS_VIOLATION (0xc0000005) at pc=0x000007feae139690, pid=11128, tid=4600
#
# JRE version: OpenJDK Runtime Environment Temurin-11.0.12+7 (11.0.12+7) (build 11.0.12+7)
# Java VM: OpenJDK 64-Bit Server VM Temurin-11.0.12+7 (11.0.12+7, mixed mode, tiered, compressed oops, g1 gc, windows-amd64)
# Problematic frame:
# V  [jvm.dll+0x719690]
#
# No core dump will be written. Minidumps are not enabled by default on client versions of Windows
#
# If you would like to submit a bug report, please visit:
#   https://github.com/adoptium/adoptium-support/issues
#

---------------  S U M M A R Y ------------

Command Line: --add-opens=java.base/java.util=ALL-UNNAMED --add-opens=java.base/java.lang=ALL-UNNAMED --add-opens=java.base/java.lang.invoke=ALL-UNNAMED --add-opens=java.base/java.util=ALL-UNNAMED --add-opens=java.prefs/java.util.prefs=ALL-UNNAMED --add-opens=java.prefs/java.util.prefs=ALL-UNNAMED --add-opens=java.base/java.nio.charset=ALL-UNNAMED --add-opens=java.base/java.net=ALL-UNNAMED --add-opens=java.base/java.util.concurrent.atomic=ALL-UNNAMED -XX:MaxMetaspaceSize=256m -XX:+HeapDumpOnOutOfMemoryError -Xms256m -Xmx512m -Dfile.encoding=windows-1251 -Duser.country=RU -Duser.language=ru -Duser.variant org.gradle.launcher.daemon.bootstrap.GradleDaemon 7.1

Host: Intel(R) Xeon(R) CPU E3-1270 V2 @ 3.50GHz, 8 cores, 15G,  Windows 7 , 64 bit Build 7601 (6.1.7601.18015)
Time: Thu Dec 23 00:33:39 2021 Eaeeieia?aaneia a?aiy (ceia) elapsed time: 60.671553 seconds (0d 0h 1m 0s)

---------------  T H R E A D  ---------------

Current thread (0x000000001f6ea800):  VMThread "VM Thread" [stack: 0x000000001f8f0000,0x000000001f9f0000] [id=4600]

Stack: [0x000000001f8f0000,0x000000001f9f0000],  sp=0x000000001f9ee3a8,  free space=1016k
Native frames: (J=compiled Java code, j=interpreted, Vv=VM code, C=native code)
V  [jvm.dll+0x719690]


siginfo: EXCEPTION_ACCESS_VIOLATION (0xc0000005), reading address 0xffffffffffffffff


Register to memory mapping:

RIP=0x000007feae139690 jvm.dll
RAX=0x0000000000000001 is an unknown value
RBX=0x000000000000001f is an unknown value
RCX=0x00080000203d9a48 is an unknown value
RDX=0x0000000021afcc80 points into unknown readable memory: 0x414e982800030004 | 04 00 03 00 28 98 4e 41
RSP=0x000000001f9ee3a8 points into unknown readable memory: 0x000007feadc64576 | 76 45 c6 ad fe 07 00 00
RBP=0x000000000000001f is an unknown value
RSI=0x00000000284dfb30 is pointing into metadata
RDI=0x00000000284df9f8 is pointing into metadata
R8 =0x0000000000000004 is an unknown value
R9 =0x0 is NULL
R10=0x00000000207669a0 points into unknown readable memory: 0x00000000000004d2 | d2 04 00 00 00 00 00 00
R11=0x000000001f9ee350 points into unknown readable memory: 0x000000001f6a41c0 | c0 41 6a 1f 00 00 00 00
R12=0x000000001c1fef00 points into unknown readable memory: 0x0000000000000000 | 00 00 00 00 00 00 00 00
R13=0x00000000000003d8 is an unknown value
R14=0x00000000003e65d0 points into unknown readable memory: 0x0000000000000000 | 00 00 00 00 00 00 00 00
R15=0x0 is NULL


Registers:
RAX=0x0000000000000001, RBX=0x000000000000001f, RCX=0x00080000203d9a48, RDX=0x0000000021afcc80
RSP=0x000000001f9ee3a8, RBP=0x000000000000001f, RSI=0x00000000284dfb30, RDI=0x00000000284df9f8
R8 =0x0000000000000004, R9 =0x0000000000000000, R10=0x00000000207669a0, R11=0x000000001f9ee350
R12=0x000000001c1fef00, R13=0x00000000000003d8, R14=0x00000000003e65d0, R15=0x0000000000000000
RIP=0x000007feae139690, EFLAGS=0x0000000000010246

Top of Stack: (sp=0x000000001f9ee3a8)
0x000000001f9ee3a8:   000007feadc64576 0000000000000004
0x000000001f9ee3b8:   000000000000000c 000000002a122a38
0x000000001f9ee3c8:   00000000284df9f8 000000000000000b
0x000000001f9ee3d8:   00000000003e65d0 00000000003e65d0
0x000000001f9ee3e8:   000007feadbf774f 000000000000000c
0x000000001f9ee3f8:   00000000284df9f8 000000000000004a
0x000000001f9ee408:   0000000000000000 0000000000000000
0x000000001f9ee418:   00000000003e65d0 00000000000001e3
0x000000001f9ee428:   000007feadbf7437 00000000003e6f30
0x000000001f9ee438:   000000001f9ee600 0000000000000000
0x000000001f9ee448:   000007feadc50caf 404e000000000000
0x000000001f9ee458:   000000001f9ee4f0 00000000003d3260
0x000000001f9ee468:   000007feadc12c84 00000000003d3940
0x000000001f9ee478:   000000000000000b 000000312ec96400
0x000000001f9ee488:   000007fe00000001 00000000003d3940
0x000000001f9ee498:   0000000000000000 000000001c1feb30 

Instructions: (pc=0x000007feae139690)
0x000007feae139590:   ff ff ff 48 ff c1 80 3c 08 00 75 f7 48 63 d1 85
0x000007feae1395a0:   c9 7e 14 80 38 2f 75 03 c6 00 2e 48 ff c0 48 83
0x000007feae1395b0:   ea 01 75 ef 49 8b c0 48 83 c4 28 c3 cc cc cc cc
0x000007feae1395c0:   48 89 5c 24 08 48 89 6c 24 10 48 89 74 24 18 57
0x000007feae1395d0:   48 83 ec 20 0f b7 11 48 8b f1 48 83 c1 06 e8 6d
0x000007feae1395e0:   7b 05 00 33 d2 8d 58 01 48 63 cb e8 d0 5e f4 ff
0x000007feae1395f0:   0f b7 16 48 8d 4e 06 44 8b cb 4c 8b c0 48 8b f8
0x000007feae139600:   e8 7b 74 05 00 48 8b 5c 24 30 48 8b c7 48 8b 6c
0x000007feae139610:   24 38 48 8b 74 24 40 48 83 c4 20 5f c3 cc cc cc
0x000007feae139620:   48 89 5c 24 18 48 89 74 24 20 57 48 83 ec 20 48
0x000007feae139630:   8b da 48 8d 71 06 0f b7 11 4c 8d 4c 24 30 48 8b
0x000007feae139640:   ce 4c 8d 44 24 38 e8 95 7c 05 00 48 63 c8 33 d2
0x000007feae139650:   48 03 c9 89 03 e8 66 5e f4 ff 44 8b 03 48 8b f8
0x000007feae139660:   45 85 c0 7e 0e 48 8b d0 48 8b ce e8 b0 70 05 00
0x000007feae139670:   48 8b c7 48 8b 5c 24 40 48 8b 74 24 48 48 83 c4
0x000007feae139680:   20 5f c3 cc cc cc cc cc cc cc cc cc cc cc cc cc
0x000007feae139690:   0f b7 41 02 66 85 c0 78 0f 48 8b d1 b9 00 00 ff
0x000007feae1396a0:   ff 48 ff 25 d8 c3 31 00 c3 cc cc cc cc cc cc cc
0x000007feae1396b0:   0f b7 41 02 66 85 c0 78 0f 48 8b d1 b9 00 00 01
0x000007feae1396c0:   00 48 ff 25 b8 c3 31 00 c3 cc cc cc cc cc cc cc
0x000007feae1396d0:   40 56 48 83 ec 30 49 8b f0 45 85 c9 7f 08 33 c0
0x000007feae1396e0:   48 83 c4 30 5e c3 48 89 5c 24 40 48 89 6c 24 48
0x000007feae1396f0:   48 89 7c 24 50 0f b7 39 4c 89 74 24 28 49 63 e9
0x000007feae139700:   48 2b fd 4c 89 7c 24 20 4c 8d 79 06 48 63 da 49
0x000007feae139710:   03 ff 49 03 df 48 3b df 77 3c 45 0f be 30 66 90
0x000007feae139720:   4c 8b c7 41 8b d6 4c 2b c3 48 8b cb 49 ff c0 e8
0x000007feae139730:   a2 20 0a 00 48 8b d8 48 85 c0 74 1a 4c 8b c5 48
0x000007feae139740:   8b d6 48 8b c8 e8 6e 20 0a 00 85 c0 74 2c 48 ff
0x000007feae139750:   c3 48 3b df 76 ca b8 ff ff ff ff 4c 8b 74 24 28
0x000007feae139760:   48 8b 7c 24 50 48 8b 6c 24 48 48 8b 5c 24 40 4c
0x000007feae139770:   8b 7c 24 20 48 83 c4 30 5e c3 41 2b df 8b c3 eb
0x000007feae139780:   da cc cc cc cc cc cc cc cc cc cc cc cc cc cc cc 


Stack slot to memory mapping:
stack at sp + 0 slots: 0x000007feadc64576 jvm.dll
stack at sp + 1 slots: 0x0000000000000004 is an unknown value
stack at sp + 2 slots: 0x000000000000000c is an unknown value
stack at sp + 3 slots: 0x000000002a122a38 is pointing into metadata
stack at sp + 4 slots: 0x00000000284df9f8 is pointing into metadata
stack at sp + 5 slots: 0x000000000000000b is an unknown value
stack at sp + 6 slots: 0x00000000003e65d0 points into unknown readable memory: 0x0000000000000000 | 00 00 00 00 00 00 00 00
stack at sp + 7 slots: 0x00000000003e65d0 points into unknown readable memory: 0x0000000000000000 | 00 00 00 00 00 00 00 00

VM_Operation (0x000000001c0ffaf0): CGC_Operation, mode: safepoint, requested by thread 0x00000000003d6000


---------------  P R O C E S S  ---------------

Threads class SMR info:
_java_thread_list=0x0000000023f74160, length=39, elements={
0x00000000003a8800, 0x000000001f6ef000, 0x000000001f6f8800, 0x000000001f70a800,
0x000000001f70c800, 0x000000001f70d800, 0x000000001f714000, 0x000000001f715000,
0x000000001f716000, 0x00000000204e3000, 0x0000000021026800, 0x00000000216b9800,
0x0000000021b3a800, 0x00000000248ca000, 0x0000000024103800, 0x0000000021ada800,
0x0000000022229800, 0x0000000023f92800, 0x00000000235cd800, 0x00000000235ce800,
0x00000000235cf800, 0x00000000235d0000, 0x00000000235d1000, 0x00000000235d2000,
0x00000000235d2800, 0x00000000235d3800, 0x00000000235d4800, 0x00000000235d5000,
0x00000000235d6000, 0x00000000235d6800, 0x00000000235d7800, 0x00000000235d8800,
0x00000000235d9000, 0x00000000235da000, 0x0000000024945800, 0x00000000235db000,
0x00000000235db800, 0x00000000235dc800, 0x0000000022415800
}

Java Threads: ( => current thread )
  0x00000000003a8800 JavaThread "main" [_thread_blocked, id=8876, stack(0x0000000002130000,0x0000000002230000)]
  0x000000001f6ef000 JavaThread "Reference Handler" daemon [_thread_blocked, id=5028, stack(0x000000001f7b0000,0x000000001f8b0000)]
  0x000000001f6f8800 JavaThread "Finalizer" daemon [_thread_blocked, id=11124, stack(0x000000001fba0000,0x000000001fca0000)]
  0x000000001f70a800 JavaThread "Signal Dispatcher" daemon [_thread_blocked, id=10368, stack(0x000000001fd80000,0x000000001fe80000)]
  0x000000001f70c800 JavaThread "Attach Listener" daemon [_thread_blocked, id=10016, stack(0x000000001fa40000,0x000000001fb40000)]
  0x000000001f70d800 JavaThread "Service Thread" daemon [_thread_blocked, id=7632, stack(0x0000000020000000,0x0000000020100000)]
  0x000000001f714000 JavaThread "C2 CompilerThread0" daemon [_thread_in_native, id=8352, stack(0x0000000020170000,0x0000000020270000)]
  0x000000001f715000 JavaThread "C1 CompilerThread0" daemon [_thread_blocked, id=10760, stack(0x000000001fef0000,0x000000001fff0000)]
  0x000000001f716000 JavaThread "Sweeper thread" daemon [_thread_blocked, id=11524, stack(0x00000000202d0000,0x00000000203d0000)]
  0x00000000204e3000 JavaThread "Common-Cleaner" daemon [_thread_blocked, id=10656, stack(0x00000000209b0000,0x0000000020ab0000)]
  0x0000000021026800 JavaThread "Daemon health stats" [_thread_blocked, id=1700, stack(0x00000000267d0000,0x00000000268d0000)]
  0x00000000216b9800 JavaThread "Incoming local TCP Connector on port 56793" [_thread_in_native, id=11684, stack(0x00000000268d0000,0x00000000269d0000)]
  0x0000000021b3a800 JavaThread "Daemon periodic checks" [_thread_blocked, id=5244, stack(0x0000000022df0000,0x0000000022ef0000)]
  0x00000000248ca000 JavaThread "Daemon" [_thread_blocked, id=2188, stack(0x0000000026f40000,0x0000000027040000)]
  0x0000000024103800 JavaThread "Handler for socket connection from /127.0.0.1:56793 to /127.0.0.1:56794" [_thread_in_native, id=11660, stack(0x0000000027120000,0x0000000027220000)]
  0x0000000021ada800 JavaThread "Cancel handler" [_thread_blocked, id=5092, stack(0x0000000020830000,0x0000000020930000)]
  0x0000000022229800 JavaThread "Daemon worker" [_thread_blocked, id=8696, stack(0x0000000024290000,0x0000000024390000)]
  0x0000000023f92800 JavaThread "Asynchronous log dispatcher for DefaultDaemonConnection: socket connection from /127.0.0.1:56793 to /127.0.0.1:56794" [_thread_blocked, id=11048, stack(0x0000000025620000,0x0000000025720000)]
  0x00000000235cd800 JavaThread "Stdin handler" [_thread_blocked, id=10452, stack(0x0000000026c00000,0x0000000026d00000)]
  0x00000000235ce800 JavaThread "Daemon client event forwarder" [_thread_blocked, id=10332, stack(0x0000000027380000,0x0000000027480000)]
  0x00000000235cf800 JavaThread "Cache worker for journal cache (C:\Users\user\.gradle\caches\journal-1)" [_thread_blocked, id=7572, stack(0x0000000027a80000,0x0000000027b80000)]
  0x00000000235d0000 JavaThread "File lock request listener" [_thread_in_native, id=8360, stack(0x0000000027c80000,0x0000000027d80000)]
  0x00000000235d1000 JavaThread "Cache worker for file hash cache (C:\Users\user\.gradle\caches\7.1\fileHashes)" [_thread_blocked, id=9496, stack(0x0000000027dc0000,0x0000000027ec0000)]
  0x00000000235d2000 JavaThread "Cache worker for file hash cache (E:\Netology\Java\L18Patterns\Error\DeliveryCard\.gradle\7.1\fileHashes)" [_thread_blocked, id=8632, stack(0x00000000285e0000,0x00000000286e0000)]
  0x00000000235d2800 JavaThread "File watcher server" daemon [_thread_in_native, id=11152, stack(0x0000000028c00000,0x0000000028d00000)]
  0x00000000235d3800 JavaThread "File watcher consumer" daemon [_thread_blocked, id=6464, stack(0x0000000028ae0000,0x0000000028be0000)]
  0x00000000235d4800 JavaThread "jar transforms" [_thread_blocked, id=6496, stack(0x0000000028920000,0x0000000028a20000)]
  0x00000000235d5000 JavaThread "jar transforms Thread 2" [_thread_blocked, id=4976, stack(0x0000000028d70000,0x0000000028e70000)]
  0x00000000235d6000 JavaThread "jar transforms Thread 3" [_thread_blocked, id=6392, stack(0x0000000028ec0000,0x0000000028fc0000)]
  0x00000000235d6800 JavaThread "jar transforms Thread 4" [_thread_blocked, id=11784, stack(0x0000000027260000,0x0000000027360000)]
  0x00000000235d7800 JavaThread "jar transforms Thread 5" [_thread_blocked, id=4488, stack(0x0000000029060000,0x0000000029160000)]
  0x00000000235d8800 JavaThread "jar transforms Thread 6" [_thread_blocked, id=6364, stack(0x0000000027b80000,0x0000000027c80000)]
  0x00000000235d9000 JavaThread "jar transforms Thread 7" [_thread_blocked, id=8792, stack(0x00000000292a0000,0x00000000293a0000)]
  0x00000000235da000 JavaThread "jar transforms Thread 8" [_thread_blocked, id=12132, stack(0x00000000294d0000,0x00000000295d0000)]
  0x0000000024945800 JavaThread "C2 CompilerThread1" daemon [_thread_blocked, id=9104, stack(0x00000000293b0000,0x00000000294b0000)]
  0x00000000235db000 JavaThread "Cache worker for checksums cache (E:\Netology\Java\L18Patterns\Error\DeliveryCard\.gradle\checksums)" [_thread_blocked, id=11460, stack(0x0000000029160000,0x0000000029260000)]
  0x00000000235db800 JavaThread "Cache worker for cache directory md-supplier (C:\Users\user\.gradle\caches\7.1\md-supplier)" [_thread_blocked, id=11060, stack(0x0000000028290000,0x0000000028390000)]
  0x00000000235dc800 JavaThread "Cache worker for cache directory md-rule (C:\Users\user\.gradle\caches\7.1\md-rule)" [_thread_blocked, id=10588, stack(0x0000000029a60000,0x0000000029b60000)]
  0x0000000022415800 JavaThread "Cache worker for execution history cache (C:\Users\user\.gradle\caches\7.1\executionHistory)" [_thread_blocked, id=6308, stack(0x0000000029870000,0x0000000029970000)]

Other Threads:
=>0x000000001f6ea800 VMThread "VM Thread" [stack: 0x000000001f8f0000,0x000000001f9f0000] [id=4600]
  0x0000000020549000 WatcherThread [stack: 0x0000000020b90000,0x0000000020c90000] [id=11284]
  0x00000000003c2000 GCTaskThread "GC Thread#0" [stack: 0x000000001a320000,0x000000001a420000] [id=5064]
  0x000000002167d800 GCTaskThread "GC Thread#1" [stack: 0x0000000020d50000,0x0000000020e50000] [id=11672]
  0x0000000021584800 GCTaskThread "GC Thread#2" [stack: 0x0000000022930000,0x0000000022a30000] [id=9408]
  0x0000000021a4b000 GCTaskThread "GC Thread#3" [stack: 0x0000000022ac0000,0x0000000022bc0000] [id=12108]
  0x0000000021798000 GCTaskThread "GC Thread#4" [stack: 0x0000000022c90000,0x0000000022d90000] [id=9700]
  0x00000000218a6000 GCTaskThread "GC Thread#5" [stack: 0x0000000022f20000,0x0000000023020000] [id=10020]
  0x0000000024cde000 GCTaskThread "GC Thread#6" [stack: 0x0000000027590000,0x0000000027690000] [id=6900]
  0x0000000024f1b000 GCTaskThread "GC Thread#7" [stack: 0x0000000027920000,0x0000000027a20000] [id=11608]
  0x00000000003d6000 ConcurrentGCThread "G1 Main Marker" [stack: 0x000000001c000000,0x000000001c100000] [id=10804]
  0x00000000003d8800 ConcurrentGCThread "G1 Conc#0" [stack: 0x000000001c200000,0x000000001c300000] [id=9896]
  0x000000002391c000 ConcurrentGCThread "G1 Conc#1" [stack: 0x0000000028170000,0x0000000028270000] [id=12052]
  0x000000001c1db800 ConcurrentGCThread "G1 Refine#0" [stack: 0x000000001ea80000,0x000000001eb80000] [id=7228]
  0x000000001c1e2800 ConcurrentGCThread "G1 Young RemSet Sampling" [stack: 0x000000001ec60000,0x000000001ed60000] [id=6644]

Threads with active compile tasks:
C2 CompilerThread0  60969 2826       4       jdk.internal.loader.URLClassPath::getResource (74 bytes)
C1 CompilerThread0  60969 3020       3       java.util.StringJoiner::toString (181 bytes)

VM state:at safepoint (normal execution)

VM Mutex/Monitor currently owned by a thread:  ([mutex/lock_event])
[0x00000000003a4b00] Threads_lock - owner thread: 0x000000001f6ea800
[0x00000000003a52e0] Heap_lock - owner thread: 0x00000000003d6000

Heap address: 0x00000000e0000000, size: 512 MB, Compressed Oops mode: 32-bit
Narrow klass base: 0x0000000000000000, Narrow klass shift: 3
Compressed class space size: 260046848 Address: 0x0000000100000000

Heap:
 garbage-first heap   total 262144K, used 31857K [0x00000000e0000000, 0x0000000100000000)
  region size 1024K, 8 young (8192K), 7 survivors (7168K)
 Metaspace       used 35202K, capacity 36054K, committed 36096K, reserved 286720K
  class space    used 4614K, capacity 4982K, committed 4992K, reserved 253952K
Heap Regions: E=young(eden), S=young(survivor), O=old, HS=humongous(starts), HC=humongous(continues), CS=collection set, F=free, A=archive, TAMS=top-at-mark-start (previous, next)
|   0|0x00000000e0000000, 0x00000000e0100000, 0x00000000e0100000|100%| O|  |TAMS 0x00000000e0100000, 0x00000000e0100000| Untracked 
|   1|0x00000000e0100000, 0x00000000e0200000, 0x00000000e0200000|100%| O|  |TAMS 0x00000000e0200000, 0x00000000e0200000| Untracked 
|   2|0x00000000e0200000, 0x00000000e0300000, 0x00000000e0300000|100%| O|  |TAMS 0x00000000e0300000, 0x00000000e0300000| Untracked 
|   3|0x00000000e0300000, 0x00000000e0400000, 0x00000000e0400000|100%|HS|  |TAMS 0x00000000e0400000, 0x00000000e0400000| Complete 
|   4|0x00000000e0400000, 0x00000000e0500000, 0x00000000e0500000|100%|HC|  |TAMS 0x00000000e0500000, 0x00000000e0500000| Complete 
|   5|0x00000000e0500000, 0x00000000e0600000, 0x00000000e0600000|100%|HC|  |TAMS 0x00000000e0600000, 0x00000000e0600000| Complete 
|   6|0x00000000e0600000, 0x00000000e0700000, 0x00000000e0700000|100%| O|  |TAMS 0x00000000e0700000, 0x00000000e0700000| Untracked 
|   7|0x00000000e0700000, 0x00000000e0800000, 0x00000000e0800000|100%| O|  |TAMS 0x00000000e0800000, 0x00000000e0800000| Untracked 
|   8|0x00000000e0800000, 0x00000000e0900000, 0x00000000e0900000|100%| O|  |TAMS 0x00000000e0900000, 0x00000000e0900000| Untracked 
|   9|0x00000000e0900000, 0x00000000e0a00000, 0x00000000e0a00000|100%| O|  |TAMS 0x00000000e0a00000, 0x00000000e0a00000| Untracked 
|  10|0x00000000e0a00000, 0x00000000e0b00000, 0x00000000e0b00000|100%| O|  |TAMS 0x00000000e0b00000, 0x00000000e0b00000| Untracked 
|  11|0x00000000e0b00000, 0x00000000e0c00000, 0x00000000e0c00000|100%| O|  |TAMS 0x00000000e0c00000, 0x00000000e0c00000| Untracked 
|  12|0x00000000e0c00000, 0x00000000e0d00000, 0x00000000e0d00000|100%| O|  |TAMS 0x00000000e0d00000, 0x00000000e0d00000| Untracked 
|  13|0x00000000e0d00000, 0x00000000e0e00000, 0x00000000e0e00000|100%| O|  |TAMS 0x00000000e0e00000, 0x00000000e0e00000| Untracked 
|  14|0x00000000e0e00000, 0x00000000e0f00000, 0x00000000e0f00000|100%| O|  |TAMS 0x00000000e0f00000, 0x00000000e0f00000| Untracked 
|  15|0x00000000e0f00000, 0x00000000e1000000, 0x00000000e1000000|100%| O|  |TAMS 0x00000000e1000000, 0x00000000e1000000| Untracked 
|  16|0x00000000e1000000, 0x00000000e101c600, 0x00000000e1100000| 11%| O|  |TAMS 0x00000000e101c600, 0x00000000e101c600| Untracked 
|  17|0x00000000e1100000, 0x00000000e1200000, 0x00000000e1200000|100%|HS|  |TAMS 0x00000000e1100000, 0x00000000e1200000| Complete 
|  18|0x00000000e1200000, 0x00000000e1300000, 0x00000000e1300000|100%|HC|  |TAMS 0x00000000e1200000, 0x00000000e1300000| Complete 
|  19|0x00000000e1300000, 0x00000000e1400000, 0x00000000e1400000|100%|HS|  |TAMS 0x00000000e1300000, 0x00000000e1400000| Complete 
|  20|0x00000000e1400000, 0x00000000e1500000, 0x00000000e1500000|100%|HC|  |TAMS 0x00000000e1400000, 0x00000000e1500000| Complete 
|  21|0x00000000e1500000, 0x00000000e1600000, 0x00000000e1600000|100%|HC|  |TAMS 0x00000000e1500000, 0x00000000e1600000| Complete 
|  22|0x00000000e1600000, 0x00000000e1700000, 0x00000000e1700000|100%|HS|  |TAMS 0x00000000e1600000, 0x00000000e1700000| Complete 
|  23|0x00000000e1700000, 0x00000000e1800000, 0x00000000e1800000|100%|HC|  |TAMS 0x00000000e1700000, 0x00000000e1800000| Complete 
|  24|0x00000000e1800000, 0x00000000e1900000, 0x00000000e1900000|100%|HC|  |TAMS 0x00000000e1800000, 0x00000000e1900000| Complete 
|  25|0x00000000e1900000, 0x00000000e1900000, 0x00000000e1a00000|  0%| F|  |TAMS 0x00000000e1900000, 0x00000000e1900000| Untracked 
|  26|0x00000000e1a00000, 0x00000000e1a00000, 0x00000000e1b00000|  0%| F|  |TAMS 0x00000000e1a00000, 0x00000000e1a00000| Untracked 
|  27|0x00000000e1b00000, 0x00000000e1b00000, 0x00000000e1c00000|  0%| F|  |TAMS 0x00000000e1b00000, 0x00000000e1b00000| Untracked 
|  28|0x00000000e1c00000, 0x00000000e1c00000, 0x00000000e1d00000|  0%| F|  |TAMS 0x00000000e1c00000, 0x00000000e1c00000| Untracked 
|  29|0x00000000e1d00000, 0x00000000e1d00000, 0x00000000e1e00000|  0%| F|  |TAMS 0x00000000e1d00000, 0x00000000e1d00000| Untracked 
|  30|0x00000000e1e00000, 0x00000000e1e00000, 0x00000000e1f00000|  0%| F|  |TAMS 0x00000000e1e00000, 0x00000000e1e00000| Untracked 
|  31|0x00000000e1f00000, 0x00000000e1f00000, 0x00000000e2000000|  0%| F|  |TAMS 0x00000000e1f00000, 0x00000000e1f00000| Untracked 
|  32|0x00000000e2000000, 0x00000000e2000000, 0x00000000e2100000|  0%| F|  |TAMS 0x00000000e2000000, 0x00000000e2000000| Untracked 
|  33|0x00000000e2100000, 0x00000000e2100000, 0x00000000e2200000|  0%| F|  |TAMS 0x00000000e2100000, 0x00000000e2100000| Untracked 
|  34|0x00000000e2200000, 0x00000000e2200000, 0x00000000e2300000|  0%| F|  |TAMS 0x00000000e2200000, 0x00000000e2200000| Untracked 
|  35|0x00000000e2300000, 0x00000000e2300000, 0x00000000e2400000|  0%| F|  |TAMS 0x00000000e2300000, 0x00000000e2300000| Untracked 
|  36|0x00000000e2400000, 0x00000000e2400000, 0x00000000e2500000|  0%| F|  |TAMS 0x00000000e2400000, 0x00000000e2400000| Untracked 
|  37|0x00000000e2500000, 0x00000000e2500000, 0x00000000e2600000|  0%| F|  |TAMS 0x00000000e2500000, 0x00000000e2500000| Untracked 
|  38|0x00000000e2600000, 0x00000000e2600000, 0x00000000e2700000|  0%| F|  |TAMS 0x00000000e2600000, 0x00000000e2600000| Untracked 
|  39|0x00000000e2700000, 0x00000000e2700000, 0x00000000e2800000|  0%| F|  |TAMS 0x00000000e2700000, 0x00000000e2700000| Untracked 
|  40|0x00000000e2800000, 0x00000000e2800000, 0x00000000e2900000|  0%| F|  |TAMS 0x00000000e2800000, 0x00000000e2800000| Untracked 
|  41|0x00000000e2900000, 0x00000000e2900000, 0x00000000e2a00000|  0%| F|  |TAMS 0x00000000e2900000, 0x00000000e2900000| Untracked 
|  42|0x00000000e2a00000, 0x00000000e2a00000, 0x00000000e2b00000|  0%| F|  |TAMS 0x00000000e2a00000, 0x00000000e2a00000| Untracked 
|  43|0x00000000e2b00000, 0x00000000e2b00000, 0x00000000e2c00000|  0%| F|  |TAMS 0x00000000e2b00000, 0x00000000e2b00000| Untracked 
|  44|0x00000000e2c00000, 0x00000000e2c00000, 0x00000000e2d00000|  0%| F|  |TAMS 0x00000000e2c00000, 0x00000000e2c00000| Untracked 
|  45|0x00000000e2d00000, 0x00000000e2d00000, 0x00000000e2e00000|  0%| F|  |TAMS 0x00000000e2d00000, 0x00000000e2d00000| Untracked 
|  46|0x00000000e2e00000, 0x00000000e2e00000, 0x00000000e2f00000|  0%| F|  |TAMS 0x00000000e2e00000, 0x00000000e2e00000| Untracked 
|  47|0x00000000e2f00000, 0x00000000e2f00000, 0x00000000e3000000|  0%| F|  |TAMS 0x00000000e2f00000, 0x00000000e2f00000| Untracked 
|  48|0x00000000e3000000, 0x00000000e3000000, 0x00000000e3100000|  0%| F|  |TAMS 0x00000000e3000000, 0x00000000e3000000| Untracked 
|  49|0x00000000e3100000, 0x00000000e3100000, 0x00000000e3200000|  0%| F|  |TAMS 0x00000000e3100000, 0x00000000e3100000| Untracked 
|  50|0x00000000e3200000, 0x00000000e3200000, 0x00000000e3300000|  0%| F|  |TAMS 0x00000000e3200000, 0x00000000e3200000| Untracked 
|  51|0x00000000e3300000, 0x00000000e3300000, 0x00000000e3400000|  0%| F|  |TAMS 0x00000000e3300000, 0x00000000e3300000| Untracked 
|  52|0x00000000e3400000, 0x00000000e3400000, 0x00000000e3500000|  0%| F|  |TAMS 0x00000000e3400000, 0x00000000e3400000| Untracked 
|  53|0x00000000e3500000, 0x00000000e3500000, 0x00000000e3600000|  0%| F|  |TAMS 0x00000000e3500000, 0x00000000e3500000| Untracked 
|  54|0x00000000e3600000, 0x00000000e3600000, 0x00000000e3700000|  0%| F|  |TAMS 0x00000000e3600000, 0x00000000e3600000| Untracked 
|  55|0x00000000e3700000, 0x00000000e3700000, 0x00000000e3800000|  0%| F|  |TAMS 0x00000000e3700000, 0x00000000e3700000| Untracked 
|  56|0x00000000e3800000, 0x00000000e3800000, 0x00000000e3900000|  0%| F|  |TAMS 0x00000000e3800000, 0x00000000e3800000| Untracked 
|  57|0x00000000e3900000, 0x00000000e3900000, 0x00000000e3a00000|  0%| F|  |TAMS 0x00000000e3900000, 0x00000000e3900000| Untracked 
|  58|0x00000000e3a00000, 0x00000000e3a00000, 0x00000000e3b00000|  0%| F|  |TAMS 0x00000000e3a00000, 0x00000000e3a00000| Untracked 
|  59|0x00000000e3b00000, 0x00000000e3b00000, 0x00000000e3c00000|  0%| F|  |TAMS 0x00000000e3b00000, 0x00000000e3b00000| Untracked 
|  60|0x00000000e3c00000, 0x00000000e3c00000, 0x00000000e3d00000|  0%| F|  |TAMS 0x00000000e3c00000, 0x00000000e3c00000| Untracked 
|  61|0x00000000e3d00000, 0x00000000e3d00000, 0x00000000e3e00000|  0%| F|  |TAMS 0x00000000e3d00000, 0x00000000e3d00000| Untracked 
|  62|0x00000000e3e00000, 0x00000000e3e00000, 0x00000000e3f00000|  0%| F|  |TAMS 0x00000000e3e00000, 0x00000000e3e00000| Untracked 
|  63|0x00000000e3f00000, 0x00000000e3f00000, 0x00000000e4000000|  0%| F|  |TAMS 0x00000000e3f00000, 0x00000000e3f00000| Untracked 
|  64|0x00000000e4000000, 0x00000000e4000000, 0x00000000e4100000|  0%| F|  |TAMS 0x00000000e4000000, 0x00000000e4000000| Untracked 
|  65|0x00000000e4100000, 0x00000000e4100000, 0x00000000e4200000|  0%| F|  |TAMS 0x00000000e4100000, 0x00000000e4100000| Untracked 
|  66|0x00000000e4200000, 0x00000000e4200000, 0x00000000e4300000|  0%| F|  |TAMS 0x00000000e4200000, 0x00000000e4200000| Untracked 
|  67|0x00000000e4300000, 0x00000000e4300000, 0x00000000e4400000|  0%| F|  |TAMS 0x00000000e4300000, 0x00000000e4300000| Untracked 
|  68|0x00000000e4400000, 0x00000000e4400000, 0x00000000e4500000|  0%| F|  |TAMS 0x00000000e4400000, 0x00000000e4400000| Untracked 
|  69|0x00000000e4500000, 0x00000000e4500000, 0x00000000e4600000|  0%| F|  |TAMS 0x00000000e4500000, 0x00000000e4500000| Untracked 
|  70|0x00000000e4600000, 0x00000000e4600000, 0x00000000e4700000|  0%| F|  |TAMS 0x00000000e4600000, 0x00000000e4600000| Untracked 
|  71|0x00000000e4700000, 0x00000000e4700000, 0x00000000e4800000|  0%| F|  |TAMS 0x00000000e4700000, 0x00000000e4700000| Untracked 
|  72|0x00000000e4800000, 0x00000000e4800000, 0x00000000e4900000|  0%| F|  |TAMS 0x00000000e4800000, 0x00000000e4800000| Untracked 
|  73|0x00000000e4900000, 0x00000000e4900000, 0x00000000e4a00000|  0%| F|  |TAMS 0x00000000e4900000, 0x00000000e4900000| Untracked 
|  74|0x00000000e4a00000, 0x00000000e4a00000, 0x00000000e4b00000|  0%| F|  |TAMS 0x00000000e4a00000, 0x00000000e4a00000| Untracked 
|  75|0x00000000e4b00000, 0x00000000e4b00000, 0x00000000e4c00000|  0%| F|  |TAMS 0x00000000e4b00000, 0x00000000e4b00000| Untracked 
|  76|0x00000000e4c00000, 0x00000000e4c00000, 0x00000000e4d00000|  0%| F|  |TAMS 0x00000000e4c00000, 0x00000000e4c00000| Untracked 
|  77|0x00000000e4d00000, 0x00000000e4d00000, 0x00000000e4e00000|  0%| F|  |TAMS 0x00000000e4d00000, 0x00000000e4d00000| Untracked 
|  78|0x00000000e4e00000, 0x00000000e4e00000, 0x00000000e4f00000|  0%| F|  |TAMS 0x00000000e4e00000, 0x00000000e4e00000| Untracked 
|  79|0x00000000e4f00000, 0x00000000e4f00000, 0x00000000e5000000|  0%| F|  |TAMS 0x00000000e4f00000, 0x00000000e4f00000| Untracked 
|  80|0x00000000e5000000, 0x00000000e5000000, 0x00000000e5100000|  0%| F|  |TAMS 0x00000000e5000000, 0x00000000e5000000| Untracked 
|  81|0x00000000e5100000, 0x00000000e5100000, 0x00000000e5200000|  0%| F|  |TAMS 0x00000000e5100000, 0x00000000e5100000| Untracked 
|  82|0x00000000e5200000, 0x00000000e5200000, 0x00000000e5300000|  0%| F|  |TAMS 0x00000000e5200000, 0x00000000e5200000| Untracked 
|  83|0x00000000e5300000, 0x00000000e5300000, 0x00000000e5400000|  0%| F|  |TAMS 0x00000000e5300000, 0x00000000e5300000| Untracked 
|  84|0x00000000e5400000, 0x00000000e5400000, 0x00000000e5500000|  0%| F|  |TAMS 0x00000000e5400000, 0x00000000e5400000| Untracked 
|  85|0x00000000e5500000, 0x00000000e5500000, 0x00000000e5600000|  0%| F|  |TAMS 0x00000000e5500000, 0x00000000e5500000| Untracked 
|  86|0x00000000e5600000, 0x00000000e5600000, 0x00000000e5700000|  0%| F|  |TAMS 0x00000000e5600000, 0x00000000e5600000| Untracked 
|  87|0x00000000e5700000, 0x00000000e5700000, 0x00000000e5800000|  0%| F|  |TAMS 0x00000000e5700000, 0x00000000e5700000| Untracked 
|  88|0x00000000e5800000, 0x00000000e5800000, 0x00000000e5900000|  0%| F|  |TAMS 0x00000000e5800000, 0x00000000e5800000| Untracked 
|  89|0x00000000e5900000, 0x00000000e5900000, 0x00000000e5a00000|  0%| F|  |TAMS 0x00000000e5900000, 0x00000000e5900000| Untracked 
|  90|0x00000000e5a00000, 0x00000000e5a00000, 0x00000000e5b00000|  0%| F|  |TAMS 0x00000000e5a00000, 0x00000000e5a00000| Untracked 
|  91|0x00000000e5b00000, 0x00000000e5b00000, 0x00000000e5c00000|  0%| F|  |TAMS 0x00000000e5b00000, 0x00000000e5b00000| Untracked 
|  92|0x00000000e5c00000, 0x00000000e5c00000, 0x00000000e5d00000|  0%| F|  |TAMS 0x00000000e5c00000, 0x00000000e5c00000| Untracked 
|  93|0x00000000e5d00000, 0x00000000e5d00000, 0x00000000e5e00000|  0%| F|  |TAMS 0x00000000e5d00000, 0x00000000e5d00000| Untracked 
|  94|0x00000000e5e00000, 0x00000000e5e00000, 0x00000000e5f00000|  0%| F|  |TAMS 0x00000000e5e00000, 0x00000000e5e00000| Untracked 
|  95|0x00000000e5f00000, 0x00000000e5f00000, 0x00000000e6000000|  0%| F|  |TAMS 0x00000000e5f00000, 0x00000000e5f00000| Untracked 
|  96|0x00000000e6000000, 0x00000000e6000000, 0x00000000e6100000|  0%| F|  |TAMS 0x00000000e6000000, 0x00000000e6000000| Untracked 
|  97|0x00000000e6100000, 0x00000000e6100000, 0x00000000e6200000|  0%| F|  |TAMS 0x00000000e6100000, 0x00000000e6100000| Untracked 
|  98|0x00000000e6200000, 0x00000000e6200000, 0x00000000e6300000|  0%| F|  |TAMS 0x00000000e6200000, 0x00000000e6200000| Untracked 
|  99|0x00000000e6300000, 0x00000000e6300000, 0x00000000e6400000|  0%| F|  |TAMS 0x00000000e6300000, 0x00000000e6300000| Untracked 
| 100|0x00000000e6400000, 0x00000000e6400000, 0x00000000e6500000|  0%| F|  |TAMS 0x00000000e6400000, 0x00000000e6400000| Untracked 
| 101|0x00000000e6500000, 0x00000000e6500000, 0x00000000e6600000|  0%| F|  |TAMS 0x00000000e6500000, 0x00000000e6500000| Untracked 
| 102|0x00000000e6600000, 0x00000000e6600000, 0x00000000e6700000|  0%| F|  |TAMS 0x00000000e6600000, 0x00000000e6600000| Untracked 
| 103|0x00000000e6700000, 0x00000000e6700000, 0x00000000e6800000|  0%| F|  |TAMS 0x00000000e6700000, 0x00000000e6700000| Untracked 
| 104|0x00000000e6800000, 0x00000000e6800000, 0x00000000e6900000|  0%| F|  |TAMS 0x00000000e6800000, 0x00000000e6800000| Untracked 
| 105|0x00000000e6900000, 0x00000000e6900000, 0x00000000e6a00000|  0%| F|  |TAMS 0x00000000e6900000, 0x00000000e6900000| Untracked 
| 106|0x00000000e6a00000, 0x00000000e6a00000, 0x00000000e6b00000|  0%| F|  |TAMS 0x00000000e6a00000, 0x00000000e6a00000| Untracked 
| 107|0x00000000e6b00000, 0x00000000e6b00000, 0x00000000e6c00000|  0%| F|  |TAMS 0x00000000e6b00000, 0x00000000e6b00000| Untracked 
| 108|0x00000000e6c00000, 0x00000000e6c00000, 0x00000000e6d00000|  0%| F|  |TAMS 0x00000000e6c00000, 0x00000000e6c00000| Untracked 
| 109|0x00000000e6d00000, 0x00000000e6d00000, 0x00000000e6e00000|  0%| F|  |TAMS 0x00000000e6d00000, 0x00000000e6d00000| Untracked 
| 110|0x00000000e6e00000, 0x00000000e6e00000, 0x00000000e6f00000|  0%| F|  |TAMS 0x00000000e6e00000, 0x00000000e6e00000| Untracked 
| 111|0x00000000e6f00000, 0x00000000e6f00000, 0x00000000e7000000|  0%| F|  |TAMS 0x00000000e6f00000, 0x00000000e6f00000| Untracked 
| 112|0x00000000e7000000, 0x00000000e7000000, 0x00000000e7100000|  0%| F|  |TAMS 0x00000000e7000000, 0x00000000e7000000| Untracked 
| 113|0x00000000e7100000, 0x00000000e7100000, 0x00000000e7200000|  0%| F|  |TAMS 0x00000000e7100000, 0x00000000e7100000| Untracked 
| 114|0x00000000e7200000, 0x00000000e7200000, 0x00000000e7300000|  0%| F|  |TAMS 0x00000000e7200000, 0x00000000e7200000| Untracked 
| 115|0x00000000e7300000, 0x00000000e7300000, 0x00000000e7400000|  0%| F|  |TAMS 0x00000000e7300000, 0x00000000e7300000| Untracked 
| 116|0x00000000e7400000, 0x00000000e7400000, 0x00000000e7500000|  0%| F|  |TAMS 0x00000000e7400000, 0x00000000e7400000| Untracked 
| 117|0x00000000e7500000, 0x00000000e7500000, 0x00000000e7600000|  0%| F|  |TAMS 0x00000000e7500000, 0x00000000e7500000| Untracked 
| 118|0x00000000e7600000, 0x00000000e7600000, 0x00000000e7700000|  0%| F|  |TAMS 0x00000000e7600000, 0x00000000e7600000| Untracked 
| 119|0x00000000e7700000, 0x00000000e7700000, 0x00000000e7800000|  0%| F|  |TAMS 0x00000000e7700000, 0x00000000e7700000| Untracked 
| 120|0x00000000e7800000, 0x00000000e7800000, 0x00000000e7900000|  0%| F|  |TAMS 0x00000000e7800000, 0x00000000e7800000| Untracked 
| 121|0x00000000e7900000, 0x00000000e7900000, 0x00000000e7a00000|  0%| F|  |TAMS 0x00000000e7900000, 0x00000000e7900000| Untracked 
| 122|0x00000000e7a00000, 0x00000000e7a00000, 0x00000000e7b00000|  0%| F|  |TAMS 0x00000000e7a00000, 0x00000000e7a00000| Untracked 
| 123|0x00000000e7b00000, 0x00000000e7b00000, 0x00000000e7c00000|  0%| F|  |TAMS 0x00000000e7b00000, 0x00000000e7b00000| Untracked 
| 124|0x00000000e7c00000, 0x00000000e7c00000, 0x00000000e7d00000|  0%| F|  |TAMS 0x00000000e7c00000, 0x00000000e7c00000| Untracked 
| 125|0x00000000e7d00000, 0x00000000e7d00000, 0x00000000e7e00000|  0%| F|  |TAMS 0x00000000e7d00000, 0x00000000e7d00000| Untracked 
| 126|0x00000000e7e00000, 0x00000000e7e00000, 0x00000000e7f00000|  0%| F|  |TAMS 0x00000000e7e00000, 0x00000000e7e00000| Untracked 
| 127|0x00000000e7f00000, 0x00000000e7f00000, 0x00000000e8000000|  0%| F|  |TAMS 0x00000000e7f00000, 0x00000000e7f00000| Untracked 
| 128|0x00000000e8000000, 0x00000000e8000000, 0x00000000e8100000|  0%| F|  |TAMS 0x00000000e8000000, 0x00000000e8000000| Untracked 
| 129|0x00000000e8100000, 0x00000000e8100000, 0x00000000e8200000|  0%| F|  |TAMS 0x00000000e8100000, 0x00000000e8100000| Untracked 
| 130|0x00000000e8200000, 0x00000000e8200000, 0x00000000e8300000|  0%| F|  |TAMS 0x00000000e8200000, 0x00000000e8200000| Untracked 
| 131|0x00000000e8300000, 0x00000000e8300000, 0x00000000e8400000|  0%| F|  |TAMS 0x00000000e8300000, 0x00000000e8300000| Untracked 
| 132|0x00000000e8400000, 0x00000000e8400000, 0x00000000e8500000|  0%| F|  |TAMS 0x00000000e8400000, 0x00000000e8400000| Untracked 
| 133|0x00000000e8500000, 0x00000000e8500000, 0x00000000e8600000|  0%| F|  |TAMS 0x00000000e8500000, 0x00000000e8500000| Untracked 
| 134|0x00000000e8600000, 0x00000000e8600000, 0x00000000e8700000|  0%| F|  |TAMS 0x00000000e8600000, 0x00000000e8600000| Untracked 
| 135|0x00000000e8700000, 0x00000000e8700000, 0x00000000e8800000|  0%| F|  |TAMS 0x00000000e8700000, 0x00000000e8700000| Untracked 
| 136|0x00000000e8800000, 0x00000000e8800000, 0x00000000e8900000|  0%| F|  |TAMS 0x00000000e8800000, 0x00000000e8800000| Untracked 
| 137|0x00000000e8900000, 0x00000000e8900000, 0x00000000e8a00000|  0%| F|  |TAMS 0x00000000e8900000, 0x00000000e8900000| Untracked 
| 138|0x00000000e8a00000, 0x00000000e8a00000, 0x00000000e8b00000|  0%| F|  |TAMS 0x00000000e8a00000, 0x00000000e8a00000| Untracked 
| 139|0x00000000e8b00000, 0x00000000e8b00000, 0x00000000e8c00000|  0%| F|  |TAMS 0x00000000e8b00000, 0x00000000e8b00000| Untracked 
| 140|0x00000000e8c00000, 0x00000000e8c00000, 0x00000000e8d00000|  0%| F|  |TAMS 0x00000000e8c00000, 0x00000000e8c00000| Untracked 
| 141|0x00000000e8d00000, 0x00000000e8d00000, 0x00000000e8e00000|  0%| F|  |TAMS 0x00000000e8d00000, 0x00000000e8d00000| Untracked 
| 142|0x00000000e8e00000, 0x00000000e8e00000, 0x00000000e8f00000|  0%| F|  |TAMS 0x00000000e8e00000, 0x00000000e8e00000| Untracked 
| 143|0x00000000e8f00000, 0x00000000e8f00000, 0x00000000e9000000|  0%| F|  |TAMS 0x00000000e8f00000, 0x00000000e8f00000| Untracked 
| 144|0x00000000e9000000, 0x00000000e9000000, 0x00000000e9100000|  0%| F|  |TAMS 0x00000000e9000000, 0x00000000e9000000| Untracked 
| 145|0x00000000e9100000, 0x00000000e9100000, 0x00000000e9200000|  0%| F|  |TAMS 0x00000000e9100000, 0x00000000e9100000| Untracked 
| 146|0x00000000e9200000, 0x00000000e9200000, 0x00000000e9300000|  0%| F|  |TAMS 0x00000000e9200000, 0x00000000e9200000| Untracked 
| 147|0x00000000e9300000, 0x00000000e9300000, 0x00000000e9400000|  0%| F|  |TAMS 0x00000000e9300000, 0x00000000e9300000| Untracked 
| 148|0x00000000e9400000, 0x00000000e9400000, 0x00000000e9500000|  0%| F|  |TAMS 0x00000000e9400000, 0x00000000e9400000| Untracked 
| 149|0x00000000e9500000, 0x00000000e9500000, 0x00000000e9600000|  0%| F|  |TAMS 0x00000000e9500000, 0x00000000e9500000| Untracked 
| 150|0x00000000e9600000, 0x00000000e9600000, 0x00000000e9700000|  0%| F|  |TAMS 0x00000000e9600000, 0x00000000e9600000| Untracked 
| 151|0x00000000e9700000, 0x00000000e9700000, 0x00000000e9800000|  0%| F|  |TAMS 0x00000000e9700000, 0x00000000e9700000| Untracked 
| 152|0x00000000e9800000, 0x00000000e9800000, 0x00000000e9900000|  0%| F|  |TAMS 0x00000000e9800000, 0x00000000e9800000| Untracked 
| 153|0x00000000e9900000, 0x00000000e9900000, 0x00000000e9a00000|  0%| F|  |TAMS 0x00000000e9900000, 0x00000000e9900000| Untracked 
| 154|0x00000000e9a00000, 0x00000000e9a00000, 0x00000000e9b00000|  0%| F|  |TAMS 0x00000000e9a00000, 0x00000000e9a00000| Untracked 
| 155|0x00000000e9b00000, 0x00000000e9b00000, 0x00000000e9c00000|  0%| F|  |TAMS 0x00000000e9b00000, 0x00000000e9b00000| Untracked 
| 156|0x00000000e9c00000, 0x00000000e9c00000, 0x00000000e9d00000|  0%| F|  |TAMS 0x00000000e9c00000, 0x00000000e9c00000| Untracked 
| 157|0x00000000e9d00000, 0x00000000e9d00000, 0x00000000e9e00000|  0%| F|  |TAMS 0x00000000e9d00000, 0x00000000e9d00000| Untracked 
| 158|0x00000000e9e00000, 0x00000000e9e00000, 0x00000000e9f00000|  0%| F|  |TAMS 0x00000000e9e00000, 0x00000000e9e00000| Untracked 
| 159|0x00000000e9f00000, 0x00000000e9f00000, 0x00000000ea000000|  0%| F|  |TAMS 0x00000000e9f00000, 0x00000000e9f00000| Untracked 
| 160|0x00000000ea000000, 0x00000000ea000000, 0x00000000ea100000|  0%| F|  |TAMS 0x00000000ea000000, 0x00000000ea000000| Untracked 
| 161|0x00000000ea100000, 0x00000000ea100000, 0x00000000ea200000|  0%| F|  |TAMS 0x00000000ea100000, 0x00000000ea100000| Untracked 
| 162|0x00000000ea200000, 0x00000000ea200000, 0x00000000ea300000|  0%| F|  |TAMS 0x00000000ea200000, 0x00000000ea200000| Untracked 
| 163|0x00000000ea300000, 0x00000000ea300000, 0x00000000ea400000|  0%| F|  |TAMS 0x00000000ea300000, 0x00000000ea300000| Untracked 
| 164|0x00000000ea400000, 0x00000000ea400000, 0x00000000ea500000|  0%| F|  |TAMS 0x00000000ea400000, 0x00000000ea400000| Untracked 
| 165|0x00000000ea500000, 0x00000000ea500000, 0x00000000ea600000|  0%| F|  |TAMS 0x00000000ea500000, 0x00000000ea500000| Untracked 
| 166|0x00000000ea600000, 0x00000000ea600000, 0x00000000ea700000|  0%| F|  |TAMS 0x00000000ea600000, 0x00000000ea600000| Untracked 
| 167|0x00000000ea700000, 0x00000000ea700000, 0x00000000ea800000|  0%| F|  |TAMS 0x00000000ea700000, 0x00000000ea700000| Untracked 
| 168|0x00000000ea800000, 0x00000000ea800000, 0x00000000ea900000|  0%| F|  |TAMS 0x00000000ea800000, 0x00000000ea800000| Untracked 
| 169|0x00000000ea900000, 0x00000000ea900000, 0x00000000eaa00000|  0%| F|  |TAMS 0x00000000ea900000, 0x00000000ea900000| Untracked 
| 170|0x00000000eaa00000, 0x00000000eaa00000, 0x00000000eab00000|  0%| F|  |TAMS 0x00000000eaa00000, 0x00000000eaa00000| Untracked 
| 171|0x00000000eab00000, 0x00000000eab00000, 0x00000000eac00000|  0%| F|  |TAMS 0x00000000eab00000, 0x00000000eab00000| Untracked 
| 172|0x00000000eac00000, 0x00000000eac00000, 0x00000000ead00000|  0%| F|  |TAMS 0x00000000eac00000, 0x00000000eac00000| Untracked 
| 173|0x00000000ead00000, 0x00000000ead00000, 0x00000000eae00000|  0%| F|  |TAMS 0x00000000ead00000, 0x00000000ead00000| Untracked 
| 174|0x00000000eae00000, 0x00000000eae00000, 0x00000000eaf00000|  0%| F|  |TAMS 0x00000000eae00000, 0x00000000eae00000| Untracked 
| 175|0x00000000eaf00000, 0x00000000eaf00000, 0x00000000eb000000|  0%| F|  |TAMS 0x00000000eaf00000, 0x00000000eaf00000| Untracked 
| 176|0x00000000eb000000, 0x00000000eb000000, 0x00000000eb100000|  0%| F|  |TAMS 0x00000000eb000000, 0x00000000eb000000| Untracked 
| 177|0x00000000eb100000, 0x00000000eb100000, 0x00000000eb200000|  0%| F|  |TAMS 0x00000000eb100000, 0x00000000eb100000| Untracked 
| 178|0x00000000eb200000, 0x00000000eb200000, 0x00000000eb300000|  0%| F|  |TAMS 0x00000000eb200000, 0x00000000eb200000| Untracked 
| 179|0x00000000eb300000, 0x00000000eb300000, 0x00000000eb400000|  0%| F|  |TAMS 0x00000000eb300000, 0x00000000eb300000| Untracked 
| 180|0x00000000eb400000, 0x00000000eb400000, 0x00000000eb500000|  0%| F|  |TAMS 0x00000000eb400000, 0x00000000eb400000| Untracked 
| 181|0x00000000eb500000, 0x00000000eb500000, 0x00000000eb600000|  0%| F|  |TAMS 0x00000000eb500000, 0x00000000eb500000| Untracked 
| 182|0x00000000eb600000, 0x00000000eb600000, 0x00000000eb700000|  0%| F|  |TAMS 0x00000000eb600000, 0x00000000eb600000| Untracked 
| 183|0x00000000eb700000, 0x00000000eb700000, 0x00000000eb800000|  0%| F|  |TAMS 0x00000000eb700000, 0x00000000eb700000| Untracked 
| 184|0x00000000eb800000, 0x00000000eb800000, 0x00000000eb900000|  0%| F|  |TAMS 0x00000000eb800000, 0x00000000eb800000| Untracked 
| 185|0x00000000eb900000, 0x00000000eb900000, 0x00000000eba00000|  0%| F|  |TAMS 0x00000000eb900000, 0x00000000eb900000| Untracked 
| 186|0x00000000eba00000, 0x00000000eba00000, 0x00000000ebb00000|  0%| F|  |TAMS 0x00000000eba00000, 0x00000000eba00000| Untracked 
| 187|0x00000000ebb00000, 0x00000000ebb00000, 0x00000000ebc00000|  0%| F|  |TAMS 0x00000000ebb00000, 0x00000000ebb00000| Untracked 
| 188|0x00000000ebc00000, 0x00000000ebc00000, 0x00000000ebd00000|  0%| F|  |TAMS 0x00000000ebc00000, 0x00000000ebc00000| Untracked 
| 189|0x00000000ebd00000, 0x00000000ebd00000, 0x00000000ebe00000|  0%| F|  |TAMS 0x00000000ebd00000, 0x00000000ebd00000| Untracked 
| 190|0x00000000ebe00000, 0x00000000ebe00000, 0x00000000ebf00000|  0%| F|  |TAMS 0x00000000ebe00000, 0x00000000ebe00000| Untracked 
| 191|0x00000000ebf00000, 0x00000000ebf00000, 0x00000000ec000000|  0%| F|  |TAMS 0x00000000ebf00000, 0x00000000ebf00000| Untracked 
| 192|0x00000000ec000000, 0x00000000ec000000, 0x00000000ec100000|  0%| F|  |TAMS 0x00000000ec000000, 0x00000000ec000000| Untracked 
| 193|0x00000000ec100000, 0x00000000ec100000, 0x00000000ec200000|  0%| F|  |TAMS 0x00000000ec100000, 0x00000000ec100000| Untracked 
| 194|0x00000000ec200000, 0x00000000ec200000, 0x00000000ec300000|  0%| F|  |TAMS 0x00000000ec200000, 0x00000000ec200000| Untracked 
| 195|0x00000000ec300000, 0x00000000ec300000, 0x00000000ec400000|  0%| F|  |TAMS 0x00000000ec300000, 0x00000000ec300000| Untracked 
| 196|0x00000000ec400000, 0x00000000ec400000, 0x00000000ec500000|  0%| F|  |TAMS 0x00000000ec400000, 0x00000000ec400000| Untracked 
| 197|0x00000000ec500000, 0x00000000ec500000, 0x00000000ec600000|  0%| F|  |TAMS 0x00000000ec500000, 0x00000000ec500000| Untracked 
| 198|0x00000000ec600000, 0x00000000ec600000, 0x00000000ec700000|  0%| F|  |TAMS 0x00000000ec600000, 0x00000000ec600000| Untracked 
| 199|0x00000000ec700000, 0x00000000ec700000, 0x00000000ec800000|  0%| F|  |TAMS 0x00000000ec700000, 0x00000000ec700000| Untracked 
| 200|0x00000000ec800000, 0x00000000ec800000, 0x00000000ec900000|  0%| F|  |TAMS 0x00000000ec800000, 0x00000000ec800000| Untracked 
| 201|0x00000000ec900000, 0x00000000ec900000, 0x00000000eca00000|  0%| F|  |TAMS 0x00000000ec900000, 0x00000000ec900000| Untracked 
| 202|0x00000000eca00000, 0x00000000eca00000, 0x00000000ecb00000|  0%| F|  |TAMS 0x00000000eca00000, 0x00000000eca00000| Untracked 
| 203|0x00000000ecb00000, 0x00000000ecc00000, 0x00000000ecc00000|100%| S|CS|TAMS 0x00000000ecb00000, 0x00000000ecb00000| Complete 
| 204|0x00000000ecc00000, 0x00000000ecd00000, 0x00000000ecd00000|100%| S|CS|TAMS 0x00000000ecc00000, 0x00000000ecc00000| Complete 
| 205|0x00000000ecd00000, 0x00000000ece00000, 0x00000000ece00000|100%| S|CS|TAMS 0x00000000ecd00000, 0x00000000ecd00000| Complete 
| 206|0x00000000ece00000, 0x00000000ecf00000, 0x00000000ecf00000|100%| S|CS|TAMS 0x00000000ece00000, 0x00000000ece00000| Complete 
| 207|0x00000000ecf00000, 0x00000000ed000000, 0x00000000ed000000|100%| S|CS|TAMS 0x00000000ecf00000, 0x00000000ecf00000| Complete 
| 208|0x00000000ed000000, 0x00000000ed100000, 0x00000000ed100000|100%| S|CS|TAMS 0x00000000ed000000, 0x00000000ed000000| Complete 
| 209|0x00000000ed100000, 0x00000000ed200000, 0x00000000ed200000|100%| S|CS|TAMS 0x00000000ed100000, 0x00000000ed100000| Complete 
| 210|0x00000000ed200000, 0x00000000ed200000, 0x00000000ed300000|  0%| F|  |TAMS 0x00000000ed200000, 0x00000000ed200000| Untracked 
| 211|0x00000000ed300000, 0x00000000ed300000, 0x00000000ed400000|  0%| F|  |TAMS 0x00000000ed300000, 0x00000000ed300000| Untracked 
| 212|0x00000000ed400000, 0x00000000ed400000, 0x00000000ed500000|  0%| F|  |TAMS 0x00000000ed400000, 0x00000000ed400000| Untracked 
| 213|0x00000000ed500000, 0x00000000ed500000, 0x00000000ed600000|  0%| F|  |TAMS 0x00000000ed500000, 0x00000000ed500000| Untracked 
| 214|0x00000000ed600000, 0x00000000ed600000, 0x00000000ed700000|  0%| F|  |TAMS 0x00000000ed600000, 0x00000000ed600000| Untracked 
| 215|0x00000000ed700000, 0x00000000ed700000, 0x00000000ed800000|  0%| F|  |TAMS 0x00000000ed700000, 0x00000000ed700000| Untracked 
| 216|0x00000000ed800000, 0x00000000ed800000, 0x00000000ed900000|  0%| F|  |TAMS 0x00000000ed800000, 0x00000000ed800000| Untracked 
| 217|0x00000000ed900000, 0x00000000ed900000, 0x00000000eda00000|  0%| F|  |TAMS 0x00000000ed900000, 0x00000000ed900000| Untracked 
| 218|0x00000000eda00000, 0x00000000eda00000, 0x00000000edb00000|  0%| F|  |TAMS 0x00000000eda00000, 0x00000000eda00000| Untracked 
| 219|0x00000000edb00000, 0x00000000edb00000, 0x00000000edc00000|  0%| F|  |TAMS 0x00000000edb00000, 0x00000000edb00000| Untracked 
| 220|0x00000000edc00000, 0x00000000edc00000, 0x00000000edd00000|  0%| F|  |TAMS 0x00000000edc00000, 0x00000000edc00000| Untracked 
| 221|0x00000000edd00000, 0x00000000edd00000, 0x00000000ede00000|  0%| F|  |TAMS 0x00000000edd00000, 0x00000000edd00000| Untracked 
| 222|0x00000000ede00000, 0x00000000ede00000, 0x00000000edf00000|  0%| F|  |TAMS 0x00000000ede00000, 0x00000000ede00000| Untracked 
| 223|0x00000000edf00000, 0x00000000edf00000, 0x00000000ee000000|  0%| F|  |TAMS 0x00000000edf00000, 0x00000000edf00000| Untracked 
| 224|0x00000000ee000000, 0x00000000ee000000, 0x00000000ee100000|  0%| F|  |TAMS 0x00000000ee000000, 0x00000000ee000000| Untracked 
| 225|0x00000000ee100000, 0x00000000ee100000, 0x00000000ee200000|  0%| F|  |TAMS 0x00000000ee100000, 0x00000000ee100000| Untracked 
| 226|0x00000000ee200000, 0x00000000ee200000, 0x00000000ee300000|  0%| F|  |TAMS 0x00000000ee200000, 0x00000000ee200000| Untracked 
| 227|0x00000000ee300000, 0x00000000ee300000, 0x00000000ee400000|  0%| F|  |TAMS 0x00000000ee300000, 0x00000000ee300000| Untracked 
| 228|0x00000000ee400000, 0x00000000ee400000, 0x00000000ee500000|  0%| F|  |TAMS 0x00000000ee400000, 0x00000000ee400000| Untracked 
| 229|0x00000000ee500000, 0x00000000ee500000, 0x00000000ee600000|  0%| F|  |TAMS 0x00000000ee500000, 0x00000000ee500000| Untracked 
| 230|0x00000000ee600000, 0x00000000ee600000, 0x00000000ee700000|  0%| F|  |TAMS 0x00000000ee600000, 0x00000000ee600000| Untracked 
| 231|0x00000000ee700000, 0x00000000ee700000, 0x00000000ee800000|  0%| F|  |TAMS 0x00000000ee700000, 0x00000000ee700000| Untracked 
| 232|0x00000000ee800000, 0x00000000ee800000, 0x00000000ee900000|  0%| F|  |TAMS 0x00000000ee800000, 0x00000000ee800000| Untracked 
| 233|0x00000000ee900000, 0x00000000ee900000, 0x00000000eea00000|  0%| F|  |TAMS 0x00000000ee900000, 0x00000000ee900000| Untracked 
| 234|0x00000000eea00000, 0x00000000eea00000, 0x00000000eeb00000|  0%| F|  |TAMS 0x00000000eea00000, 0x00000000eea00000| Untracked 
| 235|0x00000000eeb00000, 0x00000000eeb00000, 0x00000000eec00000|  0%| F|  |TAMS 0x00000000eeb00000, 0x00000000eeb00000| Untracked 
| 236|0x00000000eec00000, 0x00000000eec00000, 0x00000000eed00000|  0%| F|  |TAMS 0x00000000eec00000, 0x00000000eec00000| Untracked 
| 237|0x00000000eed00000, 0x00000000eed00000, 0x00000000eee00000|  0%| F|  |TAMS 0x00000000eed00000, 0x00000000eed00000| Untracked 
| 238|0x00000000eee00000, 0x00000000eee00000, 0x00000000eef00000|  0%| F|  |TAMS 0x00000000eee00000, 0x00000000eee00000| Untracked 
| 239|0x00000000eef00000, 0x00000000eef00000, 0x00000000ef000000|  0%| F|  |TAMS 0x00000000eef00000, 0x00000000eef00000| Untracked 
| 240|0x00000000ef000000, 0x00000000ef000000, 0x00000000ef100000|  0%| F|  |TAMS 0x00000000ef000000, 0x00000000ef000000| Untracked 
| 241|0x00000000ef100000, 0x00000000ef100000, 0x00000000ef200000|  0%| F|  |TAMS 0x00000000ef100000, 0x00000000ef100000| Untracked 
| 242|0x00000000ef200000, 0x00000000ef200000, 0x00000000ef300000|  0%| F|  |TAMS 0x00000000ef200000, 0x00000000ef200000| Untracked 
| 243|0x00000000ef300000, 0x00000000ef300000, 0x00000000ef400000|  0%| F|  |TAMS 0x00000000ef300000, 0x00000000ef300000| Untracked 
| 244|0x00000000ef400000, 0x00000000ef400000, 0x00000000ef500000|  0%| F|  |TAMS 0x00000000ef400000, 0x00000000ef400000| Untracked 
| 245|0x00000000ef500000, 0x00000000ef500000, 0x00000000ef600000|  0%| F|  |TAMS 0x00000000ef500000, 0x00000000ef500000| Untracked 
| 246|0x00000000ef600000, 0x00000000ef600000, 0x00000000ef700000|  0%| F|  |TAMS 0x00000000ef600000, 0x00000000ef600000| Untracked 
| 247|0x00000000ef700000, 0x00000000ef700000, 0x00000000ef800000|  0%| F|  |TAMS 0x00000000ef700000, 0x00000000ef700000| Untracked 
| 248|0x00000000ef800000, 0x00000000ef800000, 0x00000000ef900000|  0%| F|  |TAMS 0x00000000ef800000, 0x00000000ef800000| Untracked 
| 249|0x00000000ef900000, 0x00000000ef900000, 0x00000000efa00000|  0%| F|  |TAMS 0x00000000ef900000, 0x00000000ef900000| Untracked 
| 250|0x00000000efa00000, 0x00000000efa00000, 0x00000000efb00000|  0%| F|  |TAMS 0x00000000efa00000, 0x00000000efa00000| Untracked 
| 251|0x00000000efb00000, 0x00000000efb00000, 0x00000000efc00000|  0%| F|  |TAMS 0x00000000efb00000, 0x00000000efb00000| Untracked 
| 252|0x00000000efc00000, 0x00000000efc00000, 0x00000000efd00000|  0%| F|  |TAMS 0x00000000efc00000, 0x00000000efc00000| Untracked 
| 253|0x00000000efd00000, 0x00000000efd00000, 0x00000000efe00000|  0%| F|  |TAMS 0x00000000efd00000, 0x00000000efd00000| Untracked 
| 254|0x00000000efe00000, 0x00000000efe00000, 0x00000000eff00000|  0%| F|  |TAMS 0x00000000efe00000, 0x00000000efe00000| Untracked 
| 255|0x00000000eff00000, 0x00000000effc6018, 0x00000000f0000000| 77%| E|  |TAMS 0x00000000eff00000, 0x00000000eff00000| Complete 

Card table byte_map: [0x000000001ac90000,0x000000001ad90000] _byte_map_base: 0x000000001a590000

Marking Bits (Prev, Next): (CMBitMap*) 0x00000000003d32b0, (CMBitMap*) 0x00000000003d3278
 Prev Bits: [0x000000001b690000, 0x000000001be90000)
 Next Bits: [0x000000001ae90000, 0x000000001b690000)

Polling page: 0x0000000000250000

Metaspace:

Usage:
  Non-class:     30.34 MB capacity,    29.87 MB ( 98%) used,   404.20 KB (  1%) free+waste,    79.94 KB ( <1%) overhead. 
      Class:      4.87 MB capacity,     4.51 MB ( 93%) used,   328.28 KB (  7%) free+waste,    39.56 KB ( <1%) overhead. 
       Both:     35.21 MB capacity,    34.38 MB ( 98%) used,   732.48 KB (  2%) free+waste,   119.50 KB ( <1%) overhead. 

Virtual space:
  Non-class space:       32.00 MB reserved,      30.38 MB ( 95%) committed 
      Class space:      248.00 MB reserved,       4.88 MB (  2%) committed 
             Both:      280.00 MB reserved,      35.25 MB ( 13%) committed 

Chunk freelists:
   Non-Class:  32.00 KB
       Class:  10.00 KB
        Both:  42.00 KB

MaxMetaspaceSize: 256.00 MB
CompressedClassSpaceSize: 248.00 MB
Initial GC threshold: 20.80 MB
Current GC threshold: 35.32 MB
CDS: off

CodeHeap 'non-profiled nmethods': size=120000Kb used=1598Kb max_used=1598Kb free=118401Kb
 bounds [0x0000000012bb0000, 0x0000000012e20000, 0x000000001a0e0000]
CodeHeap 'profiled nmethods': size=120000Kb used=6335Kb max_used=6335Kb free=113664Kb
 bounds [0x000000000b680000, 0x000000000bcb0000, 0x0000000012bb0000]
CodeHeap 'non-nmethods': size=5760Kb used=1242Kb max_used=1312Kb free=4517Kb
 bounds [0x000000000b0e0000, 0x000000000b350000, 0x000000000b680000]
 total_blobs=3516 nmethods=2999 adapters=429
 compilation: enabled
              stopped_count=0, restarted_count=0
 full_count=0

Compilation events (20 events):
Event: 60.355 Thread 0x000000001f715000 3014       3       java.util.LinkedList::node (65 bytes)
Event: 60.357 Thread 0x000000001f715000 nmethod 3014 0x000000000bcabf90 code [0x000000000bcac160, 0x000000000bcac418]
Event: 60.571 Thread 0x000000001f715000 3015       3       java.util.HashMap::removeNode (291 bytes)
Event: 60.574 Thread 0x000000001f715000 nmethod 3015 0x000000000bcac590 code [0x000000000bcac820, 0x000000000bcada98]
Event: 60.574 Thread 0x000000001f715000 3016       3       java.lang.invoke.MethodHandleNatives$CallSiteContext::run (5 bytes)
Event: 60.574 Thread 0x000000001f715000 nmethod 3016 0x000000000bcadf10 code [0x000000000bcae0c0, 0x000000000bcae1e8]
Event: 60.595 Thread 0x0000000024945800 nmethod 2827 0x0000000012d35f90 code [0x0000000012d36440, 0x0000000012d3be08]
Event: 60.595 Thread 0x0000000024945800 2990       4       java.lang.StringLatin1::compareTo (52 bytes)
Event: 60.610 Thread 0x0000000024945800 nmethod 2990 0x0000000012d3ec90 code [0x0000000012d3ee20, 0x0000000012d3efb8]
Event: 60.610 Thread 0x0000000024945800 2973       4       java.lang.reflect.Method::getParameterTypes (11 bytes)
Event: 60.611 Thread 0x000000001f715000 3018       3       java.util.StringJoiner::add (104 bytes)
Event: 60.614 Thread 0x000000001f715000 nmethod 3018 0x000000000bcae290 code [0x000000000bcae4e0, 0x000000000bcaeeb8]
Event: 60.616 Thread 0x0000000024945800 nmethod 2973 0x0000000012d3f090 code [0x0000000012d3f220, 0x0000000012d3f358]
Event: 60.617 Thread 0x0000000024945800 2972       4       java.util.Collections$SetFromMap::add (22 bytes)
Event: 60.617 Thread 0x000000001f715000 3019       3       java.lang.PublicMethods::toArray (76 bytes)
Event: 60.619 Thread 0x000000001f715000 nmethod 3019 0x000000000bcaf210 code [0x000000000bcaf440, 0x000000000bcafcd8]
Event: 60.621 Thread 0x000000001f715000 3020       3       java.util.StringJoiner::toString (181 bytes)
Event: 60.622 Thread 0x0000000024945800 nmethod 2972 0x0000000012d3f490 code [0x0000000012d3f640, 0x0000000012d3f708]
Event: 60.622 Thread 0x0000000024945800 2997       4       java.util.HashMap::afterNodeAccess (1 bytes)
Event: 60.623 Thread 0x0000000024945800 nmethod 2997 0x0000000012d3f810 code [0x0000000012d3f9a0, 0x0000000012d3f9f8]

GC Heap History (12 events):
Event: 20.371 GC heap before
{Heap before GC invocations=0 (full 0):
 garbage-first heap   total 262144K, used 29696K [0x00000000e0000000, 0x0000000100000000)
  region size 1024K, 24 young (24576K), 0 survivors (0K)
 Metaspace       used 10178K, capacity 10498K, committed 10624K, reserved 264192K
  class space    used 1058K, capacity 1138K, committed 1152K, reserved 253952K
}
Event: 20.388 GC heap after
{Heap after GC invocations=1 (full 0):
 garbage-first heap   total 262144K, used 9898K [0x00000000e0000000, 0x0000000100000000)
  region size 1024K, 3 young (3072K), 3 survivors (3072K)
 Metaspace       used 10178K, capacity 10498K, committed 10624K, reserved 264192K
  class space    used 1058K, capacity 1138K, committed 1152K, reserved 253952K
}
Event: 26.485 GC heap before
{Heap before GC invocations=1 (full 0):
 garbage-first heap   total 262144K, used 30378K [0x00000000e0000000, 0x0000000100000000)
  region size 1024K, 23 young (23552K), 3 survivors (3072K)
 Metaspace       used 11074K, capacity 11387K, committed 11520K, reserved 264192K
  class space    used 1159K, capacity 1242K, committed 1280K, reserved 253952K
}
Event: 26.499 GC heap after
{Heap after GC invocations=2 (full 0):
 garbage-first heap   total 262144K, used 9970K [0x00000000e0000000, 0x0000000100000000)
  region size 1024K, 1 young (1024K), 1 survivors (1024K)
 Metaspace       used 11074K, capacity 11387K, committed 11520K, reserved 264192K
  class space    used 1159K, capacity 1242K, committed 1280K, reserved 253952K
}
Event: 44.090 GC heap before
{Heap before GC invocations=2 (full 0):
 garbage-first heap   total 262144K, used 74482K [0x00000000e0000000, 0x0000000100000000)
  region size 1024K, 64 young (65536K), 1 survivors (1024K)
 Metaspace       used 19213K, capacity 19662K, committed 19968K, reserved 272384K
  class space    used 2327K, capacity 2464K, committed 2560K, reserved 253952K
}
Event: 44.117 GC heap after
{Heap after GC invocations=3 (full 0):
 garbage-first heap   total 262144K, used 16466K [0x00000000e0000000, 0x0000000100000000)
  region size 1024K, 7 young (7168K), 7 survivors (7168K)
 Metaspace       used 19213K, capacity 19662K, committed 19968K, reserved 272384K
  class space    used 2327K, capacity 2464K, committed 2560K, reserved 253952K
}
Event: 44.726 GC heap before
{Heap before GC invocations=3 (full 0):
 garbage-first heap   total 262144K, used 29778K [0x00000000e0000000, 0x0000000100000000)
  region size 1024K, 21 young (21504K), 7 survivors (7168K)
 Metaspace       used 20638K, capacity 21087K, committed 21248K, reserved 272384K
  class space    used 2523K, capacity 2705K, committed 2816K, reserved 253952K
}
Event: 44.746 GC heap after
{Heap after GC invocations=4 (full 0):
 garbage-first heap   total 262144K, used 17247K [0x00000000e0000000, 0x0000000100000000)
  region size 1024K, 1 young (1024K), 1 survivors (1024K)
 Metaspace       used 20638K, capacity 21087K, committed 21248K, reserved 272384K
  class space    used 2523K, capacity 2705K, committed 2816K, reserved 253952K
}
Event: 56.577 GC heap before
{Heap before GC invocations=5 (full 0):
 garbage-first heap   total 262144K, used 98143K [0x00000000e0000000, 0x0000000100000000)
  region size 1024K, 72 young (73728K), 1 survivors (1024K)
 Metaspace       used 27569K, capacity 28352K, committed 28544K, reserved 278528K
  class space    used 3649K, capacity 3946K, committed 3968K, reserved 253952K
}
Event: 56.601 GC heap after
{Heap after GC invocations=6 (full 0):
 garbage-first heap   total 262144K, used 29136K [0x00000000e0000000, 0x0000000100000000)
  region size 1024K, 5 young (5120K), 5 survivors (5120K)
 Metaspace       used 27569K, capacity 28352K, committed 28544K, reserved 278528K
  class space    used 3649K, capacity 3946K, committed 3968K, reserved 253952K
}
Event: 60.529 GC heap before
{Heap before GC invocations=6 (full 0):
 garbage-first heap   total 262144K, used 75216K [0x00000000e0000000, 0x0000000100000000)
  region size 1024K, 51 young (52224K), 5 survivors (5120K)
 Metaspace       used 34911K, capacity 35766K, committed 35840K, reserved 286720K
  class space    used 4578K, capacity 4950K, committed 4992K, reserved 253952K
}
Event: 60.570 GC heap after
{Heap after GC invocations=7 (full 0):
 garbage-first heap   total 262144K, used 31857K [0x00000000e0000000, 0x0000000100000000)
  region size 1024K, 7 young (7168K), 7 survivors (7168K)
 Metaspace       used 34911K, capacity 35766K, committed 35840K, reserved 286720K
  class space    used 4578K, capacity 4950K, committed 4992K, reserved 253952K
}

Deoptimization events (20 events):
Event: 58.441 Thread 0x0000000022229800 DEOPT PACKING pc=0x0000000012d15564 sp=0x0000000024389c50
Event: 58.441 Thread 0x0000000022229800 DEOPT UNPACKING pc=0x000000000b12a1af sp=0x0000000024389c00 mode 2
Event: 58.541 Thread 0x0000000022229800 DEOPT PACKING pc=0x000000000ba8e3f9 sp=0x0000000024388530
Event: 58.541 Thread 0x0000000022229800 DEOPT UNPACKING pc=0x000000000b12a95e sp=0x0000000024387a78 mode 0
Event: 58.868 Thread 0x0000000022229800 Uncommon trap: trap_request=0xffffff4d fr.pc=0x0000000012cfbedc relative=0x0000000000000f1c
Event: 58.868 Thread 0x0000000022229800 Uncommon trap: reason=unstable_if action=reinterpret pc=0x0000000012cfbedc method=java.lang.ClassLoader.getClassLoadingLock(Ljava/lang/String;)Ljava/lang/Object; @ 6 c2
Event: 58.869 Thread 0x0000000022229800 DEOPT PACKING pc=0x0000000012cfbedc sp=0x0000000024387630
Event: 58.869 Thread 0x0000000022229800 DEOPT UNPACKING pc=0x000000000b12a1af sp=0x0000000024387590 mode 2
Event: 58.872 Thread 0x0000000022229800 Uncommon trap: trap_request=0xffffff4d fr.pc=0x0000000012d1fac4 relative=0x00000000000006e4
Event: 58.872 Thread 0x0000000022229800 Uncommon trap: reason=unstable_if action=reinterpret pc=0x0000000012d1fac4 method=java.lang.Class.getPackageName()Ljava/lang/String; @ 55 c2
Event: 58.872 Thread 0x0000000022229800 DEOPT PACKING pc=0x0000000012d1fac4 sp=0x0000000024388da0
Event: 58.872 Thread 0x0000000022229800 DEOPT UNPACKING pc=0x000000000b12a1af sp=0x0000000024388d60 mode 2
Event: 60.165 Thread 0x0000000022229800 Uncommon trap: trap_request=0xffffff4d fr.pc=0x0000000012c34dbc relative=0x000000000000051c
Event: 60.165 Thread 0x0000000022229800 Uncommon trap: reason=unstable_if action=reinterpret pc=0x0000000012c34dbc method=java.util.Properties$LineReader.readLine()I @ 95 c2
Event: 60.165 Thread 0x0000000022229800 DEOPT PACKING pc=0x0000000012c34dbc sp=0x0000000024388540
Event: 60.165 Thread 0x0000000022229800 DEOPT UNPACKING pc=0x000000000b12a1af sp=0x00000000243884d8 mode 2
Event: 60.323 Thread 0x0000000021026800 Uncommon trap: trap_request=0xffffffbe fr.pc=0x0000000012d31098 relative=0x0000000000000398
Event: 60.323 Thread 0x0000000021026800 Uncommon trap: reason=profile_predicate action=maybe_recompile pc=0x0000000012d31098 method=java.util.stream.ReferencePipeline.forEachWithCancel(Ljava/util/Spliterator;Ljava/util/stream/Sink;)Z @ 8 c2
Event: 60.323 Thread 0x0000000021026800 DEOPT PACKING pc=0x0000000012d31098 sp=0x00000000268cec50
Event: 60.323 Thread 0x0000000021026800 DEOPT UNPACKING pc=0x000000000b12a1af sp=0x00000000268cebf0 mode 2

Classes redefined (0 events):
No events

Internal exceptions (20 events):
Event: 55.820 Thread 0x0000000022229800 Exception <a 'java/lang/NoSuchMethodError'{0x00000000ec4b5518}: <clinit>> (0x00000000ec4b5518) thrown at [./src/hotspot/share/prims/jni.cpp, line 1365]
Event: 55.821 Thread 0x0000000022229800 Exception <a 'java/lang/NoSuchMethodError'{0x00000000ec4b6c78}: <clinit>> (0x00000000ec4b6c78) thrown at [./src/hotspot/share/prims/jni.cpp, line 1365]
Event: 55.821 Thread 0x0000000022229800 Exception <a 'java/lang/NoSuchMethodError'{0x00000000ec4b8310}: <clinit>> (0x00000000ec4b8310) thrown at [./src/hotspot/share/prims/jni.cpp, line 1365]
Event: 55.822 Thread 0x0000000022229800 Exception <a 'java/lang/NoSuchMethodError'{0x00000000ec4b95a0}: <clinit>> (0x00000000ec4b95a0) thrown at [./src/hotspot/share/prims/jni.cpp, line 1365]
Event: 55.833 Thread 0x0000000022229800 Exception <a 'java/lang/NoSuchMethodError'{0x00000000ec300378}: 'java.lang.Object java.lang.invoke.DirectMethodHandle$Holder.invokeSpecial(java.lang.Object, java.lang.Object, int, java.lang.Object, java.lang.Object, java.lang.Object)'> (0x00000000ec300378) thrown at [./src/hotspot/share/interpreter/linkResolver.cpp, line 773]
Event: 56.493 Thread 0x0000000022229800 Exception <a 'java/lang/NoSuchMethodError'{0x00000000eb958508}: 'java.lang.Object java.lang.invoke.DirectMethodHandle$Holder.invokeSpecialIFC(java.lang.Object, java.lang.Object, java.lang.Object, java.lang.Object)'> (0x00000000eb958508) thrown at [./src/hotspot/share/interpreter/linkResolver.cpp, line 773]
Event: 56.539 Thread 0x0000000022229800 Exception <a 'java/lang/NoSuchMethodError'{0x00000000eb874e48}: 'java.lang.Object java.lang.invoke.DirectMethodHandle$Holder.invokeSpecial(java.lang.Object, java.lang.Object, java.lang.Object, java.lang.Object, java.lang.Object, java.lang.Object, java.lang.Object, java.lang.Object, java.lang.Object, java.lang.Object, java.lang.Object, java.lang.Object, java.lang.Object)'> (0x00000000eb874e48) thrown at [./src/hotspot/share/interpreter/linkResolver.cpp, line 773]
Event: 56.545 Thread 0x0000000022229800 Exception <a 'java/lang/NoSuchMethodError'{0x00000000eb885f98}: 'java.lang.Object java.lang.invoke.DirectMethodHandle$Holder.invokeSpecial(java.lang.Object, java.lang.Object, java.lang.Object, java.lang.Object, java.lang.Object, java.lang.Object, java.lang.Object, java.lang.Object, java.lang.Object, java.lang.Object, java.lang.Object, java.lang.Object)'> (0x00000000eb885f98) thrown at [./src/hotspot/share/interpreter/linkResolver.cpp, line 773]
Event: 56.549 Thread 0x0000000022229800 Exception <a 'java/lang/NoSuchMethodError'{0x00000000eb88b0c0}: 'java.lang.Object java.lang.invoke.Invokers$Holder.linkToTargetMethod(java.lang.Object, java.lang.Object, java.lang.Object, java.lang.Object, java.lang.Object, java.lang.Object, java.lang.Object, java.lang.Object, java.lang.Object, java.lang.Object, java.lang.Object)'> (0x00000000eb88b0c0) thrown at [./src/hotspot/share/interpreter/linkResolver.cpp, line 773]
Event: 56.635 Thread 0x0000000022229800 Exception <a 'java/lang/NoSuchMethodError'{0x00000000efe10f08}: 'java.lang.Object java.lang.invoke.DirectMethodHandle$Holder.invokeSpecial(java.lang.Object, java.lang.Object, java.lang.Object, java.lang.Object, java.lang.Object, java.lang.Object, java.lang.Object, java.lang.Object, java.lang.Object, java.lang.Object, java.lang.Object, java.lang.Object, java.lang.Object, java.lang.Object)'> (0x00000000efe10f08) thrown at [./src/hotspot/share/interpreter/linkResolver.cpp, line 773]
Event: 56.639 Thread 0x0000000022229800 Exception <a 'java/lang/NoSuchMethodError'{0x00000000efe22648}: 'java.lang.Object java.lang.invoke.Invokers$Holder.linkToTargetMethod(java.lang.Object, java.lang.Object, java.lang.Object, java.lang.Object, java.lang.Object, java.lang.Object, java.lang.Object, java.lang.Object, java.lang.Object, java.lang.Object, java.lang.Object, java.lang.Object)'> (0x00000000efe22648) thrown at [./src/hotspot/share/interpreter/linkResolver.cpp, line 773]
Event: 56.668 Thread 0x0000000022229800 Exception <a 'java/lang/NoSuchMethodError'{0x00000000efeb3f80}: 'java.lang.Object java.lang.invoke.DirectMethodHandle$Holder.invokeStaticInit(java.lang.Object, java.lang.Object, java.lang.Object, java.lang.Object)'> (0x00000000efeb3f80) thrown at [./src/hotspot/share/interpreter/linkResolver.cpp, line 773]
Event: 57.107 Thread 0x0000000022229800 Implicit null exception at 0x0000000012c76075 to 0x0000000012c7623c
Event: 57.108 Thread 0x0000000022229800 Implicit null exception at 0x0000000012c2f62f to 0x0000000012c2f69d
Event: 58.798 Thread 0x0000000022229800 Exception <a 'java/lang/NoSuchMethodError'{0x00000000ede03020}: 'int java.lang.invoke.DirectMethodHandle$Holder.invokeStatic(java.lang.Object, java.lang.Object, java.lang.Object, java.lang.Object, java.lang.Object)'> (0x00000000ede03020) thrown at [./src/hotspot/share/interpreter/linkResolver.cpp, line 773]
Event: 58.909 Thread 0x0000000022229800 Exception <a 'java/lang/NoSuchMethodError'{0x00000000edc6e688}: 'void java.lang.invoke.DirectMethodHandle$Holder.invokeStaticInit(java.lang.Object, java.lang.Object, java.lang.Object, java.lang.Object)'> (0x00000000edc6e688) thrown at [./src/hotspot/share/interpreter/linkResolver.cpp, line 773]
Event: 59.173 Thread 0x0000000022229800 Exception <a 'java/lang/NoSuchMethodError'{0x00000000ed885b08}: 'void java.lang.invoke.DirectMethodHandle$Holder.invokeStaticInit(java.lang.Object, java.lang.Object, java.lang.Object)'> (0x00000000ed885b08) thrown at [./src/hotspot/share/interpreter/linkResolver.cpp, line 773]
Event: 59.201 Thread 0x0000000022229800 Exception <a 'java/lang/NoSuchMethodError'{0x00000000ed8ab4e8}: 'void java.lang.invoke.DirectMethodHandle$Holder.invokeStaticInit(java.lang.Object, java.lang.Object, java.lang.Object, java.lang.Object, java.lang.Object)'> (0x00000000ed8ab4e8) thrown at [./src/hotspot/share/interpreter/linkResolver.cpp, line 773]
Event: 59.574 Thread 0x0000000022229800 Exception <a 'java/lang/NoSuchMethodError'{0x00000000ed724c68}: 'int java.lang.invoke.DirectMethodHandle$Holder.invokeStaticInit(java.lang.Object, java.lang.Object, java.lang.Object, java.lang.Object)'> (0x00000000ed724c68) thrown at [./src/hotspot/share/interpreter/linkResolver.cpp, line 773]
Event: 59.587 Thread 0x0000000022229800 Exception <a 'java/lang/IncompatibleClassChangeError'{0x00000000ed72e470}: Found class java.lang.Object, but interface was expected> (0x00000000ed72e470) thrown at [./src/hotspot/share/interpreter/linkResolver.cpp, line 839]

Events (20 events):
Event: 60.603 loading class java/awt/event/InputMethodEvent done
Event: 60.603 loading class java/awt/event/HierarchyEvent
Event: 60.603 loading class java/awt/event/HierarchyEvent done
Event: 60.603 loading class java/awt/event/FocusEvent$Cause
Event: 60.604 loading class java/awt/event/FocusEvent$Cause done
Event: 60.604 loading class sun/awt/RequestFocusController
Event: 60.604 loading class sun/awt/RequestFocusController done
Event: 60.605 loading class javax/accessibility/AccessibleStateSet
Event: 60.605 loading class javax/accessibility/AccessibleStateSet done
Event: 60.605 loading class java/awt/peer/ComponentPeer
Event: 60.606 loading class java/awt/peer/ComponentPeer done
Event: 60.606 loading class java/awt/HeadlessException
Event: 60.607 loading class java/awt/HeadlessException done
Event: 60.613 loading class java/awt/event/ItemListener
Event: 60.614 loading class java/awt/event/ItemListener done
Event: 60.615 loading class javax/swing/event/ListDataEvent
Event: 60.616 loading class javax/swing/event/ListDataEvent done
Event: 60.618 loading class java/awt/event/ActionEvent
Event: 60.619 loading class java/awt/event/ActionEvent done
Event: 60.626 Executing VM operation: CGC_Operation


Dynamic libraries:
0x000000013f8c0000 - 0x000000013f8cd000 	C:\Program Files\Eclipse Foundation\jdk-11.0.12.7-hotspot\bin\java.exe
0x0000000077b30000 - 0x0000000077cd9000 	C:\Windows\SYSTEM32\ntdll.dll
0x000007feb7d00000 - 0x000007feb7d13000 	C:\Program Files\AVG\Antivirus\aswhook.dll
0x0000000077910000 - 0x0000000077a2f000 	C:\Windows\system32\kernel32.dll
0x000007fefdbf0000 - 0x000007fefdc5b000 	C:\Windows\system32\KERNELBASE.dll
0x000007feb5900000 - 0x000007feb5917000 	C:\Program Files\Eclipse Foundation\jdk-11.0.12.7-hotspot\bin\jli.dll
0x000007fefbf50000 - 0x000007fefc144000 	C:\Windows\WinSxS\amd64_microsoft.windows.common-controls_6595b64144ccf1df_6.0.7601.17514_none_fa396087175ac9ac\COMCTL32.dll
0x000007fefe540000 - 0x000007fefe5df000 	C:\Windows\system32\msvcrt.dll
0x000007fefeb10000 - 0x000007fefeb77000 	C:\Windows\system32\GDI32.dll
0x0000000077a30000 - 0x0000000077b2a000 	C:\Windows\system32\USER32.dll
0x000007fefe8a0000 - 0x000007fefe8ae000 	C:\Windows\system32\LPK.dll
0x000007fefe0b0000 - 0x000007fefe179000 	C:\Windows\system32\USP10.dll
0x000007fefeb80000 - 0x000007fefebf1000 	C:\Windows\system32\SHLWAPI.dll
0x000007feb5a30000 - 0x000007feb5a45000 	C:\Program Files\Eclipse Foundation\jdk-11.0.12.7-hotspot\bin\VCRUNTIME140.dll
0x000007feb5cb0000 - 0x000007feb5cb4000 	C:\Program Files\Eclipse Foundation\jdk-11.0.12.7-hotspot\bin\api-ms-win-crt-runtime-l1-1-0.dll
0x000007feae620000 - 0x000007feae71a000 	C:\Program Files\Eclipse Foundation\jdk-11.0.12.7-hotspot\bin\ucrtbase.DLL
0x000007feb6010000 - 0x000007feb6013000 	C:\Program Files\Eclipse Foundation\jdk-11.0.12.7-hotspot\bin\api-ms-win-core-localization-l1-2-0.dll
0x000007feae810000 - 0x000007feae813000 	C:\Program Files\Eclipse Foundation\jdk-11.0.12.7-hotspot\bin\api-ms-win-core-processthreads-l1-1-1.dll
0x000007feae800000 - 0x000007feae803000 	C:\Program Files\Eclipse Foundation\jdk-11.0.12.7-hotspot\bin\api-ms-win-core-file-l1-2-0.dll
0x000007feae7f0000 - 0x000007feae7f3000 	C:\Program Files\Eclipse Foundation\jdk-11.0.12.7-hotspot\bin\api-ms-win-core-timezone-l1-1-0.dll
0x000007feae7e0000 - 0x000007feae7e3000 	C:\Program Files\Eclipse Foundation\jdk-11.0.12.7-hotspot\bin\api-ms-win-core-file-l2-1-0.dll
0x000007feae7d0000 - 0x000007feae7d3000 	C:\Program Files\Eclipse Foundation\jdk-11.0.12.7-hotspot\bin\api-ms-win-core-synch-l1-2-0.dll
0x000007feae7c0000 - 0x000007feae7c3000 	C:\Program Files\Eclipse Foundation\jdk-11.0.12.7-hotspot\bin\api-ms-win-crt-heap-l1-1-0.dll
0x000007feae7b0000 - 0x000007feae7b4000 	C:\Program Files\Eclipse Foundation\jdk-11.0.12.7-hotspot\bin\api-ms-win-crt-string-l1-1-0.dll
0x000007feae7a0000 - 0x000007feae7a4000 	C:\Program Files\Eclipse Foundation\jdk-11.0.12.7-hotspot\bin\api-ms-win-crt-stdio-l1-1-0.dll
0x000007feae790000 - 0x000007feae794000 	C:\Program Files\Eclipse Foundation\jdk-11.0.12.7-hotspot\bin\api-ms-win-crt-convert-l1-1-0.dll
0x000007feae780000 - 0x000007feae783000 	C:\Program Files\Eclipse Foundation\jdk-11.0.12.7-hotspot\bin\api-ms-win-crt-environment-l1-1-0.dll
0x000007feae770000 - 0x000007feae773000 	C:\Program Files\Eclipse Foundation\jdk-11.0.12.7-hotspot\bin\api-ms-win-crt-filesystem-l1-1-0.dll
0x000007feae760000 - 0x000007feae765000 	C:\Program Files\Eclipse Foundation\jdk-11.0.12.7-hotspot\bin\api-ms-win-crt-math-l1-1-0.dll
0x000007feae750000 - 0x000007feae753000 	C:\Program Files\Eclipse Foundation\jdk-11.0.12.7-hotspot\bin\api-ms-win-crt-locale-l1-1-0.dll
0x000007fefe680000 - 0x000007fefe6ae000 	C:\Windows\system32\IMM32.DLL
0x000007fefe6b0000 - 0x000007fefe7b9000 	C:\Windows\system32\MSCTF.dll
0x000007feae580000 - 0x000007feae61b000 	C:\Program Files\Eclipse Foundation\jdk-11.0.12.7-hotspot\bin\msvcp140.dll
0x000007feae740000 - 0x000007feae743000 	C:\Program Files\Eclipse Foundation\jdk-11.0.12.7-hotspot\bin\api-ms-win-crt-time-l1-1-0.dll
0x000007feae730000 - 0x000007feae733000 	C:\Program Files\Eclipse Foundation\jdk-11.0.12.7-hotspot\bin\api-ms-win-crt-utility-l1-1-0.dll
0x000007feada20000 - 0x000007feae579000 	C:\Program Files\Eclipse Foundation\jdk-11.0.12.7-hotspot\bin\server\jvm.dll
0x000007fefe3e0000 - 0x000007fefe4bb000 	C:\Windows\system32\ADVAPI32.dll
0x000007fefea90000 - 0x000007fefeaaf000 	C:\Windows\SYSTEM32\sechost.dll
0x000007fefec10000 - 0x000007fefed3d000 	C:\Windows\system32\RPCRT4.dll
0x000007fefa710000 - 0x000007fefa719000 	C:\Windows\system32\WSOCK32.dll
0x000007fefdeb0000 - 0x000007fefdefd000 	C:\Windows\system32\WS2_32.dll
0x000007fefec00000 - 0x000007fefec08000 	C:\Windows\system32\NSI.dll
0x000007fef9bd0000 - 0x000007fef9c0b000 	C:\Windows\system32\WINMM.dll
0x000007fefc870000 - 0x000007fefc87c000 	C:\Windows\system32\VERSION.dll
0x0000000077cf0000 - 0x0000000077cf7000 	C:\Windows\system32\PSAPI.DLL
0x000007feae720000 - 0x000007feae730000 	C:\Program Files\Eclipse Foundation\jdk-11.0.12.7-hotspot\bin\verify.dll
0x000007fef8db0000 - 0x000007fef8ed5000 	C:\Windows\system32\DBGHELP.DLL
0x000007fead9c0000 - 0x000007fead9e8000 	C:\Program Files\Eclipse Foundation\jdk-11.0.12.7-hotspot\bin\java.dll
0x000007feada10000 - 0x000007feada1a000 	C:\Program Files\Eclipse Foundation\jdk-11.0.12.7-hotspot\bin\jimage.dll
0x000007fead9f0000 - 0x000007feada07000 	C:\Program Files\Eclipse Foundation\jdk-11.0.12.7-hotspot\bin\zip.dll
0x000007fefed40000 - 0x000007feffac8000 	C:\Windows\system32\SHELL32.dll
0x000007fefdca0000 - 0x000007fefdea3000 	C:\Windows\system32\ole32.dll
0x000007fefd8f0000 - 0x000007fefd8ff000 	C:\Windows\system32\profapi.dll
0x000007fead9a0000 - 0x000007fead9b9000 	C:\Program Files\Eclipse Foundation\jdk-11.0.12.7-hotspot\bin\net.dll
0x000007fef98e0000 - 0x000007fef9951000 	C:\Windows\system32\WINHTTP.dll
0x000007fef9870000 - 0x000007fef98d4000 	C:\Windows\system32\webio.dll
0x000007fefd080000 - 0x000007fefd0d5000 	C:\Windows\system32\mswsock.dll
0x000007fefd070000 - 0x000007fefd077000 	C:\Windows\System32\wship6.dll
0x000007fead980000 - 0x000007fead992000 	C:\Program Files\Eclipse Foundation\jdk-11.0.12.7-hotspot\bin\nio.dll
0x000007feb57a0000 - 0x000007feb57c7000 	C:\Users\user\.gradle\native\8bec1ad78214c89d9ad589b4d07fe93259594b29d510b10fafb7a158f7737e5d\windows-amd64\native-platform.dll
0x000007feae820000 - 0x000007feae95d000 	C:\Users\user\.gradle\native\53dbd7edfb1c66fb8903c78663c9afc45aea4f116125fa6feffd364cf09443e8\windows-amd64\native-platform-file-events.dll
0x000007fead970000 - 0x000007fead979000 	C:\Program Files\Eclipse Foundation\jdk-11.0.12.7-hotspot\bin\management.dll
0x000007fead960000 - 0x000007fead96b000 	C:\Program Files\Eclipse Foundation\jdk-11.0.12.7-hotspot\bin\management_ext.dll
0x000007fefd0e0000 - 0x000007fefd0f7000 	C:\Windows\system32\CRYPTSP.dll
0x000007fefcde0000 - 0x000007fefce27000 	C:\Windows\system32\rsaenh.dll
0x000007fefda40000 - 0x000007fefda5e000 	C:\Windows\system32\USERENV.dll
0x000007fefd780000 - 0x000007fefd78f000 	C:\Windows\system32\CRYPTBASE.dll
0x000007feface0000 - 0x000007fefad07000 	C:\Windows\system32\IPHLPAPI.DLL
0x000007fefacd0000 - 0x000007fefacdb000 	C:\Windows\system32\WINNSI.DLL
0x000007fefab00000 - 0x000007fefab11000 	C:\Windows\system32\dhcpcsvc6.DLL
0x000007fefa730000 - 0x000007fefa748000 	C:\Windows\system32\dhcpcsvc.DLL

dbghelp: loaded successfully - version: 4.0.5 - missing functions: none
symbol engine: initialized successfully - sym options: 0x614 - pdb path: .;C:\Program Files\Eclipse Foundation\jdk-11.0.12.7-hotspot\bin;C:\Windows\SYSTEM32;C:\Program Files\AVG\Antivirus;C:\Windows\WinSxS\amd64_microsoft.windows.common-controls_6595b64144ccf1df_6.0.7601.17514_none_fa396087175ac9ac;C:\Program Files\Eclipse Foundation\jdk-11.0.12.7-hotspot\bin\server;C:\Users\user\.gradle\native\8bec1ad78214c89d9ad589b4d07fe93259594b29d510b10fafb7a158f7737e5d\windows-amd64;C:\Users\user\.gradle\native\53dbd7edfb1c66fb8903c78663c9afc45aea4f116125fa6feffd364cf09443e8\windows-amd64

VM Arguments:
jvm_args: --add-opens=java.base/java.util=ALL-UNNAMED --add-opens=java.base/java.lang=ALL-UNNAMED --add-opens=java.base/java.lang.invoke=ALL-UNNAMED --add-opens=java.base/java.util=ALL-UNNAMED --add-opens=java.prefs/java.util.prefs=ALL-UNNAMED --add-opens=java.prefs/java.util.prefs=ALL-UNNAMED --add-opens=java.base/java.nio.charset=ALL-UNNAMED --add-opens=java.base/java.net=ALL-UNNAMED --add-opens=java.base/java.util.concurrent.atomic=ALL-UNNAMED -XX:MaxMetaspaceSize=256m -XX:+HeapDumpOnOutOfMemoryError -Xms256m -Xmx512m -Dfile.encoding=windows-1251 -Duser.country=RU -Duser.language=ru -Duser.variant 
java_command: org.gradle.launcher.daemon.bootstrap.GradleDaemon 7.1
java_class_path (initial): C:\Users\user\.gradle\wrapper\dists\gradle-7.1-bin\4pslxx9lrxt5svtz5wbnb6tkz\gradle-7.1\lib\gradle-launcher-7.1.jar
Launcher Type: SUN_STANDARD

[Global flags]
     intx CICompilerCount                          = 4                                         {product} {ergonomic}
   size_t CompressedClassSpaceSize                 = 260046848                                 {product} {ergonomic}
     uint ConcGCThreads                            = 2                                         {product} {ergonomic}
     uint G1ConcRefinementThreads                  = 8                                         {product} {ergonomic}
   size_t G1HeapRegionSize                         = 1048576                                   {product} {ergonomic}
    uintx GCDrainStackTargetSize                   = 64                                        {product} {ergonomic}
     bool HeapDumpOnOutOfMemoryError               = true                                   {manageable} {command line}
   size_t InitialHeapSize                          = 268435456                                 {product} {command line}
   size_t MarkStackSize                            = 4194304                                   {product} {ergonomic}
   size_t MaxHeapSize                              = 536870912                                 {product} {command line}
   size_t MaxMetaspaceSize                         = 268435456                                 {product} {command line}
   size_t MaxNewSize                               = 321912832                                 {product} {ergonomic}
   size_t MinHeapDeltaBytes                        = 1048576                                   {product} {ergonomic}
    uintx NonNMethodCodeHeapSize                   = 5836300                                {pd product} {ergonomic}
    uintx NonProfiledCodeHeapSize                  = 122910970                              {pd product} {ergonomic}
    uintx ProfiledCodeHeapSize                     = 122910970                              {pd product} {ergonomic}
    uintx ReservedCodeCacheSize                    = 251658240                              {pd product} {ergonomic}
     bool SegmentedCodeCache                       = true                                      {product} {ergonomic}
     bool UseCompressedClassPointers               = true                                 {lp64_product} {ergonomic}
     bool UseCompressedOops                        = true                                 {lp64_product} {ergonomic}
     bool UseG1GC                                  = true                                      {product} {ergonomic}
     bool UseLargePagesIndividualAllocation        = false                                  {pd product} {ergonomic}

Logging:
Log output configuration:
 #0: stdout all=warning uptime,level,tags
 #1: stderr all=off uptime,level,tags

Environment Variables:
PATH=C:\Program Files\Eclipse Foundation\jdk-11.0.12.7-hotspot\bin;C:\Program Files (x86)\Intel\iCLS Client\;C:\Program Files\Intel\iCLS Client\;C:\Windows\system32;C:\Windows;C:\Windows\System32\Wbem;C:\Windows\System32\WindowsPowerShell\v1.0\;C:\Program Files\Intel\Intel(R) Management Engine Components\DAL;C:\Program Files\Intel\Intel(R) Management Engine Components\IPT;C:\Program Files (x86)\Intel\Intel(R) Management Engine Components\DAL;C:\Program Files (x86)\Intel\Intel(R) Management Engine Components\IPT;C:\Program Files (x86)\NVIDIA Corporation\PhysX\Common;C:\Program Files (x86)\QuickTime\QTSystem\;C:\Program Files\Git\cmd;C:\chromedriver
USERNAME=user
OS=Windows_NT
PROCESSOR_IDENTIFIER=Intel64 Family 6 Model 58 Stepping 9, GenuineIntel



---------------  S Y S T E M  ---------------

OS: Windows 7 , 64 bit Build 7601 (6.1.7601.18015)
OS uptime: 0 days 0:14 hours

CPU:total 8 (initial active 8) (4 cores per cpu, 2 threads per core) family 6 model 58 stepping 9 microcode 0x0, cmov, cx8, fxsr, mmx, sse, sse2, sse3, ssse3, sse4.1, sse4.2, popcnt, avx, aes, clmul, erms, ht, tsc, tscinvbit, tscinv

Memory: 4k page, system-wide physical 16329M (7743M free)
TotalPageFile size 32657M (AvailPageFile size 19541M)
current process WorkingSet (physical memory assigned to process): 245M, peak: 245M
current process commit charge ("private bytes"): 449M, peak: 450M

vm_info: OpenJDK 64-Bit Server VM (11.0.12+7) for windows-amd64 JRE (11.0.12+7), built on Jul 21 2021 16:23:49 by "" with unknown MS VC++:1916

END.
