#
# A fatal error has been detected by the Java Runtime Environment:
#
#  EXCEPTION_ACCESS_VIOLATION (0xc0000005) at pc=0x000007feb35d31f1, pid=11492, tid=9444
#
# JRE version: OpenJDK Runtime Environment Temurin-11.0.12+7 (11.0.12+7) (build 11.0.12+7)
# Java VM: OpenJDK 64-Bit Server VM Temurin-11.0.12+7 (11.0.12+7, mixed mode, tiered, compressed oops, g1 gc, windows-amd64)
# Problematic frame:
# V  [jvm.dll+0x1931f1]
#
# No core dump will be written. Minidumps are not enabled by default on client versions of Windows
#
# If you would like to submit a bug report, please visit:
#   https://github.com/adoptium/adoptium-support/issues
#

---------------  S U M M A R Y ------------

Command Line: -Dorg.gradle.internal.worker.tmpdir=E:\Netology\Java\L18Patterns\Error\DeliveryCard\build\tmp\test\work -Dorg.gradle.native=false -Dselenide.headless --add-opens=java.base/java.util=ALL-UNNAMED --add-opens=java.base/java.lang=ALL-UNNAMED -Xmx512m -Dfile.encoding=windows-1251 -Duser.country=RU -Duser.language=ru -Duser.variant -ea worker.org.gradle.process.internal.worker.GradleWorkerMain 'Gradle Test Executor 5'

Host: Intel(R) Xeon(R) CPU E3-1270 V2 @ 3.50GHz, 8 cores, 15G,  Windows 7 , 64 bit Build 7601 (6.1.7601.18015)
Time: Thu Dec 23 12:30:49 2021 Eaeeieia?aaneia a?aiy (ceia) elapsed time: 15.168076 seconds (0d 0h 0m 15s)

---------------  T H R E A D  ---------------

Current thread (0x00000000247ee000):  ConcurrentGCThread "G1 Conc#1" [stack: 0x00000000266f0000,0x00000000267f0000] [id=9444]

Stack: [0x00000000266f0000,0x00000000267f0000],  sp=0x00000000267ef578,  free space=1021k
Native frames: (J=compiled Java code, j=interpreted, Vv=VM code, C=native code)
V  [jvm.dll+0x1931f1]


siginfo: EXCEPTION_ACCESS_VIOLATION (0xc0000005), reading address 0x0000000000000110


Register to memory mapping:

RIP=0x000007feb35d31f1 jvm.dll
RAX=0x0 is NULL
RBX=0x0 is NULL
RCX=0x0000000002014b50 points into unknown readable memory: 0x0000000000000000 | 00 00 00 00 00 00 00 00
RDX=0x00000000e0019270 is pointing into object: [B 
{0x00000000e000a548} - klass: {type array byte}
 - length: 211932
RSP=0x00000000267ef578 points into unknown readable memory: 0x000007feb372281d | 1d 28 72 b3 fe 07 00 00
RBP=0x0 is NULL
RSI=0x0000000000004001 is an unknown value
RDI=0x00000000e0019270 is pointing into object: [B 
{0x00000000e000a548} - klass: {type array byte}
 - length: 211932
R8 =0x0 is NULL
R9 =0x0000000002014b50 points into unknown readable memory: 0x0000000000000000 | 00 00 00 00 00 00 00 00
R10=0x000000001e388720 points into unknown readable memory: 0x000007feb3cdbdb8 | b8 bd cd b3 fe 07 00 00
R11=0x346dc5d63886594b is an unknown value
R12=0x0 is NULL
R13=0x0 is NULL
R14=0x000000001ad40648 points into unknown readable memory: 0x0000000000004000 | 00 40 00 00 00 00 00 00
R15=0x00000000002d0670 points into unknown readable memory: 0x00000000002d3800 | 00 38 2d 00 00 00 00 00


Registers:
RAX=0x0000000000000000, RBX=0x0000000000000000, RCX=0x0000000002014b50, RDX=0x00000000e0019270
RSP=0x00000000267ef578, RBP=0x0000000000000000, RSI=0x0000000000004001, RDI=0x00000000e0019270
R8 =0x0000000000000000, R9 =0x0000000002014b50, R10=0x000000001e388720, R11=0x346dc5d63886594b
R12=0x0000000000000000, R13=0x0000000000000000, R14=0x000000001ad40648, R15=0x00000000002d0670
RIP=0x000007feb35d31f1, EFLAGS=0x0000000000010246

Top of Stack: (sp=0x00000000267ef578)
0x00000000267ef578:   000007feb372281d 0000000000295940
0x00000000267ef588:   000007feb372281d 00000000e0081f90
0x00000000267ef598:   0000000020dc5020 00000000e0099228
0x00000000267ef5a8:   00000000002e79c0 00000000e0019270
0x00000000267ef5b8:   000007feb3722602 00000000002e7880
0x00000000267ef5c8:   000000008005e218 000000008005e220
0x00000000267ef5d8:   00000000267ef778 00000000e0099248
0x00000000267ef5e8:   000007feb371a57d 0000000000000004
0x00000000267ef5f8:   00000000e0099244 000000000000000a
0x00000000267ef608:   00000000e0098ef0 0000000021443201
0x00000000267ef618:   00000000002d0688 000000008005de40
0x00000000267ef628:   000007feb371a131 0000000000000004
0x00000000267ef638:   00000000267ef778 00000000e0099228
0x00000000267ef648:   00000000002e7880 00000000002e7880
0x00000000267ef658:   000007feb372d2ce 00000000e0099228
0x00000000267ef668:   00000000267ef720 00000000267ef720 

Instructions: (pc=0x000007feb35d31f1)
0x000007feb35d30f1:   24 40 48 8b 74 24 48 48 83 c4 30 5f c3 48 8b 07
0x000007feb35d3101:   48 8d 54 24 20 48 8b cf 66 0f 7f 44 24 20 ff 50
0x000007feb35d3111:   38 48 8b 5c 24 40 48 8b 74 24 48 48 83 c4 30 5f
0x000007feb35d3121:   c3 cc cc cc cc cc cc cc cc cc cc cc cc cc cc 48
0x000007feb35d3131:   8b 49 38 48 8b 01 48 ff 60 28 cc cc cc cc cc 80
0x000007feb35d3141:   3d 1a 0b 8f 00 00 48 8b c1 74 1b 8b 51 08 8b 0d
0x000007feb35d3151:   83 55 8a 00 48 d3 e2 48 8b c8 48 03 15 6e 55 8a
0x000007feb35d3161:   00 e9 19 00 00 00 48 8b 51 08 48 8b c8 e9 0d 00
0x000007feb35d3171:   00 00 cc cc cc cc cc cc cc cc cc cc cc cc cc 4c
0x000007feb35d3181:   8b ca 48 8b d1 45 8b 41 08 45 85 c0 7e 0e 41 f6
0x000007feb35d3191:   c0 01 75 56 41 c1 f8 03 41 8b c0 c3 79 4c 80 3d
0x000007feb35d31a1:   bb 0a 8f 00 00 b8 0c 00 00 00 b9 10 00 00 00 0f
0x000007feb35d31b1:   45 c8 8b 05 8b 85 88 00 ff c8 4c 63 c8 48 63 14
0x000007feb35d31c1:   11 41 8b c8 83 e1 3f 48 d3 e2 41 8b c8 48 c1 f9
0x000007feb35d31d1:   10 0f b6 c1 49 8d 0c 11 49 f7 d1 48 03 c1 49 c1
0x000007feb35d31e1:   e9 03 48 c1 e8 03 41 23 c1 c3 49 8b 01 49 8b c9
0x000007feb35d31f1:   48 ff a0 10 01 00 00 cc cc cc cc cc cc cc cc 48
0x000007feb35d3201:   8b c2 c3 cc cc cc cc cc cc cc cc cc cc cc cc 48
0x000007feb35d3211:   83 ec 38 48 8b c1 48 8b 49 38 80 79 08 00 74 04
0x000007feb35d3221:   48 8b 48 38 0f 10 02 48 8d 54 24 20 0f 29 44 24
0x000007feb35d3231:   20 e8 09 f0 ff ff 48 83 c4 38 c3 cc cc cc cc 48
0x000007feb35d3241:   83 ec 38 0f 10 02 48 8b 01 48 8d 54 24 20 0f 29
0x000007feb35d3251:   44 24 20 ff 50 38 48 83 c4 38 c3 cc cc cc cc 48
0x000007feb35d3261:   89 5c 24 08 55 56 57 41 54 41 55 41 56 41 57 48
0x000007feb35d3271:   8d 6c 24 e0 48 81 ec 20 01 00 00 48 8b 05 85 dc
0x000007feb35d3281:   8b 00 48 33 c4 48 89 45 10 48 8b 05 2f 77 8e 00
0x000007feb35d3291:   45 33 ed 4c 8b b5 80 00 00 00 4c 8b fa 48 8b bd
0x000007feb35d32a1:   88 00 00 00 4d 8b c6 49 8b d6 49 8b f1 48 8b 48
0x000007feb35d32b1:   38 48 8b 59 48 49 8b cf c7 45 c0 ff ff ff ff 44
0x000007feb35d32c1:   89 6d d4 4c 89 6d d8 44 88 6d e0 c7 45 e8 ff ff
0x000007feb35d32d1:   ff ff 44 89 6d fc 4c 89 6d 00 44 88 6d 08 e8 dc
0x000007feb35d32e1:   02 f6 ff 41 b1 01 4c 8d 45 e8 41 8d 55 04 49 8b 


Stack slot to memory mapping:
stack at sp + 0 slots: 0x000007feb372281d jvm.dll
stack at sp + 1 slots: 0x0000000000295940 points into unknown readable memory: 0x000007feb3d23a88 | 88 3a d2 b3 fe 07 00 00
stack at sp + 2 slots: 0x000007feb372281d jvm.dll
stack at sp + 3 slots: 0x00000000e0081f90 is an oop: java.lang.ref.SoftReference 
{0x00000000e0081f90} - klass: 'java/lang/ref/SoftReference'
stack at sp + 4 slots: 0x0000000020dc5020 points into unknown readable memory: 0x00000000207cb6f0 | f0 b6 7c 20 00 00 00 00
stack at sp + 5 slots: 0x00000000e0099228 is an oop: java.io.RandomAccessFile 
{0x00000000e0099228} - klass: 'java/io/RandomAccessFile'
stack at sp + 6 slots: 0x00000000002e79c0 points into unknown readable memory: 0x000007feb3d159e0 | e0 59 d1 b3 fe 07 00 00
stack at sp + 7 slots: 0x00000000e0019270 is pointing into object: [B 
{0x00000000e000a548} - klass: {type array byte}
 - length: 211932


---------------  P R O C E S S  ---------------

Threads class SMR info:
_java_thread_list=0x0000000023d95be0, length=32, elements={
0x00000000002a3000, 0x000000001ee92800, 0x000000001ee8a800, 0x000000001eea1800,
0x000000001eea2800, 0x000000001eea4000, 0x000000001eeaa000, 0x000000001eeab000,
0x0000000020400800, 0x0000000020551000, 0x000000002141f000, 0x00000000214a6000,
0x0000000021c95800, 0x0000000024481800, 0x0000000021ebd000, 0x0000000022a5e000,
0x0000000020ef4800, 0x0000000022998800, 0x000000002275c800, 0x0000000025327800,
0x0000000025328000, 0x0000000025329000, 0x0000000025329800, 0x000000002532a800,
0x000000002532b800, 0x000000002532c000, 0x000000002532d000, 0x000000002496d000,
0x000000002496e000, 0x000000002496e800, 0x0000000024a24800, 0x000000002496f800
}

Java Threads: ( => current thread )
  0x00000000002a3000 JavaThread "main" [_thread_blocked, id=10908, stack(0x0000000002110000,0x0000000002210000)]
  0x000000001ee92800 JavaThread "Reference Handler" daemon [_thread_blocked, id=12260, stack(0x000000001fa90000,0x000000001fb90000)]
  0x000000001ee8a800 JavaThread "Finalizer" daemon [_thread_blocked, id=12264, stack(0x000000001fba0000,0x000000001fca0000)]
  0x000000001eea1800 JavaThread "Signal Dispatcher" daemon [_thread_blocked, id=11872, stack(0x000000001f7a0000,0x000000001f8a0000)]
  0x000000001eea2800 JavaThread "Attach Listener" daemon [_thread_blocked, id=6732, stack(0x000000001fd10000,0x000000001fe10000)]
  0x000000001eea4000 JavaThread "Service Thread" daemon [_thread_blocked, id=10412, stack(0x000000001fec0000,0x000000001ffc0000)]
  0x000000001eeaa000 JavaThread "C2 CompilerThread0" daemon [_thread_blocked, id=5836, stack(0x0000000020170000,0x0000000020270000)]
  0x000000001eeab000 JavaThread "C1 CompilerThread0" daemon [_thread_blocked, id=4568, stack(0x00000000202f0000,0x00000000203f0000)]
  0x0000000020400800 JavaThread "Sweeper thread" daemon [_thread_blocked, id=12280, stack(0x0000000020020000,0x0000000020120000)]
  0x0000000020551000 JavaThread "Common-Cleaner" daemon [_thread_blocked, id=10448, stack(0x0000000020800000,0x0000000020900000)]
  0x000000002141f000 JavaThread "Forwarding findElement on session c5a07b310181937c9c3d2eda8aa5205c to remote" [_thread_blocked, id=6424, stack(0x0000000020bb0000,0x0000000020cb0000)]
  0x00000000214a6000 JavaThread "/127.0.0.1:62871 to /127.0.0.1:62870 workers Thread 2" [_thread_blocked, id=11276, stack(0x0000000022d30000,0x0000000022e30000)]
  0x0000000021c95800 JavaThread "/127.0.0.1:62871 to /127.0.0.1:62870 workers Thread 3" [_thread_in_native, id=10876, stack(0x0000000022c10000,0x0000000022d10000)]
  0x0000000024481800 JavaThread "ForkJoinPool.commonPool-worker-3" daemon [_thread_blocked, id=11480, stack(0x0000000024e40000,0x0000000024f40000)]
  0x0000000021ebd000 JavaThread "AsyncHttpClient-1-1" daemon [_thread_blocked, id=11540, stack(0x0000000022e40000,0x0000000022f40000)]
  0x0000000022a5e000 JavaThread "ForkJoinPool.commonPool-worker-5" daemon [_thread_blocked, id=11316, stack(0x0000000026290000,0x0000000026390000)]
  0x0000000020ef4800 JavaThread "ForkJoinPool.commonPool-worker-7" daemon [_thread_blocked, id=11512, stack(0x00000000236d0000,0x00000000237d0000)]
  0x0000000022998800 JavaThread "ForkJoinPool.commonPool-worker-9" daemon [_thread_blocked, id=11656, stack(0x0000000026d20000,0x0000000026e20000)]
  0x000000002275c800 JavaThread "ForkJoinPool.commonPool-worker-11" daemon [_thread_blocked, id=9264, stack(0x0000000026f30000,0x0000000027030000)]
  0x0000000025327800 JavaThread "ForkJoinPool.commonPool-worker-13" daemon [_thread_blocked, id=11116, stack(0x00000000265b0000,0x00000000266b0000)]
  0x0000000025328000 JavaThread "ForkJoinPool.commonPool-worker-15" daemon [_thread_blocked, id=11532, stack(0x0000000027090000,0x0000000027190000)]
  0x0000000025329000 JavaThread "Exec Default Executor" daemon [_thread_in_native, id=11088, stack(0x00000000271a0000,0x00000000272a0000)]
  0x0000000025329800 JavaThread "Driver Service Executor" daemon [_thread_blocked, id=6140, stack(0x00000000272e0000,0x00000000273e0000)]
  0x000000002532a800 JavaThread "Driver Service Executor" daemon [_thread_blocked, id=11284, stack(0x0000000027540000,0x0000000027640000)]
  0x000000002532b800 JavaThread "UrlChecker-2" daemon [_thread_blocked, id=11376, stack(0x0000000027410000,0x0000000027510000)]
  0x000000002532c000 JavaThread "Exec Stream Pumper" daemon [_thread_in_native, id=11256, stack(0x00000000278e0000,0x00000000279e0000)]
  0x000000002532d000 JavaThread "Exec Stream Pumper" daemon [_thread_in_native, id=11744, stack(0x0000000027b40000,0x0000000027c40000)]
  0x000000002496d000 JavaThread "AsyncHttpClient-1-2" daemon [_thread_blocked, id=1824, stack(0x00000000238f0000,0x00000000239f0000)]
  0x000000002496e000 JavaThread "AsyncHttpClient-1-3" daemon [_thread_in_native, id=4728, stack(0x0000000021a30000,0x0000000021b30000)]
  0x000000002496e800 JavaThread "AsyncHttpClient-1-4" daemon [_thread_in_native, id=9612, stack(0x000000002a1e0000,0x000000002a2e0000)]
  0x0000000024a24800 JavaThread "C2 CompilerThread1" daemon [_thread_blocked, id=7396, stack(0x000000002a060000,0x000000002a160000)]
  0x000000002496f800 JavaThread "Webdrivers killer thread" daemon [_thread_blocked, id=5816, stack(0x0000000026c10000,0x0000000026d10000)]

Other Threads:
  0x000000001ee3e000 VMThread "VM Thread" [stack: 0x000000001f8a0000,0x000000001f9a0000] [id=11736]
  0x0000000020554000 WatcherThread [stack: 0x0000000020a70000,0x0000000020b70000] [id=7696]
  0x00000000002bd800 GCTaskThread "GC Thread#0" [stack: 0x000000001a1d0000,0x000000001a2d0000] [id=11516]
  0x0000000021e64800 GCTaskThread "GC Thread#1" [stack: 0x0000000023330000,0x0000000023430000] [id=11324]
  0x00000000226be800 GCTaskThread "GC Thread#2" [stack: 0x0000000023460000,0x0000000023560000] [id=4308]
  0x00000000221d6000 GCTaskThread "GC Thread#3" [stack: 0x00000000235a0000,0x00000000236a0000] [id=11560]
  0x0000000021e3d800 GCTaskThread "GC Thread#4" [stack: 0x00000000237f0000,0x00000000238f0000] [id=12276]
  0x0000000022321000 GCTaskThread "GC Thread#5" [stack: 0x00000000239f0000,0x0000000023af0000] [id=2704]
  0x0000000022321800 GCTaskThread "GC Thread#6" [stack: 0x0000000023b40000,0x0000000023c40000] [id=10804]
  0x00000000221a2800 GCTaskThread "GC Thread#7" [stack: 0x00000000231e0000,0x00000000232e0000] [id=10684]
  0x00000000002d3800 ConcurrentGCThread "G1 Main Marker" [stack: 0x000000001bd80000,0x000000001be80000] [id=5868]
  0x00000000002d4800 ConcurrentGCThread "G1 Conc#0" [stack: 0x000000001bf40000,0x000000001c040000] [id=9884]
=>0x00000000247ee000 ConcurrentGCThread "G1 Conc#1" [stack: 0x00000000266f0000,0x00000000267f0000] [id=9444]
  0x000000001e45a800 ConcurrentGCThread "G1 Refine#0" [stack: 0x000000001eaa0000,0x000000001eba0000] [id=11468]
  0x000000001e45d800 ConcurrentGCThread "G1 Young RemSet Sampling" [stack: 0x000000001ebc0000,0x000000001ecc0000] [id=11372]

Threads with active compile tasks:

VM state:not at safepoint (normal execution)

VM Mutex/Monitor currently owned by a thread: None

Heap address: 0x00000000e0000000, size: 512 MB, Compressed Oops mode: 32-bit
Narrow klass base: 0x0000000000000000, Narrow klass shift: 0
Compressed class space size: 1073741824 Address: 0x000000007fff0000

Heap:
 garbage-first heap   total 262144K, used 33485K [0x00000000e0000000, 0x0000000100000000)
  region size 1024K, 10 young (10240K), 8 survivors (8192K)
 Metaspace       used 34814K, capacity 35889K, committed 36144K, reserved 1081344K
  class space    used 4221K, capacity 4663K, committed 4736K, reserved 1048576K
Heap Regions: E=young(eden), S=young(survivor), O=old, HS=humongous(starts), HC=humongous(continues), CS=collection set, F=free, A=archive, TAMS=top-at-mark-start (previous, next)
|   0|0x00000000e0000000, 0x00000000e0100000, 0x00000000e0100000|100%| O|  |TAMS 0x00000000e0100000, 0x00000000e0100000| Untracked 
|   1|0x00000000e0100000, 0x00000000e0200000, 0x00000000e0200000|100%| O|  |TAMS 0x00000000e0200000, 0x00000000e0200000| Untracked 
|   2|0x00000000e0200000, 0x00000000e0300000, 0x00000000e0300000|100%| O|  |TAMS 0x00000000e0300000, 0x00000000e0300000| Untracked 
|   3|0x00000000e0300000, 0x00000000e0400000, 0x00000000e0400000|100%| O|  |TAMS 0x00000000e0400000, 0x00000000e0400000| Untracked 
|   4|0x00000000e0400000, 0x00000000e0500000, 0x00000000e0500000|100%| O|  |TAMS 0x00000000e0500000, 0x00000000e0500000| Untracked 
|   5|0x00000000e0500000, 0x00000000e0600000, 0x00000000e0600000|100%| O|  |TAMS 0x00000000e05b5200, 0x00000000e0600000| Untracked 
|   6|0x00000000e0600000, 0x00000000e0700000, 0x00000000e0700000|100%|HS|  |TAMS 0x00000000e0600000, 0x00000000e0700000| Complete 
|   7|0x00000000e0700000, 0x00000000e0800000, 0x00000000e0800000|100%|HC|  |TAMS 0x00000000e0700000, 0x00000000e0800000| Complete 
|   8|0x00000000e0800000, 0x00000000e0900000, 0x00000000e0900000|100%|HC|  |TAMS 0x00000000e0800000, 0x00000000e0900000| Complete 
|   9|0x00000000e0900000, 0x00000000e0a00000, 0x00000000e0a00000|100%|HC|  |TAMS 0x00000000e0900000, 0x00000000e0a00000| Complete 
|  10|0x00000000e0a00000, 0x00000000e0b00000, 0x00000000e0b00000|100%|HC|  |TAMS 0x00000000e0a00000, 0x00000000e0b00000| Complete 
|  11|0x00000000e0b00000, 0x00000000e0c00000, 0x00000000e0c00000|100%|HC|  |TAMS 0x00000000e0b00000, 0x00000000e0c00000| Complete 
|  12|0x00000000e0c00000, 0x00000000e0d00000, 0x00000000e0d00000|100%|HC|  |TAMS 0x00000000e0c00000, 0x00000000e0d00000| Complete 
|  13|0x00000000e0d00000, 0x00000000e0e00000, 0x00000000e0e00000|100%|HC|  |TAMS 0x00000000e0d00000, 0x00000000e0e00000| Complete 
|  14|0x00000000e0e00000, 0x00000000e0f00000, 0x00000000e0f00000|100%|HC|  |TAMS 0x00000000e0e00000, 0x00000000e0f00000| Complete 
|  15|0x00000000e0f00000, 0x00000000e1000000, 0x00000000e1000000|100%|HC|  |TAMS 0x00000000e0f00000, 0x00000000e1000000| Complete 
|  16|0x00000000e1000000, 0x00000000e1100000, 0x00000000e1100000|100%|HC|  |TAMS 0x00000000e1000000, 0x00000000e1100000| Complete 
|  17|0x00000000e1100000, 0x00000000e1200000, 0x00000000e1200000|100%|HC|  |TAMS 0x00000000e1100000, 0x00000000e1200000| Complete 
|  18|0x00000000e1200000, 0x00000000e1300000, 0x00000000e1300000|100%|HC|  |TAMS 0x00000000e1200000, 0x00000000e1300000| Complete 
|  19|0x00000000e1300000, 0x00000000e1400000, 0x00000000e1400000|100%|HC|  |TAMS 0x00000000e1300000, 0x00000000e1400000| Complete 
|  20|0x00000000e1400000, 0x00000000e1500000, 0x00000000e1500000|100%|HC|  |TAMS 0x00000000e1400000, 0x00000000e1500000| Complete 
|  21|0x00000000e1500000, 0x00000000e1600000, 0x00000000e1600000|100%|HC|  |TAMS 0x00000000e1500000, 0x00000000e1600000| Complete 
|  22|0x00000000e1600000, 0x00000000e1700000, 0x00000000e1700000|100%|HC|  |TAMS 0x00000000e1600000, 0x00000000e1700000| Complete 
|  23|0x00000000e1700000, 0x00000000e1800000, 0x00000000e1800000|100%| O|  |TAMS 0x00000000e1700000, 0x00000000e1800000| Untracked 
|  24|0x00000000e1800000, 0x00000000e1827c00, 0x00000000e1900000| 15%| O|  |TAMS 0x00000000e1800000, 0x00000000e1827c00| Untracked 
|  25|0x00000000e1900000, 0x00000000e1900000, 0x00000000e1a00000|  0%| F|  |TAMS 0x00000000e1900000, 0x00000000e1900000| Untracked 
|  26|0x00000000e1a00000, 0x00000000e1a00000, 0x00000000e1b00000|  0%| F|  |TAMS 0x00000000e1a00000, 0x00000000e1a00000| Untracked 
|  27|0x00000000e1b00000, 0x00000000e1b00000, 0x00000000e1c00000|  0%| F|  |TAMS 0x00000000e1b00000, 0x00000000e1b00000| Untracked 
|  28|0x00000000e1c00000, 0x00000000e1c00000, 0x00000000e1d00000|  0%| F|  |TAMS 0x00000000e1c00000, 0x00000000e1c00000| Untracked 
|  29|0x00000000e1d00000, 0x00000000e1d00000, 0x00000000e1e00000|  0%| F|  |TAMS 0x00000000e1d00000, 0x00000000e1d00000| Untracked 
|  30|0x00000000e1e00000, 0x00000000e1e00000, 0x00000000e1f00000|  0%| F|  |TAMS 0x00000000e1e00000, 0x00000000e1e00000| Untracked 
|  31|0x00000000e1f00000, 0x00000000e1f00000, 0x00000000e2000000|  0%| F|  |TAMS 0x00000000e1f00000, 0x00000000e1f00000| Untracked 
|  32|0x00000000e2000000, 0x00000000e2000000, 0x00000000e2100000|  0%| F|  |TAMS 0x00000000e2000000, 0x00000000e2000000| Untracked 
|  33|0x00000000e2100000, 0x00000000e2100000, 0x00000000e2200000|  0%| F|  |TAMS 0x00000000e2100000, 0x00000000e2100000| Untracked 
|  34|0x00000000e2200000, 0x00000000e2200000, 0x00000000e2300000|  0%| F|  |TAMS 0x00000000e2200000, 0x00000000e2200000| Untracked 
|  35|0x00000000e2300000, 0x00000000e2300000, 0x00000000e2400000|  0%| F|  |TAMS 0x00000000e2300000, 0x00000000e2300000| Untracked 
|  36|0x00000000e2400000, 0x00000000e2400000, 0x00000000e2500000|  0%| F|  |TAMS 0x00000000e2400000, 0x00000000e2400000| Untracked 
|  37|0x00000000e2500000, 0x00000000e2500000, 0x00000000e2600000|  0%| F|  |TAMS 0x00000000e2500000, 0x00000000e2500000| Untracked 
|  38|0x00000000e2600000, 0x00000000e2600000, 0x00000000e2700000|  0%| F|  |TAMS 0x00000000e2600000, 0x00000000e2600000| Untracked 
|  39|0x00000000e2700000, 0x00000000e2700000, 0x00000000e2800000|  0%| F|  |TAMS 0x00000000e2700000, 0x00000000e2700000| Untracked 
|  40|0x00000000e2800000, 0x00000000e2800000, 0x00000000e2900000|  0%| F|  |TAMS 0x00000000e2800000, 0x00000000e2800000| Untracked 
|  41|0x00000000e2900000, 0x00000000e2900000, 0x00000000e2a00000|  0%| F|  |TAMS 0x00000000e2900000, 0x00000000e2900000| Untracked 
|  42|0x00000000e2a00000, 0x00000000e2a00000, 0x00000000e2b00000|  0%| F|  |TAMS 0x00000000e2a00000, 0x00000000e2a00000| Untracked 
|  43|0x00000000e2b00000, 0x00000000e2b00000, 0x00000000e2c00000|  0%| F|  |TAMS 0x00000000e2b00000, 0x00000000e2b00000| Untracked 
|  44|0x00000000e2c00000, 0x00000000e2c00000, 0x00000000e2d00000|  0%| F|  |TAMS 0x00000000e2c00000, 0x00000000e2c00000| Untracked 
|  45|0x00000000e2d00000, 0x00000000e2d00000, 0x00000000e2e00000|  0%| F|  |TAMS 0x00000000e2d00000, 0x00000000e2d00000| Untracked 
|  46|0x00000000e2e00000, 0x00000000e2e00000, 0x00000000e2f00000|  0%| F|  |TAMS 0x00000000e2e00000, 0x00000000e2e00000| Untracked 
|  47|0x00000000e2f00000, 0x00000000e2f00000, 0x00000000e3000000|  0%| F|  |TAMS 0x00000000e2f00000, 0x00000000e2f00000| Untracked 
|  48|0x00000000e3000000, 0x00000000e3000000, 0x00000000e3100000|  0%| F|  |TAMS 0x00000000e3000000, 0x00000000e3000000| Untracked 
|  49|0x00000000e3100000, 0x00000000e3100000, 0x00000000e3200000|  0%| F|  |TAMS 0x00000000e3100000, 0x00000000e3100000| Untracked 
|  50|0x00000000e3200000, 0x00000000e3200000, 0x00000000e3300000|  0%| F|  |TAMS 0x00000000e3200000, 0x00000000e3200000| Untracked 
|  51|0x00000000e3300000, 0x00000000e3300000, 0x00000000e3400000|  0%| F|  |TAMS 0x00000000e3300000, 0x00000000e3300000| Untracked 
|  52|0x00000000e3400000, 0x00000000e3400000, 0x00000000e3500000|  0%| F|  |TAMS 0x00000000e3400000, 0x00000000e3400000| Untracked 
|  53|0x00000000e3500000, 0x00000000e3500000, 0x00000000e3600000|  0%| F|  |TAMS 0x00000000e3500000, 0x00000000e3500000| Untracked 
|  54|0x00000000e3600000, 0x00000000e3600000, 0x00000000e3700000|  0%| F|  |TAMS 0x00000000e3600000, 0x00000000e3600000| Untracked 
|  55|0x00000000e3700000, 0x00000000e3700000, 0x00000000e3800000|  0%| F|  |TAMS 0x00000000e3700000, 0x00000000e3700000| Untracked 
|  56|0x00000000e3800000, 0x00000000e3800000, 0x00000000e3900000|  0%| F|  |TAMS 0x00000000e3800000, 0x00000000e3800000| Untracked 
|  57|0x00000000e3900000, 0x00000000e3900000, 0x00000000e3a00000|  0%| F|  |TAMS 0x00000000e3900000, 0x00000000e3900000| Untracked 
|  58|0x00000000e3a00000, 0x00000000e3a00000, 0x00000000e3b00000|  0%| F|  |TAMS 0x00000000e3a00000, 0x00000000e3a00000| Untracked 
|  59|0x00000000e3b00000, 0x00000000e3b00000, 0x00000000e3c00000|  0%| F|  |TAMS 0x00000000e3b00000, 0x00000000e3b00000| Untracked 
|  60|0x00000000e3c00000, 0x00000000e3c00000, 0x00000000e3d00000|  0%| F|  |TAMS 0x00000000e3c00000, 0x00000000e3c00000| Untracked 
|  61|0x00000000e3d00000, 0x00000000e3d00000, 0x00000000e3e00000|  0%| F|  |TAMS 0x00000000e3d00000, 0x00000000e3d00000| Untracked 
|  62|0x00000000e3e00000, 0x00000000e3e00000, 0x00000000e3f00000|  0%| F|  |TAMS 0x00000000e3e00000, 0x00000000e3e00000| Untracked 
|  63|0x00000000e3f00000, 0x00000000e3f00000, 0x00000000e4000000|  0%| F|  |TAMS 0x00000000e3f00000, 0x00000000e3f00000| Untracked 
|  64|0x00000000e4000000, 0x00000000e4000000, 0x00000000e4100000|  0%| F|  |TAMS 0x00000000e4000000, 0x00000000e4000000| Untracked 
|  65|0x00000000e4100000, 0x00000000e4100000, 0x00000000e4200000|  0%| F|  |TAMS 0x00000000e4100000, 0x00000000e4100000| Untracked 
|  66|0x00000000e4200000, 0x00000000e4200000, 0x00000000e4300000|  0%| F|  |TAMS 0x00000000e4200000, 0x00000000e4200000| Untracked 
|  67|0x00000000e4300000, 0x00000000e4300000, 0x00000000e4400000|  0%| F|  |TAMS 0x00000000e4300000, 0x00000000e4300000| Untracked 
|  68|0x00000000e4400000, 0x00000000e4400000, 0x00000000e4500000|  0%| F|  |TAMS 0x00000000e4400000, 0x00000000e4400000| Untracked 
|  69|0x00000000e4500000, 0x00000000e4500000, 0x00000000e4600000|  0%| F|  |TAMS 0x00000000e4500000, 0x00000000e4500000| Untracked 
|  70|0x00000000e4600000, 0x00000000e4600000, 0x00000000e4700000|  0%| F|  |TAMS 0x00000000e4600000, 0x00000000e4600000| Untracked 
|  71|0x00000000e4700000, 0x00000000e4700000, 0x00000000e4800000|  0%| F|  |TAMS 0x00000000e4700000, 0x00000000e4700000| Untracked 
|  72|0x00000000e4800000, 0x00000000e4800000, 0x00000000e4900000|  0%| F|  |TAMS 0x00000000e4800000, 0x00000000e4800000| Untracked 
|  73|0x00000000e4900000, 0x00000000e4900000, 0x00000000e4a00000|  0%| F|  |TAMS 0x00000000e4900000, 0x00000000e4900000| Untracked 
|  74|0x00000000e4a00000, 0x00000000e4a00000, 0x00000000e4b00000|  0%| F|  |TAMS 0x00000000e4a00000, 0x00000000e4a00000| Untracked 
|  75|0x00000000e4b00000, 0x00000000e4b00000, 0x00000000e4c00000|  0%| F|  |TAMS 0x00000000e4b00000, 0x00000000e4b00000| Untracked 
|  76|0x00000000e4c00000, 0x00000000e4c00000, 0x00000000e4d00000|  0%| F|  |TAMS 0x00000000e4c00000, 0x00000000e4c00000| Untracked 
|  77|0x00000000e4d00000, 0x00000000e4d00000, 0x00000000e4e00000|  0%| F|  |TAMS 0x00000000e4d00000, 0x00000000e4d00000| Untracked 
|  78|0x00000000e4e00000, 0x00000000e4e00000, 0x00000000e4f00000|  0%| F|  |TAMS 0x00000000e4e00000, 0x00000000e4e00000| Untracked 
|  79|0x00000000e4f00000, 0x00000000e4f00000, 0x00000000e5000000|  0%| F|  |TAMS 0x00000000e4f00000, 0x00000000e4f00000| Untracked 
|  80|0x00000000e5000000, 0x00000000e5000000, 0x00000000e5100000|  0%| F|  |TAMS 0x00000000e5000000, 0x00000000e5000000| Untracked 
|  81|0x00000000e5100000, 0x00000000e5100000, 0x00000000e5200000|  0%| F|  |TAMS 0x00000000e5100000, 0x00000000e5100000| Untracked 
|  82|0x00000000e5200000, 0x00000000e5200000, 0x00000000e5300000|  0%| F|  |TAMS 0x00000000e5200000, 0x00000000e5200000| Untracked 
|  83|0x00000000e5300000, 0x00000000e5300000, 0x00000000e5400000|  0%| F|  |TAMS 0x00000000e5300000, 0x00000000e5300000| Untracked 
|  84|0x00000000e5400000, 0x00000000e5400000, 0x00000000e5500000|  0%| F|  |TAMS 0x00000000e5400000, 0x00000000e5400000| Untracked 
|  85|0x00000000e5500000, 0x00000000e5500000, 0x00000000e5600000|  0%| F|  |TAMS 0x00000000e5500000, 0x00000000e5500000| Untracked 
|  86|0x00000000e5600000, 0x00000000e5600000, 0x00000000e5700000|  0%| F|  |TAMS 0x00000000e5600000, 0x00000000e5600000| Untracked 
|  87|0x00000000e5700000, 0x00000000e5700000, 0x00000000e5800000|  0%| F|  |TAMS 0x00000000e5700000, 0x00000000e5700000| Untracked 
|  88|0x00000000e5800000, 0x00000000e5800000, 0x00000000e5900000|  0%| F|  |TAMS 0x00000000e5800000, 0x00000000e5800000| Untracked 
|  89|0x00000000e5900000, 0x00000000e5900000, 0x00000000e5a00000|  0%| F|  |TAMS 0x00000000e5900000, 0x00000000e5900000| Untracked 
|  90|0x00000000e5a00000, 0x00000000e5a00000, 0x00000000e5b00000|  0%| F|  |TAMS 0x00000000e5a00000, 0x00000000e5a00000| Untracked 
|  91|0x00000000e5b00000, 0x00000000e5b00000, 0x00000000e5c00000|  0%| F|  |TAMS 0x00000000e5b00000, 0x00000000e5b00000| Untracked 
|  92|0x00000000e5c00000, 0x00000000e5c00000, 0x00000000e5d00000|  0%| F|  |TAMS 0x00000000e5c00000, 0x00000000e5c00000| Untracked 
|  93|0x00000000e5d00000, 0x00000000e5d00000, 0x00000000e5e00000|  0%| F|  |TAMS 0x00000000e5d00000, 0x00000000e5d00000| Untracked 
|  94|0x00000000e5e00000, 0x00000000e5e00000, 0x00000000e5f00000|  0%| F|  |TAMS 0x00000000e5e00000, 0x00000000e5e00000| Untracked 
|  95|0x00000000e5f00000, 0x00000000e5f00000, 0x00000000e6000000|  0%| F|  |TAMS 0x00000000e5f00000, 0x00000000e5f00000| Untracked 
|  96|0x00000000e6000000, 0x00000000e6000000, 0x00000000e6100000|  0%| F|  |TAMS 0x00000000e6000000, 0x00000000e6000000| Untracked 
|  97|0x00000000e6100000, 0x00000000e6100000, 0x00000000e6200000|  0%| F|  |TAMS 0x00000000e6100000, 0x00000000e6100000| Untracked 
|  98|0x00000000e6200000, 0x00000000e6200000, 0x00000000e6300000|  0%| F|  |TAMS 0x00000000e6200000, 0x00000000e6200000| Untracked 
|  99|0x00000000e6300000, 0x00000000e6300000, 0x00000000e6400000|  0%| F|  |TAMS 0x00000000e6300000, 0x00000000e6300000| Untracked 
| 100|0x00000000e6400000, 0x00000000e6400000, 0x00000000e6500000|  0%| F|  |TAMS 0x00000000e6400000, 0x00000000e6400000| Untracked 
| 101|0x00000000e6500000, 0x00000000e6500000, 0x00000000e6600000|  0%| F|  |TAMS 0x00000000e6500000, 0x00000000e6500000| Untracked 
| 102|0x00000000e6600000, 0x00000000e6600000, 0x00000000e6700000|  0%| F|  |TAMS 0x00000000e6600000, 0x00000000e6600000| Untracked 
| 103|0x00000000e6700000, 0x00000000e6700000, 0x00000000e6800000|  0%| F|  |TAMS 0x00000000e6700000, 0x00000000e6700000| Untracked 
| 104|0x00000000e6800000, 0x00000000e6800000, 0x00000000e6900000|  0%| F|  |TAMS 0x00000000e6800000, 0x00000000e6800000| Untracked 
| 105|0x00000000e6900000, 0x00000000e6900000, 0x00000000e6a00000|  0%| F|  |TAMS 0x00000000e6900000, 0x00000000e6900000| Untracked 
| 106|0x00000000e6a00000, 0x00000000e6a00000, 0x00000000e6b00000|  0%| F|  |TAMS 0x00000000e6a00000, 0x00000000e6a00000| Untracked 
| 107|0x00000000e6b00000, 0x00000000e6b00000, 0x00000000e6c00000|  0%| F|  |TAMS 0x00000000e6b00000, 0x00000000e6b00000| Untracked 
| 108|0x00000000e6c00000, 0x00000000e6c00000, 0x00000000e6d00000|  0%| F|  |TAMS 0x00000000e6c00000, 0x00000000e6c00000| Untracked 
| 109|0x00000000e6d00000, 0x00000000e6d00000, 0x00000000e6e00000|  0%| F|  |TAMS 0x00000000e6d00000, 0x00000000e6d00000| Untracked 
| 110|0x00000000e6e00000, 0x00000000e6e00000, 0x00000000e6f00000|  0%| F|  |TAMS 0x00000000e6e00000, 0x00000000e6e00000| Untracked 
| 111|0x00000000e6f00000, 0x00000000e6f00000, 0x00000000e7000000|  0%| F|  |TAMS 0x00000000e6f00000, 0x00000000e6f00000| Untracked 
| 112|0x00000000e7000000, 0x00000000e7000000, 0x00000000e7100000|  0%| F|  |TAMS 0x00000000e7000000, 0x00000000e7000000| Untracked 
| 113|0x00000000e7100000, 0x00000000e7100000, 0x00000000e7200000|  0%| F|  |TAMS 0x00000000e7100000, 0x00000000e7100000| Untracked 
| 114|0x00000000e7200000, 0x00000000e7200000, 0x00000000e7300000|  0%| F|  |TAMS 0x00000000e7200000, 0x00000000e7200000| Untracked 
| 115|0x00000000e7300000, 0x00000000e7300000, 0x00000000e7400000|  0%| F|  |TAMS 0x00000000e7300000, 0x00000000e7300000| Untracked 
| 116|0x00000000e7400000, 0x00000000e7400000, 0x00000000e7500000|  0%| F|  |TAMS 0x00000000e7400000, 0x00000000e7400000| Untracked 
| 117|0x00000000e7500000, 0x00000000e7500000, 0x00000000e7600000|  0%| F|  |TAMS 0x00000000e7500000, 0x00000000e7500000| Untracked 
| 118|0x00000000e7600000, 0x00000000e7600000, 0x00000000e7700000|  0%| F|  |TAMS 0x00000000e7600000, 0x00000000e7600000| Untracked 
| 119|0x00000000e7700000, 0x00000000e7700000, 0x00000000e7800000|  0%| F|  |TAMS 0x00000000e7700000, 0x00000000e7700000| Untracked 
| 120|0x00000000e7800000, 0x00000000e7800000, 0x00000000e7900000|  0%| F|  |TAMS 0x00000000e7800000, 0x00000000e7800000| Untracked 
| 121|0x00000000e7900000, 0x00000000e7900000, 0x00000000e7a00000|  0%| F|  |TAMS 0x00000000e7900000, 0x00000000e7900000| Untracked 
| 122|0x00000000e7a00000, 0x00000000e7a00000, 0x00000000e7b00000|  0%| F|  |TAMS 0x00000000e7a00000, 0x00000000e7a00000| Untracked 
| 123|0x00000000e7b00000, 0x00000000e7b00000, 0x00000000e7c00000|  0%| F|  |TAMS 0x00000000e7b00000, 0x00000000e7b00000| Untracked 
| 124|0x00000000e7c00000, 0x00000000e7c00000, 0x00000000e7d00000|  0%| F|  |TAMS 0x00000000e7c00000, 0x00000000e7c00000| Untracked 
| 125|0x00000000e7d00000, 0x00000000e7d00000, 0x00000000e7e00000|  0%| F|  |TAMS 0x00000000e7d00000, 0x00000000e7d00000| Untracked 
| 126|0x00000000e7e00000, 0x00000000e7e00000, 0x00000000e7f00000|  0%| F|  |TAMS 0x00000000e7e00000, 0x00000000e7e00000| Untracked 
| 127|0x00000000e7f00000, 0x00000000e7f00000, 0x00000000e8000000|  0%| F|  |TAMS 0x00000000e7f00000, 0x00000000e7f00000| Untracked 
| 128|0x00000000e8000000, 0x00000000e8000000, 0x00000000e8100000|  0%| F|  |TAMS 0x00000000e8000000, 0x00000000e8000000| Untracked 
| 129|0x00000000e8100000, 0x00000000e8100000, 0x00000000e8200000|  0%| F|  |TAMS 0x00000000e8100000, 0x00000000e8100000| Untracked 
| 130|0x00000000e8200000, 0x00000000e8200000, 0x00000000e8300000|  0%| F|  |TAMS 0x00000000e8200000, 0x00000000e8200000| Untracked 
| 131|0x00000000e8300000, 0x00000000e8300000, 0x00000000e8400000|  0%| F|  |TAMS 0x00000000e8300000, 0x00000000e8300000| Untracked 
| 132|0x00000000e8400000, 0x00000000e8400000, 0x00000000e8500000|  0%| F|  |TAMS 0x00000000e8400000, 0x00000000e8400000| Untracked 
| 133|0x00000000e8500000, 0x00000000e8500000, 0x00000000e8600000|  0%| F|  |TAMS 0x00000000e8500000, 0x00000000e8500000| Untracked 
| 134|0x00000000e8600000, 0x00000000e8600000, 0x00000000e8700000|  0%| F|  |TAMS 0x00000000e8600000, 0x00000000e8600000| Untracked 
| 135|0x00000000e8700000, 0x00000000e8700000, 0x00000000e8800000|  0%| F|  |TAMS 0x00000000e8700000, 0x00000000e8700000| Untracked 
| 136|0x00000000e8800000, 0x00000000e8800000, 0x00000000e8900000|  0%| F|  |TAMS 0x00000000e8800000, 0x00000000e8800000| Untracked 
| 137|0x00000000e8900000, 0x00000000e8900000, 0x00000000e8a00000|  0%| F|  |TAMS 0x00000000e8900000, 0x00000000e8900000| Untracked 
| 138|0x00000000e8a00000, 0x00000000e8a00000, 0x00000000e8b00000|  0%| F|  |TAMS 0x00000000e8a00000, 0x00000000e8a00000| Untracked 
| 139|0x00000000e8b00000, 0x00000000e8b00000, 0x00000000e8c00000|  0%| F|  |TAMS 0x00000000e8b00000, 0x00000000e8b00000| Untracked 
| 140|0x00000000e8c00000, 0x00000000e8c00000, 0x00000000e8d00000|  0%| F|  |TAMS 0x00000000e8c00000, 0x00000000e8c00000| Untracked 
| 141|0x00000000e8d00000, 0x00000000e8d00000, 0x00000000e8e00000|  0%| F|  |TAMS 0x00000000e8d00000, 0x00000000e8d00000| Untracked 
| 142|0x00000000e8e00000, 0x00000000e8e00000, 0x00000000e8f00000|  0%| F|  |TAMS 0x00000000e8e00000, 0x00000000e8e00000| Untracked 
| 143|0x00000000e8f00000, 0x00000000e8f00000, 0x00000000e9000000|  0%| F|  |TAMS 0x00000000e8f00000, 0x00000000e8f00000| Untracked 
| 144|0x00000000e9000000, 0x00000000e9000000, 0x00000000e9100000|  0%| F|  |TAMS 0x00000000e9000000, 0x00000000e9000000| Untracked 
| 145|0x00000000e9100000, 0x00000000e9100000, 0x00000000e9200000|  0%| F|  |TAMS 0x00000000e9100000, 0x00000000e9100000| Untracked 
| 146|0x00000000e9200000, 0x00000000e9200000, 0x00000000e9300000|  0%| F|  |TAMS 0x00000000e9200000, 0x00000000e9200000| Untracked 
| 147|0x00000000e9300000, 0x00000000e9300000, 0x00000000e9400000|  0%| F|  |TAMS 0x00000000e9300000, 0x00000000e9300000| Untracked 
| 148|0x00000000e9400000, 0x00000000e9400000, 0x00000000e9500000|  0%| F|  |TAMS 0x00000000e9400000, 0x00000000e9400000| Untracked 
| 149|0x00000000e9500000, 0x00000000e9500000, 0x00000000e9600000|  0%| F|  |TAMS 0x00000000e9500000, 0x00000000e9500000| Untracked 
| 150|0x00000000e9600000, 0x00000000e9600000, 0x00000000e9700000|  0%| F|  |TAMS 0x00000000e9600000, 0x00000000e9600000| Untracked 
| 151|0x00000000e9700000, 0x00000000e9700000, 0x00000000e9800000|  0%| F|  |TAMS 0x00000000e9700000, 0x00000000e9700000| Untracked 
| 152|0x00000000e9800000, 0x00000000e9800000, 0x00000000e9900000|  0%| F|  |TAMS 0x00000000e9800000, 0x00000000e9800000| Untracked 
| 153|0x00000000e9900000, 0x00000000e9900000, 0x00000000e9a00000|  0%| F|  |TAMS 0x00000000e9900000, 0x00000000e9900000| Untracked 
| 154|0x00000000e9a00000, 0x00000000e9a00000, 0x00000000e9b00000|  0%| F|  |TAMS 0x00000000e9a00000, 0x00000000e9a00000| Untracked 
| 155|0x00000000e9b00000, 0x00000000e9b00000, 0x00000000e9c00000|  0%| F|  |TAMS 0x00000000e9b00000, 0x00000000e9b00000| Untracked 
| 156|0x00000000e9c00000, 0x00000000e9c00000, 0x00000000e9d00000|  0%| F|  |TAMS 0x00000000e9c00000, 0x00000000e9c00000| Untracked 
| 157|0x00000000e9d00000, 0x00000000e9d00000, 0x00000000e9e00000|  0%| F|  |TAMS 0x00000000e9d00000, 0x00000000e9d00000| Untracked 
| 158|0x00000000e9e00000, 0x00000000e9e00000, 0x00000000e9f00000|  0%| F|  |TAMS 0x00000000e9e00000, 0x00000000e9e00000| Untracked 
| 159|0x00000000e9f00000, 0x00000000e9f00000, 0x00000000ea000000|  0%| F|  |TAMS 0x00000000e9f00000, 0x00000000e9f00000| Untracked 
| 160|0x00000000ea000000, 0x00000000ea000000, 0x00000000ea100000|  0%| F|  |TAMS 0x00000000ea000000, 0x00000000ea000000| Untracked 
| 161|0x00000000ea100000, 0x00000000ea100000, 0x00000000ea200000|  0%| F|  |TAMS 0x00000000ea100000, 0x00000000ea100000| Untracked 
| 162|0x00000000ea200000, 0x00000000ea200000, 0x00000000ea300000|  0%| F|  |TAMS 0x00000000ea200000, 0x00000000ea200000| Untracked 
| 163|0x00000000ea300000, 0x00000000ea300000, 0x00000000ea400000|  0%| F|  |TAMS 0x00000000ea300000, 0x00000000ea300000| Untracked 
| 164|0x00000000ea400000, 0x00000000ea400000, 0x00000000ea500000|  0%| F|  |TAMS 0x00000000ea400000, 0x00000000ea400000| Untracked 
| 165|0x00000000ea500000, 0x00000000ea500000, 0x00000000ea600000|  0%| F|  |TAMS 0x00000000ea500000, 0x00000000ea500000| Untracked 
| 166|0x00000000ea600000, 0x00000000ea600000, 0x00000000ea700000|  0%| F|  |TAMS 0x00000000ea600000, 0x00000000ea600000| Untracked 
| 167|0x00000000ea700000, 0x00000000ea700000, 0x00000000ea800000|  0%| F|  |TAMS 0x00000000ea700000, 0x00000000ea700000| Untracked 
| 168|0x00000000ea800000, 0x00000000ea800000, 0x00000000ea900000|  0%| F|  |TAMS 0x00000000ea800000, 0x00000000ea800000| Untracked 
| 169|0x00000000ea900000, 0x00000000ea900000, 0x00000000eaa00000|  0%| F|  |TAMS 0x00000000ea900000, 0x00000000ea900000| Untracked 
| 170|0x00000000eaa00000, 0x00000000eaa00000, 0x00000000eab00000|  0%| F|  |TAMS 0x00000000eaa00000, 0x00000000eaa00000| Untracked 
| 171|0x00000000eab00000, 0x00000000eab00000, 0x00000000eac00000|  0%| F|  |TAMS 0x00000000eab00000, 0x00000000eab00000| Untracked 
| 172|0x00000000eac00000, 0x00000000eac00000, 0x00000000ead00000|  0%| F|  |TAMS 0x00000000eac00000, 0x00000000eac00000| Untracked 
| 173|0x00000000ead00000, 0x00000000ead00000, 0x00000000eae00000|  0%| F|  |TAMS 0x00000000ead00000, 0x00000000ead00000| Untracked 
| 174|0x00000000eae00000, 0x00000000eae00000, 0x00000000eaf00000|  0%| F|  |TAMS 0x00000000eae00000, 0x00000000eae00000| Untracked 
| 175|0x00000000eaf00000, 0x00000000eaf00000, 0x00000000eb000000|  0%| F|  |TAMS 0x00000000eaf00000, 0x00000000eaf00000| Untracked 
| 176|0x00000000eb000000, 0x00000000eb000000, 0x00000000eb100000|  0%| F|  |TAMS 0x00000000eb000000, 0x00000000eb000000| Untracked 
| 177|0x00000000eb100000, 0x00000000eb100000, 0x00000000eb200000|  0%| F|  |TAMS 0x00000000eb100000, 0x00000000eb100000| Untracked 
| 178|0x00000000eb200000, 0x00000000eb200000, 0x00000000eb300000|  0%| F|  |TAMS 0x00000000eb200000, 0x00000000eb200000| Untracked 
| 179|0x00000000eb300000, 0x00000000eb300000, 0x00000000eb400000|  0%| F|  |TAMS 0x00000000eb300000, 0x00000000eb300000| Untracked 
| 180|0x00000000eb400000, 0x00000000eb400000, 0x00000000eb500000|  0%| F|  |TAMS 0x00000000eb400000, 0x00000000eb400000| Untracked 
| 181|0x00000000eb500000, 0x00000000eb500000, 0x00000000eb600000|  0%| F|  |TAMS 0x00000000eb500000, 0x00000000eb500000| Untracked 
| 182|0x00000000eb600000, 0x00000000eb600000, 0x00000000eb700000|  0%| F|  |TAMS 0x00000000eb600000, 0x00000000eb600000| Untracked 
| 183|0x00000000eb700000, 0x00000000eb700000, 0x00000000eb800000|  0%| F|  |TAMS 0x00000000eb700000, 0x00000000eb700000| Untracked 
| 184|0x00000000eb800000, 0x00000000eb800000, 0x00000000eb900000|  0%| F|  |TAMS 0x00000000eb800000, 0x00000000eb800000| Untracked 
| 185|0x00000000eb900000, 0x00000000eb900000, 0x00000000eba00000|  0%| F|  |TAMS 0x00000000eb900000, 0x00000000eb900000| Untracked 
| 186|0x00000000eba00000, 0x00000000eba00000, 0x00000000ebb00000|  0%| F|  |TAMS 0x00000000eba00000, 0x00000000eba00000| Untracked 
| 187|0x00000000ebb00000, 0x00000000ebb00000, 0x00000000ebc00000|  0%| F|  |TAMS 0x00000000ebb00000, 0x00000000ebb00000| Untracked 
| 188|0x00000000ebc00000, 0x00000000ebc00000, 0x00000000ebd00000|  0%| F|  |TAMS 0x00000000ebc00000, 0x00000000ebc00000| Untracked 
| 189|0x00000000ebd00000, 0x00000000ebd00000, 0x00000000ebe00000|  0%| F|  |TAMS 0x00000000ebd00000, 0x00000000ebd00000| Untracked 
| 190|0x00000000ebe00000, 0x00000000ebe00000, 0x00000000ebf00000|  0%| F|  |TAMS 0x00000000ebe00000, 0x00000000ebe00000| Untracked 
| 191|0x00000000ebf00000, 0x00000000ebf00000, 0x00000000ec000000|  0%| F|  |TAMS 0x00000000ebf00000, 0x00000000ebf00000| Untracked 
| 192|0x00000000ec000000, 0x00000000ec000000, 0x00000000ec100000|  0%| F|  |TAMS 0x00000000ec000000, 0x00000000ec000000| Untracked 
| 193|0x00000000ec100000, 0x00000000ec100000, 0x00000000ec200000|  0%| F|  |TAMS 0x00000000ec100000, 0x00000000ec100000| Untracked 
| 194|0x00000000ec200000, 0x00000000ec200000, 0x00000000ec300000|  0%| F|  |TAMS 0x00000000ec200000, 0x00000000ec200000| Untracked 
| 195|0x00000000ec300000, 0x00000000ec300000, 0x00000000ec400000|  0%| F|  |TAMS 0x00000000ec300000, 0x00000000ec300000| Untracked 
| 196|0x00000000ec400000, 0x00000000ec400000, 0x00000000ec500000|  0%| F|  |TAMS 0x00000000ec400000, 0x00000000ec400000| Untracked 
| 197|0x00000000ec500000, 0x00000000ec500000, 0x00000000ec600000|  0%| F|  |TAMS 0x00000000ec500000, 0x00000000ec500000| Untracked 
| 198|0x00000000ec600000, 0x00000000ec600000, 0x00000000ec700000|  0%| F|  |TAMS 0x00000000ec600000, 0x00000000ec600000| Untracked 
| 199|0x00000000ec700000, 0x00000000ec700000, 0x00000000ec800000|  0%| F|  |TAMS 0x00000000ec700000, 0x00000000ec700000| Untracked 
| 200|0x00000000ec800000, 0x00000000ec800000, 0x00000000ec900000|  0%| F|  |TAMS 0x00000000ec800000, 0x00000000ec800000| Untracked 
| 201|0x00000000ec900000, 0x00000000ec900000, 0x00000000eca00000|  0%| F|  |TAMS 0x00000000ec900000, 0x00000000ec900000| Untracked 
| 202|0x00000000eca00000, 0x00000000eca00000, 0x00000000ecb00000|  0%| F|  |TAMS 0x00000000eca00000, 0x00000000eca00000| Untracked 
| 203|0x00000000ecb00000, 0x00000000ecb00000, 0x00000000ecc00000|  0%| F|  |TAMS 0x00000000ecb00000, 0x00000000ecb00000| Untracked 
| 204|0x00000000ecc00000, 0x00000000ecc00000, 0x00000000ecd00000|  0%| F|  |TAMS 0x00000000ecc00000, 0x00000000ecc00000| Untracked 
| 205|0x00000000ecd00000, 0x00000000ecd00000, 0x00000000ece00000|  0%| F|  |TAMS 0x00000000ecd00000, 0x00000000ecd00000| Untracked 
| 206|0x00000000ece00000, 0x00000000ece00000, 0x00000000ecf00000|  0%| F|  |TAMS 0x00000000ece00000, 0x00000000ece00000| Untracked 
| 207|0x00000000ecf00000, 0x00000000ecf00000, 0x00000000ed000000|  0%| F|  |TAMS 0x00000000ecf00000, 0x00000000ecf00000| Untracked 
| 208|0x00000000ed000000, 0x00000000ed000000, 0x00000000ed100000|  0%| F|  |TAMS 0x00000000ed000000, 0x00000000ed000000| Untracked 
| 209|0x00000000ed100000, 0x00000000ed100000, 0x00000000ed200000|  0%| F|  |TAMS 0x00000000ed100000, 0x00000000ed100000| Untracked 
| 210|0x00000000ed200000, 0x00000000ed200000, 0x00000000ed300000|  0%| F|  |TAMS 0x00000000ed200000, 0x00000000ed200000| Untracked 
| 211|0x00000000ed300000, 0x00000000ed300000, 0x00000000ed400000|  0%| F|  |TAMS 0x00000000ed300000, 0x00000000ed300000| Untracked 
| 212|0x00000000ed400000, 0x00000000ed400000, 0x00000000ed500000|  0%| F|  |TAMS 0x00000000ed400000, 0x00000000ed400000| Untracked 
| 213|0x00000000ed500000, 0x00000000ed500000, 0x00000000ed600000|  0%| F|  |TAMS 0x00000000ed500000, 0x00000000ed500000| Untracked 
| 214|0x00000000ed600000, 0x00000000ed68bae0, 0x00000000ed700000| 54%| S|CS|TAMS 0x00000000ed600000, 0x00000000ed600000| Complete 
| 215|0x00000000ed700000, 0x00000000ed800000, 0x00000000ed800000|100%| S|CS|TAMS 0x00000000ed700000, 0x00000000ed700000| Complete 
| 216|0x00000000ed800000, 0x00000000ed900000, 0x00000000ed900000|100%| S|CS|TAMS 0x00000000ed800000, 0x00000000ed800000| Complete 
| 217|0x00000000ed900000, 0x00000000eda00000, 0x00000000eda00000|100%| S|CS|TAMS 0x00000000ed900000, 0x00000000ed900000| Complete 
| 218|0x00000000eda00000, 0x00000000edb00000, 0x00000000edb00000|100%| S|CS|TAMS 0x00000000eda00000, 0x00000000eda00000| Complete 
| 219|0x00000000edb00000, 0x00000000edc00000, 0x00000000edc00000|100%| S|CS|TAMS 0x00000000edb00000, 0x00000000edb00000| Complete 
| 220|0x00000000edc00000, 0x00000000edd00000, 0x00000000edd00000|100%| S|CS|TAMS 0x00000000edc00000, 0x00000000edc00000| Complete 
| 221|0x00000000edd00000, 0x00000000ede00000, 0x00000000ede00000|100%| S|CS|TAMS 0x00000000edd00000, 0x00000000edd00000| Complete 
| 222|0x00000000ede00000, 0x00000000ede00000, 0x00000000edf00000|  0%| F|  |TAMS 0x00000000ede00000, 0x00000000ede00000| Untracked 
| 223|0x00000000edf00000, 0x00000000edf00000, 0x00000000ee000000|  0%| F|  |TAMS 0x00000000edf00000, 0x00000000edf00000| Untracked 
| 224|0x00000000ee000000, 0x00000000ee000000, 0x00000000ee100000|  0%| F|  |TAMS 0x00000000ee000000, 0x00000000ee000000| Untracked 
| 225|0x00000000ee100000, 0x00000000ee100000, 0x00000000ee200000|  0%| F|  |TAMS 0x00000000ee100000, 0x00000000ee100000| Untracked 
| 226|0x00000000ee200000, 0x00000000ee200000, 0x00000000ee300000|  0%| F|  |TAMS 0x00000000ee200000, 0x00000000ee200000| Untracked 
| 227|0x00000000ee300000, 0x00000000ee300000, 0x00000000ee400000|  0%| F|  |TAMS 0x00000000ee300000, 0x00000000ee300000| Untracked 
| 228|0x00000000ee400000, 0x00000000ee400000, 0x00000000ee500000|  0%| F|  |TAMS 0x00000000ee400000, 0x00000000ee400000| Untracked 
| 229|0x00000000ee500000, 0x00000000ee500000, 0x00000000ee600000|  0%| F|  |TAMS 0x00000000ee500000, 0x00000000ee500000| Untracked 
| 230|0x00000000ee600000, 0x00000000ee600000, 0x00000000ee700000|  0%| F|  |TAMS 0x00000000ee600000, 0x00000000ee600000| Untracked 
| 231|0x00000000ee700000, 0x00000000ee700000, 0x00000000ee800000|  0%| F|  |TAMS 0x00000000ee700000, 0x00000000ee700000| Untracked 
| 232|0x00000000ee800000, 0x00000000ee800000, 0x00000000ee900000|  0%| F|  |TAMS 0x00000000ee800000, 0x00000000ee800000| Untracked 
| 233|0x00000000ee900000, 0x00000000ee900000, 0x00000000eea00000|  0%| F|  |TAMS 0x00000000ee900000, 0x00000000ee900000| Untracked 
| 234|0x00000000eea00000, 0x00000000eea00000, 0x00000000eeb00000|  0%| F|  |TAMS 0x00000000eea00000, 0x00000000eea00000| Untracked 
| 235|0x00000000eeb00000, 0x00000000eeb00000, 0x00000000eec00000|  0%| F|  |TAMS 0x00000000eeb00000, 0x00000000eeb00000| Untracked 
| 236|0x00000000eec00000, 0x00000000eec00000, 0x00000000eed00000|  0%| F|  |TAMS 0x00000000eec00000, 0x00000000eec00000| Untracked 
| 237|0x00000000eed00000, 0x00000000eed00000, 0x00000000eee00000|  0%| F|  |TAMS 0x00000000eed00000, 0x00000000eed00000| Untracked 
| 238|0x00000000eee00000, 0x00000000eee00000, 0x00000000eef00000|  0%| F|  |TAMS 0x00000000eee00000, 0x00000000eee00000| Untracked 
| 239|0x00000000eef00000, 0x00000000eef00000, 0x00000000ef000000|  0%| F|  |TAMS 0x00000000eef00000, 0x00000000eef00000| Untracked 
| 240|0x00000000ef000000, 0x00000000ef000000, 0x00000000ef100000|  0%| F|  |TAMS 0x00000000ef000000, 0x00000000ef000000| Untracked 
| 241|0x00000000ef100000, 0x00000000ef100000, 0x00000000ef200000|  0%| F|  |TAMS 0x00000000ef100000, 0x00000000ef100000| Untracked 
| 242|0x00000000ef200000, 0x00000000ef200000, 0x00000000ef300000|  0%| F|  |TAMS 0x00000000ef200000, 0x00000000ef200000| Untracked 
| 243|0x00000000ef300000, 0x00000000ef300000, 0x00000000ef400000|  0%| F|  |TAMS 0x00000000ef300000, 0x00000000ef300000| Untracked 
| 244|0x00000000ef400000, 0x00000000ef400000, 0x00000000ef500000|  0%| F|  |TAMS 0x00000000ef400000, 0x00000000ef400000| Untracked 
| 245|0x00000000ef500000, 0x00000000ef500000, 0x00000000ef600000|  0%| F|  |TAMS 0x00000000ef500000, 0x00000000ef500000| Untracked 
| 246|0x00000000ef600000, 0x00000000ef600000, 0x00000000ef700000|  0%| F|  |TAMS 0x00000000ef600000, 0x00000000ef600000| Untracked 
| 247|0x00000000ef700000, 0x00000000ef700000, 0x00000000ef800000|  0%| F|  |TAMS 0x00000000ef700000, 0x00000000ef700000| Untracked 
| 248|0x00000000ef800000, 0x00000000ef800000, 0x00000000ef900000|  0%| F|  |TAMS 0x00000000ef800000, 0x00000000ef800000| Untracked 
| 249|0x00000000ef900000, 0x00000000ef900000, 0x00000000efa00000|  0%| F|  |TAMS 0x00000000ef900000, 0x00000000ef900000| Untracked 
| 250|0x00000000efa00000, 0x00000000efa00000, 0x00000000efb00000|  0%| F|  |TAMS 0x00000000efa00000, 0x00000000efa00000| Untracked 
| 251|0x00000000efb00000, 0x00000000efb00000, 0x00000000efc00000|  0%| F|  |TAMS 0x00000000efb00000, 0x00000000efb00000| Untracked 
| 252|0x00000000efc00000, 0x00000000efc00000, 0x00000000efd00000|  0%| F|  |TAMS 0x00000000efc00000, 0x00000000efc00000| Untracked 
| 253|0x00000000efd00000, 0x00000000efd00000, 0x00000000efe00000|  0%| F|  |TAMS 0x00000000efd00000, 0x00000000efd00000| Untracked 
| 254|0x00000000efe00000, 0x00000000efe8b670, 0x00000000eff00000| 54%| E|  |TAMS 0x00000000efe00000, 0x00000000efe00000| Complete 
| 255|0x00000000eff00000, 0x00000000f0000000, 0x00000000f0000000|100%| E|CS|TAMS 0x00000000eff00000, 0x00000000eff00000| Complete 

Card table byte_map: [0x000000001ab40000,0x000000001ac40000] _byte_map_base: 0x000000001a440000

Marking Bits (Prev, Next): (CMBitMap*) 0x00000000002d06c0, (CMBitMap*) 0x00000000002d0688
 Prev Bits: [0x000000001b540000, 0x000000001bd40000)
 Next Bits: [0x000000001ad40000, 0x000000001b540000)

Polling page: 0x0000000001f10000

Metaspace:

Usage:
  Non-class:     30.49 MB capacity,    29.88 MB ( 98%) used,   510.30 KB (  2%) free+waste,   123.13 KB ( <1%) overhead. 
      Class:      4.55 MB capacity,     4.12 MB ( 91%) used,   380.25 KB (  8%) free+waste,    61.13 KB (  1%) overhead. 
       Both:     35.05 MB capacity,    34.00 MB ( 97%) used,   890.55 KB (  2%) free+waste,   184.25 KB ( <1%) overhead. 

Virtual space:
  Non-class space:       32.00 MB reserved,      30.67 MB ( 96%) committed 
      Class space:        1.00 GB reserved,       4.63 MB ( <1%) committed 
             Both:        1.03 GB reserved,      35.30 MB (  3%) committed 

Chunk freelists:
   Non-Class:  54.00 KB
       Class:  9.00 KB
        Both:  63.00 KB

MaxMetaspaceSize: 17179869184.00 GB
CompressedClassSpaceSize: 1.00 GB
Initial GC threshold: 20.80 MB
Current GC threshold: 35.40 MB
CDS: off

CodeHeap 'non-profiled nmethods': size=120000Kb used=1361Kb max_used=1361Kb free=118638Kb
 bounds [0x0000000012a30000, 0x0000000012ca0000, 0x0000000019f60000]
CodeHeap 'profiled nmethods': size=120000Kb used=5672Kb max_used=5672Kb free=114327Kb
 bounds [0x000000000b500000, 0x000000000ba90000, 0x0000000012a30000]
CodeHeap 'non-nmethods': size=5760Kb used=1262Kb max_used=1319Kb free=4497Kb
 bounds [0x000000000af60000, 0x000000000b1d0000, 0x000000000b500000]
 total_blobs=3215 nmethods=2679 adapters=448
 compilation: enabled
              stopped_count=0, restarted_count=0
 full_count=0

Compilation events (20 events):
Event: 14.899 Thread 0x000000001eeab000 2685       3       java.util.regex.Pattern::lambda$clazz$1 (22 bytes)
Event: 14.900 Thread 0x000000001eeab000 nmethod 2685 0x000000000ba7f210 code [0x000000000ba7f3c0, 0x000000000ba7f578]
Event: 14.920 Thread 0x000000001eeab000 2687       3       java.lang.invoke.InnerClassLambdaMetafactory::generateFactory (136 bytes)
Event: 14.922 Thread 0x0000000024a24800 nmethod 2648 0x0000000012b80390 code [0x0000000012b80540, 0x0000000012b80678]
Event: 14.922 Thread 0x0000000024a24800 2659       4       java.util.LinkedHashMap$LinkedHashIterator::nextNode (54 bytes)
Event: 14.931 Thread 0x000000001eeab000 nmethod 2687 0x000000000ba7f690 code [0x000000000ba7f960, 0x000000000ba805e8]
Event: 14.942 Thread 0x000000001eeab000 2689       3       java.nio.ByteBuffer::flip (7 bytes)
Event: 14.943 Thread 0x000000001eeab000 nmethod 2689 0x000000000ba80b90 code [0x000000000ba80d40, 0x000000000ba80eb8]
Event: 14.945 Thread 0x0000000024a24800 nmethod 2659 0x0000000012b80890 code [0x0000000012b80a20, 0x0000000012b80c58]
Event: 14.946 Thread 0x0000000024a24800 2688       4       jdk.internal.jimage.ImageStringsReader::charsFromByteBufferLength (47 bytes)
Event: 14.962 Thread 0x000000001eeaa000 nmethod 2680 0x0000000012b80d10 code [0x0000000012b80ee0, 0x0000000012b813d8]
Event: 14.966 Thread 0x0000000024a24800 nmethod 2688 0x0000000012b81790 code [0x0000000012b81940, 0x0000000012b81a78]
Event: 14.993 Thread 0x000000001eeab000 2690       3       java.lang.String::indexOf (65 bytes)
Event: 15.003 Thread 0x000000001eeab000 nmethod 2690 0x000000000ba80f90 code [0x000000000ba81200, 0x000000000ba81b88]
Event: 15.136 Thread 0x000000001eeab000 2691       3       io.netty.util.internal.shaded.org.jctools.queues.MpscUnboundedArrayQueue::poll (5 bytes)
Event: 15.136 Thread 0x000000001eeab000 nmethod 2691 0x000000000ba81f10 code [0x000000000ba820c0, 0x000000000ba821e8]
Event: 15.137 Thread 0x000000001eeab000 2692       3       io.netty.util.internal.shaded.org.jctools.queues.BaseMpscLinkedArrayQueue::poll (108 bytes)
Event: 15.140 Thread 0x000000001eeab000 nmethod 2692 0x000000000ba82290 code [0x000000000ba82500, 0x000000000ba83218]
Event: 15.146 Thread 0x000000001eeab000 2693       3       java.lang.String::indexOf (113 bytes)
Event: 15.149 Thread 0x000000001eeab000 nmethod 2693 0x000000000ba83690 code [0x000000000ba83920, 0x000000000ba84348]

GC Heap History (10 events):
Event: 2.362 GC heap before
{Heap before GC invocations=0 (full 0):
 garbage-first heap   total 262144K, used 23552K [0x00000000e0000000, 0x0000000100000000)
  region size 1024K, 24 young (24576K), 0 survivors (0K)
 Metaspace       used 13596K, capacity 13941K, committed 14208K, reserved 1062912K
  class space    used 1454K, capacity 1540K, committed 1664K, reserved 1048576K
}
Event: 2.373 GC heap after
{Heap after GC invocations=1 (full 0):
 garbage-first heap   total 262144K, used 5832K [0x00000000e0000000, 0x0000000100000000)
  region size 1024K, 3 young (3072K), 3 survivors (3072K)
 Metaspace       used 13596K, capacity 13941K, committed 14208K, reserved 1062912K
  class space    used 1454K, capacity 1540K, committed 1664K, reserved 1048576K
}
Event: 3.791 GC heap before
{Heap before GC invocations=1 (full 0):
 garbage-first heap   total 262144K, used 28360K [0x00000000e0000000, 0x0000000100000000)
  region size 1024K, 25 young (25600K), 3 survivors (3072K)
 Metaspace       used 18903K, capacity 19637K, committed 19968K, reserved 1067008K
  class space    used 2166K, capacity 2450K, committed 2560K, reserved 1048576K
}
Event: 3.808 GC heap after
{Heap after GC invocations=2 (full 0):
 garbage-first heap   total 262144K, used 7627K [0x00000000e0000000, 0x0000000100000000)
  region size 1024K, 2 young (2048K), 2 survivors (2048K)
 Metaspace       used 18903K, capacity 19637K, committed 19968K, reserved 1067008K
  class space    used 2166K, capacity 2450K, committed 2560K, reserved 1048576K
}
Event: 4.622 GC heap before
{Heap before GC invocations=2 (full 0):
 garbage-first heap   total 262144K, used 20939K [0x00000000e0000000, 0x0000000100000000)
  region size 1024K, 16 young (16384K), 2 survivors (2048K)
 Metaspace       used 20498K, capacity 21216K, committed 21296K, reserved 1069056K
  class space    used 2363K, capacity 2656K, committed 2688K, reserved 1048576K
}
Event: 4.641 GC heap after
{Heap after GC invocations=3 (full 0):
 garbage-first heap   total 262144K, used 8642K [0x00000000e0000000, 0x0000000100000000)
  region size 1024K, 3 young (3072K), 3 survivors (3072K)
 Metaspace       used 20498K, capacity 21216K, committed 21296K, reserved 1069056K
  class space    used 2363K, capacity 2656K, committed 2688K, reserved 1048576K
}
Event: 7.267 GC heap before
{Heap before GC invocations=4 (full 0):
 garbage-first heap   total 262144K, used 71106K [0x00000000e0000000, 0x0000000100000000)
  region size 1024K, 64 young (65536K), 3 survivors (3072K)
 Metaspace       used 29125K, capacity 30193K, committed 30512K, reserved 1075200K
  class space    used 3469K, capacity 3894K, committed 3968K, reserved 1048576K
}
Event: 7.289 GC heap after
{Heap after GC invocations=5 (full 0):
 garbage-first heap   total 262144K, used 13130K [0x00000000e0000000, 0x0000000100000000)
  region size 1024K, 8 young (8192K), 8 survivors (8192K)
 Metaspace       used 29125K, capacity 30193K, committed 30512K, reserved 1075200K
  class space    used 3469K, capacity 3894K, committed 3968K, reserved 1048576K
}
Event: 15.051 GC heap before
{Heap before GC invocations=5 (full 0):
 garbage-first heap   total 262144K, used 64330K [0x00000000e0000000, 0x0000000100000000)
  region size 1024K, 42 young (43008K), 8 survivors (8192K)
 Metaspace       used 34661K, capacity 35755K, committed 35888K, reserved 1081344K
  class space    used 4199K, capacity 4661K, committed 4736K, reserved 1048576K
}
Event: 15.124 GC heap after
{Heap after GC invocations=6 (full 0):
 garbage-first heap   total 262144K, used 32461K [0x00000000e0000000, 0x0000000100000000)
  region size 1024K, 8 young (8192K), 8 survivors (8192K)
 Metaspace       used 34661K, capacity 35755K, committed 35888K, reserved 1081344K
  class space    used 4199K, capacity 4661K, committed 4736K, reserved 1048576K
}

Deoptimization events (20 events):
Event: 14.637 Thread 0x000000002141f000 DEOPT PACKING pc=0x000000000ba2af99 sp=0x0000000020ca9470
Event: 14.637 Thread 0x000000002141f000 DEOPT UNPACKING pc=0x000000000afaa95e sp=0x0000000020ca88f8 mode 0
Event: 14.675 Thread 0x000000002141f000 DEOPT PACKING pc=0x000000000b8bc1af sp=0x0000000020ca8f00
Event: 14.675 Thread 0x000000002141f000 DEOPT UNPACKING pc=0x000000000afaa95e sp=0x0000000020ca84a0 mode 0
Event: 14.828 Thread 0x000000002141f000 Uncommon trap: trap_request=0xffffff4d fr.pc=0x0000000012b689d0 relative=0x0000000000000090
Event: 14.828 Thread 0x000000002141f000 Uncommon trap: reason=unstable_if action=reinterpret pc=0x0000000012b689d0 method=org.yaml.snakeyaml.reader.StreamReader.ensureEnoughData(I)Z @ 34 c2
Event: 14.828 Thread 0x000000002141f000 DEOPT PACKING pc=0x0000000012b689d0 sp=0x0000000020ca9370
Event: 14.828 Thread 0x000000002141f000 DEOPT UNPACKING pc=0x000000000afaa1af sp=0x0000000020ca92f8 mode 2
Event: 14.891 Thread 0x000000002141f000 Uncommon trap: trap_request=0xffffff4d fr.pc=0x0000000012b1a5bc relative=0x000000000000051c
Event: 14.891 Thread 0x000000002141f000 Uncommon trap: reason=unstable_if action=reinterpret pc=0x0000000012b1a5bc method=java.util.regex.Matcher.search(I)Z @ 76 c2
Event: 14.891 Thread 0x000000002141f000 DEOPT PACKING pc=0x0000000012b1a5bc sp=0x0000000020caa520
Event: 14.891 Thread 0x000000002141f000 DEOPT UNPACKING pc=0x000000000afaa1af sp=0x0000000020caa4e0 mode 2
Event: 14.903 Thread 0x000000002141f000 Uncommon trap: trap_request=0xffffff4d fr.pc=0x0000000012b5e568 relative=0x0000000000000228
Event: 14.903 Thread 0x000000002141f000 Uncommon trap: reason=unstable_if action=reinterpret pc=0x0000000012b5e568 method=java.lang.String.indexOf([BBILjava/lang/String;I)I @ 62 c2
Event: 14.903 Thread 0x000000002141f000 DEOPT PACKING pc=0x0000000012b5e568 sp=0x0000000020caa2a0
Event: 14.903 Thread 0x000000002141f000 DEOPT UNPACKING pc=0x000000000afaa1af sp=0x0000000020caa208 mode 2
Event: 14.905 Thread 0x000000002141f000 Uncommon trap: trap_request=0xffffff4d fr.pc=0x0000000012afebb8 relative=0x0000000000000318
Event: 14.905 Thread 0x000000002141f000 Uncommon trap: reason=unstable_if action=reinterpret pc=0x0000000012afebb8 method=java.lang.String.indexOf(Ljava/lang/String;)I @ 15 c2
Event: 14.905 Thread 0x000000002141f000 DEOPT PACKING pc=0x0000000012afebb8 sp=0x0000000020caa670
Event: 14.905 Thread 0x000000002141f000 DEOPT UNPACKING pc=0x000000000afaa1af sp=0x0000000020caa600 mode 2

Classes redefined (0 events):
No events

Internal exceptions (20 events):
Event: 5.506 Thread 0x000000002141f000 Exception <a 'java/lang/NoClassDefFoundError'{0x00000000ee63f4f8}: org/apache/log4j/Priority> (0x00000000ee63f4f8) thrown at [./src/hotspot/share/classfile/systemDictionary.cpp, line 220]
Event: 5.996 Thread 0x000000002141f000 Exception <a 'java/lang/IncompatibleClassChangeError'{0x00000000ed2e0030}: Found class java.lang.Object, but interface was expected> (0x00000000ed2e0030) thrown at [./src/hotspot/share/interpreter/linkResolver.cpp, line 839]
Event: 6.179 Thread 0x0000000025329000 Exception <a 'java/lang/NoSuchMethodError'{0x00000000ecc1f268}: 'void java.lang.invoke.DirectMethodHandle$Holder.invokeStatic(java.lang.Object, long)'> (0x00000000ecc1f268) thrown at [./src/hotspot/share/interpreter/linkResolver.cpp, line 773]
Event: 6.181 Thread 0x0000000025329000 Exception <a 'java/lang/NoSuchMethodError'{0x00000000ecc241d8}: 'java.lang.Object java.lang.invoke.DirectMethodHandle$Holder.invokeStatic(java.lang.Object, long)'> (0x00000000ecc241d8) thrown at [./src/hotspot/share/interpreter/linkResolver.cpp, line 773]
Event: 6.186 Thread 0x0000000025329000 Exception <a 'java/lang/NoSuchMethodError'{0x00000000ecc31f70}: 'java.lang.Object java.lang.invoke.DirectMethodHandle$Holder.invokeStaticInit(java.lang.Object, java.lang.Object, long, java.lang.Object)'> (0x00000000ecc31f70) thrown at [./src/hotspot/share/interpreter/linkResolver.cpp, line 773]
Event: 6.187 Thread 0x0000000025329000 Exception <a 'java/lang/NoSuchMethodError'{0x00000000ecc379d8}: 'java.lang.Object java.lang.invoke.DirectMethodHandle$Holder.invokeStatic(java.lang.Object, java.lang.Object, long)'> (0x00000000ecc379d8) thrown at [./src/hotspot/share/interpreter/linkResolver.cpp, line 773]
Event: 6.188 Thread 0x0000000025329000 Exception <a 'java/lang/NoSuchMethodError'{0x00000000ecc3dca8}: 'java.lang.Object java.lang.invoke.Invokers$Holder.linkToTargetMethod(java.lang.Object, long, java.lang.Object)'> (0x00000000ecc3dca8) thrown at [./src/hotspot/share/interpreter/linkResolver.cpp, line 773]
Event: 6.652 Thread 0x000000002532b800 Exception <a 'java/net/SocketTimeoutException'{0x00000000eccd93f0}: connect timed out> (0x00000000eccd93f0) thrown at [./src/hotspot/share/prims/jni.cpp, line 636]
Event: 6.718 Thread 0x000000002141f000 Exception <a 'java/lang/NoSuchMethodError'{0x00000000eca86d68}: 'double java.lang.invoke.DirectMethodHandle$Holder.invokeVirtual(java.lang.Object, java.lang.Object)'> (0x00000000eca86d68) thrown at [./src/hotspot/share/interpreter/linkResolver.cpp, line 773]
Event: 6.720 Thread 0x000000002141f000 Exception <a 'java/lang/NoSuchMethodError'{0x00000000eca8d320}: 'float java.lang.invoke.DirectMethodHandle$Holder.invokeVirtual(java.lang.Object, java.lang.Object)'> (0x00000000eca8d320) thrown at [./src/hotspot/share/interpreter/linkResolver.cpp, line 773]
Event: 6.723 Thread 0x000000002141f000 Exception <a 'java/lang/NoSuchMethodError'{0x00000000eca96078}: 'long java.lang.invoke.DirectMethodHandle$Holder.invokeVirtual(java.lang.Object, java.lang.Object)'> (0x00000000eca96078) thrown at [./src/hotspot/share/interpreter/linkResolver.cpp, line 773]
Event: 6.831 Thread 0x000000002141f000 Exception <a 'java/lang/NoSuchMethodError'{0x00000000ec8c3628}: 'void java.lang.invoke.DirectMethodHandle$Holder.invokeStatic(java.lang.Object, java.lang.Object, int)'> (0x00000000ec8c3628) thrown at [./src/hotspot/share/interpreter/linkResolver.cpp, line 773]
Event: 7.037 Thread 0x000000002141f000 Exception <a 'java/lang/NoSuchMethodError'{0x00000000ec57e700}: 'int java.lang.invoke.DirectMethodHandle$Holder.invokeSpecialIFC(java.lang.Object, java.lang.Object, java.lang.Object)'> (0x00000000ec57e700) thrown at [./src/hotspot/share/interpreter/linkResolver.cpp, line 773]
Event: 10.019 Thread 0x000000002141f000 Exception <a 'java/lang/NoSuchMethodError'{0x00000000eee15860}: 'java.lang.Object java.lang.invoke.DirectMethodHandle$Holder.invokeSpecialIFC(java.lang.Object, java.lang.Object, java.lang.Object)'> (0x00000000eee15860) thrown at [./src/hotspot/share/interpreter/linkResolver.cpp, line 773]
Event: 10.084 Thread 0x000000002141f000 Exception <a 'java/lang/ClassNotFoundException'{0x00000000eed33b98}: sun/util/logging/resources/spi/loggingProvider> (0x00000000eed33b98) thrown at [./src/hotspot/share/classfile/systemDictionary.cpp, line 231]
Event: 13.553 Thread 0x000000002141f000 Implicit null exception at 0x0000000012ae03e8 to 0x0000000012ae047a
Event: 13.556 Thread 0x000000002141f000 Implicit null exception at 0x0000000012b5b72f to 0x0000000012b5b799
Event: 14.116 Thread 0x000000002141f000 Implicit null exception at 0x0000000012ac4ee5 to 0x0000000012ac50a8
Event: 14.273 Thread 0x000000002141f000 Implicit null exception at 0x0000000012b56365 to 0x0000000012b56540
Event: 14.913 Thread 0x000000002141f000 Exception <a 'java/lang/NoSuchMethodError'{0x00000000ede1f578}: 'long java.lang.invoke.DirectMethodHandle$Holder.invokeSpecial(java.lang.Object, java.lang.Object)'> (0x00000000ede1f578) thrown at [./src/hotspot/share/interpreter/linkResolver.cpp, line 773]

Events (20 events):
Event: 15.049 loading class com/codeborne/selenide/commands/DragAndDropTo done
Event: 15.050 Executing VM operation: CollectForMetadataAllocation
Event: 15.124 Executing VM operation: CollectForMetadataAllocation done
Event: 15.140 loading class com/codeborne/selenide/commands/Hover
Event: 15.140 loading class com/codeborne/selenide/commands/Hover done
Event: 15.140 Executing VM operation: RevokeBias
Event: 15.142 loading class com/codeborne/selenide/commands/ScrollTo
Event: 15.142 loading class com/codeborne/selenide/commands/ScrollTo done
Event: 15.143 loading class com/codeborne/selenide/commands/ScrollIntoView
Event: 15.143 loading class com/codeborne/selenide/commands/ScrollIntoView done
Event: 15.144 loading class com/codeborne/selenide/commands/Should
Event: 15.144 loading class com/codeborne/selenide/commands/Should done
Event: 15.146 loading class com/codeborne/selenide/commands/ShouldHave
Event: 15.146 loading class com/codeborne/selenide/commands/ShouldHave done
Event: 15.147 loading class com/codeborne/selenide/commands/ShouldBe
Event: 15.147 loading class com/codeborne/selenide/commands/ShouldBe done
Event: 15.148 loading class com/codeborne/selenide/commands/ShouldNot
Event: 15.148 loading class com/codeborne/selenide/commands/ShouldNot done
Event: 15.149 loading class com/codeborne/selenide/commands/ShouldNotHave
Event: 15.149 loading class com/codeborne/selenide/commands/ShouldNotHave done


Dynamic libraries:
0x000000013f3d0000 - 0x000000013f3dd000 	C:\Program Files\Eclipse Foundation\jdk-11.0.12.7-hotspot\bin\java.exe
0x0000000077480000 - 0x0000000077629000 	C:\Windows\SYSTEM32\ntdll.dll
0x000007fef12f0000 - 0x000007fef1303000 	C:\Program Files\AVG\Antivirus\aswhook.dll
0x0000000077360000 - 0x000000007747f000 	C:\Windows\system32\kernel32.dll
0x000007fefd270000 - 0x000007fefd2db000 	C:\Windows\system32\KERNELBASE.dll
0x000007fedf1a0000 - 0x000007fedf1b7000 	C:\Program Files\Eclipse Foundation\jdk-11.0.12.7-hotspot\bin\jli.dll
0x000007fefb980000 - 0x000007fefbb74000 	C:\Windows\WinSxS\amd64_microsoft.windows.common-controls_6595b64144ccf1df_6.0.7601.17514_none_fa396087175ac9ac\COMCTL32.dll
0x000007fefd6b0000 - 0x000007fefd74f000 	C:\Windows\system32\msvcrt.dll
0x000007fefd7b0000 - 0x000007fefd817000 	C:\Windows\system32\GDI32.dll
0x0000000077260000 - 0x000000007735a000 	C:\Windows\system32\USER32.dll
0x000007fefd750000 - 0x000007fefd75e000 	C:\Windows\system32\LPK.dll
0x000007feff5d0000 - 0x000007feff699000 	C:\Windows\system32\USP10.dll
0x000007feff2f0000 - 0x000007feff361000 	C:\Windows\system32\SHLWAPI.dll
0x000007fef1330000 - 0x000007fef1345000 	C:\Program Files\Eclipse Foundation\jdk-11.0.12.7-hotspot\bin\VCRUNTIME140.dll
0x000007fef1320000 - 0x000007fef1324000 	C:\Program Files\Eclipse Foundation\jdk-11.0.12.7-hotspot\bin\api-ms-win-crt-runtime-l1-1-0.dll
0x000007fecad00000 - 0x000007fecadfa000 	C:\Program Files\Eclipse Foundation\jdk-11.0.12.7-hotspot\bin\ucrtbase.DLL
0x000007fef1270000 - 0x000007fef1273000 	C:\Program Files\Eclipse Foundation\jdk-11.0.12.7-hotspot\bin\api-ms-win-core-localization-l1-2-0.dll
0x000007fedf300000 - 0x000007fedf303000 	C:\Program Files\Eclipse Foundation\jdk-11.0.12.7-hotspot\bin\api-ms-win-core-processthreads-l1-1-1.dll
0x000007fedf190000 - 0x000007fedf193000 	C:\Program Files\Eclipse Foundation\jdk-11.0.12.7-hotspot\bin\api-ms-win-core-file-l1-2-0.dll
0x000007fedf180000 - 0x000007fedf183000 	C:\Program Files\Eclipse Foundation\jdk-11.0.12.7-hotspot\bin\api-ms-win-core-timezone-l1-1-0.dll
0x000007fedef50000 - 0x000007fedef53000 	C:\Program Files\Eclipse Foundation\jdk-11.0.12.7-hotspot\bin\api-ms-win-core-file-l2-1-0.dll
0x000007fedef40000 - 0x000007fedef43000 	C:\Program Files\Eclipse Foundation\jdk-11.0.12.7-hotspot\bin\api-ms-win-core-synch-l1-2-0.dll
0x000007fedef30000 - 0x000007fedef33000 	C:\Program Files\Eclipse Foundation\jdk-11.0.12.7-hotspot\bin\api-ms-win-crt-heap-l1-1-0.dll
0x000007fedef20000 - 0x000007fedef24000 	C:\Program Files\Eclipse Foundation\jdk-11.0.12.7-hotspot\bin\api-ms-win-crt-string-l1-1-0.dll
0x000007fedef10000 - 0x000007fedef14000 	C:\Program Files\Eclipse Foundation\jdk-11.0.12.7-hotspot\bin\api-ms-win-crt-stdio-l1-1-0.dll
0x000007feddaf0000 - 0x000007feddaf4000 	C:\Program Files\Eclipse Foundation\jdk-11.0.12.7-hotspot\bin\api-ms-win-crt-convert-l1-1-0.dll
0x000007feddae0000 - 0x000007feddae3000 	C:\Program Files\Eclipse Foundation\jdk-11.0.12.7-hotspot\bin\api-ms-win-crt-environment-l1-1-0.dll
0x000007feddad0000 - 0x000007feddad3000 	C:\Program Files\Eclipse Foundation\jdk-11.0.12.7-hotspot\bin\api-ms-win-crt-filesystem-l1-1-0.dll
0x000007feddac0000 - 0x000007feddac5000 	C:\Program Files\Eclipse Foundation\jdk-11.0.12.7-hotspot\bin\api-ms-win-crt-math-l1-1-0.dll
0x000007feddab0000 - 0x000007feddab3000 	C:\Program Files\Eclipse Foundation\jdk-11.0.12.7-hotspot\bin\api-ms-win-crt-locale-l1-1-0.dll
0x000007fefe300000 - 0x000007fefe32e000 	C:\Windows\system32\IMM32.DLL
0x000007fefde80000 - 0x000007fefdf89000 	C:\Windows\system32\MSCTF.dll
0x000007fedd8b0000 - 0x000007fedd94b000 	C:\Program Files\Eclipse Foundation\jdk-11.0.12.7-hotspot\bin\msvcp140.dll
0x000007feddaa0000 - 0x000007feddaa3000 	C:\Program Files\Eclipse Foundation\jdk-11.0.12.7-hotspot\bin\api-ms-win-crt-time-l1-1-0.dll
0x000007fedd8a0000 - 0x000007fedd8a3000 	C:\Program Files\Eclipse Foundation\jdk-11.0.12.7-hotspot\bin\api-ms-win-crt-utility-l1-1-0.dll
0x000007feb3440000 - 0x000007feb3f99000 	C:\Program Files\Eclipse Foundation\jdk-11.0.12.7-hotspot\bin\server\jvm.dll
0x000007feff6b0000 - 0x000007feff78b000 	C:\Windows\system32\ADVAPI32.dll
0x000007fefe4c0000 - 0x000007fefe4df000 	C:\Windows\SYSTEM32\sechost.dll
0x000007fefdd50000 - 0x000007fefde7d000 	C:\Windows\system32\RPCRT4.dll
0x000007fefa910000 - 0x000007fefa919000 	C:\Windows\system32\WSOCK32.dll
0x000007fefd760000 - 0x000007fefd7ad000 	C:\Windows\system32\WS2_32.dll
0x000007feff6a0000 - 0x000007feff6a8000 	C:\Windows\system32\NSI.dll
0x000007fef8f80000 - 0x000007fef8fbb000 	C:\Windows\system32\WINMM.dll
0x000007fefc1c0000 - 0x000007fefc1cc000 	C:\Windows\system32\VERSION.dll
0x0000000077640000 - 0x0000000077647000 	C:\Windows\system32\PSAPI.DLL
0x000007fedd890000 - 0x000007fedd8a0000 	C:\Program Files\Eclipse Foundation\jdk-11.0.12.7-hotspot\bin\verify.dll
0x000007fef8db0000 - 0x000007fef8ed5000 	C:\Windows\system32\DBGHELP.DLL
0x000007fed2d70000 - 0x000007fed2d98000 	C:\Program Files\Eclipse Foundation\jdk-11.0.12.7-hotspot\bin\java.dll
0x000007fedd880000 - 0x000007fedd88a000 	C:\Program Files\Eclipse Foundation\jdk-11.0.12.7-hotspot\bin\jimage.dll
0x000007fed2d50000 - 0x000007fed2d67000 	C:\Program Files\Eclipse Foundation\jdk-11.0.12.7-hotspot\bin\zip.dll
0x000007fefe560000 - 0x000007feff2e8000 	C:\Windows\system32\SHELL32.dll
0x000007fefda60000 - 0x000007fefdc63000 	C:\Windows\system32\ole32.dll
0x000007fefd230000 - 0x000007fefd23f000 	C:\Windows\system32\profapi.dll
0x000007fecf130000 - 0x000007fecf149000 	C:\Program Files\Eclipse Foundation\jdk-11.0.12.7-hotspot\bin\net.dll
0x000007fef9ef0000 - 0x000007fef9f61000 	C:\Windows\system32\WINHTTP.dll
0x000007fef9e10000 - 0x000007fef9e74000 	C:\Windows\system32\webio.dll
0x000007fefc9d0000 - 0x000007fefca25000 	C:\Windows\system32\mswsock.dll
0x000007fefc9c0000 - 0x000007fefc9c7000 	C:\Windows\System32\wship6.dll
0x000007fecefc0000 - 0x000007fecefd2000 	C:\Program Files\Eclipse Foundation\jdk-11.0.12.7-hotspot\bin\nio.dll
0x000007fefca30000 - 0x000007fefca47000 	C:\Windows\system32\CRYPTSP.dll
0x000007fefc730000 - 0x000007fefc777000 	C:\Windows\system32\rsaenh.dll
0x000007fefd500000 - 0x000007fefd51e000 	C:\Windows\system32\USERENV.dll
0x000007fefd0d0000 - 0x000007fefd0df000 	C:\Windows\system32\CRYPTBASE.dll
0x000007fefaad0000 - 0x000007fefaaf7000 	C:\Windows\system32\IPHLPAPI.DLL
0x000007fefaab0000 - 0x000007fefaabb000 	C:\Windows\system32\WINNSI.DLL
0x000007fefa940000 - 0x000007fefa951000 	C:\Windows\system32\dhcpcsvc6.DLL
0x000007fefa920000 - 0x000007fefa938000 	C:\Windows\system32\dhcpcsvc.DLL
0x000007fefad70000 - 0x000007fefad85000 	C:\Windows\system32\NLAapi.dll
0x000007fef43f0000 - 0x000007fef4405000 	C:\Windows\system32\napinsp.dll
0x000007fef1c20000 - 0x000007fef1c39000 	C:\Windows\system32\pnrpnsp.dll
0x000007fefc850000 - 0x000007fefc8ab000 	C:\Windows\system32\DNSAPI.dll
0x000007fef1760000 - 0x000007fef176b000 	C:\Windows\System32\winrnr.dll
0x000007fefc100000 - 0x000007fefc107000 	C:\Windows\System32\wshtcpip.dll
0x000007fef1750000 - 0x000007fef1758000 	C:\Windows\system32\rasadhlp.dll
0x000007fefa970000 - 0x000007fefa9c3000 	C:\Windows\System32\fwpuclnt.dll
0x000007fef1360000 - 0x000007fef1369000 	C:\Program Files\Eclipse Foundation\jdk-11.0.12.7-hotspot\bin\management.dll
0x000007fecede0000 - 0x000007fecedeb000 	C:\Program Files\Eclipse Foundation\jdk-11.0.12.7-hotspot\bin\management_ext.dll
0x000007fefb890000 - 0x000007fefb89e000 	C:\Program Files\Eclipse Foundation\jdk-11.0.12.7-hotspot\bin\sunmscapi.dll
0x000007fefd380000 - 0x000007fefd4ec000 	C:\Windows\system32\CRYPT32.dll
0x000007fefd240000 - 0x000007fefd24f000 	C:\Windows\system32\MSASN1.dll
0x000007fefcbb0000 - 0x000007fefcbfd000 	C:\Windows\system32\ncrypt.dll
0x000007fefcb80000 - 0x000007fefcba2000 	C:\Windows\system32\bcrypt.dll
0x000007fee16e0000 - 0x000007fee1705000 	C:\Program Files\Eclipse Foundation\jdk-11.0.12.7-hotspot\bin\sunec.dll
0x000007fefd030000 - 0x000007fefd087000 	C:\Windows\system32\apphelp.dll

dbghelp: loaded successfully - version: 4.0.5 - missing functions: none
symbol engine: initialized successfully - sym options: 0x614 - pdb path: .;C:\Program Files\Eclipse Foundation\jdk-11.0.12.7-hotspot\bin;C:\Windows\SYSTEM32;C:\Program Files\AVG\Antivirus;C:\Windows\WinSxS\amd64_microsoft.windows.common-controls_6595b64144ccf1df_6.0.7601.17514_none_fa396087175ac9ac;C:\Program Files\Eclipse Foundation\jdk-11.0.12.7-hotspot\bin\server

VM Arguments:
jvm_args: -Dorg.gradle.internal.worker.tmpdir=E:\Netology\Java\L18Patterns\Error\DeliveryCard\build\tmp\test\work -Dorg.gradle.native=false -Dselenide.headless --add-opens=java.base/java.util=ALL-UNNAMED --add-opens=java.base/java.lang=ALL-UNNAMED -Xmx512m -Dfile.encoding=windows-1251 -Duser.country=RU -Duser.language=ru -Duser.variant -ea 
java_command: worker.org.gradle.process.internal.worker.GradleWorkerMain 'Gradle Test Executor 5'
java_class_path (initial): C:\\Users\\user\\.gradle\\caches\\7.1\\workerMain\\gradle-worker.jar;E:\\Netology\\Java\\L18Patterns\\Error\\DeliveryCard\\build\\classes\\java\\test;E:\\Netology\\Java\\L18Patterns\\Error\\DeliveryCard\\build\\resources\\test;E:\\Netology\\Java\\L18Patterns\\Error\\DeliveryCard\\build\\classes\\java\\main;E:\\Netology\\Java\\L18Patterns\\Error\\DeliveryCard\\build\\resources\\main;C:\\Users\\user\\.gradle\\caches\\modules-2\\files-2.1\\com.github.javafaker\\javafaker\\1.0.2\\be0ff271b1208416822db4438864df47f90af92f\\javafaker-1.0.2.jar;C:\\Users\\user\\.gradle\\caches\\modules-2\\files-2.1\\org.junit.jupiter\\junit-jupiter-params\\5.8.2\\ddeafe92fc263f895bfb73ffeca7fd56e23c2cce\\junit-jupiter-params-5.8.2.jar;C:\\Users\\user\\.gradle\\caches\\modules-2\\files-2.1\\org.junit.jupiter\\junit-jupiter-engine\\5.8.2\\c598b4328d2f397194d11df3b1648d68d7d990e3\\junit-jupiter-engine-5.8.2.jar;C:\\Users\\user\\.gradle\\caches\\modules-2\\files-2.1\\org.junit.jupiter\\junit-jupiter-api\\5.8.2\\4c21029217adf07e4c0d0c5e192b6bf610c94bdc\\junit-jupiter-api-5.8.2.jar;C:\\Users\\user\\.gradle\\caches\\modules-2\\files-2.1\\org.junit.platform\\junit-platform-engine\\1.8.2\\b737de09f19864bd136805c84df7999a142fec29\\junit-platform-engine-1.8.2.jar;C:\\Users\\user\\.gradle\\caches\\modules-2\\files-2.1\\org.junit.platform\\junit-platform-commons\\1.8.2\\32c8b8617c1342376fd5af2053da6410d8866861\\junit-platform-commons-1.8.2.jar;C:\\Users\\user\\.gradle\\caches\\modules-2\\files-2.1\\org.junit.jupiter\\junit-jupiter\\5.8.2\\5a817b1e63f1217e5c586090c45e681281f097ad\\junit-jupiter-5.8.2.jar;C:\\Users\\user\\.gradle\\caches\\modules-2\\files-2.1\\com.codeborne\\selenide\\6.1.1\\256ff48ec58c9147c2f1f0ddd4812f09d1e3fae0\\selenide-6.1.1.jar;C:\\Users\\user\\.gradle\\caches\\modules-2\\files-2.1\\com.codeborne\\selenide-core\\6.1.1\\3acc31dd8977c6962e4ac8b26dff9c62c63746d\\selenide-core-6.1.1.jar;C:\\Users\\user\\.gradle\\caches\\modules-2\\files-2.1\\org.apache.comm
Launcher Type: SUN_STANDARD

[Global flags]
     intx CICompilerCount                          = 4                                         {product} {ergonomic}
     uint ConcGCThreads                            = 2                                         {product} {ergonomic}
     uint G1ConcRefinementThreads                  = 8                                         {product} {ergonomic}
   size_t G1HeapRegionSize                         = 1048576                                   {product} {ergonomic}
    uintx GCDrainStackTargetSize                   = 64                                        {product} {ergonomic}
   size_t InitialHeapSize                          = 268435456                                 {product} {ergonomic}
   size_t MarkStackSize                            = 4194304                                   {product} {ergonomic}
   size_t MaxHeapSize                              = 536870912                                 {product} {command line}
   size_t MaxNewSize                               = 321912832                                 {product} {ergonomic}
   size_t MinHeapDeltaBytes                        = 1048576                                   {product} {ergonomic}
    uintx NonNMethodCodeHeapSize                   = 5836300                                {pd product} {ergonomic}
    uintx NonProfiledCodeHeapSize                  = 122910970                              {pd product} {ergonomic}
    uintx ProfiledCodeHeapSize                     = 122910970                              {pd product} {ergonomic}
    uintx ReservedCodeCacheSize                    = 251658240                              {pd product} {ergonomic}
     bool SegmentedCodeCache                       = true                                      {product} {ergonomic}
     bool UseCompressedClassPointers               = true                                 {lp64_product} {ergonomic}
     bool UseCompressedOops                        = true                                 {lp64_product} {ergonomic}
     bool UseG1GC                                  = true                                      {product} {ergonomic}
     bool UseLargePagesIndividualAllocation        = false                                  {pd product} {ergonomic}

Logging:
Log output configuration:
 #0: stdout all=warning uptime,level,tags
 #1: stderr all=off uptime,level,tags

Environment Variables:
PATH=C:\Program Files\Eclipse Foundation\jdk-11.0.12.7-hotspot\bin;C:\Program Files (x86)\Intel\iCLS Client\;C:\Program Files\Intel\iCLS Client\;C:\Windows\system32;C:\Windows;C:\Windows\System32\Wbem;C:\Windows\System32\WindowsPowerShell\v1.0\;C:\Program Files\Intel\Intel(R) Management Engine Components\DAL;C:\Program Files\Intel\Intel(R) Management Engine Components\IPT;C:\Program Files (x86)\Intel\Intel(R) Management Engine Components\DAL;C:\Program Files (x86)\Intel\Intel(R) Management Engine Components\IPT;C:\Program Files (x86)\NVIDIA Corporation\PhysX\Common;C:\Program Files (x86)\QuickTime\QTSystem\;C:\Program Files\Git\cmd;C:\chromedriver
USERNAME=user
OS=Windows_NT
PROCESSOR_IDENTIFIER=Intel64 Family 6 Model 58 Stepping 9, GenuineIntel



---------------  S Y S T E M  ---------------

OS: Windows 7 , 64 bit Build 7601 (6.1.7601.18015)
OS uptime: 0 days 0:27 hours

CPU:total 8 (initial active 8) (4 cores per cpu, 2 threads per core) family 6 model 58 stepping 9 microcode 0x0, cmov, cx8, fxsr, mmx, sse, sse2, sse3, ssse3, sse4.1, sse4.2, popcnt, avx, aes, clmul, erms, ht, tsc, tscinvbit, tscinv

Memory: 4k page, system-wide physical 16329M (8432M free)
TotalPageFile size 32657M (AvailPageFile size 20869M)
current process WorkingSet (physical memory assigned to process): 267M, peak: 272M
current process commit charge ("private bytes"): 478M, peak: 486M

vm_info: OpenJDK 64-Bit Server VM (11.0.12+7) for windows-amd64 JRE (11.0.12+7), built on Jul 21 2021 16:23:49 by "" with unknown MS VC++:1916

END.
