#
# A fatal error has been detected by the Java Runtime Environment:
#
#  EXCEPTION_ACCESS_VIOLATION (0xc0000005) at pc=0x000007feb35ee0ef, pid=9852, tid=7660
#
# JRE version: OpenJDK Runtime Environment Temurin-11.0.12+7 (11.0.12+7) (build 11.0.12+7)
# Java VM: OpenJDK 64-Bit Server VM Temurin-11.0.12+7 (11.0.12+7, mixed mode, tiered, compressed oops, g1 gc, windows-amd64)
# Problematic frame:
# V  [jvm.dll+0x1ae0ef]
#
# No core dump will be written. Minidumps are not enabled by default on client versions of Windows
#
# If you would like to submit a bug report, please visit:
#   https://github.com/adoptium/adoptium-support/issues
#

---------------  S U M M A R Y ------------

Command Line: -Dorg.gradle.internal.worker.tmpdir=E:\Netology\Java\L18Patterns\Error\DeliveryCard\build\tmp\test\work -Dorg.gradle.native=false -Dselenide.headless --add-opens=java.base/java.util=ALL-UNNAMED --add-opens=java.base/java.lang=ALL-UNNAMED -Xmx512m -Dfile.encoding=windows-1251 -Duser.country=RU -Duser.language=ru -Duser.variant -ea worker.org.gradle.process.internal.worker.GradleWorkerMain 'Gradle Test Executor 10'

Host: Intel(R) Xeon(R) CPU E3-1270 V2 @ 3.50GHz, 8 cores, 15G,  Windows 7 , 64 bit Build 7601 (6.1.7601.18015)
Time: Thu Dec 23 12:35:13 2021 Eaeeieia?aaneia a?aiy (ceia) elapsed time: 3.230201 seconds (0d 0h 0m 3s)

---------------  T H R E A D  ---------------

Current thread (0x00000000212fc800):  JavaThread "C2 CompilerThread2" daemon [_thread_in_vm, id=7660, stack(0x0000000023070000,0x0000000023170000)]


Current CompileTask:
C2:   3230 1190 %     4       java.io.WinNTFileSystem::normalize @ 22 (143 bytes)

Stack: [0x0000000023070000,0x0000000023170000],  sp=0x000000002316c9e0,  free space=1010k
Native frames: (J=compiled Java code, j=interpreted, Vv=VM code, C=native code)
V  [jvm.dll+0x1ae0ef]
V  [jvm.dll+0x11e48a]
V  [jvm.dll+0x11dc22]
V  [jvm.dll+0x2bb2dd]
V  [jvm.dll+0x2bcdb5]
V  [jvm.dll+0x61ef68]
V  [jvm.dll+0x616d1f]
V  [jvm.dll+0x61635b]
V  [jvm.dll+0x61420e]
V  [jvm.dll+0x18c25c]
V  [jvm.dll+0x2bce36]
V  [jvm.dll+0x61ef68]
V  [jvm.dll+0x616d1f]
V  [jvm.dll+0x61635b]
V  [jvm.dll+0x61420e]
V  [jvm.dll+0x18c25c]
V  [jvm.dll+0x18af96]
V  [jvm.dll+0x20d06e]
V  [jvm.dll+0x204490]
V  [jvm.dll+0x1898fc]
V  [jvm.dll+0x213d67]
V  [jvm.dll+0x211f2b]
V  [jvm.dll+0x74ec19]
V  [jvm.dll+0x747c84]
V  [jvm.dll+0x600ba6]
C  [ucrtbase.DLL+0x1c1ae]
C  [kernel32.dll+0x1652d]
C  [ntdll.dll+0x2c541]


siginfo: EXCEPTION_ACCESS_VIOLATION (0xc0000005), reading address 0xffffffffffffffff


Register to memory mapping:

RIP=0x000007feb35ee0ef jvm.dll
RAX={method} {0x000000001f359360} 'putCharSB' '([BII)V' in 'java/lang/StringUTF16'
RBX=0x0001000000000000 is an unknown value
RCX=0x00000000212fc800 is a thread
RDX=0x00000000212fc800 is a thread
RSP=0x000000002316c9e0 is pointing into the stack for thread: 0x00000000212fc800
RBP=0x00000000212fc800 is a thread
RSI=0x0000000020da4f70 points into unknown readable memory: 0x000007feb3cae870 | 70 e8 ca b3 fe 07 00 00
RDI=0x000000002316cac0 is pointing into the stack for thread: 0x00000000212fc800
R8 =0x000007feb3ee1a98 jvm.dll
R9 =0x0000000000000002 is an unknown value
R10=0x00000000214eea50 points into unknown readable memory: 0x0000001e00000001 | 01 00 00 00 1e 00 00 00
R11={method} {0x000000001f359360} 'putCharSB' '([BII)V' in 'java/lang/StringUTF16'
R12=0x000000002316cbc2 is pointing into the stack for thread: 0x00000000212fc800
R13=0x0000000000000023 is an unknown value
R14=0x00000000220af910 points into unknown readable memory: 0x000007feb3cae870 | 70 e8 ca b3 fe 07 00 00
R15=0x000000000000000c is an unknown value


Registers:
RAX=0x000000001f359358, RBX=0x0001000000000000, RCX=0x00000000212fc800, RDX=0x00000000212fc800
RSP=0x000000002316c9e0, RBP=0x00000000212fc800, RSI=0x0000000020da4f70, RDI=0x000000002316cac0
R8 =0x000007feb3ee1a98, R9 =0x0000000000000002, R10=0x00000000214eea50, R11=0x000000001f359358
R12=0x000000002316cbc2, R13=0x0000000000000023, R14=0x00000000220af910, R15=0x000000000000000c
RIP=0x000007feb35ee0ef, EFLAGS=0x0000000000010206

Top of Stack: (sp=0x000000002316c9e0)
0x000000002316c9e0:   00000000ffffffff 0000000020da4f70
0x000000002316c9f0:   00000000220af910 0000000000000000
0x000000002316ca00:   0000000000000023 000007feb355e48a
0x000000002316ca10:   00000000212fc800 0000000020da4f70
0x000000002316ca20:   000000002316cac0 0000000021718a60
0x000000002316ca30:   000000002316f170 0000000020da4f70
0x000000002316ca40:   00000000000001f4 000007feb35edb62
0x000000002316ca50:   000000002316cc40 0000000021718a60
0x000000002316ca60:   0000000021719c30 0000000000000048
0x000000002316ca70:   00000000220af910 000007feb355dc22
0x000000002316ca80:   0000000022027600 000000002316cb19
0x000000002316ca90:   0000000020da4f70 000007feb35f1da9
0x000000002316caa0:   0000000021719c30 000000002316cc40
0x000000002316cab0:   000000002316cac0 000000002316cbc2
0x000000002316cac0:   0000000000000000 0000000000000000
0x000000002316cad0:   0000000000000000 0000000000000000 

Instructions: (pc=0x000007feb35ee0ef)
0x000007feb35edfef:   8b 4b 10 e8 69 49 f1 ff 48 8b 43 10 48 89 47 10
0x000007feb35edfff:   48 8b 4b 18 48 89 4f 18 48 8b 4b 20 48 89 4f 20
0x000007feb35ee00f:   48 8d 4d 48 e8 48 13 f8 ff 48 8b 9c 24 10 01 00
0x000007feb35ee01f:   00 40 0f b6 c6 48 8b b4 24 08 01 00 00 48 81 c4
0x000007feb35ee02f:   18 01 00 00 5f 5d c3 cc cc cc cc cc cc cc cc cc
0x000007feb35ee03f:   cc 48 89 5c 24 20 56 48 83 ec 20 8b 59 68 48 8b
0x000007feb35ee04f:   f1 83 fb ff 0f 85 24 01 00 00 48 89 7c 24 40 e8
0x000007feb35ee05f:   5d 7e ff ff 84 c0 74 4d 48 8b 46 10 48 8b 78 40
0x000007feb35ee06f:   48 85 ff 74 36 48 8b 07 48 8b cf ff 90 c8 00 00
0x000007feb35ee07f:   00 83 f8 04 75 25 48 8b 07 48 8b cf ff 90 68 01
0x000007feb35ee08f:   00 00 48 8b 17 48 8b cf 48 8b d8 ff 92 d8 00 00
0x000007feb35ee09f:   00 2b d8 89 5e 68 e9 ce 00 00 00 33 db 89 5e 68
0x000007feb35ee0af:   e9 c4 00 00 00 8b 0d 22 24 91 00 65 48 8b 04 25
0x000007feb35ee0bf:   58 00 00 00 48 89 6c 24 38 bd 08 00 00 00 48 8b
0x000007feb35ee0cf:   04 c8 48 8d 4c 24 30 48 8b 2c 28 48 8b d5 e8 ee
0x000007feb35ee0df:   10 f8 ff 48 8b 46 10 48 8b 58 40 48 85 db 74 30
0x000007feb35ee0ef:   48 8b 03 48 8b cb ff 90 c8 00 00 00 83 f8 04 75
0x000007feb35ee0ff:   1f 48 8b 03 48 8b cb ff 90 68 01 00 00 48 8b 13
0x000007feb35ee10f:   48 8b cb 48 8b f8 ff 92 d8 00 00 00 2b f8 eb 02
0x000007feb35ee11f:   33 ff 89 7e 68 48 8b 9d f0 00 00 00 48 8b 6c 24
0x000007feb35ee12f:   38 48 8b 43 10 48 8b 7b 08 48 83 38 00 74 19 48
0x000007feb35ee13f:   8b 53 28 48 8b cf e8 a6 48 f1 ff 48 8b 4b 10 e8
0x000007feb35ee14f:   0d 48 f1 ff 48 8b 43 10 48 89 47 10 48 8d 4c 24
0x000007feb35ee15f:   30 48 8b 43 18 48 89 47 18 48 8b 43 20 48 89 47
0x000007feb35ee16f:   20 e8 eb 11 f8 ff 8b 5e 68 48 8b 7c 24 40 85 db
0x000007feb35ee17f:   48 8b 5c 24 48 0f 9f c0 48 83 c4 20 5e c3 cc cc
0x000007feb35ee18f:   cc 48 89 5c 24 10 48 89 74 24 18 57 48 83 ec 20
0x000007feb35ee19f:   8b 15 37 23 91 00 48 8b f9 65 48 8b 04 25 58 00
0x000007feb35ee1af:   00 00 bb 08 00 00 00 48 8b 04 d0 48 8b 1c 03 48
0x000007feb35ee1bf:   89 5c 24 30 c7 83 c0 03 00 00 05 00 00 00 80 3d
0x000007feb35ee1cf:   8c d7 86 00 00 75 09 83 3d 13 9a 8e 00 01 74 18
0x000007feb35ee1df:   80 3d 7b d7 86 00 00 74 07 e8 e3 50 44 00 eb 08 


Stack slot to memory mapping:
stack at sp + 0 slots: 
[error occurred during error reporting (inspecting top of stack), id 0xc0000005, EXCEPTION_ACCESS_VIOLATION (0xc0000005) at pc=0x000007feb37220d6]


---------------  P R O C E S S  ---------------

Threads class SMR info:
_java_thread_list=0x00000000214eeb40, length=15, elements={
0x0000000000533000, 0x000000001f189000, 0x000000001f193000, 0x000000001f199000,
0x000000001f19a000, 0x000000001f19b800, 0x000000001f1a0800, 0x000000001f1a3000,
0x000000001f1b5800, 0x0000000020689000, 0x000000002121c000, 0x000000002132a800,
0x000000002132b800, 0x00000000212fb800, 0x00000000212fc800
}

Java Threads: ( => current thread )
  0x0000000000533000 JavaThread "main" [_thread_blocked, id=8512, stack(0x0000000002060000,0x0000000002160000)]
  0x000000001f189000 JavaThread "Reference Handler" daemon [_thread_blocked, id=6148, stack(0x000000001fa20000,0x000000001fb20000)]
  0x000000001f193000 JavaThread "Finalizer" daemon [_thread_blocked, id=9056, stack(0x000000001fb30000,0x000000001fc30000)]
  0x000000001f199000 JavaThread "Signal Dispatcher" daemon [_thread_blocked, id=11352, stack(0x000000001fde0000,0x000000001fee0000)]
  0x000000001f19a000 JavaThread "Attach Listener" daemon [_thread_blocked, id=10280, stack(0x000000001ff20000,0x0000000020020000)]
  0x000000001f19b800 JavaThread "Service Thread" daemon [_thread_blocked, id=11684, stack(0x0000000020080000,0x0000000020180000)]
  0x000000001f1a0800 JavaThread "C2 CompilerThread0" daemon [_thread_blocked, id=11832, stack(0x0000000020290000,0x0000000020390000)]
  0x000000001f1a3000 JavaThread "C1 CompilerThread0" daemon [_thread_blocked, id=11812, stack(0x0000000020420000,0x0000000020520000)]
  0x000000001f1b5800 JavaThread "Sweeper thread" daemon [_thread_blocked, id=9144, stack(0x00000000209d0000,0x0000000020ad0000)]
  0x0000000020689000 JavaThread "Common-Cleaner" daemon [_thread_blocked, id=6560, stack(0x0000000020b00000,0x0000000020c00000)]
  0x000000002121c000 JavaThread "Test worker" [_thread_blocked, id=10944, stack(0x0000000022af0000,0x0000000022bf0000)]
  0x000000002132a800 JavaThread "/127.0.0.1:63235 to /127.0.0.1:63234 workers Thread 2" [_thread_blocked, id=11596, stack(0x0000000022e60000,0x0000000022f60000)]
  0x000000002132b800 JavaThread "/127.0.0.1:63235 to /127.0.0.1:63234 workers Thread 3" [_thread_in_native, id=7724, stack(0x0000000022f60000,0x0000000023060000)]
  0x00000000212fb800 JavaThread "C2 CompilerThread1" daemon [_thread_blocked, id=4448, stack(0x0000000023190000,0x0000000023290000)]
=>0x00000000212fc800 JavaThread "C2 CompilerThread2" daemon [_thread_in_vm, id=7660, stack(0x0000000023070000,0x0000000023170000)]

Other Threads:
  0x000000001f132000 VMThread "VM Thread" [stack: 0x000000001ec10000,0x000000001ed10000] [id=8264]
  0x000000002068c000 WatcherThread [stack: 0x0000000020180000,0x0000000020280000] [id=11340]
  0x000000000054d800 GCTaskThread "GC Thread#0" [stack: 0x000000001a270000,0x000000001a370000] [id=4728]
  0x00000000214e7000 GCTaskThread "GC Thread#1" [stack: 0x0000000022870000,0x0000000022970000] [id=11160]
  0x000000002167e000 GCTaskThread "GC Thread#2" [stack: 0x00000000235d0000,0x00000000236d0000] [id=11820]
  0x00000000215aa000 GCTaskThread "GC Thread#3" [stack: 0x0000000023820000,0x0000000023920000] [id=11648]
  0x00000000218bb000 GCTaskThread "GC Thread#4" [stack: 0x0000000023990000,0x0000000023a90000] [id=3508]
  0x00000000218bb800 GCTaskThread "GC Thread#5" [stack: 0x0000000023b60000,0x0000000023c60000] [id=11984]
  0x00000000218bc000 GCTaskThread "GC Thread#6" [stack: 0x0000000023cc0000,0x0000000023dc0000] [id=10856]
  0x00000000218bd000 GCTaskThread "GC Thread#7" [stack: 0x0000000023dd0000,0x0000000023ed0000] [id=1780]
  0x000000000055f000 ConcurrentGCThread "G1 Main Marker" [stack: 0x000000001bfd0000,0x000000001c0d0000] [id=12092]
  0x0000000000561000 ConcurrentGCThread "G1 Conc#0" [stack: 0x000000001c190000,0x000000001c290000] [id=12188]
  0x000000001eadb000 ConcurrentGCThread "G1 Refine#0" [stack: 0x000000001ed50000,0x000000001ee50000] [id=10368]
  0x00000000215aa800 ConcurrentGCThread "G1 Refine#1" [stack: 0x00000000234c0000,0x00000000235c0000] [id=2924]
  0x000000001eade000 ConcurrentGCThread "G1 Young RemSet Sampling" [stack: 0x000000001eec0000,0x000000001efc0000] [id=7280]

Threads with active compile tasks:
C2 CompilerThread0   3471 1218   !   4       java.util.concurrent.ConcurrentHashMap::putVal (432 bytes)
C1 CompilerThread0   3471 1220       3       java.lang.invoke.DirectMethodHandle::maybeCompile (24 bytes)
C2 CompilerThread1   3471 1201       4       jdk.internal.org.objectweb.asm.ClassWriter::newUTF8 (70 bytes)
C2 CompilerThread2   3471 1190 %     4       java.io.WinNTFileSystem::normalize @ 22 (143 bytes)

VM state:synchronizing (normal execution)

VM Mutex/Monitor currently owned by a thread:  ([mutex/lock_event])
[0x00000000005300c0] Threads_lock - owner thread: 0x000000001f132000

Heap address: 0x00000000e0000000, size: 512 MB, Compressed Oops mode: 32-bit
Narrow klass base: 0x0000000000000000, Narrow klass shift: 0
Compressed class space size: 1073741824 Address: 0x000000007fff0000

Heap:
 garbage-first heap   total 262144K, used 10946K [0x00000000e0000000, 0x0000000100000000)
  region size 1024K, 9 young (9216K), 3 survivors (3072K)
 Metaspace       used 14608K, capacity 15150K, committed 15488K, reserved 1062912K
  class space    used 1617K, capacity 1802K, committed 1920K, reserved 1048576K
Heap Regions: E=young(eden), S=young(survivor), O=old, HS=humongous(starts), HC=humongous(continues), CS=collection set, F=free, A=archive, TAMS=top-at-mark-start (previous, next)
|   0|0x00000000e0000000, 0x00000000e0100000, 0x00000000e0100000|100%| O|  |TAMS 0x00000000e0000000, 0x00000000e0000000| Untracked 
|   1|0x00000000e0100000, 0x00000000e0200000, 0x00000000e0200000|100%| O|  |TAMS 0x00000000e0100000, 0x00000000e0100000| Untracked 
|   2|0x00000000e0200000, 0x00000000e02b0a00, 0x00000000e0300000| 68%| O|  |TAMS 0x00000000e0200000, 0x00000000e0200000| Untracked 
|   3|0x00000000e0300000, 0x00000000e0300000, 0x00000000e0400000|  0%| F|  |TAMS 0x00000000e0300000, 0x00000000e0300000| Untracked 
|   4|0x00000000e0400000, 0x00000000e0400000, 0x00000000e0500000|  0%| F|  |TAMS 0x00000000e0400000, 0x00000000e0400000| Untracked 
|   5|0x00000000e0500000, 0x00000000e0500000, 0x00000000e0600000|  0%| F|  |TAMS 0x00000000e0500000, 0x00000000e0500000| Untracked 
|   6|0x00000000e0600000, 0x00000000e0600000, 0x00000000e0700000|  0%| F|  |TAMS 0x00000000e0600000, 0x00000000e0600000| Untracked 
|   7|0x00000000e0700000, 0x00000000e0700000, 0x00000000e0800000|  0%| F|  |TAMS 0x00000000e0700000, 0x00000000e0700000| Untracked 
|   8|0x00000000e0800000, 0x00000000e0800000, 0x00000000e0900000|  0%| F|  |TAMS 0x00000000e0800000, 0x00000000e0800000| Untracked 
|   9|0x00000000e0900000, 0x00000000e0900000, 0x00000000e0a00000|  0%| F|  |TAMS 0x00000000e0900000, 0x00000000e0900000| Untracked 
|  10|0x00000000e0a00000, 0x00000000e0a00000, 0x00000000e0b00000|  0%| F|  |TAMS 0x00000000e0a00000, 0x00000000e0a00000| Untracked 
|  11|0x00000000e0b00000, 0x00000000e0b00000, 0x00000000e0c00000|  0%| F|  |TAMS 0x00000000e0b00000, 0x00000000e0b00000| Untracked 
|  12|0x00000000e0c00000, 0x00000000e0c00000, 0x00000000e0d00000|  0%| F|  |TAMS 0x00000000e0c00000, 0x00000000e0c00000| Untracked 
|  13|0x00000000e0d00000, 0x00000000e0d00000, 0x00000000e0e00000|  0%| F|  |TAMS 0x00000000e0d00000, 0x00000000e0d00000| Untracked 
|  14|0x00000000e0e00000, 0x00000000e0e00000, 0x00000000e0f00000|  0%| F|  |TAMS 0x00000000e0e00000, 0x00000000e0e00000| Untracked 
|  15|0x00000000e0f00000, 0x00000000e0f00000, 0x00000000e1000000|  0%| F|  |TAMS 0x00000000e0f00000, 0x00000000e0f00000| Untracked 
|  16|0x00000000e1000000, 0x00000000e1000000, 0x00000000e1100000|  0%| F|  |TAMS 0x00000000e1000000, 0x00000000e1000000| Untracked 
|  17|0x00000000e1100000, 0x00000000e1100000, 0x00000000e1200000|  0%| F|  |TAMS 0x00000000e1100000, 0x00000000e1100000| Untracked 
|  18|0x00000000e1200000, 0x00000000e1200000, 0x00000000e1300000|  0%| F|  |TAMS 0x00000000e1200000, 0x00000000e1200000| Untracked 
|  19|0x00000000e1300000, 0x00000000e1300000, 0x00000000e1400000|  0%| F|  |TAMS 0x00000000e1300000, 0x00000000e1300000| Untracked 
|  20|0x00000000e1400000, 0x00000000e1400000, 0x00000000e1500000|  0%| F|  |TAMS 0x00000000e1400000, 0x00000000e1400000| Untracked 
|  21|0x00000000e1500000, 0x00000000e1500000, 0x00000000e1600000|  0%| F|  |TAMS 0x00000000e1500000, 0x00000000e1500000| Untracked 
|  22|0x00000000e1600000, 0x00000000e1600000, 0x00000000e1700000|  0%| F|  |TAMS 0x00000000e1600000, 0x00000000e1600000| Untracked 
|  23|0x00000000e1700000, 0x00000000e1700000, 0x00000000e1800000|  0%| F|  |TAMS 0x00000000e1700000, 0x00000000e1700000| Untracked 
|  24|0x00000000e1800000, 0x00000000e1800000, 0x00000000e1900000|  0%| F|  |TAMS 0x00000000e1800000, 0x00000000e1800000| Untracked 
|  25|0x00000000e1900000, 0x00000000e1900000, 0x00000000e1a00000|  0%| F|  |TAMS 0x00000000e1900000, 0x00000000e1900000| Untracked 
|  26|0x00000000e1a00000, 0x00000000e1a00000, 0x00000000e1b00000|  0%| F|  |TAMS 0x00000000e1a00000, 0x00000000e1a00000| Untracked 
|  27|0x00000000e1b00000, 0x00000000e1b00000, 0x00000000e1c00000|  0%| F|  |TAMS 0x00000000e1b00000, 0x00000000e1b00000| Untracked 
|  28|0x00000000e1c00000, 0x00000000e1c00000, 0x00000000e1d00000|  0%| F|  |TAMS 0x00000000e1c00000, 0x00000000e1c00000| Untracked 
|  29|0x00000000e1d00000, 0x00000000e1d00000, 0x00000000e1e00000|  0%| F|  |TAMS 0x00000000e1d00000, 0x00000000e1d00000| Untracked 
|  30|0x00000000e1e00000, 0x00000000e1e00000, 0x00000000e1f00000|  0%| F|  |TAMS 0x00000000e1e00000, 0x00000000e1e00000| Untracked 
|  31|0x00000000e1f00000, 0x00000000e1f00000, 0x00000000e2000000|  0%| F|  |TAMS 0x00000000e1f00000, 0x00000000e1f00000| Untracked 
|  32|0x00000000e2000000, 0x00000000e2000000, 0x00000000e2100000|  0%| F|  |TAMS 0x00000000e2000000, 0x00000000e2000000| Untracked 
|  33|0x00000000e2100000, 0x00000000e2100000, 0x00000000e2200000|  0%| F|  |TAMS 0x00000000e2100000, 0x00000000e2100000| Untracked 
|  34|0x00000000e2200000, 0x00000000e2200000, 0x00000000e2300000|  0%| F|  |TAMS 0x00000000e2200000, 0x00000000e2200000| Untracked 
|  35|0x00000000e2300000, 0x00000000e2300000, 0x00000000e2400000|  0%| F|  |TAMS 0x00000000e2300000, 0x00000000e2300000| Untracked 
|  36|0x00000000e2400000, 0x00000000e2400000, 0x00000000e2500000|  0%| F|  |TAMS 0x00000000e2400000, 0x00000000e2400000| Untracked 
|  37|0x00000000e2500000, 0x00000000e2500000, 0x00000000e2600000|  0%| F|  |TAMS 0x00000000e2500000, 0x00000000e2500000| Untracked 
|  38|0x00000000e2600000, 0x00000000e2600000, 0x00000000e2700000|  0%| F|  |TAMS 0x00000000e2600000, 0x00000000e2600000| Untracked 
|  39|0x00000000e2700000, 0x00000000e2700000, 0x00000000e2800000|  0%| F|  |TAMS 0x00000000e2700000, 0x00000000e2700000| Untracked 
|  40|0x00000000e2800000, 0x00000000e2800000, 0x00000000e2900000|  0%| F|  |TAMS 0x00000000e2800000, 0x00000000e2800000| Untracked 
|  41|0x00000000e2900000, 0x00000000e2900000, 0x00000000e2a00000|  0%| F|  |TAMS 0x00000000e2900000, 0x00000000e2900000| Untracked 
|  42|0x00000000e2a00000, 0x00000000e2a00000, 0x00000000e2b00000|  0%| F|  |TAMS 0x00000000e2a00000, 0x00000000e2a00000| Untracked 
|  43|0x00000000e2b00000, 0x00000000e2b00000, 0x00000000e2c00000|  0%| F|  |TAMS 0x00000000e2b00000, 0x00000000e2b00000| Untracked 
|  44|0x00000000e2c00000, 0x00000000e2c00000, 0x00000000e2d00000|  0%| F|  |TAMS 0x00000000e2c00000, 0x00000000e2c00000| Untracked 
|  45|0x00000000e2d00000, 0x00000000e2d00000, 0x00000000e2e00000|  0%| F|  |TAMS 0x00000000e2d00000, 0x00000000e2d00000| Untracked 
|  46|0x00000000e2e00000, 0x00000000e2e00000, 0x00000000e2f00000|  0%| F|  |TAMS 0x00000000e2e00000, 0x00000000e2e00000| Untracked 
|  47|0x00000000e2f00000, 0x00000000e2f00000, 0x00000000e3000000|  0%| F|  |TAMS 0x00000000e2f00000, 0x00000000e2f00000| Untracked 
|  48|0x00000000e3000000, 0x00000000e3000000, 0x00000000e3100000|  0%| F|  |TAMS 0x00000000e3000000, 0x00000000e3000000| Untracked 
|  49|0x00000000e3100000, 0x00000000e3100000, 0x00000000e3200000|  0%| F|  |TAMS 0x00000000e3100000, 0x00000000e3100000| Untracked 
|  50|0x00000000e3200000, 0x00000000e3200000, 0x00000000e3300000|  0%| F|  |TAMS 0x00000000e3200000, 0x00000000e3200000| Untracked 
|  51|0x00000000e3300000, 0x00000000e3300000, 0x00000000e3400000|  0%| F|  |TAMS 0x00000000e3300000, 0x00000000e3300000| Untracked 
|  52|0x00000000e3400000, 0x00000000e3400000, 0x00000000e3500000|  0%| F|  |TAMS 0x00000000e3400000, 0x00000000e3400000| Untracked 
|  53|0x00000000e3500000, 0x00000000e3500000, 0x00000000e3600000|  0%| F|  |TAMS 0x00000000e3500000, 0x00000000e3500000| Untracked 
|  54|0x00000000e3600000, 0x00000000e3600000, 0x00000000e3700000|  0%| F|  |TAMS 0x00000000e3600000, 0x00000000e3600000| Untracked 
|  55|0x00000000e3700000, 0x00000000e3700000, 0x00000000e3800000|  0%| F|  |TAMS 0x00000000e3700000, 0x00000000e3700000| Untracked 
|  56|0x00000000e3800000, 0x00000000e3800000, 0x00000000e3900000|  0%| F|  |TAMS 0x00000000e3800000, 0x00000000e3800000| Untracked 
|  57|0x00000000e3900000, 0x00000000e3900000, 0x00000000e3a00000|  0%| F|  |TAMS 0x00000000e3900000, 0x00000000e3900000| Untracked 
|  58|0x00000000e3a00000, 0x00000000e3a00000, 0x00000000e3b00000|  0%| F|  |TAMS 0x00000000e3a00000, 0x00000000e3a00000| Untracked 
|  59|0x00000000e3b00000, 0x00000000e3b00000, 0x00000000e3c00000|  0%| F|  |TAMS 0x00000000e3b00000, 0x00000000e3b00000| Untracked 
|  60|0x00000000e3c00000, 0x00000000e3c00000, 0x00000000e3d00000|  0%| F|  |TAMS 0x00000000e3c00000, 0x00000000e3c00000| Untracked 
|  61|0x00000000e3d00000, 0x00000000e3d00000, 0x00000000e3e00000|  0%| F|  |TAMS 0x00000000e3d00000, 0x00000000e3d00000| Untracked 
|  62|0x00000000e3e00000, 0x00000000e3e00000, 0x00000000e3f00000|  0%| F|  |TAMS 0x00000000e3e00000, 0x00000000e3e00000| Untracked 
|  63|0x00000000e3f00000, 0x00000000e3f00000, 0x00000000e4000000|  0%| F|  |TAMS 0x00000000e3f00000, 0x00000000e3f00000| Untracked 
|  64|0x00000000e4000000, 0x00000000e4000000, 0x00000000e4100000|  0%| F|  |TAMS 0x00000000e4000000, 0x00000000e4000000| Untracked 
|  65|0x00000000e4100000, 0x00000000e4100000, 0x00000000e4200000|  0%| F|  |TAMS 0x00000000e4100000, 0x00000000e4100000| Untracked 
|  66|0x00000000e4200000, 0x00000000e4200000, 0x00000000e4300000|  0%| F|  |TAMS 0x00000000e4200000, 0x00000000e4200000| Untracked 
|  67|0x00000000e4300000, 0x00000000e4300000, 0x00000000e4400000|  0%| F|  |TAMS 0x00000000e4300000, 0x00000000e4300000| Untracked 
|  68|0x00000000e4400000, 0x00000000e4400000, 0x00000000e4500000|  0%| F|  |TAMS 0x00000000e4400000, 0x00000000e4400000| Untracked 
|  69|0x00000000e4500000, 0x00000000e4500000, 0x00000000e4600000|  0%| F|  |TAMS 0x00000000e4500000, 0x00000000e4500000| Untracked 
|  70|0x00000000e4600000, 0x00000000e4600000, 0x00000000e4700000|  0%| F|  |TAMS 0x00000000e4600000, 0x00000000e4600000| Untracked 
|  71|0x00000000e4700000, 0x00000000e4700000, 0x00000000e4800000|  0%| F|  |TAMS 0x00000000e4700000, 0x00000000e4700000| Untracked 
|  72|0x00000000e4800000, 0x00000000e4800000, 0x00000000e4900000|  0%| F|  |TAMS 0x00000000e4800000, 0x00000000e4800000| Untracked 
|  73|0x00000000e4900000, 0x00000000e4900000, 0x00000000e4a00000|  0%| F|  |TAMS 0x00000000e4900000, 0x00000000e4900000| Untracked 
|  74|0x00000000e4a00000, 0x00000000e4a00000, 0x00000000e4b00000|  0%| F|  |TAMS 0x00000000e4a00000, 0x00000000e4a00000| Untracked 
|  75|0x00000000e4b00000, 0x00000000e4b00000, 0x00000000e4c00000|  0%| F|  |TAMS 0x00000000e4b00000, 0x00000000e4b00000| Untracked 
|  76|0x00000000e4c00000, 0x00000000e4c00000, 0x00000000e4d00000|  0%| F|  |TAMS 0x00000000e4c00000, 0x00000000e4c00000| Untracked 
|  77|0x00000000e4d00000, 0x00000000e4d00000, 0x00000000e4e00000|  0%| F|  |TAMS 0x00000000e4d00000, 0x00000000e4d00000| Untracked 
|  78|0x00000000e4e00000, 0x00000000e4e00000, 0x00000000e4f00000|  0%| F|  |TAMS 0x00000000e4e00000, 0x00000000e4e00000| Untracked 
|  79|0x00000000e4f00000, 0x00000000e4f00000, 0x00000000e5000000|  0%| F|  |TAMS 0x00000000e4f00000, 0x00000000e4f00000| Untracked 
|  80|0x00000000e5000000, 0x00000000e5000000, 0x00000000e5100000|  0%| F|  |TAMS 0x00000000e5000000, 0x00000000e5000000| Untracked 
|  81|0x00000000e5100000, 0x00000000e5100000, 0x00000000e5200000|  0%| F|  |TAMS 0x00000000e5100000, 0x00000000e5100000| Untracked 
|  82|0x00000000e5200000, 0x00000000e5200000, 0x00000000e5300000|  0%| F|  |TAMS 0x00000000e5200000, 0x00000000e5200000| Untracked 
|  83|0x00000000e5300000, 0x00000000e5300000, 0x00000000e5400000|  0%| F|  |TAMS 0x00000000e5300000, 0x00000000e5300000| Untracked 
|  84|0x00000000e5400000, 0x00000000e5400000, 0x00000000e5500000|  0%| F|  |TAMS 0x00000000e5400000, 0x00000000e5400000| Untracked 
|  85|0x00000000e5500000, 0x00000000e5500000, 0x00000000e5600000|  0%| F|  |TAMS 0x00000000e5500000, 0x00000000e5500000| Untracked 
|  86|0x00000000e5600000, 0x00000000e5600000, 0x00000000e5700000|  0%| F|  |TAMS 0x00000000e5600000, 0x00000000e5600000| Untracked 
|  87|0x00000000e5700000, 0x00000000e5700000, 0x00000000e5800000|  0%| F|  |TAMS 0x00000000e5700000, 0x00000000e5700000| Untracked 
|  88|0x00000000e5800000, 0x00000000e5800000, 0x00000000e5900000|  0%| F|  |TAMS 0x00000000e5800000, 0x00000000e5800000| Untracked 
|  89|0x00000000e5900000, 0x00000000e5900000, 0x00000000e5a00000|  0%| F|  |TAMS 0x00000000e5900000, 0x00000000e5900000| Untracked 
|  90|0x00000000e5a00000, 0x00000000e5a00000, 0x00000000e5b00000|  0%| F|  |TAMS 0x00000000e5a00000, 0x00000000e5a00000| Untracked 
|  91|0x00000000e5b00000, 0x00000000e5b00000, 0x00000000e5c00000|  0%| F|  |TAMS 0x00000000e5b00000, 0x00000000e5b00000| Untracked 
|  92|0x00000000e5c00000, 0x00000000e5c00000, 0x00000000e5d00000|  0%| F|  |TAMS 0x00000000e5c00000, 0x00000000e5c00000| Untracked 
|  93|0x00000000e5d00000, 0x00000000e5d00000, 0x00000000e5e00000|  0%| F|  |TAMS 0x00000000e5d00000, 0x00000000e5d00000| Untracked 
|  94|0x00000000e5e00000, 0x00000000e5e00000, 0x00000000e5f00000|  0%| F|  |TAMS 0x00000000e5e00000, 0x00000000e5e00000| Untracked 
|  95|0x00000000e5f00000, 0x00000000e5f00000, 0x00000000e6000000|  0%| F|  |TAMS 0x00000000e5f00000, 0x00000000e5f00000| Untracked 
|  96|0x00000000e6000000, 0x00000000e6000000, 0x00000000e6100000|  0%| F|  |TAMS 0x00000000e6000000, 0x00000000e6000000| Untracked 
|  97|0x00000000e6100000, 0x00000000e6100000, 0x00000000e6200000|  0%| F|  |TAMS 0x00000000e6100000, 0x00000000e6100000| Untracked 
|  98|0x00000000e6200000, 0x00000000e6200000, 0x00000000e6300000|  0%| F|  |TAMS 0x00000000e6200000, 0x00000000e6200000| Untracked 
|  99|0x00000000e6300000, 0x00000000e6300000, 0x00000000e6400000|  0%| F|  |TAMS 0x00000000e6300000, 0x00000000e6300000| Untracked 
| 100|0x00000000e6400000, 0x00000000e6400000, 0x00000000e6500000|  0%| F|  |TAMS 0x00000000e6400000, 0x00000000e6400000| Untracked 
| 101|0x00000000e6500000, 0x00000000e6500000, 0x00000000e6600000|  0%| F|  |TAMS 0x00000000e6500000, 0x00000000e6500000| Untracked 
| 102|0x00000000e6600000, 0x00000000e6600000, 0x00000000e6700000|  0%| F|  |TAMS 0x00000000e6600000, 0x00000000e6600000| Untracked 
| 103|0x00000000e6700000, 0x00000000e6700000, 0x00000000e6800000|  0%| F|  |TAMS 0x00000000e6700000, 0x00000000e6700000| Untracked 
| 104|0x00000000e6800000, 0x00000000e6800000, 0x00000000e6900000|  0%| F|  |TAMS 0x00000000e6800000, 0x00000000e6800000| Untracked 
| 105|0x00000000e6900000, 0x00000000e6900000, 0x00000000e6a00000|  0%| F|  |TAMS 0x00000000e6900000, 0x00000000e6900000| Untracked 
| 106|0x00000000e6a00000, 0x00000000e6a00000, 0x00000000e6b00000|  0%| F|  |TAMS 0x00000000e6a00000, 0x00000000e6a00000| Untracked 
| 107|0x00000000e6b00000, 0x00000000e6b00000, 0x00000000e6c00000|  0%| F|  |TAMS 0x00000000e6b00000, 0x00000000e6b00000| Untracked 
| 108|0x00000000e6c00000, 0x00000000e6c00000, 0x00000000e6d00000|  0%| F|  |TAMS 0x00000000e6c00000, 0x00000000e6c00000| Untracked 
| 109|0x00000000e6d00000, 0x00000000e6d00000, 0x00000000e6e00000|  0%| F|  |TAMS 0x00000000e6d00000, 0x00000000e6d00000| Untracked 
| 110|0x00000000e6e00000, 0x00000000e6e00000, 0x00000000e6f00000|  0%| F|  |TAMS 0x00000000e6e00000, 0x00000000e6e00000| Untracked 
| 111|0x00000000e6f00000, 0x00000000e6f00000, 0x00000000e7000000|  0%| F|  |TAMS 0x00000000e6f00000, 0x00000000e6f00000| Untracked 
| 112|0x00000000e7000000, 0x00000000e7000000, 0x00000000e7100000|  0%| F|  |TAMS 0x00000000e7000000, 0x00000000e7000000| Untracked 
| 113|0x00000000e7100000, 0x00000000e7100000, 0x00000000e7200000|  0%| F|  |TAMS 0x00000000e7100000, 0x00000000e7100000| Untracked 
| 114|0x00000000e7200000, 0x00000000e7200000, 0x00000000e7300000|  0%| F|  |TAMS 0x00000000e7200000, 0x00000000e7200000| Untracked 
| 115|0x00000000e7300000, 0x00000000e7300000, 0x00000000e7400000|  0%| F|  |TAMS 0x00000000e7300000, 0x00000000e7300000| Untracked 
| 116|0x00000000e7400000, 0x00000000e7400000, 0x00000000e7500000|  0%| F|  |TAMS 0x00000000e7400000, 0x00000000e7400000| Untracked 
| 117|0x00000000e7500000, 0x00000000e7500000, 0x00000000e7600000|  0%| F|  |TAMS 0x00000000e7500000, 0x00000000e7500000| Untracked 
| 118|0x00000000e7600000, 0x00000000e7600000, 0x00000000e7700000|  0%| F|  |TAMS 0x00000000e7600000, 0x00000000e7600000| Untracked 
| 119|0x00000000e7700000, 0x00000000e7700000, 0x00000000e7800000|  0%| F|  |TAMS 0x00000000e7700000, 0x00000000e7700000| Untracked 
| 120|0x00000000e7800000, 0x00000000e7800000, 0x00000000e7900000|  0%| F|  |TAMS 0x00000000e7800000, 0x00000000e7800000| Untracked 
| 121|0x00000000e7900000, 0x00000000e7900000, 0x00000000e7a00000|  0%| F|  |TAMS 0x00000000e7900000, 0x00000000e7900000| Untracked 
| 122|0x00000000e7a00000, 0x00000000e7a00000, 0x00000000e7b00000|  0%| F|  |TAMS 0x00000000e7a00000, 0x00000000e7a00000| Untracked 
| 123|0x00000000e7b00000, 0x00000000e7b00000, 0x00000000e7c00000|  0%| F|  |TAMS 0x00000000e7b00000, 0x00000000e7b00000| Untracked 
| 124|0x00000000e7c00000, 0x00000000e7c00000, 0x00000000e7d00000|  0%| F|  |TAMS 0x00000000e7c00000, 0x00000000e7c00000| Untracked 
| 125|0x00000000e7d00000, 0x00000000e7d00000, 0x00000000e7e00000|  0%| F|  |TAMS 0x00000000e7d00000, 0x00000000e7d00000| Untracked 
| 126|0x00000000e7e00000, 0x00000000e7e00000, 0x00000000e7f00000|  0%| F|  |TAMS 0x00000000e7e00000, 0x00000000e7e00000| Untracked 
| 127|0x00000000e7f00000, 0x00000000e7f00000, 0x00000000e8000000|  0%| F|  |TAMS 0x00000000e7f00000, 0x00000000e7f00000| Untracked 
| 128|0x00000000e8000000, 0x00000000e8000000, 0x00000000e8100000|  0%| F|  |TAMS 0x00000000e8000000, 0x00000000e8000000| Untracked 
| 129|0x00000000e8100000, 0x00000000e8100000, 0x00000000e8200000|  0%| F|  |TAMS 0x00000000e8100000, 0x00000000e8100000| Untracked 
| 130|0x00000000e8200000, 0x00000000e8200000, 0x00000000e8300000|  0%| F|  |TAMS 0x00000000e8200000, 0x00000000e8200000| Untracked 
| 131|0x00000000e8300000, 0x00000000e8300000, 0x00000000e8400000|  0%| F|  |TAMS 0x00000000e8300000, 0x00000000e8300000| Untracked 
| 132|0x00000000e8400000, 0x00000000e8400000, 0x00000000e8500000|  0%| F|  |TAMS 0x00000000e8400000, 0x00000000e8400000| Untracked 
| 133|0x00000000e8500000, 0x00000000e8500000, 0x00000000e8600000|  0%| F|  |TAMS 0x00000000e8500000, 0x00000000e8500000| Untracked 
| 134|0x00000000e8600000, 0x00000000e8600000, 0x00000000e8700000|  0%| F|  |TAMS 0x00000000e8600000, 0x00000000e8600000| Untracked 
| 135|0x00000000e8700000, 0x00000000e8700000, 0x00000000e8800000|  0%| F|  |TAMS 0x00000000e8700000, 0x00000000e8700000| Untracked 
| 136|0x00000000e8800000, 0x00000000e8800000, 0x00000000e8900000|  0%| F|  |TAMS 0x00000000e8800000, 0x00000000e8800000| Untracked 
| 137|0x00000000e8900000, 0x00000000e8900000, 0x00000000e8a00000|  0%| F|  |TAMS 0x00000000e8900000, 0x00000000e8900000| Untracked 
| 138|0x00000000e8a00000, 0x00000000e8a00000, 0x00000000e8b00000|  0%| F|  |TAMS 0x00000000e8a00000, 0x00000000e8a00000| Untracked 
| 139|0x00000000e8b00000, 0x00000000e8b00000, 0x00000000e8c00000|  0%| F|  |TAMS 0x00000000e8b00000, 0x00000000e8b00000| Untracked 
| 140|0x00000000e8c00000, 0x00000000e8c00000, 0x00000000e8d00000|  0%| F|  |TAMS 0x00000000e8c00000, 0x00000000e8c00000| Untracked 
| 141|0x00000000e8d00000, 0x00000000e8d00000, 0x00000000e8e00000|  0%| F|  |TAMS 0x00000000e8d00000, 0x00000000e8d00000| Untracked 
| 142|0x00000000e8e00000, 0x00000000e8e00000, 0x00000000e8f00000|  0%| F|  |TAMS 0x00000000e8e00000, 0x00000000e8e00000| Untracked 
| 143|0x00000000e8f00000, 0x00000000e8f00000, 0x00000000e9000000|  0%| F|  |TAMS 0x00000000e8f00000, 0x00000000e8f00000| Untracked 
| 144|0x00000000e9000000, 0x00000000e9000000, 0x00000000e9100000|  0%| F|  |TAMS 0x00000000e9000000, 0x00000000e9000000| Untracked 
| 145|0x00000000e9100000, 0x00000000e9100000, 0x00000000e9200000|  0%| F|  |TAMS 0x00000000e9100000, 0x00000000e9100000| Untracked 
| 146|0x00000000e9200000, 0x00000000e9200000, 0x00000000e9300000|  0%| F|  |TAMS 0x00000000e9200000, 0x00000000e9200000| Untracked 
| 147|0x00000000e9300000, 0x00000000e9300000, 0x00000000e9400000|  0%| F|  |TAMS 0x00000000e9300000, 0x00000000e9300000| Untracked 
| 148|0x00000000e9400000, 0x00000000e9400000, 0x00000000e9500000|  0%| F|  |TAMS 0x00000000e9400000, 0x00000000e9400000| Untracked 
| 149|0x00000000e9500000, 0x00000000e9500000, 0x00000000e9600000|  0%| F|  |TAMS 0x00000000e9500000, 0x00000000e9500000| Untracked 
| 150|0x00000000e9600000, 0x00000000e9600000, 0x00000000e9700000|  0%| F|  |TAMS 0x00000000e9600000, 0x00000000e9600000| Untracked 
| 151|0x00000000e9700000, 0x00000000e9700000, 0x00000000e9800000|  0%| F|  |TAMS 0x00000000e9700000, 0x00000000e9700000| Untracked 
| 152|0x00000000e9800000, 0x00000000e9800000, 0x00000000e9900000|  0%| F|  |TAMS 0x00000000e9800000, 0x00000000e9800000| Untracked 
| 153|0x00000000e9900000, 0x00000000e9900000, 0x00000000e9a00000|  0%| F|  |TAMS 0x00000000e9900000, 0x00000000e9900000| Untracked 
| 154|0x00000000e9a00000, 0x00000000e9a00000, 0x00000000e9b00000|  0%| F|  |TAMS 0x00000000e9a00000, 0x00000000e9a00000| Untracked 
| 155|0x00000000e9b00000, 0x00000000e9b00000, 0x00000000e9c00000|  0%| F|  |TAMS 0x00000000e9b00000, 0x00000000e9b00000| Untracked 
| 156|0x00000000e9c00000, 0x00000000e9c00000, 0x00000000e9d00000|  0%| F|  |TAMS 0x00000000e9c00000, 0x00000000e9c00000| Untracked 
| 157|0x00000000e9d00000, 0x00000000e9d00000, 0x00000000e9e00000|  0%| F|  |TAMS 0x00000000e9d00000, 0x00000000e9d00000| Untracked 
| 158|0x00000000e9e00000, 0x00000000e9e00000, 0x00000000e9f00000|  0%| F|  |TAMS 0x00000000e9e00000, 0x00000000e9e00000| Untracked 
| 159|0x00000000e9f00000, 0x00000000e9f00000, 0x00000000ea000000|  0%| F|  |TAMS 0x00000000e9f00000, 0x00000000e9f00000| Untracked 
| 160|0x00000000ea000000, 0x00000000ea000000, 0x00000000ea100000|  0%| F|  |TAMS 0x00000000ea000000, 0x00000000ea000000| Untracked 
| 161|0x00000000ea100000, 0x00000000ea100000, 0x00000000ea200000|  0%| F|  |TAMS 0x00000000ea100000, 0x00000000ea100000| Untracked 
| 162|0x00000000ea200000, 0x00000000ea200000, 0x00000000ea300000|  0%| F|  |TAMS 0x00000000ea200000, 0x00000000ea200000| Untracked 
| 163|0x00000000ea300000, 0x00000000ea300000, 0x00000000ea400000|  0%| F|  |TAMS 0x00000000ea300000, 0x00000000ea300000| Untracked 
| 164|0x00000000ea400000, 0x00000000ea400000, 0x00000000ea500000|  0%| F|  |TAMS 0x00000000ea400000, 0x00000000ea400000| Untracked 
| 165|0x00000000ea500000, 0x00000000ea500000, 0x00000000ea600000|  0%| F|  |TAMS 0x00000000ea500000, 0x00000000ea500000| Untracked 
| 166|0x00000000ea600000, 0x00000000ea600000, 0x00000000ea700000|  0%| F|  |TAMS 0x00000000ea600000, 0x00000000ea600000| Untracked 
| 167|0x00000000ea700000, 0x00000000ea700000, 0x00000000ea800000|  0%| F|  |TAMS 0x00000000ea700000, 0x00000000ea700000| Untracked 
| 168|0x00000000ea800000, 0x00000000ea800000, 0x00000000ea900000|  0%| F|  |TAMS 0x00000000ea800000, 0x00000000ea800000| Untracked 
| 169|0x00000000ea900000, 0x00000000ea900000, 0x00000000eaa00000|  0%| F|  |TAMS 0x00000000ea900000, 0x00000000ea900000| Untracked 
| 170|0x00000000eaa00000, 0x00000000eaa00000, 0x00000000eab00000|  0%| F|  |TAMS 0x00000000eaa00000, 0x00000000eaa00000| Untracked 
| 171|0x00000000eab00000, 0x00000000eab00000, 0x00000000eac00000|  0%| F|  |TAMS 0x00000000eab00000, 0x00000000eab00000| Untracked 
| 172|0x00000000eac00000, 0x00000000eac00000, 0x00000000ead00000|  0%| F|  |TAMS 0x00000000eac00000, 0x00000000eac00000| Untracked 
| 173|0x00000000ead00000, 0x00000000ead00000, 0x00000000eae00000|  0%| F|  |TAMS 0x00000000ead00000, 0x00000000ead00000| Untracked 
| 174|0x00000000eae00000, 0x00000000eae00000, 0x00000000eaf00000|  0%| F|  |TAMS 0x00000000eae00000, 0x00000000eae00000| Untracked 
| 175|0x00000000eaf00000, 0x00000000eaf00000, 0x00000000eb000000|  0%| F|  |TAMS 0x00000000eaf00000, 0x00000000eaf00000| Untracked 
| 176|0x00000000eb000000, 0x00000000eb000000, 0x00000000eb100000|  0%| F|  |TAMS 0x00000000eb000000, 0x00000000eb000000| Untracked 
| 177|0x00000000eb100000, 0x00000000eb100000, 0x00000000eb200000|  0%| F|  |TAMS 0x00000000eb100000, 0x00000000eb100000| Untracked 
| 178|0x00000000eb200000, 0x00000000eb200000, 0x00000000eb300000|  0%| F|  |TAMS 0x00000000eb200000, 0x00000000eb200000| Untracked 
| 179|0x00000000eb300000, 0x00000000eb300000, 0x00000000eb400000|  0%| F|  |TAMS 0x00000000eb300000, 0x00000000eb300000| Untracked 
| 180|0x00000000eb400000, 0x00000000eb400000, 0x00000000eb500000|  0%| F|  |TAMS 0x00000000eb400000, 0x00000000eb400000| Untracked 
| 181|0x00000000eb500000, 0x00000000eb500000, 0x00000000eb600000|  0%| F|  |TAMS 0x00000000eb500000, 0x00000000eb500000| Untracked 
| 182|0x00000000eb600000, 0x00000000eb600000, 0x00000000eb700000|  0%| F|  |TAMS 0x00000000eb600000, 0x00000000eb600000| Untracked 
| 183|0x00000000eb700000, 0x00000000eb700000, 0x00000000eb800000|  0%| F|  |TAMS 0x00000000eb700000, 0x00000000eb700000| Untracked 
| 184|0x00000000eb800000, 0x00000000eb800000, 0x00000000eb900000|  0%| F|  |TAMS 0x00000000eb800000, 0x00000000eb800000| Untracked 
| 185|0x00000000eb900000, 0x00000000eb900000, 0x00000000eba00000|  0%| F|  |TAMS 0x00000000eb900000, 0x00000000eb900000| Untracked 
| 186|0x00000000eba00000, 0x00000000eba00000, 0x00000000ebb00000|  0%| F|  |TAMS 0x00000000eba00000, 0x00000000eba00000| Untracked 
| 187|0x00000000ebb00000, 0x00000000ebb00000, 0x00000000ebc00000|  0%| F|  |TAMS 0x00000000ebb00000, 0x00000000ebb00000| Untracked 
| 188|0x00000000ebc00000, 0x00000000ebc00000, 0x00000000ebd00000|  0%| F|  |TAMS 0x00000000ebc00000, 0x00000000ebc00000| Untracked 
| 189|0x00000000ebd00000, 0x00000000ebd00000, 0x00000000ebe00000|  0%| F|  |TAMS 0x00000000ebd00000, 0x00000000ebd00000| Untracked 
| 190|0x00000000ebe00000, 0x00000000ebe00000, 0x00000000ebf00000|  0%| F|  |TAMS 0x00000000ebe00000, 0x00000000ebe00000| Untracked 
| 191|0x00000000ebf00000, 0x00000000ebf00000, 0x00000000ec000000|  0%| F|  |TAMS 0x00000000ebf00000, 0x00000000ebf00000| Untracked 
| 192|0x00000000ec000000, 0x00000000ec000000, 0x00000000ec100000|  0%| F|  |TAMS 0x00000000ec000000, 0x00000000ec000000| Untracked 
| 193|0x00000000ec100000, 0x00000000ec100000, 0x00000000ec200000|  0%| F|  |TAMS 0x00000000ec100000, 0x00000000ec100000| Untracked 
| 194|0x00000000ec200000, 0x00000000ec200000, 0x00000000ec300000|  0%| F|  |TAMS 0x00000000ec200000, 0x00000000ec200000| Untracked 
| 195|0x00000000ec300000, 0x00000000ec300000, 0x00000000ec400000|  0%| F|  |TAMS 0x00000000ec300000, 0x00000000ec300000| Untracked 
| 196|0x00000000ec400000, 0x00000000ec400000, 0x00000000ec500000|  0%| F|  |TAMS 0x00000000ec400000, 0x00000000ec400000| Untracked 
| 197|0x00000000ec500000, 0x00000000ec500000, 0x00000000ec600000|  0%| F|  |TAMS 0x00000000ec500000, 0x00000000ec500000| Untracked 
| 198|0x00000000ec600000, 0x00000000ec600000, 0x00000000ec700000|  0%| F|  |TAMS 0x00000000ec600000, 0x00000000ec600000| Untracked 
| 199|0x00000000ec700000, 0x00000000ec700000, 0x00000000ec800000|  0%| F|  |TAMS 0x00000000ec700000, 0x00000000ec700000| Untracked 
| 200|0x00000000ec800000, 0x00000000ec800000, 0x00000000ec900000|  0%| F|  |TAMS 0x00000000ec800000, 0x00000000ec800000| Untracked 
| 201|0x00000000ec900000, 0x00000000ec900000, 0x00000000eca00000|  0%| F|  |TAMS 0x00000000ec900000, 0x00000000ec900000| Untracked 
| 202|0x00000000eca00000, 0x00000000eca00000, 0x00000000ecb00000|  0%| F|  |TAMS 0x00000000eca00000, 0x00000000eca00000| Untracked 
| 203|0x00000000ecb00000, 0x00000000ecb00000, 0x00000000ecc00000|  0%| F|  |TAMS 0x00000000ecb00000, 0x00000000ecb00000| Untracked 
| 204|0x00000000ecc00000, 0x00000000ecc00000, 0x00000000ecd00000|  0%| F|  |TAMS 0x00000000ecc00000, 0x00000000ecc00000| Untracked 
| 205|0x00000000ecd00000, 0x00000000ecd00000, 0x00000000ece00000|  0%| F|  |TAMS 0x00000000ecd00000, 0x00000000ecd00000| Untracked 
| 206|0x00000000ece00000, 0x00000000ece00000, 0x00000000ecf00000|  0%| F|  |TAMS 0x00000000ece00000, 0x00000000ece00000| Untracked 
| 207|0x00000000ecf00000, 0x00000000ecf00000, 0x00000000ed000000|  0%| F|  |TAMS 0x00000000ecf00000, 0x00000000ecf00000| Untracked 
| 208|0x00000000ed000000, 0x00000000ed000000, 0x00000000ed100000|  0%| F|  |TAMS 0x00000000ed000000, 0x00000000ed000000| Untracked 
| 209|0x00000000ed100000, 0x00000000ed100000, 0x00000000ed200000|  0%| F|  |TAMS 0x00000000ed100000, 0x00000000ed100000| Untracked 
| 210|0x00000000ed200000, 0x00000000ed200000, 0x00000000ed300000|  0%| F|  |TAMS 0x00000000ed200000, 0x00000000ed200000| Untracked 
| 211|0x00000000ed300000, 0x00000000ed300000, 0x00000000ed400000|  0%| F|  |TAMS 0x00000000ed300000, 0x00000000ed300000| Untracked 
| 212|0x00000000ed400000, 0x00000000ed400000, 0x00000000ed500000|  0%| F|  |TAMS 0x00000000ed400000, 0x00000000ed400000| Untracked 
| 213|0x00000000ed500000, 0x00000000ed500000, 0x00000000ed600000|  0%| F|  |TAMS 0x00000000ed500000, 0x00000000ed500000| Untracked 
| 214|0x00000000ed600000, 0x00000000ed600000, 0x00000000ed700000|  0%| F|  |TAMS 0x00000000ed600000, 0x00000000ed600000| Untracked 
| 215|0x00000000ed700000, 0x00000000ed700000, 0x00000000ed800000|  0%| F|  |TAMS 0x00000000ed700000, 0x00000000ed700000| Untracked 
| 216|0x00000000ed800000, 0x00000000ed800000, 0x00000000ed900000|  0%| F|  |TAMS 0x00000000ed800000, 0x00000000ed800000| Untracked 
| 217|0x00000000ed900000, 0x00000000ed900000, 0x00000000eda00000|  0%| F|  |TAMS 0x00000000ed900000, 0x00000000ed900000| Untracked 
| 218|0x00000000eda00000, 0x00000000eda00000, 0x00000000edb00000|  0%| F|  |TAMS 0x00000000eda00000, 0x00000000eda00000| Untracked 
| 219|0x00000000edb00000, 0x00000000edb00000, 0x00000000edc00000|  0%| F|  |TAMS 0x00000000edb00000, 0x00000000edb00000| Untracked 
| 220|0x00000000edc00000, 0x00000000edc00000, 0x00000000edd00000|  0%| F|  |TAMS 0x00000000edc00000, 0x00000000edc00000| Untracked 
| 221|0x00000000edd00000, 0x00000000edd00000, 0x00000000ede00000|  0%| F|  |TAMS 0x00000000edd00000, 0x00000000edd00000| Untracked 
| 222|0x00000000ede00000, 0x00000000ede00000, 0x00000000edf00000|  0%| F|  |TAMS 0x00000000ede00000, 0x00000000ede00000| Untracked 
| 223|0x00000000edf00000, 0x00000000edf00000, 0x00000000ee000000|  0%| F|  |TAMS 0x00000000edf00000, 0x00000000edf00000| Untracked 
| 224|0x00000000ee000000, 0x00000000ee000000, 0x00000000ee100000|  0%| F|  |TAMS 0x00000000ee000000, 0x00000000ee000000| Untracked 
| 225|0x00000000ee100000, 0x00000000ee100000, 0x00000000ee200000|  0%| F|  |TAMS 0x00000000ee100000, 0x00000000ee100000| Untracked 
| 226|0x00000000ee200000, 0x00000000ee200000, 0x00000000ee300000|  0%| F|  |TAMS 0x00000000ee200000, 0x00000000ee200000| Untracked 
| 227|0x00000000ee300000, 0x00000000ee300000, 0x00000000ee400000|  0%| F|  |TAMS 0x00000000ee300000, 0x00000000ee300000| Untracked 
| 228|0x00000000ee400000, 0x00000000ee400000, 0x00000000ee500000|  0%| F|  |TAMS 0x00000000ee400000, 0x00000000ee400000| Untracked 
| 229|0x00000000ee500000, 0x00000000ee600000, 0x00000000ee600000|100%| S|CS|TAMS 0x00000000ee500000, 0x00000000ee500000| Complete 
| 230|0x00000000ee600000, 0x00000000ee700000, 0x00000000ee700000|100%| S|CS|TAMS 0x00000000ee600000, 0x00000000ee600000| Complete 
| 231|0x00000000ee700000, 0x00000000ee800000, 0x00000000ee800000|100%| S|CS|TAMS 0x00000000ee700000, 0x00000000ee700000| Complete 
| 232|0x00000000ee800000, 0x00000000ee800000, 0x00000000ee900000|  0%| F|  |TAMS 0x00000000ee800000, 0x00000000ee800000| Untracked 
| 233|0x00000000ee900000, 0x00000000ee900000, 0x00000000eea00000|  0%| F|  |TAMS 0x00000000ee900000, 0x00000000ee900000| Untracked 
| 234|0x00000000eea00000, 0x00000000eea00000, 0x00000000eeb00000|  0%| F|  |TAMS 0x00000000eea00000, 0x00000000eea00000| Untracked 
| 235|0x00000000eeb00000, 0x00000000eeb00000, 0x00000000eec00000|  0%| F|  |TAMS 0x00000000eeb00000, 0x00000000eeb00000| Untracked 
| 236|0x00000000eec00000, 0x00000000eec00000, 0x00000000eed00000|  0%| F|  |TAMS 0x00000000eec00000, 0x00000000eec00000| Untracked 
| 237|0x00000000eed00000, 0x00000000eed00000, 0x00000000eee00000|  0%| F|  |TAMS 0x00000000eed00000, 0x00000000eed00000| Untracked 
| 238|0x00000000eee00000, 0x00000000eee00000, 0x00000000eef00000|  0%| F|  |TAMS 0x00000000eee00000, 0x00000000eee00000| Untracked 
| 239|0x00000000eef00000, 0x00000000eef00000, 0x00000000ef000000|  0%| F|  |TAMS 0x00000000eef00000, 0x00000000eef00000| Untracked 
| 240|0x00000000ef000000, 0x00000000ef000000, 0x00000000ef100000|  0%| F|  |TAMS 0x00000000ef000000, 0x00000000ef000000| Untracked 
| 241|0x00000000ef100000, 0x00000000ef100000, 0x00000000ef200000|  0%| F|  |TAMS 0x00000000ef100000, 0x00000000ef100000| Untracked 
| 242|0x00000000ef200000, 0x00000000ef200000, 0x00000000ef300000|  0%| F|  |TAMS 0x00000000ef200000, 0x00000000ef200000| Untracked 
| 243|0x00000000ef300000, 0x00000000ef300000, 0x00000000ef400000|  0%| F|  |TAMS 0x00000000ef300000, 0x00000000ef300000| Untracked 
| 244|0x00000000ef400000, 0x00000000ef400000, 0x00000000ef500000|  0%| F|  |TAMS 0x00000000ef400000, 0x00000000ef400000| Untracked 
| 245|0x00000000ef500000, 0x00000000ef500000, 0x00000000ef600000|  0%| F|  |TAMS 0x00000000ef500000, 0x00000000ef500000| Untracked 
| 246|0x00000000ef600000, 0x00000000ef600000, 0x00000000ef700000|  0%| F|  |TAMS 0x00000000ef600000, 0x00000000ef600000| Untracked 
| 247|0x00000000ef700000, 0x00000000ef700000, 0x00000000ef800000|  0%| F|  |TAMS 0x00000000ef700000, 0x00000000ef700000| Untracked 
| 248|0x00000000ef800000, 0x00000000ef800000, 0x00000000ef900000|  0%| F|  |TAMS 0x00000000ef800000, 0x00000000ef800000| Untracked 
| 249|0x00000000ef900000, 0x00000000ef900000, 0x00000000efa00000|  0%| F|  |TAMS 0x00000000ef900000, 0x00000000ef900000| Untracked 
| 250|0x00000000efa00000, 0x00000000efa00800, 0x00000000efb00000|  0%| E|  |TAMS 0x00000000efa00000, 0x00000000efa00000| Complete 
| 251|0x00000000efb00000, 0x00000000efc00000, 0x00000000efc00000|100%| E|CS|TAMS 0x00000000efb00000, 0x00000000efb00000| Complete 
| 252|0x00000000efc00000, 0x00000000efd00000, 0x00000000efd00000|100%| E|CS|TAMS 0x00000000efc00000, 0x00000000efc00000| Complete 
| 253|0x00000000efd00000, 0x00000000efe00000, 0x00000000efe00000|100%| E|CS|TAMS 0x00000000efd00000, 0x00000000efd00000| Complete 
| 254|0x00000000efe00000, 0x00000000eff00000, 0x00000000eff00000|100%| E|CS|TAMS 0x00000000efe00000, 0x00000000efe00000| Complete 
| 255|0x00000000eff00000, 0x00000000f0000000, 0x00000000f0000000|100%| E|CS|TAMS 0x00000000eff00000, 0x00000000eff00000| Complete 

Card table byte_map: [0x000000001acf0000,0x000000001adf0000] _byte_map_base: 0x000000001a5f0000

Marking Bits (Prev, Next): (CMBitMap*) 0x000000000055c008, (CMBitMap*) 0x000000000055c040
 Prev Bits: [0x000000001aef0000, 0x000000001b6f0000)
 Next Bits: [0x000000001b6f0000, 0x000000001bef0000)

Polling page: 0x0000000000140000

Metaspace:

Usage:
  Non-class:     13.04 MB capacity,    12.69 MB ( 97%) used,   317.98 KB (  2%) free+waste,    39.06 KB ( <1%) overhead. 
      Class:      1.76 MB capacity,     1.58 MB ( 90%) used,   164.00 KB (  9%) free+waste,    20.06 KB (  1%) overhead. 
       Both:     14.79 MB capacity,    14.27 MB ( 96%) used,   481.98 KB (  3%) free+waste,    59.13 KB ( <1%) overhead. 

Virtual space:
  Non-class space:       14.00 MB reserved,      13.25 MB ( 95%) committed 
      Class space:        1.00 GB reserved,       1.88 MB ( <1%) committed 
             Both:        1.01 GB reserved,      15.13 MB (  1%) committed 

Chunk freelists:
   Non-Class:  28.00 KB
       Class:  0 bytes
        Both:  28.00 KB

MaxMetaspaceSize: 17179869184.00 GB
CompressedClassSpaceSize: 1.00 GB
Initial GC threshold: 20.80 MB
Current GC threshold: 20.80 MB
CDS: off

CodeHeap 'non-profiled nmethods': size=120000Kb used=428Kb max_used=428Kb free=119571Kb
 bounds [0x0000000012b80000, 0x0000000012df0000, 0x000000001a0b0000]
CodeHeap 'profiled nmethods': size=120000Kb used=2386Kb max_used=2386Kb free=117613Kb
 bounds [0x000000000b650000, 0x000000000b8c0000, 0x0000000012b80000]
CodeHeap 'non-nmethods': size=5760Kb used=1149Kb max_used=1188Kb free=4610Kb
 bounds [0x000000000b0b0000, 0x000000000b320000, 0x000000000b650000]
 total_blobs=1617 nmethods=1215 adapters=315
 compilation: enabled
              stopped_count=0, restarted_count=0
 full_count=0

Compilation events (20 events):
Event: 3.183 Thread 0x00000000212fc800 1190 %     4       java.io.WinNTFileSystem::normalize @ 22 (143 bytes)
Event: 3.184 Thread 0x000000001f1a3000 1191       3       java.util.LinkedHashMap$LinkedHashIterator::hasNext (13 bytes)
Event: 3.184 Thread 0x000000001f1a3000 nmethod 1191 0x000000000b88b390 code [0x000000000b88b540, 0x000000000b88b698]
Event: 3.189 Thread 0x00000000212fb800 1192       4       java.util.HashMap::newNode (13 bytes)
Event: 3.190 Thread 0x000000001f1a3000 1193       3       java.lang.reflect.Constructor::setConstructorAccessor (21 bytes)
Event: 3.191 Thread 0x000000001f1a3000 nmethod 1193 0x000000000b88b710 code [0x000000000b88b8e0, 0x000000000b88bbc8]
Event: 3.198 Thread 0x000000001f1a3000 1194   !   3       java.lang.invoke.MethodHandle::setVarargs (24 bytes)
Event: 3.201 Thread 0x000000001f1a3000 nmethod 1194 0x000000000b88bd10 code [0x000000000b88bf20, 0x000000000b88c5b8]
Event: 3.201 Thread 0x000000001f1a3000 1195       3       java.lang.invoke.MemberName::isVarargs (23 bytes)
Event: 3.203 Thread 0x000000001f1a3000 nmethod 1195 0x000000000b88c810 code [0x000000000b88ca00, 0x000000000b88ce98]
Event: 3.203 Thread 0x000000001f1a3000 1196       3       java.lang.invoke.MethodHandles$Lookup::findBoundCallerLookup (26 bytes)
Event: 3.206 Thread 0x000000001f1a3000 nmethod 1196 0x000000000b88d010 code [0x000000000b88d240, 0x000000000b88da38]
Event: 3.206 Thread 0x000000001f1a3000 1197       3       java.lang.invoke.MethodHandles$Lookup::maybeBindCaller (47 bytes)
Event: 3.207 Thread 0x00000000212fb800 nmethod 1192 0x0000000012be3290 code [0x0000000012be3420, 0x0000000012be36f8]
Event: 3.209 Thread 0x000000001f1a0800 nmethod 1054 0x0000000012be3790 code [0x0000000012be3b00, 0x0000000012be7448]
Event: 3.209 Thread 0x000000001f1a3000 nmethod 1197 0x000000000b88dc90 code [0x000000000b88dee0, 0x000000000b88e7c8]
Event: 3.209 Thread 0x000000001f1a3000 1198       1       java.lang.reflect.Constructor::getConstructorAccessor (5 bytes)
Event: 3.209 Thread 0x000000001f1a3000 nmethod 1198 0x0000000012be9190 code [0x0000000012be9340, 0x0000000012be93f8]
Event: 3.209 Thread 0x000000001f1a3000 1199       1       java.lang.reflect.Constructor::getRoot (5 bytes)
Event: 3.210 Thread 0x000000001f1a3000 nmethod 1199 0x0000000012be9490 code [0x0000000012be9640, 0x0000000012be96f8]

GC Heap History (2 events):
Event: 2.838 GC heap before
{Heap before GC invocations=0 (full 0):
 garbage-first heap   total 262144K, used 23552K [0x00000000e0000000, 0x0000000100000000)
  region size 1024K, 24 young (24576K), 0 survivors (0K)
 Metaspace       used 13601K, capacity 13941K, committed 14208K, reserved 1062912K
  class space    used 1454K, capacity 1540K, committed 1664K, reserved 1048576K
}
Event: 2.850 GC heap after
{Heap after GC invocations=1 (full 0):
 garbage-first heap   total 262144K, used 5826K [0x00000000e0000000, 0x0000000100000000)
  region size 1024K, 3 young (3072K), 3 survivors (3072K)
 Metaspace       used 13601K, capacity 13941K, committed 14208K, reserved 1062912K
  class space    used 1454K, capacity 1540K, committed 1664K, reserved 1048576K
}

Deoptimization events (20 events):
Event: 2.136 Thread 0x0000000000533000 DEOPT PACKING pc=0x0000000012bb2f88 sp=0x000000000215a1c0
Event: 2.136 Thread 0x0000000000533000 DEOPT UNPACKING pc=0x000000000b0fa1af sp=0x000000000215a0c8 mode 2
Event: 2.136 Thread 0x0000000000533000 Uncommon trap: trap_request=0xffffff4d fr.pc=0x0000000012bb3e78 relative=0x00000000000003b8
Event: 2.136 Thread 0x0000000000533000 Uncommon trap: reason=unstable_if action=reinterpret pc=0x0000000012bb3e78 method=java.lang.AbstractStringBuilder.putStringAt(ILjava/lang/String;)V @ 8 c2
Event: 2.136 Thread 0x0000000000533000 DEOPT PACKING pc=0x0000000012bb3e78 sp=0x000000000215a150
Event: 2.136 Thread 0x0000000000533000 DEOPT UNPACKING pc=0x000000000b0fa1af sp=0x000000000215a0c0 mode 2
Event: 2.428 Thread 0x000000002121c000 Uncommon trap: trap_request=0xffffff4d fr.pc=0x0000000012b81670 relative=0x0000000000000050
Event: 2.428 Thread 0x000000002121c000 Uncommon trap: reason=unstable_if action=reinterpret pc=0x0000000012b81670 method=java.io.WinNTFileSystem.isSlash(C)Z @ 9 c2
Event: 2.428 Thread 0x000000002121c000 DEOPT PACKING pc=0x0000000012b81670 sp=0x0000000022bec950
Event: 2.428 Thread 0x000000002121c000 DEOPT UNPACKING pc=0x000000000b0fa1af sp=0x0000000022bec8d8 mode 2
Event: 2.510 Thread 0x000000002121c000 DEOPT PACKING pc=0x000000000b68a67f sp=0x0000000022bea570
Event: 2.510 Thread 0x000000002121c000 DEOPT UNPACKING pc=0x000000000b0fa95e sp=0x0000000022be99c0 mode 0
Event: 2.629 Thread 0x000000002121c000 DEOPT PACKING pc=0x000000000b68a67f sp=0x0000000022bea540
Event: 2.629 Thread 0x000000002121c000 DEOPT UNPACKING pc=0x000000000b0fa95e sp=0x0000000022be9990 mode 0
Event: 2.967 Thread 0x000000002121c000 Uncommon trap: trap_request=0xffffffde fr.pc=0x0000000012bbe74c relative=0x0000000000000e8c
Event: 2.967 Thread 0x000000002121c000 Uncommon trap: reason=class_check action=maybe_recompile pc=0x0000000012bbe74c method=java.util.HashMap.putVal(ILjava/lang/Object;Ljava/lang/Object;ZZ)Ljava/lang/Object; @ 203 c2
Event: 2.967 Thread 0x000000002121c000 DEOPT PACKING pc=0x0000000012bbe74c sp=0x0000000022be9a80
Event: 2.967 Thread 0x000000002121c000 DEOPT UNPACKING pc=0x000000000b0fa1af sp=0x0000000022be99c0 mode 2
Event: 3.121 Thread 0x000000002121c000 DEOPT PACKING pc=0x000000000b687b5b sp=0x0000000022be9d20
Event: 3.121 Thread 0x000000002121c000 DEOPT UNPACKING pc=0x000000000b0fa95e sp=0x0000000022be9198 mode 0

Classes redefined (0 events):
No events

Internal exceptions (20 events):
Event: 1.225 Thread 0x0000000000533000 Exception <a 'java/lang/NoSuchMethodError'{0x00000000ef5aa9e0}: 'java.lang.Object java.lang.invoke.Invokers$Holder.invoker(java.lang.Object, java.lang.Object, java.lang.Object)'> (0x00000000ef5aa9e0) thrown at [./src/hotspot/share/interpreter/linkResolver.cpp, line 773]
Event: 1.232 Thread 0x0000000000533000 Exception <a 'java/lang/NoSuchMethodError'{0x00000000ef5bb388}: 'void java.lang.invoke.DelegatingMethodHandle$Holder.delegate(java.lang.Object, java.lang.Object, int, java.lang.Object)'> (0x00000000ef5bb388) thrown at [./src/hotspot/share/interpreter/linkResolver.cpp, line 773]
Event: 1.632 Thread 0x0000000000533000 Exception <a 'java/lang/NoSuchMethodError'{0x00000000ef3c5590}: <clinit>> (0x00000000ef3c5590) thrown at [./src/hotspot/share/prims/jni.cpp, line 1365]
Event: 1.642 Thread 0x0000000000533000 Exception <a 'java/lang/NoSuchMethodError'{0x00000000ef3ce0d8}: <clinit>> (0x00000000ef3ce0d8) thrown at [./src/hotspot/share/prims/jni.cpp, line 1365]
Event: 1.649 Thread 0x0000000000533000 Exception <a 'java/lang/NoSuchMethodError'{0x00000000ef3d7248}: <clinit>> (0x00000000ef3d7248) thrown at [./src/hotspot/share/prims/jni.cpp, line 1365]
Event: 1.975 Thread 0x0000000000533000 Exception <a 'java/lang/NoSuchMethodError'{0x00000000ef053908}: 'java.lang.Object java.lang.invoke.DirectMethodHandle$Holder.invokeStaticInit(java.lang.Object, int, int, int, int)'> (0x00000000ef053908) thrown at [./src/hotspot/share/interpreter/linkResolver.cpp, line 773]
Event: 2.169 Thread 0x0000000000533000 Exception <a 'java/lang/NoSuchMethodError'{0x00000000eef85d10}: 'java.lang.Object java.lang.invoke.DirectMethodHandle$Holder.invokeStaticInit(java.lang.Object, java.lang.Object, int, int, int, int)'> (0x00000000eef85d10) thrown at [./src/hotspot/share/interpreter/linkResolver.cpp, line 773]
Event: 2.735 Thread 0x000000002121c000 Exception <a 'java/lang/NoSuchMethodError'{0x00000000ee9a8f98}: 'int java.lang.invoke.DirectMethodHandle$Holder.invokeVirtual(java.lang.Object, java.lang.Object)'> (0x00000000ee9a8f98) thrown at [./src/hotspot/share/interpreter/linkResolver.cpp, line 773]
Event: 2.767 Thread 0x000000002121c000 Exception <a 'java/lang/NoSuchMethodError'{0x00000000ee9dbe00}: 'java.lang.Object java.lang.invoke.DirectMethodHandle$Holder.invokeStaticInit(java.lang.Object, int)'> (0x00000000ee9dbe00) thrown at [./src/hotspot/share/interpreter/linkResolver.cpp, line 773]
Event: 2.800 Thread 0x000000002121c000 Exception <a 'java/lang/NoSuchMethodError'{0x00000000ee86fdf8}: 'int java.lang.invoke.DirectMethodHandle$Holder.invokeSpecialIFC(java.lang.Object, java.lang.Object, java.lang.Object, java.lang.Object)'> (0x00000000ee86fdf8) thrown at [./src/hotspot/share/interpreter/linkResolver.cpp, line 773]
Event: 2.858 Thread 0x000000002121c000 Exception <a 'java/lang/NoSuchMethodError'{0x00000000eff05908}: 'void java.lang.invoke.DirectMethodHandle$Holder.invokeInterface(java.lang.Object, java.lang.Object)'> (0x00000000eff05908) thrown at [./src/hotspot/share/interpreter/linkResolver.cpp, line 773]
Event: 2.858 Thread 0x000000002121c000 Exception <a 'java/lang/IncompatibleClassChangeError'{0x00000000eff08810}: Found class java.lang.Object, but interface was expected> (0x00000000eff08810) thrown at [./src/hotspot/share/interpreter/linkResolver.cpp, line 839]
Event: 2.889 Thread 0x000000002121c000 Exception <a 'java/lang/NoSuchMethodError'{0x00000000eff7cfd8}: 'int java.lang.invoke.DirectMethodHandle$Holder.invokeSpecialIFC(java.lang.Object, java.lang.Object, int)'> (0x00000000eff7cfd8) thrown at [./src/hotspot/share/interpreter/linkResolver.cpp, line 773]
Event: 2.903 Thread 0x000000002121c000 Exception <a 'java/lang/NoSuchMethodError'{0x00000000eff9cf18}: 'java.lang.Object java.lang.invoke.DirectMethodHandle$Holder.invokeStaticInit(java.lang.Object, java.lang.Object, java.lang.Object)'> (0x00000000eff9cf18) thrown at [./src/hotspot/share/interpreter/linkResolver.cpp, line 773]
Event: 2.907 Thread 0x000000002121c000 Exception <a 'java/lang/NoSuchMethodError'{0x00000000effa41f0}: 'void java.lang.invoke.DirectMethodHandle$Holder.invokeStaticInit(java.lang.Object, java.lang.Object, java.lang.Object)'> (0x00000000effa41f0) thrown at [./src/hotspot/share/interpreter/linkResolver.cpp, line 773]
Event: 3.070 Thread 0x000000002121c000 Exception <a 'java/lang/NoSuchMethodError'{0x00000000efd5c9f8}: 'java.lang.Object java.lang.invoke.DirectMethodHandle$Holder.invokeSpecialIFC(java.lang.Object, java.lang.Object, java.lang.Object, java.lang.Object)'> (0x00000000efd5c9f8) thrown at [./src/hotspot/share/interpreter/linkResolver.cpp, line 773]
Event: 3.080 Thread 0x000000002121c000 Exception <a 'java/lang/NoSuchMethodError'{0x00000000efd7b778}: 'java.lang.Object java.lang.invoke.DirectMethodHandle$Holder.invokeInterface(java.lang.Object, java.lang.Object, java.lang.Object)'> (0x00000000efd7b778) thrown at [./src/hotspot/share/interpreter/linkResolver.cpp, line 773]
Event: 3.132 Thread 0x000000002121c000 Exception <a 'java/lang/NoSuchMethodError'{0x00000000efdfdad0}: 'java.lang.Object java.lang.invoke.Invokers$Holder.linkToTargetMethod(java.lang.Object, java.lang.Object, java.lang.Object, java.lang.Object, java.lang.Object, java.lang.Object)'> (0x00000000efdfdad0) thrown at [./src/hotspot/share/interpreter/linkResolver.cpp, line 773]
Event: 3.173 Thread 0x000000002121c000 Exception <a 'java/lang/IncompatibleClassChangeError'{0x00000000efc44be8}: Found class java.lang.Object, but interface was expected> (0x00000000efc44be8) thrown at [./src/hotspot/share/interpreter/linkResolver.cpp, line 839]
Event: 3.196 Thread 0x000000002121c000 Exception <a 'java/lang/IncompatibleClassChangeError'{0x00000000efc7af28}: Found class java.lang.Object, but interface was expected> (0x00000000efc7af28) thrown at [./src/hotspot/share/interpreter/linkResolver.cpp, line 839]

Events (20 events):
Event: 3.204 loading class org/junit/jupiter/api/ClassDescriptor
Event: 3.204 loading class org/junit/jupiter/api/ClassDescriptor done
Event: 3.205 loading class org/junit/jupiter/engine/discovery/AbstractAnnotatedDescriptorWrapper
Event: 3.205 loading class org/junit/jupiter/engine/discovery/AbstractAnnotatedDescriptorWrapper done
Event: 3.207 loading class org/junit/jupiter/engine/descriptor/ClassBasedTestDescriptor
Event: 3.207 loading class org/junit/jupiter/engine/descriptor/ClassBasedTestDescriptor done
Event: 3.207 loading class org/junit/jupiter/engine/descriptor/ClassBasedTestDescriptor
Event: 3.207 loading class org/junit/jupiter/engine/descriptor/ClassBasedTestDescriptor done
Event: 3.209 loading class org/junit/jupiter/api/ClassOrderer
Event: 3.209 loading class org/junit/jupiter/api/ClassOrderer done
Event: 3.209 loading class org/junit/jupiter/api/ClassOrderer
Event: 3.209 loading class org/junit/jupiter/api/ClassOrderer done
Event: 3.209 loading class org/junit/jupiter/engine/discovery/AbstractOrderingVisitor$MessageGenerator
Event: 3.209 loading class org/junit/jupiter/engine/discovery/AbstractOrderingVisitor$MessageGenerator done
Event: 3.212 loading class org/junit/jupiter/api/ClassOrderer
Event: 3.212 loading class org/junit/jupiter/api/ClassOrderer done
Event: 3.212 loading class org/junit/jupiter/api/ClassOrderer
Event: 3.212 loading class org/junit/jupiter/api/ClassOrderer done
Event: 3.213 loading class org/junit/jupiter/engine/discovery/AbstractOrderingVisitor$DescriptorWrapperOrderer
Event: 3.213 loading class org/junit/jupiter/engine/discovery/AbstractOrderingVisitor$DescriptorWrapperOrderer done


Dynamic libraries:
0x000000013f3d0000 - 0x000000013f3dd000 	C:\Program Files\Eclipse Foundation\jdk-11.0.12.7-hotspot\bin\java.exe
0x0000000077480000 - 0x0000000077629000 	C:\Windows\SYSTEM32\ntdll.dll
0x000007fef12f0000 - 0x000007fef1303000 	C:\Program Files\AVG\Antivirus\aswhook.dll
0x0000000077360000 - 0x000000007747f000 	C:\Windows\system32\kernel32.dll
0x000007fefd270000 - 0x000007fefd2db000 	C:\Windows\system32\KERNELBASE.dll
0x000007fedf1a0000 - 0x000007fedf1b7000 	C:\Program Files\Eclipse Foundation\jdk-11.0.12.7-hotspot\bin\jli.dll
0x000007fefb980000 - 0x000007fefbb74000 	C:\Windows\WinSxS\amd64_microsoft.windows.common-controls_6595b64144ccf1df_6.0.7601.17514_none_fa396087175ac9ac\COMCTL32.dll
0x000007fefd6b0000 - 0x000007fefd74f000 	C:\Windows\system32\msvcrt.dll
0x000007fefd7b0000 - 0x000007fefd817000 	C:\Windows\system32\GDI32.dll
0x0000000077260000 - 0x000000007735a000 	C:\Windows\system32\USER32.dll
0x000007fefd750000 - 0x000007fefd75e000 	C:\Windows\system32\LPK.dll
0x000007feff5d0000 - 0x000007feff699000 	C:\Windows\system32\USP10.dll
0x000007feff2f0000 - 0x000007feff361000 	C:\Windows\system32\SHLWAPI.dll
0x000007fef1330000 - 0x000007fef1345000 	C:\Program Files\Eclipse Foundation\jdk-11.0.12.7-hotspot\bin\VCRUNTIME140.dll
0x000007fef1320000 - 0x000007fef1324000 	C:\Program Files\Eclipse Foundation\jdk-11.0.12.7-hotspot\bin\api-ms-win-crt-runtime-l1-1-0.dll
0x000007fecad00000 - 0x000007fecadfa000 	C:\Program Files\Eclipse Foundation\jdk-11.0.12.7-hotspot\bin\ucrtbase.DLL
0x000007fef1270000 - 0x000007fef1273000 	C:\Program Files\Eclipse Foundation\jdk-11.0.12.7-hotspot\bin\api-ms-win-core-localization-l1-2-0.dll
0x000007fedf300000 - 0x000007fedf303000 	C:\Program Files\Eclipse Foundation\jdk-11.0.12.7-hotspot\bin\api-ms-win-core-processthreads-l1-1-1.dll
0x000007fedf190000 - 0x000007fedf193000 	C:\Program Files\Eclipse Foundation\jdk-11.0.12.7-hotspot\bin\api-ms-win-core-file-l1-2-0.dll
0x000007fedf180000 - 0x000007fedf183000 	C:\Program Files\Eclipse Foundation\jdk-11.0.12.7-hotspot\bin\api-ms-win-core-timezone-l1-1-0.dll
0x000007fedef50000 - 0x000007fedef53000 	C:\Program Files\Eclipse Foundation\jdk-11.0.12.7-hotspot\bin\api-ms-win-core-file-l2-1-0.dll
0x000007fedef40000 - 0x000007fedef43000 	C:\Program Files\Eclipse Foundation\jdk-11.0.12.7-hotspot\bin\api-ms-win-core-synch-l1-2-0.dll
0x000007fedef30000 - 0x000007fedef33000 	C:\Program Files\Eclipse Foundation\jdk-11.0.12.7-hotspot\bin\api-ms-win-crt-heap-l1-1-0.dll
0x000007fedef20000 - 0x000007fedef24000 	C:\Program Files\Eclipse Foundation\jdk-11.0.12.7-hotspot\bin\api-ms-win-crt-string-l1-1-0.dll
0x000007fedef10000 - 0x000007fedef14000 	C:\Program Files\Eclipse Foundation\jdk-11.0.12.7-hotspot\bin\api-ms-win-crt-stdio-l1-1-0.dll
0x000007feddaf0000 - 0x000007feddaf4000 	C:\Program Files\Eclipse Foundation\jdk-11.0.12.7-hotspot\bin\api-ms-win-crt-convert-l1-1-0.dll
0x000007feddae0000 - 0x000007feddae3000 	C:\Program Files\Eclipse Foundation\jdk-11.0.12.7-hotspot\bin\api-ms-win-crt-environment-l1-1-0.dll
0x000007feddad0000 - 0x000007feddad3000 	C:\Program Files\Eclipse Foundation\jdk-11.0.12.7-hotspot\bin\api-ms-win-crt-filesystem-l1-1-0.dll
0x000007feddac0000 - 0x000007feddac5000 	C:\Program Files\Eclipse Foundation\jdk-11.0.12.7-hotspot\bin\api-ms-win-crt-math-l1-1-0.dll
0x000007feddab0000 - 0x000007feddab3000 	C:\Program Files\Eclipse Foundation\jdk-11.0.12.7-hotspot\bin\api-ms-win-crt-locale-l1-1-0.dll
0x000007fefe300000 - 0x000007fefe32e000 	C:\Windows\system32\IMM32.DLL
0x000007fefde80000 - 0x000007fefdf89000 	C:\Windows\system32\MSCTF.dll
0x000007fedd8b0000 - 0x000007fedd94b000 	C:\Program Files\Eclipse Foundation\jdk-11.0.12.7-hotspot\bin\msvcp140.dll
0x000007feddaa0000 - 0x000007feddaa3000 	C:\Program Files\Eclipse Foundation\jdk-11.0.12.7-hotspot\bin\api-ms-win-crt-time-l1-1-0.dll
0x000007fedd8a0000 - 0x000007fedd8a3000 	C:\Program Files\Eclipse Foundation\jdk-11.0.12.7-hotspot\bin\api-ms-win-crt-utility-l1-1-0.dll
0x000007feb3440000 - 0x000007feb3f99000 	C:\Program Files\Eclipse Foundation\jdk-11.0.12.7-hotspot\bin\server\jvm.dll
0x000007feff6b0000 - 0x000007feff78b000 	C:\Windows\system32\ADVAPI32.dll
0x000007fefe4c0000 - 0x000007fefe4df000 	C:\Windows\SYSTEM32\sechost.dll
0x000007fefdd50000 - 0x000007fefde7d000 	C:\Windows\system32\RPCRT4.dll
0x000007fefa910000 - 0x000007fefa919000 	C:\Windows\system32\WSOCK32.dll
0x000007fefd760000 - 0x000007fefd7ad000 	C:\Windows\system32\WS2_32.dll
0x000007feff6a0000 - 0x000007feff6a8000 	C:\Windows\system32\NSI.dll
0x000007fef8f80000 - 0x000007fef8fbb000 	C:\Windows\system32\WINMM.dll
0x000007fefc1c0000 - 0x000007fefc1cc000 	C:\Windows\system32\VERSION.dll
0x0000000077640000 - 0x0000000077647000 	C:\Windows\system32\PSAPI.DLL
0x000007fedd890000 - 0x000007fedd8a0000 	C:\Program Files\Eclipse Foundation\jdk-11.0.12.7-hotspot\bin\verify.dll
0x000007fef8db0000 - 0x000007fef8ed5000 	C:\Windows\system32\DBGHELP.DLL
0x000007fed2d70000 - 0x000007fed2d98000 	C:\Program Files\Eclipse Foundation\jdk-11.0.12.7-hotspot\bin\java.dll
0x000007fedd880000 - 0x000007fedd88a000 	C:\Program Files\Eclipse Foundation\jdk-11.0.12.7-hotspot\bin\jimage.dll
0x000007fed2d50000 - 0x000007fed2d67000 	C:\Program Files\Eclipse Foundation\jdk-11.0.12.7-hotspot\bin\zip.dll
0x000007fefe560000 - 0x000007feff2e8000 	C:\Windows\system32\SHELL32.dll
0x000007fefda60000 - 0x000007fefdc63000 	C:\Windows\system32\ole32.dll
0x000007fefd230000 - 0x000007fefd23f000 	C:\Windows\system32\profapi.dll
0x000007fecf130000 - 0x000007fecf149000 	C:\Program Files\Eclipse Foundation\jdk-11.0.12.7-hotspot\bin\net.dll
0x000007fef9ef0000 - 0x000007fef9f61000 	C:\Windows\system32\WINHTTP.dll
0x000007fef9e10000 - 0x000007fef9e74000 	C:\Windows\system32\webio.dll
0x000007fefc9d0000 - 0x000007fefca25000 	C:\Windows\system32\mswsock.dll
0x000007fefc9c0000 - 0x000007fefc9c7000 	C:\Windows\System32\wship6.dll
0x000007fecefc0000 - 0x000007fecefd2000 	C:\Program Files\Eclipse Foundation\jdk-11.0.12.7-hotspot\bin\nio.dll
0x000007fefca30000 - 0x000007fefca47000 	C:\Windows\system32\CRYPTSP.dll
0x000007fefc730000 - 0x000007fefc777000 	C:\Windows\system32\rsaenh.dll
0x000007fefd500000 - 0x000007fefd51e000 	C:\Windows\system32\USERENV.dll
0x000007fefd0d0000 - 0x000007fefd0df000 	C:\Windows\system32\CRYPTBASE.dll
0x000007fefaad0000 - 0x000007fefaaf7000 	C:\Windows\system32\IPHLPAPI.DLL
0x000007fefaab0000 - 0x000007fefaabb000 	C:\Windows\system32\WINNSI.DLL
0x000007fefa940000 - 0x000007fefa951000 	C:\Windows\system32\dhcpcsvc6.DLL
0x000007fefa920000 - 0x000007fefa938000 	C:\Windows\system32\dhcpcsvc.DLL

dbghelp: loaded successfully - version: 4.0.5 - missing functions: none
symbol engine: initialized successfully - sym options: 0x614 - pdb path: .;C:\Program Files\Eclipse Foundation\jdk-11.0.12.7-hotspot\bin;C:\Windows\SYSTEM32;C:\Program Files\AVG\Antivirus;C:\Windows\WinSxS\amd64_microsoft.windows.common-controls_6595b64144ccf1df_6.0.7601.17514_none_fa396087175ac9ac;C:\Program Files\Eclipse Foundation\jdk-11.0.12.7-hotspot\bin\server

VM Arguments:
jvm_args: -Dorg.gradle.internal.worker.tmpdir=E:\Netology\Java\L18Patterns\Error\DeliveryCard\build\tmp\test\work -Dorg.gradle.native=false -Dselenide.headless --add-opens=java.base/java.util=ALL-UNNAMED --add-opens=java.base/java.lang=ALL-UNNAMED -Xmx512m -Dfile.encoding=windows-1251 -Duser.country=RU -Duser.language=ru -Duser.variant -ea 
java_command: worker.org.gradle.process.internal.worker.GradleWorkerMain 'Gradle Test Executor 10'
java_class_path (initial): C:\\Users\\user\\.gradle\\caches\\7.1\\workerMain\\gradle-worker.jar;E:\\Netology\\Java\\L18Patterns\\Error\\DeliveryCard\\build\\classes\\java\\test;E:\\Netology\\Java\\L18Patterns\\Error\\DeliveryCard\\build\\resources\\test;E:\\Netology\\Java\\L18Patterns\\Error\\DeliveryCard\\build\\classes\\java\\main;E:\\Netology\\Java\\L18Patterns\\Error\\DeliveryCard\\build\\resources\\main;C:\\Users\\user\\.gradle\\caches\\modules-2\\files-2.1\\com.github.javafaker\\javafaker\\1.0.2\\be0ff271b1208416822db4438864df47f90af92f\\javafaker-1.0.2.jar;C:\\Users\\user\\.gradle\\caches\\modules-2\\files-2.1\\org.junit.jupiter\\junit-jupiter-params\\5.8.2\\ddeafe92fc263f895bfb73ffeca7fd56e23c2cce\\junit-jupiter-params-5.8.2.jar;C:\\Users\\user\\.gradle\\caches\\modules-2\\files-2.1\\org.junit.jupiter\\junit-jupiter-engine\\5.8.2\\c598b4328d2f397194d11df3b1648d68d7d990e3\\junit-jupiter-engine-5.8.2.jar;C:\\Users\\user\\.gradle\\caches\\modules-2\\files-2.1\\org.junit.jupiter\\junit-jupiter-api\\5.8.2\\4c21029217adf07e4c0d0c5e192b6bf610c94bdc\\junit-jupiter-api-5.8.2.jar;C:\\Users\\user\\.gradle\\caches\\modules-2\\files-2.1\\org.junit.platform\\junit-platform-engine\\1.8.2\\b737de09f19864bd136805c84df7999a142fec29\\junit-platform-engine-1.8.2.jar;C:\\Users\\user\\.gradle\\caches\\modules-2\\files-2.1\\org.junit.platform\\junit-platform-commons\\1.8.2\\32c8b8617c1342376fd5af2053da6410d8866861\\junit-platform-commons-1.8.2.jar;C:\\Users\\user\\.gradle\\caches\\modules-2\\files-2.1\\org.junit.jupiter\\junit-jupiter\\5.8.2\\5a817b1e63f1217e5c586090c45e681281f097ad\\junit-jupiter-5.8.2.jar;C:\\Users\\user\\.gradle\\caches\\modules-2\\files-2.1\\com.codeborne\\selenide\\6.1.1\\256ff48ec58c9147c2f1f0ddd4812f09d1e3fae0\\selenide-6.1.1.jar;C:\\Users\\user\\.gradle\\caches\\modules-2\\files-2.1\\com.codeborne\\selenide-core\\6.1.1\\3acc31dd8977c6962e4ac8b26dff9c62c63746d\\selenide-core-6.1.1.jar;C:\\Users\\user\\.gradle\\caches\\modules-2\\files-2.1\\org.apache.comm
Launcher Type: SUN_STANDARD

[Global flags]
     intx CICompilerCount                          = 4                                         {product} {ergonomic}
     uint ConcGCThreads                            = 2                                         {product} {ergonomic}
     uint G1ConcRefinementThreads                  = 8                                         {product} {ergonomic}
   size_t G1HeapRegionSize                         = 1048576                                   {product} {ergonomic}
    uintx GCDrainStackTargetSize                   = 64                                        {product} {ergonomic}
   size_t InitialHeapSize                          = 268435456                                 {product} {ergonomic}
   size_t MarkStackSize                            = 4194304                                   {product} {ergonomic}
   size_t MaxHeapSize                              = 536870912                                 {product} {command line}
   size_t MaxNewSize                               = 321912832                                 {product} {ergonomic}
   size_t MinHeapDeltaBytes                        = 1048576                                   {product} {ergonomic}
    uintx NonNMethodCodeHeapSize                   = 5836300                                {pd product} {ergonomic}
    uintx NonProfiledCodeHeapSize                  = 122910970                              {pd product} {ergonomic}
    uintx ProfiledCodeHeapSize                     = 122910970                              {pd product} {ergonomic}
    uintx ReservedCodeCacheSize                    = 251658240                              {pd product} {ergonomic}
     bool SegmentedCodeCache                       = true                                      {product} {ergonomic}
     bool UseCompressedClassPointers               = true                                 {lp64_product} {ergonomic}
     bool UseCompressedOops                        = true                                 {lp64_product} {ergonomic}
     bool UseG1GC                                  = true                                      {product} {ergonomic}
     bool UseLargePagesIndividualAllocation        = false                                  {pd product} {ergonomic}

Logging:
Log output configuration:
 #0: stdout all=warning uptime,level,tags
 #1: stderr all=off uptime,level,tags

Environment Variables:
PATH=C:\Program Files\Eclipse Foundation\jdk-11.0.12.7-hotspot\bin;C:\Program Files (x86)\Intel\iCLS Client\;C:\Program Files\Intel\iCLS Client\;C:\Windows\system32;C:\Windows;C:\Windows\System32\Wbem;C:\Windows\System32\WindowsPowerShell\v1.0\;C:\Program Files\Intel\Intel(R) Management Engine Components\DAL;C:\Program Files\Intel\Intel(R) Management Engine Components\IPT;C:\Program Files (x86)\Intel\Intel(R) Management Engine Components\DAL;C:\Program Files (x86)\Intel\Intel(R) Management Engine Components\IPT;C:\Program Files (x86)\NVIDIA Corporation\PhysX\Common;C:\Program Files (x86)\QuickTime\QTSystem\;C:\Program Files\Git\cmd;C:\chromedriver
USERNAME=user
OS=Windows_NT
PROCESSOR_IDENTIFIER=Intel64 Family 6 Model 58 Stepping 9, GenuineIntel



---------------  S Y S T E M  ---------------

OS: Windows 7 , 64 bit Build 7601 (6.1.7601.18015)
OS uptime: 0 days 0:32 hours

CPU:total 8 (initial active 8) (4 cores per cpu, 2 threads per core) family 6 model 58 stepping 9 microcode 0x0, cmov, cx8, fxsr, mmx, sse, sse2, sse3, ssse3, sse4.1, sse4.2, popcnt, avx, aes, clmul, erms, ht, tsc, tscinvbit, tscinv

Memory: 4k page, system-wide physical 16329M (8648M free)
TotalPageFile size 32657M (AvailPageFile size 21799M)
current process WorkingSet (physical memory assigned to process): 103M, peak: 103M
current process commit charge ("private bytes"): 377M, peak: 377M

vm_info: OpenJDK 64-Bit Server VM (11.0.12+7) for windows-amd64 JRE (11.0.12+7), built on Jul 21 2021 16:23:49 by "" with unknown MS VC++:1916

END.
