#
# A fatal error has been detected by the Java Runtime Environment:
#
#  EXCEPTION_ACCESS_VIOLATION (0xc0000005) at pc=0x000007feac9e665e, pid=15300, tid=17204
#
# JRE version: OpenJDK Runtime Environment Temurin-11.0.12+7 (11.0.12+7) (build 11.0.12+7)
# Java VM: OpenJDK 64-Bit Server VM Temurin-11.0.12+7 (11.0.12+7, mixed mode, tiered, compressed oops, g1 gc, windows-amd64)
# Problematic frame:
# V  [jvm.dll+0x52665e]
#
# No core dump will be written. Minidumps are not enabled by default on client versions of Windows
#
# If you would like to submit a bug report, please visit:
#   https://github.com/adoptium/adoptium-support/issues
#

---------------  S U M M A R Y ------------

Command Line: -Dorg.gradle.internal.worker.tmpdir=E:\Netology\Java\L18Patterns\Error\DeliveryCard\build\tmp\test\work -Dorg.gradle.native=false -Dselenide.headless --add-opens=java.base/java.util=ALL-UNNAMED --add-opens=java.base/java.lang=ALL-UNNAMED -Xmx512m -Dfile.encoding=windows-1251 -Duser.country=RU -Duser.language=ru -Duser.variant -ea worker.org.gradle.process.internal.worker.GradleWorkerMain 'Gradle Test Executor 1'

Host: Intel(R) Xeon(R) CPU E3-1270 V2 @ 3.50GHz, 8 cores, 15G,  Windows 7 , 64 bit Build 7601 (6.1.7601.18015)
Time: Thu Dec 23 01:33:41 2021 Eaeeieia?aaneia a?aiy (ceia) elapsed time: 11.968324 seconds (0d 0h 0m 11s)

---------------  T H R E A D  ---------------

Current thread (0x000000001f08c800):  JavaThread "C2 CompilerThread0" daemon [_thread_in_native, id=17204, stack(0x00000000201d0000,0x00000000202d0000)]


Current CompileTask:
C2:  11968 2115 %     4       jdk.internal.loader.URLClassPath::getResource @ 39 (74 bytes)

Stack: [0x00000000201d0000,0x00000000202d0000],  sp=0x00000000202cb3f0,  free space=1004k
Native frames: (J=compiled Java code, j=interpreted, Vv=VM code, C=native code)
V  [jvm.dll+0x52665e]
V  [jvm.dll+0x353298]
V  [jvm.dll+0x19db3d]
V  [jvm.dll+0x205622]
V  [jvm.dll+0x2046fd]
V  [jvm.dll+0x1898fc]
V  [jvm.dll+0x213d67]
V  [jvm.dll+0x211f2b]
V  [jvm.dll+0x74ec19]
V  [jvm.dll+0x747c84]
V  [jvm.dll+0x600ba6]
C  [ucrtbase.DLL+0x1c1ae]
C  [kernel32.dll+0x1652d]
C  [ntdll.dll+0x2c541]


siginfo: EXCEPTION_ACCESS_VIOLATION (0xc0000005), reading address 0xffffffffffffffff


Register to memory mapping:

RIP=0x000007feac9e665e jvm.dll
RAX=0x000107feacd2d628 is an unknown value
RBX=0x00000000228b7640 points into unknown readable memory: 0x000107feacd2d628 | 28 d6 d2 ac fe 07 01 00
RCX=0x00000000228b7640 points into unknown readable memory: 0x000107feacd2d628 | 28 d6 d2 ac fe 07 01 00
RDX=0x0000000000000800 is an unknown value
RSP=0x00000000202cb3f0 is pointing into the stack for thread: 0x000000001f08c800
RBP=0x00000000202cb520 is pointing into the stack for thread: 0x000000001f08c800
RSI=0x00000000000e5a60 is an unknown value
RDI=0x00000000277d5ab0 points into unknown readable memory: 0x0000000000000000 | 00 00 00 00 00 00 00 00
R8 =
[error occurred during error reporting (printing register info), id 0xc0000005, EXCEPTION_ACCESS_VIOLATION (0xc0000005) at pc=0x000007feac7a20d6]

Registers:
RAX=0x000107feacd2d628, RBX=0x00000000228b7640, RCX=0x00000000228b7640, RDX=0x0000000000000800
RSP=0x00000000202cb3f0, RBP=0x00000000202cb520, RSI=0x00000000000e5a60, RDI=0x00000000277d5ab0
R8 =0x00000000ffffffff, R9 =0x0000000000000000, R10=0x000000000000001b, R11=0x0000000000000000
R12=0x0000000000000000, R13=0x000000002247fa30, R14=0x00000000000016f7, R15=0x00000000228b7640
RIP=0x000007feac9e665e, EFLAGS=0x0000000000010287

Top of Stack: (sp=0x00000000202cb3f0)
0x00000000202cb3f0:   0000000020d9f2d0 000000000000001b
0x00000000202cb400:   00000000202cb4b0 0000000000000011
0x00000000202cb410:   00000000277d5ab0 000007feac813298
0x00000000202cb420:   00000000000016f7 00000000202cb520
0x00000000202cb430:   0000000000000011 0000000024bcb588
0x00000000202cb440:   00000000202cb470 3eb6f58400000006
0x00000000202cb450:   0000001100000004 0000000d0000000c
0x00000000202cb460:   0000000000000000 0000000000000004
0x00000000202cb470:   0000000f00000000 0000000e00000020
0x00000000202cb480:   0000000000000000 000000100000000c
0x00000000202cb490:   0000000300000457 00000000000016f7
0x00000000202cb4a0:   0000000000000005 000000002455df80
0x00000000202cb4b0:   000000000000000c 0000000020d9f2d0
0x00000000202cb4c0:   0000000021b58050 0000000000000000
0x00000000202cb4d0:   00000000242eeea0 000007fe00000001
0x00000000202cb4e0:   0000000021b58b58 0000000000000001 

Instructions: (pc=0x000007feac9e665e)
0x000007feac9e655e:   cc cc 48 83 ec 28 ba 43 00 00 00 48 8d 0d 38 27
0x000007feac9e656e:   3a 00 e8 5b 57 d2 ff 48 83 c4 28 e9 02 3a 0d 00
0x000007feac9e657e:   cc cc 48 89 6c 24 18 56 48 83 ec 20 8b ea 48 8b
0x000007feac9e658e:   f1 83 fa 01 72 6d 48 8b 41 40 48 8b 0c e8 48 8b
0x000007feac9e659e:   01 ff 50 08 85 c0 74 5b 48 8b 06 48 8b ce 48 89
0x000007feac9e65ae:   7c 24 38 ff 90 c0 00 00 00 8b f8 83 fd 01 76 31
0x000007feac9e65be:   48 89 5c 24 30 ff cd bb 08 00 00 00 66 0f 1f 44
0x000007feac9e65ce:   00 00 48 8b 4e 40 48 8b 0c 0b 48 8b 11 ff 52 08
0x000007feac9e65de:   03 f8 48 8d 5b 08 48 83 ed 01 75 e6 48 8b 5c 24
0x000007feac9e65ee:   30 8b c7 48 8b 7c 24 38 48 8b 6c 24 40 48 83 c4
0x000007feac9e65fe:   20 5e c3 48 8b 6c 24 40 b8 ff ff ff ff 48 83 c4
0x000007feac9e660e:   20 5e c3 cc cc cc cc cc cc cc cc cc cc cc cc cc
0x000007feac9e661e:   cc cc 48 8b 42 18 41 8b 48 28 48 0f bf 54 88 02
0x000007feac9e662e:   48 8d 05 fb f6 29 00 0f b6 04 02 c3 cc cc cc cc
0x000007feac9e663e:   cc cc 48 89 5c 24 08 57 48 83 ec 20 8b 41 2c 48
0x000007feac9e664e:   8b d9 83 e0 3f 3c 22 0f 84 0c 01 00 00 48 8b 01
0x000007feac9e665e:   ff 90 b8 00 00 00 3b 05 e6 37 3a 00 0f 82 ea 00
0x000007feac9e666e:   00 00 3b 05 de 37 3a 00 0f 83 de 00 00 00 48 8b
0x000007feac9e667e:   03 48 8b cb ff 90 e8 00 00 00 85 c0 0f 85 ca 00
0x000007feac9e668e:   00 00 38 05 bc f8 29 00 75 18 48 8b 03 48 8b cb
0x000007feac9e669e:   ff 90 40 01 00 00 83 c0 97 83 f8 01 0f 86 aa 00
0x000007feac9e66ae:   00 00 48 8b 03 48 8b cb ff 50 68 83 f8 0d 0f 84
0x000007feac9e66be:   a5 00 00 00 8b 43 18 83 f8 02 0f 87 8c 00 00 00
0x000007feac9e66ce:   75 26 48 8b 43 08 48 8b 48 08 48 85 c9 74 19 48
0x000007feac9e66de:   8b 01 ff 50 68 83 f8 0d 75 0e 48 8b 43 08 48 8b
0x000007feac9e66ee:   48 08 83 79 18 02 77 64 48 8b 03 48 8b cb ff 90
0x000007feac9e66fe:   c0 00 00 00 39 43 18 76 60 4c 8b 03 8b d0 48 8b
0x000007feac9e670e:   cb 41 ff 90 80 00 00 00 48 8b 13 48 8b cb 48 8b
0x000007feac9e671e:   f8 ff 52 68 8b c8 8b d8 e8 e5 30 13 00 84 c0 74
0x000007feac9e672e:   13 8b cb e8 ea 30 13 00 8b d0 48 8b cf e8 10 30
0x000007feac9e673e:   13 00 eb 14 48 8b cf e8 66 2f 13 00 85 c0 75 0c
0x000007feac9e674e:   48 8b cf e8 9a 2f 13 00 85 c0 74 0d 32 c0 48 8b 


Stack slot to memory mapping:
stack at sp + 0 slots: 0x0000000020d9f2d0 points into unknown readable memory: 0x0000000020d9e5c0 | c0 e5 d9 20 00 00 00 00
stack at sp + 1 slots: 0x000000000000001b is an unknown value
stack at sp + 2 slots: 0x00000000202cb4b0 is pointing into the stack for thread: 0x000000001f08c800
stack at sp + 3 slots: 0x0000000000000011 is an unknown value
stack at sp + 4 slots: 0x00000000277d5ab0 points into unknown readable memory: 0x0000000000000000 | 00 00 00 00 00 00 00 00
stack at sp + 5 slots: 0x000007feac813298 jvm.dll
stack at sp + 6 slots: 0x00000000000016f7 is an unknown value
stack at sp + 7 slots: 0x00000000202cb520 is pointing into the stack for thread: 0x000000001f08c800


---------------  P R O C E S S  ---------------

Threads class SMR info:
_java_thread_list=0x0000000020d2f6a0, length=28, elements={
0x0000000000458800, 0x000000001f066000, 0x000000001f06f800, 0x000000001f084000,
0x000000001f085000, 0x000000001f086800, 0x000000001f08c800, 0x000000001f08e800,
0x0000000020440800, 0x0000000020593800, 0x000000002129f800, 0x00000000212a1800,
0x0000000021369000, 0x0000000024d4f800, 0x00000000229ce800, 0x0000000024054800,
0x00000000213c3800, 0x00000000213ed000, 0x0000000024faf800, 0x0000000022957800,
0x0000000022958800, 0x0000000022959000, 0x000000002295a000, 0x000000002295b000,
0x000000002295b800, 0x000000002295c800, 0x000000002295d800, 0x000000002295e000
}

Java Threads: ( => current thread )
  0x0000000000458800 JavaThread "main" [_thread_blocked, id=11528, stack(0x0000000002100000,0x0000000002200000)]
  0x000000001f066000 JavaThread "Reference Handler" daemon [_thread_blocked, id=14620, stack(0x000000001f9e0000,0x000000001fae0000)]
  0x000000001f06f800 JavaThread "Finalizer" daemon [_thread_blocked, id=12076, stack(0x000000001ea50000,0x000000001eb50000)]
  0x000000001f084000 JavaThread "Signal Dispatcher" daemon [_thread_blocked, id=10352, stack(0x000000001fd90000,0x000000001fe90000)]
  0x000000001f085000 JavaThread "Attach Listener" daemon [_thread_blocked, id=17080, stack(0x000000001fc90000,0x000000001fd90000)]
  0x000000001f086800 JavaThread "Service Thread" daemon [_thread_blocked, id=12844, stack(0x000000001fee0000,0x000000001ffe0000)]
=>0x000000001f08c800 JavaThread "C2 CompilerThread0" daemon [_thread_in_native, id=17204, stack(0x00000000201d0000,0x00000000202d0000)]
  0x000000001f08e800 JavaThread "C1 CompilerThread0" daemon [_thread_blocked, id=7572, stack(0x0000000020330000,0x0000000020430000)]
  0x0000000020440800 JavaThread "Sweeper thread" daemon [_thread_blocked, id=3976, stack(0x0000000020840000,0x0000000020940000)]
  0x0000000020593800 JavaThread "Common-Cleaner" daemon [_thread_blocked, id=13060, stack(0x00000000209a0000,0x0000000020aa0000)]
  0x000000002129f800 JavaThread "Forwarding newSession on session null to remote" [_thread_in_vm, id=16864, stack(0x0000000021840000,0x0000000021940000)]
  0x00000000212a1800 JavaThread "/127.0.0.1:61103 to /127.0.0.1:61101 workers Thread 2" [_thread_blocked, id=15888, stack(0x0000000022bd0000,0x0000000022cd0000)]
  0x0000000021369000 JavaThread "/127.0.0.1:61103 to /127.0.0.1:61101 workers Thread 3" [_thread_in_native, id=13224, stack(0x0000000022e20000,0x0000000022f20000)]
  0x0000000024d4f800 JavaThread "ForkJoinPool.commonPool-worker-3" daemon [_thread_blocked, id=8788, stack(0x0000000026aa0000,0x0000000026ba0000)]
  0x00000000229ce800 JavaThread "AsyncHttpClient-1-1" daemon [_thread_blocked, id=16256, stack(0x00000000230c0000,0x00000000231c0000)]
  0x0000000024054800 JavaThread "ForkJoinPool.commonPool-worker-5" daemon [_thread_blocked, id=16628, stack(0x0000000022d20000,0x0000000022e20000)]
  0x00000000213c3800 JavaThread "ForkJoinPool.commonPool-worker-7" daemon [_thread_blocked, id=14268, stack(0x0000000022f70000,0x0000000023070000)]
  0x00000000213ed000 JavaThread "ForkJoinPool.commonPool-worker-11" daemon [_thread_blocked, id=13488, stack(0x0000000025240000,0x0000000025340000)]
  0x0000000024faf800 JavaThread "ForkJoinPool.commonPool-worker-9" daemon [_thread_blocked, id=16624, stack(0x0000000026e70000,0x0000000026f70000)]
  0x0000000022957800 JavaThread "ForkJoinPool.commonPool-worker-13" daemon [_thread_blocked, id=13904, stack(0x00000000272b0000,0x00000000273b0000)]
  0x0000000022958800 JavaThread "ForkJoinPool.commonPool-worker-15" daemon [_thread_blocked, id=13304, stack(0x00000000274f0000,0x00000000275f0000)]
  0x0000000022959000 JavaThread "Exec Default Executor" daemon [_thread_in_native, id=15772, stack(0x0000000027860000,0x0000000027960000)]
  0x000000002295a000 JavaThread "Driver Service Executor" daemon [_thread_blocked, id=14716, stack(0x0000000027980000,0x0000000027a80000)]
  0x000000002295b000 JavaThread "Driver Service Executor" daemon [_thread_blocked, id=13136, stack(0x0000000027b50000,0x0000000027c50000)]
  0x000000002295b800 JavaThread "UrlChecker-2" daemon [_thread_blocked, id=16024, stack(0x0000000027c80000,0x0000000027d80000)]
  0x000000002295c800 JavaThread "Exec Stream Pumper" daemon [_thread_in_native, id=12872, stack(0x0000000027e60000,0x0000000027f60000)]
  0x000000002295d800 JavaThread "Exec Stream Pumper" daemon [_thread_in_native, id=16460, stack(0x00000000273e0000,0x00000000274e0000)]
  0x000000002295e000 JavaThread "Keep-Alive-Timer" daemon [_thread_blocked, id=14868, stack(0x00000000275f0000,0x00000000276f0000)]

Other Threads:
  0x000000001f01a000 VMThread "VM Thread" [stack: 0x000000001f8a0000,0x000000001f9a0000] [id=14576]
  0x000000002059b800 WatcherThread [stack: 0x0000000020af0000,0x0000000020bf0000] [id=15548]
  0x0000000000483000 GCTaskThread "GC Thread#0" [stack: 0x000000001a260000,0x000000001a360000] [id=14196]
  0x0000000021dc7000 GCTaskThread "GC Thread#1" [stack: 0x0000000023580000,0x0000000023680000] [id=17108]
  0x0000000021ed7000 GCTaskThread "GC Thread#2" [stack: 0x0000000023790000,0x0000000023890000] [id=16900]
  0x0000000021ed4000 GCTaskThread "GC Thread#3" [stack: 0x0000000023980000,0x0000000023a80000] [id=15372]
  0x000000002139f000 GCTaskThread "GC Thread#4" [stack: 0x0000000023a90000,0x0000000023b90000] [id=13868]
  0x0000000021fed000 GCTaskThread "GC Thread#5" [stack: 0x0000000023480000,0x0000000023580000] [id=15420]
  0x0000000021b60800 GCTaskThread "GC Thread#6" [stack: 0x0000000023c90000,0x0000000023d90000] [id=10128]
  0x0000000021b61000 GCTaskThread "GC Thread#7" [stack: 0x0000000023dd0000,0x0000000023ed0000] [id=16688]
  0x0000000000495000 ConcurrentGCThread "G1 Main Marker" [stack: 0x000000001bf10000,0x000000001c010000] [id=16128]
  0x0000000000496800 ConcurrentGCThread "G1 Conc#0" [stack: 0x000000001c1c0000,0x000000001c2c0000] [id=14904]
  0x000000002245a800 ConcurrentGCThread "G1 Conc#1" [stack: 0x0000000025440000,0x0000000025540000] [id=2848]
  0x000000001e5c4800 ConcurrentGCThread "G1 Refine#0" [stack: 0x000000001ebf0000,0x000000001ecf0000] [id=16380]
  0x0000000020732000 ConcurrentGCThread "G1 Refine#1" [stack: 0x0000000023ee0000,0x0000000023fe0000] [id=16572]
  0x000000001e5c7800 ConcurrentGCThread "G1 Young RemSet Sampling" [stack: 0x000000001eda0000,0x000000001eea0000] [id=15732]

Threads with active compile tasks:
C2 CompilerThread0  12259 2115 %     4       jdk.internal.loader.URLClassPath::getResource @ 39 (74 bytes)

VM state:not at safepoint (normal execution)

VM Mutex/Monitor currently owned by a thread: None

Heap address: 0x00000000e0000000, size: 512 MB, Compressed Oops mode: 32-bit
Narrow klass base: 0x0000000000000000, Narrow klass shift: 0
Compressed class space size: 1073741824 Address: 0x000000007fff0000

Heap:
 garbage-first heap   total 262144K, used 28182K [0x00000000e0000000, 0x0000000100000000)
  region size 1024K, 22 young (22528K), 6 survivors (6144K)
 Metaspace       used 29403K, capacity 30420K, committed 30512K, reserved 1075200K
  class space    used 3497K, capacity 3926K, committed 3968K, reserved 1048576K
Heap Regions: E=young(eden), S=young(survivor), O=old, HS=humongous(starts), HC=humongous(continues), CS=collection set, F=free, A=archive, TAMS=top-at-mark-start (previous, next)
|   0|0x00000000e0000000, 0x00000000e0100000, 0x00000000e0100000|100%| O|  |TAMS 0x00000000e0100000, 0x00000000e0000000| Untracked 
|   1|0x00000000e0100000, 0x00000000e0200000, 0x00000000e0200000|100%| O|  |TAMS 0x00000000e0200000, 0x00000000e0100000| Untracked 
|   2|0x00000000e0200000, 0x00000000e0300000, 0x00000000e0300000|100%| O|  |TAMS 0x00000000e0300000, 0x00000000e0200000| Untracked 
|   3|0x00000000e0300000, 0x00000000e0400000, 0x00000000e0400000|100%| O|  |TAMS 0x00000000e0400000, 0x00000000e0300000| Untracked 
|   4|0x00000000e0400000, 0x00000000e0500000, 0x00000000e0500000|100%| O|  |TAMS 0x00000000e0500000, 0x00000000e0400000| Untracked 
|   5|0x00000000e0500000, 0x00000000e0600000, 0x00000000e0600000|100%| O|  |TAMS 0x00000000e05cde00, 0x00000000e0500000| Untracked 
|   6|0x00000000e0600000, 0x00000000e0696400, 0x00000000e0700000| 58%| O|  |TAMS 0x00000000e0600000, 0x00000000e0600000| Untracked 
|   7|0x00000000e0700000, 0x00000000e0700000, 0x00000000e0800000|  0%| F|  |TAMS 0x00000000e0700000, 0x00000000e0700000| Untracked 
|   8|0x00000000e0800000, 0x00000000e0800000, 0x00000000e0900000|  0%| F|  |TAMS 0x00000000e0800000, 0x00000000e0800000| Untracked 
|   9|0x00000000e0900000, 0x00000000e0900000, 0x00000000e0a00000|  0%| F|  |TAMS 0x00000000e0900000, 0x00000000e0900000| Untracked 
|  10|0x00000000e0a00000, 0x00000000e0a00000, 0x00000000e0b00000|  0%| F|  |TAMS 0x00000000e0a00000, 0x00000000e0a00000| Untracked 
|  11|0x00000000e0b00000, 0x00000000e0b00000, 0x00000000e0c00000|  0%| F|  |TAMS 0x00000000e0b00000, 0x00000000e0b00000| Untracked 
|  12|0x00000000e0c00000, 0x00000000e0c00000, 0x00000000e0d00000|  0%| F|  |TAMS 0x00000000e0c00000, 0x00000000e0c00000| Untracked 
|  13|0x00000000e0d00000, 0x00000000e0d00000, 0x00000000e0e00000|  0%| F|  |TAMS 0x00000000e0d00000, 0x00000000e0d00000| Untracked 
|  14|0x00000000e0e00000, 0x00000000e0e00000, 0x00000000e0f00000|  0%| F|  |TAMS 0x00000000e0e00000, 0x00000000e0e00000| Untracked 
|  15|0x00000000e0f00000, 0x00000000e0f00000, 0x00000000e1000000|  0%| F|  |TAMS 0x00000000e0f00000, 0x00000000e0f00000| Untracked 
|  16|0x00000000e1000000, 0x00000000e1000000, 0x00000000e1100000|  0%| F|  |TAMS 0x00000000e1000000, 0x00000000e1000000| Untracked 
|  17|0x00000000e1100000, 0x00000000e1100000, 0x00000000e1200000|  0%| F|  |TAMS 0x00000000e1100000, 0x00000000e1100000| Untracked 
|  18|0x00000000e1200000, 0x00000000e1200000, 0x00000000e1300000|  0%| F|  |TAMS 0x00000000e1200000, 0x00000000e1200000| Untracked 
|  19|0x00000000e1300000, 0x00000000e1300000, 0x00000000e1400000|  0%| F|  |TAMS 0x00000000e1300000, 0x00000000e1300000| Untracked 
|  20|0x00000000e1400000, 0x00000000e1400000, 0x00000000e1500000|  0%| F|  |TAMS 0x00000000e1400000, 0x00000000e1400000| Untracked 
|  21|0x00000000e1500000, 0x00000000e1500000, 0x00000000e1600000|  0%| F|  |TAMS 0x00000000e1500000, 0x00000000e1500000| Untracked 
|  22|0x00000000e1600000, 0x00000000e1600000, 0x00000000e1700000|  0%| F|  |TAMS 0x00000000e1600000, 0x00000000e1600000| Untracked 
|  23|0x00000000e1700000, 0x00000000e1700000, 0x00000000e1800000|  0%| F|  |TAMS 0x00000000e1700000, 0x00000000e1700000| Untracked 
|  24|0x00000000e1800000, 0x00000000e1800000, 0x00000000e1900000|  0%| F|  |TAMS 0x00000000e1800000, 0x00000000e1800000| Untracked 
|  25|0x00000000e1900000, 0x00000000e1900000, 0x00000000e1a00000|  0%| F|  |TAMS 0x00000000e1900000, 0x00000000e1900000| Untracked 
|  26|0x00000000e1a00000, 0x00000000e1a00000, 0x00000000e1b00000|  0%| F|  |TAMS 0x00000000e1a00000, 0x00000000e1a00000| Untracked 
|  27|0x00000000e1b00000, 0x00000000e1b00000, 0x00000000e1c00000|  0%| F|  |TAMS 0x00000000e1b00000, 0x00000000e1b00000| Untracked 
|  28|0x00000000e1c00000, 0x00000000e1c00000, 0x00000000e1d00000|  0%| F|  |TAMS 0x00000000e1c00000, 0x00000000e1c00000| Untracked 
|  29|0x00000000e1d00000, 0x00000000e1d00000, 0x00000000e1e00000|  0%| F|  |TAMS 0x00000000e1d00000, 0x00000000e1d00000| Untracked 
|  30|0x00000000e1e00000, 0x00000000e1e00000, 0x00000000e1f00000|  0%| F|  |TAMS 0x00000000e1e00000, 0x00000000e1e00000| Untracked 
|  31|0x00000000e1f00000, 0x00000000e1f00000, 0x00000000e2000000|  0%| F|  |TAMS 0x00000000e1f00000, 0x00000000e1f00000| Untracked 
|  32|0x00000000e2000000, 0x00000000e2000000, 0x00000000e2100000|  0%| F|  |TAMS 0x00000000e2000000, 0x00000000e2000000| Untracked 
|  33|0x00000000e2100000, 0x00000000e2100000, 0x00000000e2200000|  0%| F|  |TAMS 0x00000000e2100000, 0x00000000e2100000| Untracked 
|  34|0x00000000e2200000, 0x00000000e2200000, 0x00000000e2300000|  0%| F|  |TAMS 0x00000000e2200000, 0x00000000e2200000| Untracked 
|  35|0x00000000e2300000, 0x00000000e2300000, 0x00000000e2400000|  0%| F|  |TAMS 0x00000000e2300000, 0x00000000e2300000| Untracked 
|  36|0x00000000e2400000, 0x00000000e2400000, 0x00000000e2500000|  0%| F|  |TAMS 0x00000000e2400000, 0x00000000e2400000| Untracked 
|  37|0x00000000e2500000, 0x00000000e2500000, 0x00000000e2600000|  0%| F|  |TAMS 0x00000000e2500000, 0x00000000e2500000| Untracked 
|  38|0x00000000e2600000, 0x00000000e2600000, 0x00000000e2700000|  0%| F|  |TAMS 0x00000000e2600000, 0x00000000e2600000| Untracked 
|  39|0x00000000e2700000, 0x00000000e2700000, 0x00000000e2800000|  0%| F|  |TAMS 0x00000000e2700000, 0x00000000e2700000| Untracked 
|  40|0x00000000e2800000, 0x00000000e2800000, 0x00000000e2900000|  0%| F|  |TAMS 0x00000000e2800000, 0x00000000e2800000| Untracked 
|  41|0x00000000e2900000, 0x00000000e2900000, 0x00000000e2a00000|  0%| F|  |TAMS 0x00000000e2900000, 0x00000000e2900000| Untracked 
|  42|0x00000000e2a00000, 0x00000000e2a00000, 0x00000000e2b00000|  0%| F|  |TAMS 0x00000000e2a00000, 0x00000000e2a00000| Untracked 
|  43|0x00000000e2b00000, 0x00000000e2b00000, 0x00000000e2c00000|  0%| F|  |TAMS 0x00000000e2b00000, 0x00000000e2b00000| Untracked 
|  44|0x00000000e2c00000, 0x00000000e2c00000, 0x00000000e2d00000|  0%| F|  |TAMS 0x00000000e2c00000, 0x00000000e2c00000| Untracked 
|  45|0x00000000e2d00000, 0x00000000e2d00000, 0x00000000e2e00000|  0%| F|  |TAMS 0x00000000e2d00000, 0x00000000e2d00000| Untracked 
|  46|0x00000000e2e00000, 0x00000000e2e00000, 0x00000000e2f00000|  0%| F|  |TAMS 0x00000000e2e00000, 0x00000000e2e00000| Untracked 
|  47|0x00000000e2f00000, 0x00000000e2f00000, 0x00000000e3000000|  0%| F|  |TAMS 0x00000000e2f00000, 0x00000000e2f00000| Untracked 
|  48|0x00000000e3000000, 0x00000000e3000000, 0x00000000e3100000|  0%| F|  |TAMS 0x00000000e3000000, 0x00000000e3000000| Untracked 
|  49|0x00000000e3100000, 0x00000000e3100000, 0x00000000e3200000|  0%| F|  |TAMS 0x00000000e3100000, 0x00000000e3100000| Untracked 
|  50|0x00000000e3200000, 0x00000000e3200000, 0x00000000e3300000|  0%| F|  |TAMS 0x00000000e3200000, 0x00000000e3200000| Untracked 
|  51|0x00000000e3300000, 0x00000000e3300000, 0x00000000e3400000|  0%| F|  |TAMS 0x00000000e3300000, 0x00000000e3300000| Untracked 
|  52|0x00000000e3400000, 0x00000000e3400000, 0x00000000e3500000|  0%| F|  |TAMS 0x00000000e3400000, 0x00000000e3400000| Untracked 
|  53|0x00000000e3500000, 0x00000000e3500000, 0x00000000e3600000|  0%| F|  |TAMS 0x00000000e3500000, 0x00000000e3500000| Untracked 
|  54|0x00000000e3600000, 0x00000000e3600000, 0x00000000e3700000|  0%| F|  |TAMS 0x00000000e3600000, 0x00000000e3600000| Untracked 
|  55|0x00000000e3700000, 0x00000000e3700000, 0x00000000e3800000|  0%| F|  |TAMS 0x00000000e3700000, 0x00000000e3700000| Untracked 
|  56|0x00000000e3800000, 0x00000000e3800000, 0x00000000e3900000|  0%| F|  |TAMS 0x00000000e3800000, 0x00000000e3800000| Untracked 
|  57|0x00000000e3900000, 0x00000000e3900000, 0x00000000e3a00000|  0%| F|  |TAMS 0x00000000e3900000, 0x00000000e3900000| Untracked 
|  58|0x00000000e3a00000, 0x00000000e3a00000, 0x00000000e3b00000|  0%| F|  |TAMS 0x00000000e3a00000, 0x00000000e3a00000| Untracked 
|  59|0x00000000e3b00000, 0x00000000e3b00000, 0x00000000e3c00000|  0%| F|  |TAMS 0x00000000e3b00000, 0x00000000e3b00000| Untracked 
|  60|0x00000000e3c00000, 0x00000000e3c00000, 0x00000000e3d00000|  0%| F|  |TAMS 0x00000000e3c00000, 0x00000000e3c00000| Untracked 
|  61|0x00000000e3d00000, 0x00000000e3d00000, 0x00000000e3e00000|  0%| F|  |TAMS 0x00000000e3d00000, 0x00000000e3d00000| Untracked 
|  62|0x00000000e3e00000, 0x00000000e3e00000, 0x00000000e3f00000|  0%| F|  |TAMS 0x00000000e3e00000, 0x00000000e3e00000| Untracked 
|  63|0x00000000e3f00000, 0x00000000e3f00000, 0x00000000e4000000|  0%| F|  |TAMS 0x00000000e3f00000, 0x00000000e3f00000| Untracked 
|  64|0x00000000e4000000, 0x00000000e4000000, 0x00000000e4100000|  0%| F|  |TAMS 0x00000000e4000000, 0x00000000e4000000| Untracked 
|  65|0x00000000e4100000, 0x00000000e4100000, 0x00000000e4200000|  0%| F|  |TAMS 0x00000000e4100000, 0x00000000e4100000| Untracked 
|  66|0x00000000e4200000, 0x00000000e4200000, 0x00000000e4300000|  0%| F|  |TAMS 0x00000000e4200000, 0x00000000e4200000| Untracked 
|  67|0x00000000e4300000, 0x00000000e4300000, 0x00000000e4400000|  0%| F|  |TAMS 0x00000000e4300000, 0x00000000e4300000| Untracked 
|  68|0x00000000e4400000, 0x00000000e4400000, 0x00000000e4500000|  0%| F|  |TAMS 0x00000000e4400000, 0x00000000e4400000| Untracked 
|  69|0x00000000e4500000, 0x00000000e4500000, 0x00000000e4600000|  0%| F|  |TAMS 0x00000000e4500000, 0x00000000e4500000| Untracked 
|  70|0x00000000e4600000, 0x00000000e4600000, 0x00000000e4700000|  0%| F|  |TAMS 0x00000000e4600000, 0x00000000e4600000| Untracked 
|  71|0x00000000e4700000, 0x00000000e4700000, 0x00000000e4800000|  0%| F|  |TAMS 0x00000000e4700000, 0x00000000e4700000| Untracked 
|  72|0x00000000e4800000, 0x00000000e4800000, 0x00000000e4900000|  0%| F|  |TAMS 0x00000000e4800000, 0x00000000e4800000| Untracked 
|  73|0x00000000e4900000, 0x00000000e4900000, 0x00000000e4a00000|  0%| F|  |TAMS 0x00000000e4900000, 0x00000000e4900000| Untracked 
|  74|0x00000000e4a00000, 0x00000000e4a00000, 0x00000000e4b00000|  0%| F|  |TAMS 0x00000000e4a00000, 0x00000000e4a00000| Untracked 
|  75|0x00000000e4b00000, 0x00000000e4b00000, 0x00000000e4c00000|  0%| F|  |TAMS 0x00000000e4b00000, 0x00000000e4b00000| Untracked 
|  76|0x00000000e4c00000, 0x00000000e4c00000, 0x00000000e4d00000|  0%| F|  |TAMS 0x00000000e4c00000, 0x00000000e4c00000| Untracked 
|  77|0x00000000e4d00000, 0x00000000e4d00000, 0x00000000e4e00000|  0%| F|  |TAMS 0x00000000e4d00000, 0x00000000e4d00000| Untracked 
|  78|0x00000000e4e00000, 0x00000000e4e00000, 0x00000000e4f00000|  0%| F|  |TAMS 0x00000000e4e00000, 0x00000000e4e00000| Untracked 
|  79|0x00000000e4f00000, 0x00000000e4f00000, 0x00000000e5000000|  0%| F|  |TAMS 0x00000000e4f00000, 0x00000000e4f00000| Untracked 
|  80|0x00000000e5000000, 0x00000000e5000000, 0x00000000e5100000|  0%| F|  |TAMS 0x00000000e5000000, 0x00000000e5000000| Untracked 
|  81|0x00000000e5100000, 0x00000000e5100000, 0x00000000e5200000|  0%| F|  |TAMS 0x00000000e5100000, 0x00000000e5100000| Untracked 
|  82|0x00000000e5200000, 0x00000000e5200000, 0x00000000e5300000|  0%| F|  |TAMS 0x00000000e5200000, 0x00000000e5200000| Untracked 
|  83|0x00000000e5300000, 0x00000000e5300000, 0x00000000e5400000|  0%| F|  |TAMS 0x00000000e5300000, 0x00000000e5300000| Untracked 
|  84|0x00000000e5400000, 0x00000000e5400000, 0x00000000e5500000|  0%| F|  |TAMS 0x00000000e5400000, 0x00000000e5400000| Untracked 
|  85|0x00000000e5500000, 0x00000000e5500000, 0x00000000e5600000|  0%| F|  |TAMS 0x00000000e5500000, 0x00000000e5500000| Untracked 
|  86|0x00000000e5600000, 0x00000000e5600000, 0x00000000e5700000|  0%| F|  |TAMS 0x00000000e5600000, 0x00000000e5600000| Untracked 
|  87|0x00000000e5700000, 0x00000000e5700000, 0x00000000e5800000|  0%| F|  |TAMS 0x00000000e5700000, 0x00000000e5700000| Untracked 
|  88|0x00000000e5800000, 0x00000000e5800000, 0x00000000e5900000|  0%| F|  |TAMS 0x00000000e5800000, 0x00000000e5800000| Untracked 
|  89|0x00000000e5900000, 0x00000000e5900000, 0x00000000e5a00000|  0%| F|  |TAMS 0x00000000e5900000, 0x00000000e5900000| Untracked 
|  90|0x00000000e5a00000, 0x00000000e5a00000, 0x00000000e5b00000|  0%| F|  |TAMS 0x00000000e5a00000, 0x00000000e5a00000| Untracked 
|  91|0x00000000e5b00000, 0x00000000e5b00000, 0x00000000e5c00000|  0%| F|  |TAMS 0x00000000e5b00000, 0x00000000e5b00000| Untracked 
|  92|0x00000000e5c00000, 0x00000000e5c00000, 0x00000000e5d00000|  0%| F|  |TAMS 0x00000000e5c00000, 0x00000000e5c00000| Untracked 
|  93|0x00000000e5d00000, 0x00000000e5d00000, 0x00000000e5e00000|  0%| F|  |TAMS 0x00000000e5d00000, 0x00000000e5d00000| Untracked 
|  94|0x00000000e5e00000, 0x00000000e5e00000, 0x00000000e5f00000|  0%| F|  |TAMS 0x00000000e5e00000, 0x00000000e5e00000| Untracked 
|  95|0x00000000e5f00000, 0x00000000e5f00000, 0x00000000e6000000|  0%| F|  |TAMS 0x00000000e5f00000, 0x00000000e5f00000| Untracked 
|  96|0x00000000e6000000, 0x00000000e6000000, 0x00000000e6100000|  0%| F|  |TAMS 0x00000000e6000000, 0x00000000e6000000| Untracked 
|  97|0x00000000e6100000, 0x00000000e6100000, 0x00000000e6200000|  0%| F|  |TAMS 0x00000000e6100000, 0x00000000e6100000| Untracked 
|  98|0x00000000e6200000, 0x00000000e6200000, 0x00000000e6300000|  0%| F|  |TAMS 0x00000000e6200000, 0x00000000e6200000| Untracked 
|  99|0x00000000e6300000, 0x00000000e6300000, 0x00000000e6400000|  0%| F|  |TAMS 0x00000000e6300000, 0x00000000e6300000| Untracked 
| 100|0x00000000e6400000, 0x00000000e6400000, 0x00000000e6500000|  0%| F|  |TAMS 0x00000000e6400000, 0x00000000e6400000| Untracked 
| 101|0x00000000e6500000, 0x00000000e6500000, 0x00000000e6600000|  0%| F|  |TAMS 0x00000000e6500000, 0x00000000e6500000| Untracked 
| 102|0x00000000e6600000, 0x00000000e6600000, 0x00000000e6700000|  0%| F|  |TAMS 0x00000000e6600000, 0x00000000e6600000| Untracked 
| 103|0x00000000e6700000, 0x00000000e6700000, 0x00000000e6800000|  0%| F|  |TAMS 0x00000000e6700000, 0x00000000e6700000| Untracked 
| 104|0x00000000e6800000, 0x00000000e6800000, 0x00000000e6900000|  0%| F|  |TAMS 0x00000000e6800000, 0x00000000e6800000| Untracked 
| 105|0x00000000e6900000, 0x00000000e6900000, 0x00000000e6a00000|  0%| F|  |TAMS 0x00000000e6900000, 0x00000000e6900000| Untracked 
| 106|0x00000000e6a00000, 0x00000000e6a00000, 0x00000000e6b00000|  0%| F|  |TAMS 0x00000000e6a00000, 0x00000000e6a00000| Untracked 
| 107|0x00000000e6b00000, 0x00000000e6b00000, 0x00000000e6c00000|  0%| F|  |TAMS 0x00000000e6b00000, 0x00000000e6b00000| Untracked 
| 108|0x00000000e6c00000, 0x00000000e6c00000, 0x00000000e6d00000|  0%| F|  |TAMS 0x00000000e6c00000, 0x00000000e6c00000| Untracked 
| 109|0x00000000e6d00000, 0x00000000e6d00000, 0x00000000e6e00000|  0%| F|  |TAMS 0x00000000e6d00000, 0x00000000e6d00000| Untracked 
| 110|0x00000000e6e00000, 0x00000000e6e00000, 0x00000000e6f00000|  0%| F|  |TAMS 0x00000000e6e00000, 0x00000000e6e00000| Untracked 
| 111|0x00000000e6f00000, 0x00000000e6f00000, 0x00000000e7000000|  0%| F|  |TAMS 0x00000000e6f00000, 0x00000000e6f00000| Untracked 
| 112|0x00000000e7000000, 0x00000000e7000000, 0x00000000e7100000|  0%| F|  |TAMS 0x00000000e7000000, 0x00000000e7000000| Untracked 
| 113|0x00000000e7100000, 0x00000000e7100000, 0x00000000e7200000|  0%| F|  |TAMS 0x00000000e7100000, 0x00000000e7100000| Untracked 
| 114|0x00000000e7200000, 0x00000000e7200000, 0x00000000e7300000|  0%| F|  |TAMS 0x00000000e7200000, 0x00000000e7200000| Untracked 
| 115|0x00000000e7300000, 0x00000000e7300000, 0x00000000e7400000|  0%| F|  |TAMS 0x00000000e7300000, 0x00000000e7300000| Untracked 
| 116|0x00000000e7400000, 0x00000000e7400000, 0x00000000e7500000|  0%| F|  |TAMS 0x00000000e7400000, 0x00000000e7400000| Untracked 
| 117|0x00000000e7500000, 0x00000000e7500000, 0x00000000e7600000|  0%| F|  |TAMS 0x00000000e7500000, 0x00000000e7500000| Untracked 
| 118|0x00000000e7600000, 0x00000000e7600000, 0x00000000e7700000|  0%| F|  |TAMS 0x00000000e7600000, 0x00000000e7600000| Untracked 
| 119|0x00000000e7700000, 0x00000000e7700000, 0x00000000e7800000|  0%| F|  |TAMS 0x00000000e7700000, 0x00000000e7700000| Untracked 
| 120|0x00000000e7800000, 0x00000000e7800000, 0x00000000e7900000|  0%| F|  |TAMS 0x00000000e7800000, 0x00000000e7800000| Untracked 
| 121|0x00000000e7900000, 0x00000000e7900000, 0x00000000e7a00000|  0%| F|  |TAMS 0x00000000e7900000, 0x00000000e7900000| Untracked 
| 122|0x00000000e7a00000, 0x00000000e7a00000, 0x00000000e7b00000|  0%| F|  |TAMS 0x00000000e7a00000, 0x00000000e7a00000| Untracked 
| 123|0x00000000e7b00000, 0x00000000e7b00000, 0x00000000e7c00000|  0%| F|  |TAMS 0x00000000e7b00000, 0x00000000e7b00000| Untracked 
| 124|0x00000000e7c00000, 0x00000000e7c00000, 0x00000000e7d00000|  0%| F|  |TAMS 0x00000000e7c00000, 0x00000000e7c00000| Untracked 
| 125|0x00000000e7d00000, 0x00000000e7d00000, 0x00000000e7e00000|  0%| F|  |TAMS 0x00000000e7d00000, 0x00000000e7d00000| Untracked 
| 126|0x00000000e7e00000, 0x00000000e7e00000, 0x00000000e7f00000|  0%| F|  |TAMS 0x00000000e7e00000, 0x00000000e7e00000| Untracked 
| 127|0x00000000e7f00000, 0x00000000e7f00000, 0x00000000e8000000|  0%| F|  |TAMS 0x00000000e7f00000, 0x00000000e7f00000| Untracked 
| 128|0x00000000e8000000, 0x00000000e8000000, 0x00000000e8100000|  0%| F|  |TAMS 0x00000000e8000000, 0x00000000e8000000| Untracked 
| 129|0x00000000e8100000, 0x00000000e8100000, 0x00000000e8200000|  0%| F|  |TAMS 0x00000000e8100000, 0x00000000e8100000| Untracked 
| 130|0x00000000e8200000, 0x00000000e8200000, 0x00000000e8300000|  0%| F|  |TAMS 0x00000000e8200000, 0x00000000e8200000| Untracked 
| 131|0x00000000e8300000, 0x00000000e8300000, 0x00000000e8400000|  0%| F|  |TAMS 0x00000000e8300000, 0x00000000e8300000| Untracked 
| 132|0x00000000e8400000, 0x00000000e8400000, 0x00000000e8500000|  0%| F|  |TAMS 0x00000000e8400000, 0x00000000e8400000| Untracked 
| 133|0x00000000e8500000, 0x00000000e8500000, 0x00000000e8600000|  0%| F|  |TAMS 0x00000000e8500000, 0x00000000e8500000| Untracked 
| 134|0x00000000e8600000, 0x00000000e8600000, 0x00000000e8700000|  0%| F|  |TAMS 0x00000000e8600000, 0x00000000e8600000| Untracked 
| 135|0x00000000e8700000, 0x00000000e8700000, 0x00000000e8800000|  0%| F|  |TAMS 0x00000000e8700000, 0x00000000e8700000| Untracked 
| 136|0x00000000e8800000, 0x00000000e8800000, 0x00000000e8900000|  0%| F|  |TAMS 0x00000000e8800000, 0x00000000e8800000| Untracked 
| 137|0x00000000e8900000, 0x00000000e8900000, 0x00000000e8a00000|  0%| F|  |TAMS 0x00000000e8900000, 0x00000000e8900000| Untracked 
| 138|0x00000000e8a00000, 0x00000000e8a00000, 0x00000000e8b00000|  0%| F|  |TAMS 0x00000000e8a00000, 0x00000000e8a00000| Untracked 
| 139|0x00000000e8b00000, 0x00000000e8b00000, 0x00000000e8c00000|  0%| F|  |TAMS 0x00000000e8b00000, 0x00000000e8b00000| Untracked 
| 140|0x00000000e8c00000, 0x00000000e8c00000, 0x00000000e8d00000|  0%| F|  |TAMS 0x00000000e8c00000, 0x00000000e8c00000| Untracked 
| 141|0x00000000e8d00000, 0x00000000e8d00000, 0x00000000e8e00000|  0%| F|  |TAMS 0x00000000e8d00000, 0x00000000e8d00000| Untracked 
| 142|0x00000000e8e00000, 0x00000000e8e00000, 0x00000000e8f00000|  0%| F|  |TAMS 0x00000000e8e00000, 0x00000000e8e00000| Untracked 
| 143|0x00000000e8f00000, 0x00000000e8f00000, 0x00000000e9000000|  0%| F|  |TAMS 0x00000000e8f00000, 0x00000000e8f00000| Untracked 
| 144|0x00000000e9000000, 0x00000000e9000000, 0x00000000e9100000|  0%| F|  |TAMS 0x00000000e9000000, 0x00000000e9000000| Untracked 
| 145|0x00000000e9100000, 0x00000000e9100000, 0x00000000e9200000|  0%| F|  |TAMS 0x00000000e9100000, 0x00000000e9100000| Untracked 
| 146|0x00000000e9200000, 0x00000000e9200000, 0x00000000e9300000|  0%| F|  |TAMS 0x00000000e9200000, 0x00000000e9200000| Untracked 
| 147|0x00000000e9300000, 0x00000000e9300000, 0x00000000e9400000|  0%| F|  |TAMS 0x00000000e9300000, 0x00000000e9300000| Untracked 
| 148|0x00000000e9400000, 0x00000000e9400000, 0x00000000e9500000|  0%| F|  |TAMS 0x00000000e9400000, 0x00000000e9400000| Untracked 
| 149|0x00000000e9500000, 0x00000000e9500000, 0x00000000e9600000|  0%| F|  |TAMS 0x00000000e9500000, 0x00000000e9500000| Untracked 
| 150|0x00000000e9600000, 0x00000000e9600000, 0x00000000e9700000|  0%| F|  |TAMS 0x00000000e9600000, 0x00000000e9600000| Untracked 
| 151|0x00000000e9700000, 0x00000000e9700000, 0x00000000e9800000|  0%| F|  |TAMS 0x00000000e9700000, 0x00000000e9700000| Untracked 
| 152|0x00000000e9800000, 0x00000000e9800000, 0x00000000e9900000|  0%| F|  |TAMS 0x00000000e9800000, 0x00000000e9800000| Untracked 
| 153|0x00000000e9900000, 0x00000000e9900000, 0x00000000e9a00000|  0%| F|  |TAMS 0x00000000e9900000, 0x00000000e9900000| Untracked 
| 154|0x00000000e9a00000, 0x00000000e9a00000, 0x00000000e9b00000|  0%| F|  |TAMS 0x00000000e9a00000, 0x00000000e9a00000| Untracked 
| 155|0x00000000e9b00000, 0x00000000e9b00000, 0x00000000e9c00000|  0%| F|  |TAMS 0x00000000e9b00000, 0x00000000e9b00000| Untracked 
| 156|0x00000000e9c00000, 0x00000000e9c00000, 0x00000000e9d00000|  0%| F|  |TAMS 0x00000000e9c00000, 0x00000000e9c00000| Untracked 
| 157|0x00000000e9d00000, 0x00000000e9d00000, 0x00000000e9e00000|  0%| F|  |TAMS 0x00000000e9d00000, 0x00000000e9d00000| Untracked 
| 158|0x00000000e9e00000, 0x00000000e9e00000, 0x00000000e9f00000|  0%| F|  |TAMS 0x00000000e9e00000, 0x00000000e9e00000| Untracked 
| 159|0x00000000e9f00000, 0x00000000e9f00000, 0x00000000ea000000|  0%| F|  |TAMS 0x00000000e9f00000, 0x00000000e9f00000| Untracked 
| 160|0x00000000ea000000, 0x00000000ea000000, 0x00000000ea100000|  0%| F|  |TAMS 0x00000000ea000000, 0x00000000ea000000| Untracked 
| 161|0x00000000ea100000, 0x00000000ea100000, 0x00000000ea200000|  0%| F|  |TAMS 0x00000000ea100000, 0x00000000ea100000| Untracked 
| 162|0x00000000ea200000, 0x00000000ea200000, 0x00000000ea300000|  0%| F|  |TAMS 0x00000000ea200000, 0x00000000ea200000| Untracked 
| 163|0x00000000ea300000, 0x00000000ea300000, 0x00000000ea400000|  0%| F|  |TAMS 0x00000000ea300000, 0x00000000ea300000| Untracked 
| 164|0x00000000ea400000, 0x00000000ea400000, 0x00000000ea500000|  0%| F|  |TAMS 0x00000000ea400000, 0x00000000ea400000| Untracked 
| 165|0x00000000ea500000, 0x00000000ea500000, 0x00000000ea600000|  0%| F|  |TAMS 0x00000000ea500000, 0x00000000ea500000| Untracked 
| 166|0x00000000ea600000, 0x00000000ea600000, 0x00000000ea700000|  0%| F|  |TAMS 0x00000000ea600000, 0x00000000ea600000| Untracked 
| 167|0x00000000ea700000, 0x00000000ea700000, 0x00000000ea800000|  0%| F|  |TAMS 0x00000000ea700000, 0x00000000ea700000| Untracked 
| 168|0x00000000ea800000, 0x00000000ea800000, 0x00000000ea900000|  0%| F|  |TAMS 0x00000000ea800000, 0x00000000ea800000| Untracked 
| 169|0x00000000ea900000, 0x00000000ea900000, 0x00000000eaa00000|  0%| F|  |TAMS 0x00000000ea900000, 0x00000000ea900000| Untracked 
| 170|0x00000000eaa00000, 0x00000000eaa00000, 0x00000000eab00000|  0%| F|  |TAMS 0x00000000eaa00000, 0x00000000eaa00000| Untracked 
| 171|0x00000000eab00000, 0x00000000eab00000, 0x00000000eac00000|  0%| F|  |TAMS 0x00000000eab00000, 0x00000000eab00000| Untracked 
| 172|0x00000000eac00000, 0x00000000eac00000, 0x00000000ead00000|  0%| F|  |TAMS 0x00000000eac00000, 0x00000000eac00000| Untracked 
| 173|0x00000000ead00000, 0x00000000ead00000, 0x00000000eae00000|  0%| F|  |TAMS 0x00000000ead00000, 0x00000000ead00000| Untracked 
| 174|0x00000000eae00000, 0x00000000eae00000, 0x00000000eaf00000|  0%| F|  |TAMS 0x00000000eae00000, 0x00000000eae00000| Untracked 
| 175|0x00000000eaf00000, 0x00000000eaf00000, 0x00000000eb000000|  0%| F|  |TAMS 0x00000000eaf00000, 0x00000000eaf00000| Untracked 
| 176|0x00000000eb000000, 0x00000000eb000000, 0x00000000eb100000|  0%| F|  |TAMS 0x00000000eb000000, 0x00000000eb000000| Untracked 
| 177|0x00000000eb100000, 0x00000000eb100000, 0x00000000eb200000|  0%| F|  |TAMS 0x00000000eb100000, 0x00000000eb100000| Untracked 
| 178|0x00000000eb200000, 0x00000000eb200000, 0x00000000eb300000|  0%| F|  |TAMS 0x00000000eb200000, 0x00000000eb200000| Untracked 
| 179|0x00000000eb300000, 0x00000000eb300000, 0x00000000eb400000|  0%| F|  |TAMS 0x00000000eb300000, 0x00000000eb300000| Untracked 
| 180|0x00000000eb400000, 0x00000000eb400000, 0x00000000eb500000|  0%| F|  |TAMS 0x00000000eb400000, 0x00000000eb400000| Untracked 
| 181|0x00000000eb500000, 0x00000000eb500000, 0x00000000eb600000|  0%| F|  |TAMS 0x00000000eb500000, 0x00000000eb500000| Untracked 
| 182|0x00000000eb600000, 0x00000000eb600000, 0x00000000eb700000|  0%| F|  |TAMS 0x00000000eb600000, 0x00000000eb600000| Untracked 
| 183|0x00000000eb700000, 0x00000000eb700000, 0x00000000eb800000|  0%| F|  |TAMS 0x00000000eb700000, 0x00000000eb700000| Untracked 
| 184|0x00000000eb800000, 0x00000000eb800000, 0x00000000eb900000|  0%| F|  |TAMS 0x00000000eb800000, 0x00000000eb800000| Untracked 
| 185|0x00000000eb900000, 0x00000000eb900000, 0x00000000eba00000|  0%| F|  |TAMS 0x00000000eb900000, 0x00000000eb900000| Untracked 
| 186|0x00000000eba00000, 0x00000000eba00000, 0x00000000ebb00000|  0%| F|  |TAMS 0x00000000eba00000, 0x00000000eba00000| Untracked 
| 187|0x00000000ebb00000, 0x00000000ebb00000, 0x00000000ebc00000|  0%| F|  |TAMS 0x00000000ebb00000, 0x00000000ebb00000| Untracked 
| 188|0x00000000ebc00000, 0x00000000ebc00000, 0x00000000ebd00000|  0%| F|  |TAMS 0x00000000ebc00000, 0x00000000ebc00000| Untracked 
| 189|0x00000000ebd00000, 0x00000000ebd00000, 0x00000000ebe00000|  0%| F|  |TAMS 0x00000000ebd00000, 0x00000000ebd00000| Untracked 
| 190|0x00000000ebe00000, 0x00000000ebe00000, 0x00000000ebf00000|  0%| F|  |TAMS 0x00000000ebe00000, 0x00000000ebe00000| Untracked 
| 191|0x00000000ebf00000, 0x00000000ebf00000, 0x00000000ec000000|  0%| F|  |TAMS 0x00000000ebf00000, 0x00000000ebf00000| Untracked 
| 192|0x00000000ec000000, 0x00000000ec000000, 0x00000000ec100000|  0%| F|  |TAMS 0x00000000ec000000, 0x00000000ec000000| Untracked 
| 193|0x00000000ec100000, 0x00000000ec100000, 0x00000000ec200000|  0%| F|  |TAMS 0x00000000ec100000, 0x00000000ec100000| Untracked 
| 194|0x00000000ec200000, 0x00000000ec200000, 0x00000000ec300000|  0%| F|  |TAMS 0x00000000ec200000, 0x00000000ec200000| Untracked 
| 195|0x00000000ec300000, 0x00000000ec300000, 0x00000000ec400000|  0%| F|  |TAMS 0x00000000ec300000, 0x00000000ec300000| Untracked 
| 196|0x00000000ec400000, 0x00000000ec400000, 0x00000000ec500000|  0%| F|  |TAMS 0x00000000ec400000, 0x00000000ec400000| Untracked 
| 197|0x00000000ec500000, 0x00000000ec5ef5b8, 0x00000000ec600000| 93%| S|CS|TAMS 0x00000000ec500000, 0x00000000ec500000| Complete 
| 198|0x00000000ec600000, 0x00000000ec700000, 0x00000000ec700000|100%| S|CS|TAMS 0x00000000ec600000, 0x00000000ec600000| Complete 
| 199|0x00000000ec700000, 0x00000000ec800000, 0x00000000ec800000|100%| S|CS|TAMS 0x00000000ec700000, 0x00000000ec700000| Complete 
| 200|0x00000000ec800000, 0x00000000ec900000, 0x00000000ec900000|100%| S|CS|TAMS 0x00000000ec800000, 0x00000000ec800000| Complete 
| 201|0x00000000ec900000, 0x00000000eca00000, 0x00000000eca00000|100%| S|CS|TAMS 0x00000000ec900000, 0x00000000ec900000| Complete 
| 202|0x00000000eca00000, 0x00000000ecb00000, 0x00000000ecb00000|100%| S|CS|TAMS 0x00000000eca00000, 0x00000000eca00000| Complete 
| 203|0x00000000ecb00000, 0x00000000ecb00000, 0x00000000ecc00000|  0%| F|  |TAMS 0x00000000ecb00000, 0x00000000ecb00000| Untracked 
| 204|0x00000000ecc00000, 0x00000000ecc00000, 0x00000000ecd00000|  0%| F|  |TAMS 0x00000000ecc00000, 0x00000000ecc00000| Untracked 
| 205|0x00000000ecd00000, 0x00000000ecd00000, 0x00000000ece00000|  0%| F|  |TAMS 0x00000000ecd00000, 0x00000000ecd00000| Untracked 
| 206|0x00000000ece00000, 0x00000000ece00000, 0x00000000ecf00000|  0%| F|  |TAMS 0x00000000ece00000, 0x00000000ece00000| Untracked 
| 207|0x00000000ecf00000, 0x00000000ecf00000, 0x00000000ed000000|  0%| F|  |TAMS 0x00000000ecf00000, 0x00000000ecf00000| Untracked 
| 208|0x00000000ed000000, 0x00000000ed000000, 0x00000000ed100000|  0%| F|  |TAMS 0x00000000ed000000, 0x00000000ed000000| Untracked 
| 209|0x00000000ed100000, 0x00000000ed100000, 0x00000000ed200000|  0%| F|  |TAMS 0x00000000ed100000, 0x00000000ed100000| Untracked 
| 210|0x00000000ed200000, 0x00000000ed200000, 0x00000000ed300000|  0%| F|  |TAMS 0x00000000ed200000, 0x00000000ed200000| Untracked 
| 211|0x00000000ed300000, 0x00000000ed300000, 0x00000000ed400000|  0%| F|  |TAMS 0x00000000ed300000, 0x00000000ed300000| Untracked 
| 212|0x00000000ed400000, 0x00000000ed400000, 0x00000000ed500000|  0%| F|  |TAMS 0x00000000ed400000, 0x00000000ed400000| Untracked 
| 213|0x00000000ed500000, 0x00000000ed500000, 0x00000000ed600000|  0%| F|  |TAMS 0x00000000ed500000, 0x00000000ed500000| Untracked 
| 214|0x00000000ed600000, 0x00000000ed600000, 0x00000000ed700000|  0%| F|  |TAMS 0x00000000ed600000, 0x00000000ed600000| Untracked 
| 215|0x00000000ed700000, 0x00000000ed700000, 0x00000000ed800000|  0%| F|  |TAMS 0x00000000ed700000, 0x00000000ed700000| Untracked 
| 216|0x00000000ed800000, 0x00000000ed800000, 0x00000000ed900000|  0%| F|  |TAMS 0x00000000ed800000, 0x00000000ed800000| Untracked 
| 217|0x00000000ed900000, 0x00000000ed900000, 0x00000000eda00000|  0%| F|  |TAMS 0x00000000ed900000, 0x00000000ed900000| Untracked 
| 218|0x00000000eda00000, 0x00000000eda00000, 0x00000000edb00000|  0%| F|  |TAMS 0x00000000eda00000, 0x00000000eda00000| Untracked 
| 219|0x00000000edb00000, 0x00000000edb00000, 0x00000000edc00000|  0%| F|  |TAMS 0x00000000edb00000, 0x00000000edb00000| Untracked 
| 220|0x00000000edc00000, 0x00000000edc00000, 0x00000000edd00000|  0%| F|  |TAMS 0x00000000edc00000, 0x00000000edc00000| Untracked 
| 221|0x00000000edd00000, 0x00000000edd00000, 0x00000000ede00000|  0%| F|  |TAMS 0x00000000edd00000, 0x00000000edd00000| Untracked 
| 222|0x00000000ede00000, 0x00000000ede00000, 0x00000000edf00000|  0%| F|  |TAMS 0x00000000ede00000, 0x00000000ede00000| Untracked 
| 223|0x00000000edf00000, 0x00000000edf00000, 0x00000000ee000000|  0%| F|  |TAMS 0x00000000edf00000, 0x00000000edf00000| Untracked 
| 224|0x00000000ee000000, 0x00000000ee000000, 0x00000000ee100000|  0%| F|  |TAMS 0x00000000ee000000, 0x00000000ee000000| Untracked 
| 225|0x00000000ee100000, 0x00000000ee100000, 0x00000000ee200000|  0%| F|  |TAMS 0x00000000ee100000, 0x00000000ee100000| Untracked 
| 226|0x00000000ee200000, 0x00000000ee200000, 0x00000000ee300000|  0%| F|  |TAMS 0x00000000ee200000, 0x00000000ee200000| Untracked 
| 227|0x00000000ee300000, 0x00000000ee300000, 0x00000000ee400000|  0%| F|  |TAMS 0x00000000ee300000, 0x00000000ee300000| Untracked 
| 228|0x00000000ee400000, 0x00000000ee400000, 0x00000000ee500000|  0%| F|  |TAMS 0x00000000ee400000, 0x00000000ee400000| Untracked 
| 229|0x00000000ee500000, 0x00000000ee500000, 0x00000000ee600000|  0%| F|  |TAMS 0x00000000ee500000, 0x00000000ee500000| Untracked 
| 230|0x00000000ee600000, 0x00000000ee600000, 0x00000000ee700000|  0%| F|  |TAMS 0x00000000ee600000, 0x00000000ee600000| Untracked 
| 231|0x00000000ee700000, 0x00000000ee700000, 0x00000000ee800000|  0%| F|  |TAMS 0x00000000ee700000, 0x00000000ee700000| Untracked 
| 232|0x00000000ee800000, 0x00000000ee800000, 0x00000000ee900000|  0%| F|  |TAMS 0x00000000ee800000, 0x00000000ee800000| Untracked 
| 233|0x00000000ee900000, 0x00000000ee900000, 0x00000000eea00000|  0%| F|  |TAMS 0x00000000ee900000, 0x00000000ee900000| Untracked 
| 234|0x00000000eea00000, 0x00000000eea00000, 0x00000000eeb00000|  0%| F|  |TAMS 0x00000000eea00000, 0x00000000eea00000| Untracked 
| 235|0x00000000eeb00000, 0x00000000eeb00000, 0x00000000eec00000|  0%| F|  |TAMS 0x00000000eeb00000, 0x00000000eeb00000| Untracked 
| 236|0x00000000eec00000, 0x00000000eec00000, 0x00000000eed00000|  0%| F|  |TAMS 0x00000000eec00000, 0x00000000eec00000| Untracked 
| 237|0x00000000eed00000, 0x00000000eed00000, 0x00000000eee00000|  0%| F|  |TAMS 0x00000000eed00000, 0x00000000eed00000| Untracked 
| 238|0x00000000eee00000, 0x00000000eee00000, 0x00000000eef00000|  0%| F|  |TAMS 0x00000000eee00000, 0x00000000eee00000| Untracked 
| 239|0x00000000eef00000, 0x00000000eef00000, 0x00000000ef000000|  0%| F|  |TAMS 0x00000000eef00000, 0x00000000eef00000| Untracked 
| 240|0x00000000ef000000, 0x00000000ef080800, 0x00000000ef100000| 50%| E|  |TAMS 0x00000000ef000000, 0x00000000ef000000| Complete 
| 241|0x00000000ef100000, 0x00000000ef200000, 0x00000000ef200000|100%| E|CS|TAMS 0x00000000ef100000, 0x00000000ef100000| Complete 
| 242|0x00000000ef200000, 0x00000000ef300000, 0x00000000ef300000|100%| E|CS|TAMS 0x00000000ef200000, 0x00000000ef200000| Complete 
| 243|0x00000000ef300000, 0x00000000ef400000, 0x00000000ef400000|100%| E|CS|TAMS 0x00000000ef300000, 0x00000000ef300000| Complete 
| 244|0x00000000ef400000, 0x00000000ef500000, 0x00000000ef500000|100%| E|CS|TAMS 0x00000000ef400000, 0x00000000ef400000| Complete 
| 245|0x00000000ef500000, 0x00000000ef600000, 0x00000000ef600000|100%| E|CS|TAMS 0x00000000ef500000, 0x00000000ef500000| Complete 
| 246|0x00000000ef600000, 0x00000000ef700000, 0x00000000ef700000|100%| E|CS|TAMS 0x00000000ef600000, 0x00000000ef600000| Complete 
| 247|0x00000000ef700000, 0x00000000ef800000, 0x00000000ef800000|100%| E|CS|TAMS 0x00000000ef700000, 0x00000000ef700000| Complete 
| 248|0x00000000ef800000, 0x00000000ef900000, 0x00000000ef900000|100%| E|CS|TAMS 0x00000000ef800000, 0x00000000ef800000| Complete 
| 249|0x00000000ef900000, 0x00000000efa00000, 0x00000000efa00000|100%| E|CS|TAMS 0x00000000ef900000, 0x00000000ef900000| Complete 
| 250|0x00000000efa00000, 0x00000000efb00000, 0x00000000efb00000|100%| E|CS|TAMS 0x00000000efa00000, 0x00000000efa00000| Complete 
| 251|0x00000000efb00000, 0x00000000efc00000, 0x00000000efc00000|100%| E|CS|TAMS 0x00000000efb00000, 0x00000000efb00000| Complete 
| 252|0x00000000efc00000, 0x00000000efd00000, 0x00000000efd00000|100%| E|CS|TAMS 0x00000000efc00000, 0x00000000efc00000| Complete 
| 253|0x00000000efd00000, 0x00000000efe00000, 0x00000000efe00000|100%| E|CS|TAMS 0x00000000efd00000, 0x00000000efd00000| Complete 
| 254|0x00000000efe00000, 0x00000000eff00000, 0x00000000eff00000|100%| E|CS|TAMS 0x00000000efe00000, 0x00000000efe00000| Complete 
| 255|0x00000000eff00000, 0x00000000f0000000, 0x00000000f0000000|100%| E|CS|TAMS 0x00000000eff00000, 0x00000000eff00000| Complete 

Card table byte_map: [0x000000001abe0000,0x000000001ace0000] _byte_map_base: 0x000000001a4e0000

Marking Bits (Prev, Next): (CMBitMap*) 0x0000000000492170, (CMBitMap*) 0x0000000000492138
 Prev Bits: [0x000000001b5e0000, 0x000000001bde0000)
 Next Bits: [0x000000001ade0000, 0x000000001b5e0000)

Polling page: 0x0000000000140000

Metaspace:

Usage:
  Non-class:     25.94 MB capacity,    25.32 MB ( 98%) used,   521.77 KB (  2%) free+waste,   107.19 KB ( <1%) overhead. 
      Class:      3.83 MB capacity,     3.42 MB ( 89%) used,   371.38 KB (  9%) free+waste,    53.81 KB (  1%) overhead. 
       Both:     29.77 MB capacity,    28.74 MB ( 97%) used,   893.15 KB (  3%) free+waste,   161.00 KB ( <1%) overhead. 

Virtual space:
  Non-class space:       28.00 MB reserved,      26.17 MB ( 93%) committed 
      Class space:        1.00 GB reserved,       3.88 MB ( <1%) committed 
             Both:        1.03 GB reserved,      30.05 MB (  3%) committed 

Chunk freelists:
   Non-Class:  50.00 KB
       Class:  10.00 KB
        Both:  60.00 KB

MaxMetaspaceSize: 17179869184.00 GB
CompressedClassSpaceSize: 1.00 GB
Initial GC threshold: 20.80 MB
Current GC threshold: 35.08 MB
CDS: off

CodeHeap 'non-profiled nmethods': size=120000Kb used=1035Kb max_used=1035Kb free=118964Kb
 bounds [0x0000000012b40000, 0x0000000012db0000, 0x000000001a070000]
CodeHeap 'profiled nmethods': size=120000Kb used=4834Kb max_used=4834Kb free=115166Kb
 bounds [0x000000000b610000, 0x000000000bad0000, 0x0000000012b40000]
CodeHeap 'non-nmethods': size=5760Kb used=1240Kb max_used=1269Kb free=4519Kb
 bounds [0x000000000b070000, 0x000000000b2e0000, 0x000000000b610000]
 total_blobs=2719 nmethods=2211 adapters=420
 compilation: enabled
              stopped_count=0, restarted_count=0
 full_count=0

Compilation events (20 events):
Event: 11.238 Thread 0x000000001f08e800 2217       3       java.lang.invoke.InnerClassLambdaMetafactory$ForwardingMethodGenerator::invocationOpcode (93 bytes)
Event: 11.247 Thread 0x000000001f08e800 nmethod 2217 0x000000000bac0b10 code [0x000000000bac0d80, 0x000000000bac16f8]
Event: 11.247 Thread 0x000000001f08e800 2218       3       java.lang.invoke.InnerClassLambdaMetafactory::getReturnOpcode (20 bytes)
Event: 11.249 Thread 0x000000001f08e800 nmethod 2218 0x000000000bac1a90 code [0x000000000bac1c40, 0x000000000bac1da8]
Event: 11.249 Thread 0x000000001f08e800 2219       3       jdk.internal.org.objectweb.asm.ClassWriter::visitEnd (1 bytes)
Event: 11.250 Thread 0x000000001f08e800 nmethod 2219 0x000000000bac1e90 code [0x000000000bac2040, 0x000000000bac2138]
Event: 11.250 Thread 0x000000001f08e800 2220       3       java.util.stream.AbstractPipeline::<init> (91 bytes)
Event: 11.256 Thread 0x000000001f08e800 nmethod 2220 0x000000000bac2210 code [0x000000000bac2420, 0x000000000bac2a78]
Event: 11.528 Thread 0x000000001f08e800 2221       3       com.google.common.base.Preconditions::checkNotNull (14 bytes)
Event: 11.530 Thread 0x000000001f08e800 nmethod 2221 0x000000000bac2c90 code [0x000000000bac2e60, 0x000000000bac3028]
Event: 11.593 Thread 0x000000001f08e800 2222       3       io.netty.util.AsciiString::c2b (15 bytes)
Event: 11.595 Thread 0x000000001f08e800 nmethod 2222 0x000000000bac3110 code [0x000000000bac32c0, 0x000000000bac33f8]
Event: 11.635 Thread 0x000000001f08e800 2223       3       java.util.BitSet::wordIndex (5 bytes)
Event: 11.636 Thread 0x000000001f08e800 nmethod 2223 0x000000000bac3490 code [0x000000000bac3640, 0x000000000bac3718]
Event: 11.672 Thread 0x000000001f08e800 2224       3       java.net.URI$Parser::scan (76 bytes)
Event: 11.680 Thread 0x000000001f08e800 nmethod 2224 0x000000000bac3790 code [0x000000000bac39e0, 0x000000000bac4278]
Event: 11.843 Thread 0x000000001f08e800 2226       3       java.util.logging.LogManager$LoggerContext::getGlobalLogger (6 bytes)
Event: 11.843 Thread 0x000000001f08e800 nmethod 2226 0x000000000bac4610 code [0x000000000bac47c0, 0x000000000bac48d8]
Event: 11.934 Thread 0x0000000022557800 nmethod 2109 0x0000000012c3aa90 code [0x0000000012c3ae80, 0x0000000012c3f4c8]
Event: 11.935 Thread 0x0000000022557800 2164 %     4       sun.nio.cs.UTF_8$Decoder::decodeArrayLoop @ 73 (691 bytes)

GC Heap History (8 events):
Event: 4.189 GC heap before
{Heap before GC invocations=0 (full 0):
 garbage-first heap   total 262144K, used 23552K [0x00000000e0000000, 0x0000000100000000)
  region size 1024K, 24 young (24576K), 0 survivors (0K)
 Metaspace       used 13587K, capacity 13877K, committed 14208K, reserved 1062912K
  class space    used 1454K, capacity 1540K, committed 1664K, reserved 1048576K
}
Event: 4.383 GC heap after
{Heap after GC invocations=1 (full 0):
 garbage-first heap   total 262144K, used 5813K [0x00000000e0000000, 0x0000000100000000)
  region size 1024K, 3 young (3072K), 3 survivors (3072K)
 Metaspace       used 13587K, capacity 13877K, committed 14208K, reserved 1062912K
  class space    used 1454K, capacity 1540K, committed 1664K, reserved 1048576K
}
Event: 6.241 GC heap before
{Heap before GC invocations=1 (full 0):
 garbage-first heap   total 262144K, used 20149K [0x00000000e0000000, 0x0000000100000000)
  region size 1024K, 17 young (17408K), 3 survivors (3072K)
 Metaspace       used 16700K, capacity 17414K, committed 17664K, reserved 1064960K
  class space    used 1931K, capacity 2178K, committed 2304K, reserved 1048576K
}
Event: 6.251 GC heap after
{Heap after GC invocations=2 (full 0):
 garbage-first heap   total 262144K, used 6905K [0x00000000e0000000, 0x0000000100000000)
  region size 1024K, 1 young (1024K), 1 survivors (1024K)
 Metaspace       used 16700K, capacity 17414K, committed 17664K, reserved 1064960K
  class space    used 1931K, capacity 2178K, committed 2304K, reserved 1048576K
}
Event: 7.834 GC heap before
{Heap before GC invocations=2 (full 0):
 garbage-first heap   total 262144K, used 29433K [0x00000000e0000000, 0x0000000100000000)
  region size 1024K, 24 young (24576K), 1 survivors (1024K)
 Metaspace       used 20458K, capacity 21132K, committed 21296K, reserved 1069056K
  class space    used 2334K, capacity 2628K, committed 2688K, reserved 1048576K
}
Event: 7.863 GC heap after
{Heap after GC invocations=3 (full 0):
 garbage-first heap   total 262144K, used 9814K [0x00000000e0000000, 0x0000000100000000)
  region size 1024K, 4 young (4096K), 4 survivors (4096K)
 Metaspace       used 20458K, capacity 21132K, committed 21296K, reserved 1069056K
  class space    used 2334K, capacity 2628K, committed 2688K, reserved 1048576K
}
Event: 10.692 GC heap before
{Heap before GC invocations=4 (full 0):
 garbage-first heap   total 262144K, used 59990K [0x00000000e0000000, 0x0000000100000000)
  region size 1024K, 53 young (54272K), 4 survivors (4096K)
 Metaspace       used 27552K, capacity 28446K, committed 28720K, reserved 1075200K
  class space    used 3249K, capacity 3609K, committed 3712K, reserved 1048576K
}
Event: 10.717 GC heap after
{Heap after GC invocations=5 (full 0):
 garbage-first heap   total 262144K, used 12822K [0x00000000e0000000, 0x0000000100000000)
  region size 1024K, 6 young (6144K), 6 survivors (6144K)
 Metaspace       used 27552K, capacity 28446K, committed 28720K, reserved 1075200K
  class space    used 3249K, capacity 3609K, committed 3712K, reserved 1048576K
}

Deoptimization events (20 events):
Event: 8.954 Thread 0x000000002129f800 Uncommon trap: trap_request=0xffffff4d fr.pc=0x0000000012bd96ec relative=0x000000000000034c
Event: 8.954 Thread 0x000000002129f800 Uncommon trap: reason=unstable_if action=reinterpret pc=0x0000000012bd96ec method=java.io.ByteArrayInputStream.read([BII)I @ 35 c2
Event: 8.954 Thread 0x000000002129f800 DEOPT PACKING pc=0x0000000012bd96ec sp=0x0000000021938730
Event: 8.954 Thread 0x000000002129f800 DEOPT UNPACKING pc=0x000000000b0ba1af sp=0x00000000219386f0 mode 2
Event: 9.014 Thread 0x000000002129f800 DEOPT PACKING pc=0x000000000b9d5324 sp=0x00000000219387a0
Event: 9.014 Thread 0x000000002129f800 DEOPT UNPACKING pc=0x000000000b0ba95e sp=0x0000000021937ca0 mode 0
Event: 9.655 Thread 0x000000002129f800 DEOPT PACKING pc=0x000000000b9d5303 sp=0x0000000021936ea0
Event: 9.655 Thread 0x000000002129f800 DEOPT UNPACKING pc=0x000000000b0ba95e sp=0x00000000219363a0 mode 0
Event: 10.003 Thread 0x000000002129f800 Uncommon trap: trap_request=0xffffff4d fr.pc=0x0000000012bba178 relative=0x00000000000005b8
Event: 10.003 Thread 0x000000002129f800 Uncommon trap: reason=unstable_if action=reinterpret pc=0x0000000012bba178 method=java.lang.String.replace(CC)Ljava/lang/String; @ 2 c2
Event: 10.003 Thread 0x000000002129f800 DEOPT PACKING pc=0x0000000012bba178 sp=0x0000000021939aa0
Event: 10.003 Thread 0x000000002129f800 DEOPT UNPACKING pc=0x000000000b0ba1af sp=0x0000000021939a60 mode 2
Event: 10.089 Thread 0x0000000022959000 Uncommon trap: trap_request=0xffffff4d fr.pc=0x0000000012ba8b08 relative=0x0000000000000268
Event: 10.089 Thread 0x0000000022959000 Uncommon trap: reason=unstable_if action=reinterpret pc=0x0000000012ba8b08 method=jdk.internal.org.objectweb.asm.Type.getArgumentsAndReturnSizes(Ljava/lang/String;)I @ 136 c2
Event: 10.089 Thread 0x0000000022959000 DEOPT PACKING pc=0x0000000012ba8b08 sp=0x000000002795d2a0
Event: 10.089 Thread 0x0000000022959000 DEOPT UNPACKING pc=0x000000000b0ba1af sp=0x000000002795d238 mode 2
Event: 10.604 Thread 0x000000002129f800 Uncommon trap: trap_request=0xffffff4d fr.pc=0x0000000012bb7cc0 relative=0x0000000000000080
Event: 10.604 Thread 0x000000002129f800 Uncommon trap: reason=unstable_if action=reinterpret pc=0x0000000012bb7cc0 method=sun.reflect.generics.parser.SignatureParser.current()C @ 39 c2
Event: 10.604 Thread 0x000000002129f800 DEOPT PACKING pc=0x0000000012bb7cc0 sp=0x0000000021938f20
Event: 10.604 Thread 0x000000002129f800 DEOPT UNPACKING pc=0x000000000b0ba1af sp=0x0000000021938eb8 mode 2

Classes redefined (0 events):
No events

Internal exceptions (20 events):
Event: 8.554 Thread 0x000000002129f800 Exception <a 'java/lang/NoSuchMethodError'{0x00000000ef886ae8}: 'int java.lang.invoke.DirectMethodHandle$Holder.invokeStatic(java.lang.Object, java.lang.Object, int, java.lang.Object)'> (0x00000000ef886ae8) thrown at [./src/hotspot/share/interpreter/linkResolver.cpp, line 773]
Event: 8.562 Thread 0x000000002129f800 Exception <a 'java/lang/NoSuchMethodError'{0x00000000ef88d838}: 'java.lang.Object java.lang.invoke.Invokers$Holder.linkToTargetMethod(java.lang.Object, int, java.lang.Object)'> (0x00000000ef88d838) thrown at [./src/hotspot/share/interpreter/linkResolver.cpp, line 773]
Event: 8.567 Thread 0x000000002129f800 Exception <a 'java/lang/IncompatibleClassChangeError'{0x00000000ef8908b0}: Found class java.lang.Object, but interface was expected> (0x00000000ef8908b0) thrown at [./src/hotspot/share/interpreter/linkResolver.cpp, line 839]
Event: 8.664 Thread 0x000000002129f800 Exception <a 'java/lang/NoSuchMethodError'{0x00000000ef713ec0}: 'java.lang.Object java.lang.invoke.DirectMethodHandle$Holder.invokeInterface(java.lang.Object, java.lang.Object, java.lang.Object, java.lang.Object)'> (0x00000000ef713ec0) thrown at [./src/hotspot/share/interpreter/linkResolver.cpp, line 773]
Event: 8.678 Thread 0x000000002129f800 Exception <a 'java/lang/NoSuchMethodError'{0x00000000ef71f7f0}: 'java.lang.Object java.lang.invoke.DirectMethodHandle$Holder.invokeVirtual(java.lang.Object, java.lang.Object, java.lang.Object, java.lang.Object)'> (0x00000000ef71f7f0) thrown at [./src/hotspot/share/interpreter/linkResolver.cpp, line 773]
Event: 9.048 Thread 0x000000002129f800 Exception <a 'java/lang/NoClassDefFoundError'{0x00000000eee59f80}> (0x00000000eee59f80) thrown at [./src/hotspot/share/oops/instanceKlass.cpp, line 1029]
Event: 9.050 Thread 0x000000002129f800 Exception <a 'java/lang/NoClassDefFoundError'{0x00000000eee7aab0}: org/apache/logging/log4j/spi/ExtendedLoggerWrapper> (0x00000000eee7aab0) thrown at [./src/hotspot/share/classfile/systemDictionary.cpp, line 220]
Event: 9.052 Thread 0x000000002129f800 Exception <a 'java/lang/NoClassDefFoundError'{0x00000000eee994f8}: org/apache/log4j/Priority> (0x00000000eee994f8) thrown at [./src/hotspot/share/classfile/systemDictionary.cpp, line 220]
Event: 9.820 Thread 0x000000002129f800 Exception <a 'java/lang/IncompatibleClassChangeError'{0x00000000ed41a988}: Found class java.lang.Object, but interface was expected> (0x00000000ed41a988) thrown at [./src/hotspot/share/interpreter/linkResolver.cpp, line 839]
Event: 10.088 Thread 0x0000000022959000 Exception <a 'java/lang/NoSuchMethodError'{0x00000000ece1f268}: 'void java.lang.invoke.DirectMethodHandle$Holder.invokeStatic(java.lang.Object, long)'> (0x00000000ece1f268) thrown at [./src/hotspot/share/interpreter/linkResolver.cpp, line 773]
Event: 10.092 Thread 0x0000000022959000 Exception <a 'java/lang/NoSuchMethodError'{0x00000000ece241d8}: 'java.lang.Object java.lang.invoke.DirectMethodHandle$Holder.invokeStatic(java.lang.Object, long)'> (0x00000000ece241d8) thrown at [./src/hotspot/share/interpreter/linkResolver.cpp, line 773]
Event: 10.114 Thread 0x0000000022959000 Exception <a 'java/lang/NoSuchMethodError'{0x00000000ece31f70}: 'java.lang.Object java.lang.invoke.DirectMethodHandle$Holder.invokeStaticInit(java.lang.Object, java.lang.Object, long, java.lang.Object)'> (0x00000000ece31f70) thrown at [./src/hotspot/share/interpreter/linkResolver.cpp, line 773]
Event: 10.118 Thread 0x0000000022959000 Exception <a 'java/lang/NoSuchMethodError'{0x00000000ece379d8}: 'java.lang.Object java.lang.invoke.DirectMethodHandle$Holder.invokeStatic(java.lang.Object, java.lang.Object, long)'> (0x00000000ece379d8) thrown at [./src/hotspot/share/interpreter/linkResolver.cpp, line 773]
Event: 10.122 Thread 0x0000000022959000 Exception <a 'java/lang/NoSuchMethodError'{0x00000000ece3dca8}: 'java.lang.Object java.lang.invoke.Invokers$Holder.linkToTargetMethod(java.lang.Object, long, java.lang.Object)'> (0x00000000ece3dca8) thrown at [./src/hotspot/share/interpreter/linkResolver.cpp, line 773]
Event: 10.553 Thread 0x000000002295b800 Exception <a 'java/net/SocketTimeoutException'{0x00000000eceb0490}: connect timed out> (0x00000000eceb0490) thrown at [./src/hotspot/share/prims/jni.cpp, line 636]
Event: 10.617 Thread 0x000000002129f800 Exception <a 'java/lang/NoSuchMethodError'{0x00000000ecc72c88}: 'double java.lang.invoke.DirectMethodHandle$Holder.invokeVirtual(java.lang.Object, java.lang.Object)'> (0x00000000ecc72c88) thrown at [./src/hotspot/share/interpreter/linkResolver.cpp, line 773]
Event: 10.619 Thread 0x000000002129f800 Exception <a 'java/lang/NoSuchMethodError'{0x00000000ecc79240}: 'float java.lang.invoke.DirectMethodHandle$Holder.invokeVirtual(java.lang.Object, java.lang.Object)'> (0x00000000ecc79240) thrown at [./src/hotspot/share/interpreter/linkResolver.cpp, line 773]
Event: 10.621 Thread 0x000000002129f800 Exception <a 'java/lang/NoSuchMethodError'{0x00000000ecc821e8}: 'long java.lang.invoke.DirectMethodHandle$Holder.invokeVirtual(java.lang.Object, java.lang.Object)'> (0x00000000ecc821e8) thrown at [./src/hotspot/share/interpreter/linkResolver.cpp, line 773]
Event: 10.736 Thread 0x000000002129f800 Exception <a 'java/lang/NoSuchMethodError'{0x00000000eff475c0}: 'void java.lang.invoke.DirectMethodHandle$Holder.invokeStatic(java.lang.Object, java.lang.Object, int)'> (0x00000000eff475c0) thrown at [./src/hotspot/share/interpreter/linkResolver.cpp, line 773]
Event: 10.899 Thread 0x000000002129f800 Exception <a 'java/lang/NoSuchMethodError'{0x00000000efc37f88}: 'int java.lang.invoke.DirectMethodHandle$Holder.invokeSpecialIFC(java.lang.Object, java.lang.Object, java.lang.Object)'> (0x00000000efc37f88) thrown at [./src/hotspot/share/interpreter/linkResolver.cpp, line 773]

Events (20 events):
Event: 11.811 loading class io/netty/channel/ChannelMetadata
Event: 11.811 loading class io/netty/channel/ChannelMetadata done
Event: 11.813 loading class io/netty/channel/FileRegion
Event: 11.813 loading class io/netty/channel/FileRegion done
Event: 11.814 loading class io/netty/channel/VoidChannelPromise
Event: 11.814 loading class io/netty/channel/VoidChannelPromise done
Event: 11.818 loading class io/netty/channel/AbstractChannel$CloseFuture
Event: 11.818 loading class io/netty/channel/AbstractChannel$CloseFuture done
Event: 11.820 loading class io/netty/channel/DefaultChannelPromise
Event: 11.820 loading class io/netty/channel/DefaultChannelPromise done
Event: 11.821 loading class io/netty/channel/ChannelFlushPromiseNotifier$FlushCheckpoint
Event: 11.821 loading class io/netty/channel/ChannelFlushPromiseNotifier$FlushCheckpoint done
Event: 11.825 loading class io/netty/channel/DefaultChannelId
Event: 11.825 loading class io/netty/channel/DefaultChannelId done
Event: 11.833 loading class io/netty/util/internal/MacAddressUtil
Event: 11.833 loading class io/netty/util/internal/MacAddressUtil done
Event: 11.836 loading class io/netty/util/NetUtil
Event: 11.836 loading class io/netty/util/NetUtil done
Event: 11.841 loading class io/netty/util/NetUtilInitializations
Event: 11.841 loading class io/netty/util/NetUtilInitializations done


Dynamic libraries:
0x000000013ff90000 - 0x000000013ff9d000 	C:\Program Files\Eclipse Foundation\jdk-11.0.12.7-hotspot\bin\java.exe
0x0000000077b30000 - 0x0000000077cd9000 	C:\Windows\SYSTEM32\ntdll.dll
0x000007feb7d00000 - 0x000007feb7d13000 	C:\Program Files\AVG\Antivirus\aswhook.dll
0x0000000077910000 - 0x0000000077a2f000 	C:\Windows\system32\kernel32.dll
0x000007fefdbf0000 - 0x000007fefdc5b000 	C:\Windows\system32\KERNELBASE.dll
0x000007feb8c90000 - 0x000007feb8ca7000 	C:\Program Files\Eclipse Foundation\jdk-11.0.12.7-hotspot\bin\jli.dll
0x000007fefbf50000 - 0x000007fefc144000 	C:\Windows\WinSxS\amd64_microsoft.windows.common-controls_6595b64144ccf1df_6.0.7601.17514_none_fa396087175ac9ac\COMCTL32.dll
0x000007fefe540000 - 0x000007fefe5df000 	C:\Windows\system32\msvcrt.dll
0x000007fefeb10000 - 0x000007fefeb77000 	C:\Windows\system32\GDI32.dll
0x0000000077a30000 - 0x0000000077b2a000 	C:\Windows\system32\USER32.dll
0x000007fefe8a0000 - 0x000007fefe8ae000 	C:\Windows\system32\LPK.dll
0x000007fefe0b0000 - 0x000007fefe179000 	C:\Windows\system32\USP10.dll
0x000007fefeb80000 - 0x000007fefebf1000 	C:\Windows\system32\SHLWAPI.dll
0x000007feb5940000 - 0x000007feb5955000 	C:\Program Files\Eclipse Foundation\jdk-11.0.12.7-hotspot\bin\VCRUNTIME140.dll
0x000007fef2890000 - 0x000007fef2894000 	C:\Program Files\Eclipse Foundation\jdk-11.0.12.7-hotspot\bin\api-ms-win-crt-runtime-l1-1-0.dll
0x000007feae090000 - 0x000007feae18a000 	C:\Program Files\Eclipse Foundation\jdk-11.0.12.7-hotspot\bin\ucrtbase.DLL
0x000007feb62d0000 - 0x000007feb62d3000 	C:\Program Files\Eclipse Foundation\jdk-11.0.12.7-hotspot\bin\api-ms-win-core-localization-l1-2-0.dll
0x000007feb6010000 - 0x000007feb6013000 	C:\Program Files\Eclipse Foundation\jdk-11.0.12.7-hotspot\bin\api-ms-win-core-processthreads-l1-1-1.dll
0x000007feb5cb0000 - 0x000007feb5cb3000 	C:\Program Files\Eclipse Foundation\jdk-11.0.12.7-hotspot\bin\api-ms-win-core-file-l1-2-0.dll
0x000007feb5a40000 - 0x000007feb5a43000 	C:\Program Files\Eclipse Foundation\jdk-11.0.12.7-hotspot\bin\api-ms-win-core-timezone-l1-1-0.dll
0x000007feb5a30000 - 0x000007feb5a33000 	C:\Program Files\Eclipse Foundation\jdk-11.0.12.7-hotspot\bin\api-ms-win-core-file-l2-1-0.dll
0x000007feb5930000 - 0x000007feb5933000 	C:\Program Files\Eclipse Foundation\jdk-11.0.12.7-hotspot\bin\api-ms-win-core-synch-l1-2-0.dll
0x000007feb5920000 - 0x000007feb5923000 	C:\Program Files\Eclipse Foundation\jdk-11.0.12.7-hotspot\bin\api-ms-win-crt-heap-l1-1-0.dll
0x000007feb5910000 - 0x000007feb5914000 	C:\Program Files\Eclipse Foundation\jdk-11.0.12.7-hotspot\bin\api-ms-win-crt-string-l1-1-0.dll
0x000007feb5900000 - 0x000007feb5904000 	C:\Program Files\Eclipse Foundation\jdk-11.0.12.7-hotspot\bin\api-ms-win-crt-stdio-l1-1-0.dll
0x000007feae080000 - 0x000007feae084000 	C:\Program Files\Eclipse Foundation\jdk-11.0.12.7-hotspot\bin\api-ms-win-crt-convert-l1-1-0.dll
0x000007feae070000 - 0x000007feae073000 	C:\Program Files\Eclipse Foundation\jdk-11.0.12.7-hotspot\bin\api-ms-win-crt-environment-l1-1-0.dll
0x000007feae060000 - 0x000007feae063000 	C:\Program Files\Eclipse Foundation\jdk-11.0.12.7-hotspot\bin\api-ms-win-crt-filesystem-l1-1-0.dll
0x000007feae050000 - 0x000007feae055000 	C:\Program Files\Eclipse Foundation\jdk-11.0.12.7-hotspot\bin\api-ms-win-crt-math-l1-1-0.dll
0x000007feae040000 - 0x000007feae043000 	C:\Program Files\Eclipse Foundation\jdk-11.0.12.7-hotspot\bin\api-ms-win-crt-locale-l1-1-0.dll
0x000007fefe680000 - 0x000007fefe6ae000 	C:\Windows\system32\IMM32.DLL
0x000007fefe6b0000 - 0x000007fefe7b9000 	C:\Windows\system32\MSCTF.dll
0x000007feadfa0000 - 0x000007feae03b000 	C:\Program Files\Eclipse Foundation\jdk-11.0.12.7-hotspot\bin\msvcp140.dll
0x000007feadf90000 - 0x000007feadf93000 	C:\Program Files\Eclipse Foundation\jdk-11.0.12.7-hotspot\bin\api-ms-win-crt-time-l1-1-0.dll
0x000007feadf80000 - 0x000007feadf83000 	C:\Program Files\Eclipse Foundation\jdk-11.0.12.7-hotspot\bin\api-ms-win-crt-utility-l1-1-0.dll
0x000007feac4c0000 - 0x000007fead019000 	C:\Program Files\Eclipse Foundation\jdk-11.0.12.7-hotspot\bin\server\jvm.dll
0x000007fefe3e0000 - 0x000007fefe4bb000 	C:\Windows\system32\ADVAPI32.dll
0x000007fefea90000 - 0x000007fefeaaf000 	C:\Windows\SYSTEM32\sechost.dll
0x000007fefec10000 - 0x000007fefed3d000 	C:\Windows\system32\RPCRT4.dll
0x000007fefa710000 - 0x000007fefa719000 	C:\Windows\system32\WSOCK32.dll
0x000007fefdeb0000 - 0x000007fefdefd000 	C:\Windows\system32\WS2_32.dll
0x000007fefec00000 - 0x000007fefec08000 	C:\Windows\system32\NSI.dll
0x000007fef9bd0000 - 0x000007fef9c0b000 	C:\Windows\system32\WINMM.dll
0x000007fefc870000 - 0x000007fefc87c000 	C:\Windows\system32\VERSION.dll
0x0000000077cf0000 - 0x0000000077cf7000 	C:\Windows\system32\PSAPI.DLL
0x000007feadf70000 - 0x000007feadf80000 	C:\Program Files\Eclipse Foundation\jdk-11.0.12.7-hotspot\bin\verify.dll
0x000007fef8db0000 - 0x000007fef8ed5000 	C:\Windows\system32\DBGHELP.DLL
0x000007feadf40000 - 0x000007feadf68000 	C:\Program Files\Eclipse Foundation\jdk-11.0.12.7-hotspot\bin\java.dll
0x000007feadf30000 - 0x000007feadf3a000 	C:\Program Files\Eclipse Foundation\jdk-11.0.12.7-hotspot\bin\jimage.dll
0x000007feac4a0000 - 0x000007feac4b7000 	C:\Program Files\Eclipse Foundation\jdk-11.0.12.7-hotspot\bin\zip.dll
0x000007fefed40000 - 0x000007feffac8000 	C:\Windows\system32\SHELL32.dll
0x000007fefdca0000 - 0x000007fefdea3000 	C:\Windows\system32\ole32.dll
0x000007fefd8f0000 - 0x000007fefd8ff000 	C:\Windows\system32\profapi.dll
0x000007feac480000 - 0x000007feac499000 	C:\Program Files\Eclipse Foundation\jdk-11.0.12.7-hotspot\bin\net.dll
0x000007fef98e0000 - 0x000007fef9951000 	C:\Windows\system32\WINHTTP.dll
0x000007fef9870000 - 0x000007fef98d4000 	C:\Windows\system32\webio.dll
0x000007fefd080000 - 0x000007fefd0d5000 	C:\Windows\system32\mswsock.dll
0x000007fefd070000 - 0x000007fefd077000 	C:\Windows\System32\wship6.dll
0x000007feac460000 - 0x000007feac472000 	C:\Program Files\Eclipse Foundation\jdk-11.0.12.7-hotspot\bin\nio.dll
0x000007fefd0e0000 - 0x000007fefd0f7000 	C:\Windows\system32\CRYPTSP.dll
0x000007fefcde0000 - 0x000007fefce27000 	C:\Windows\system32\rsaenh.dll
0x000007fefda40000 - 0x000007fefda5e000 	C:\Windows\system32\USERENV.dll
0x000007fefd780000 - 0x000007fefd78f000 	C:\Windows\system32\CRYPTBASE.dll
0x000007feface0000 - 0x000007fefad07000 	C:\Windows\system32\IPHLPAPI.DLL
0x000007fefacd0000 - 0x000007fefacdb000 	C:\Windows\system32\WINNSI.DLL
0x000007fefab00000 - 0x000007fefab11000 	C:\Windows\system32\dhcpcsvc6.DLL
0x000007fefa730000 - 0x000007fefa748000 	C:\Windows\system32\dhcpcsvc.DLL
0x000007fefb270000 - 0x000007fefb285000 	C:\Windows\system32\NLAapi.dll
0x000007fef1ed0000 - 0x000007fef1ee5000 	C:\Windows\system32\napinsp.dll
0x000007fef1eb0000 - 0x000007fef1ec9000 	C:\Windows\system32\pnrpnsp.dll
0x000007fefcf00000 - 0x000007fefcf5b000 	C:\Windows\system32\DNSAPI.dll
0x000007fef1ea0000 - 0x000007fef1eab000 	C:\Windows\System32\winrnr.dll
0x000007fefc7b0000 - 0x000007fefc7b7000 	C:\Windows\System32\wshtcpip.dll
0x000007fef1e90000 - 0x000007fef1e98000 	C:\Windows\system32\rasadhlp.dll
0x000007fefabd0000 - 0x000007fefac23000 	C:\Windows\System32\fwpuclnt.dll
0x000007fefbc80000 - 0x000007fefbc89000 	C:\Program Files\Eclipse Foundation\jdk-11.0.12.7-hotspot\bin\management.dll
0x000007fefbc70000 - 0x000007fefbc7b000 	C:\Program Files\Eclipse Foundation\jdk-11.0.12.7-hotspot\bin\management_ext.dll
0x000007feefcf0000 - 0x000007feefcfe000 	C:\Program Files\Eclipse Foundation\jdk-11.0.12.7-hotspot\bin\sunmscapi.dll
0x000007fefda70000 - 0x000007fefdbdc000 	C:\Windows\system32\CRYPT32.dll
0x000007fefd8e0000 - 0x000007fefd8ef000 	C:\Windows\system32\MSASN1.dll
0x000007fefd260000 - 0x000007fefd2ad000 	C:\Windows\system32\ncrypt.dll
0x000007fefd230000 - 0x000007fefd252000 	C:\Windows\system32\bcrypt.dll
0x000007feb8a10000 - 0x000007feb8a35000 	C:\Program Files\Eclipse Foundation\jdk-11.0.12.7-hotspot\bin\sunec.dll
0x000007fefd6e0000 - 0x000007fefd737000 	C:\Windows\system32\apphelp.dll

dbghelp: loaded successfully - version: 4.0.5 - missing functions: none
symbol engine: initialized successfully - sym options: 0x614 - pdb path: .;C:\Program Files\Eclipse Foundation\jdk-11.0.12.7-hotspot\bin;C:\Windows\SYSTEM32;C:\Program Files\AVG\Antivirus;C:\Windows\WinSxS\amd64_microsoft.windows.common-controls_6595b64144ccf1df_6.0.7601.17514_none_fa396087175ac9ac;C:\Program Files\Eclipse Foundation\jdk-11.0.12.7-hotspot\bin\server

VM Arguments:
jvm_args: -Dorg.gradle.internal.worker.tmpdir=E:\Netology\Java\L18Patterns\Error\DeliveryCard\build\tmp\test\work -Dorg.gradle.native=false -Dselenide.headless --add-opens=java.base/java.util=ALL-UNNAMED --add-opens=java.base/java.lang=ALL-UNNAMED -Xmx512m -Dfile.encoding=windows-1251 -Duser.country=RU -Duser.language=ru -Duser.variant -ea 
java_command: worker.org.gradle.process.internal.worker.GradleWorkerMain 'Gradle Test Executor 1'
java_class_path (initial): C:\\Users\\user\\.gradle\\caches\\7.1\\workerMain\\gradle-worker.jar;E:\\Netology\\Java\\L18Patterns\\Error\\DeliveryCard\\build\\classes\\java\\test;E:\\Netology\\Java\\L18Patterns\\Error\\DeliveryCard\\build\\resources\\test;E:\\Netology\\Java\\L18Patterns\\Error\\DeliveryCard\\build\\classes\\java\\main;E:\\Netology\\Java\\L18Patterns\\Error\\DeliveryCard\\build\\resources\\main;C:\\Users\\user\\.gradle\\caches\\modules-2\\files-2.1\\com.github.javafaker\\javafaker\\1.0.2\\be0ff271b1208416822db4438864df47f90af92f\\javafaker-1.0.2.jar;C:\\Users\\user\\.gradle\\caches\\modules-2\\files-2.1\\org.junit.jupiter\\junit-jupiter-params\\5.8.2\\ddeafe92fc263f895bfb73ffeca7fd56e23c2cce\\junit-jupiter-params-5.8.2.jar;C:\\Users\\user\\.gradle\\caches\\modules-2\\files-2.1\\org.junit.jupiter\\junit-jupiter-engine\\5.8.2\\c598b4328d2f397194d11df3b1648d68d7d990e3\\junit-jupiter-engine-5.8.2.jar;C:\\Users\\user\\.gradle\\caches\\modules-2\\files-2.1\\org.junit.jupiter\\junit-jupiter-api\\5.8.2\\4c21029217adf07e4c0d0c5e192b6bf610c94bdc\\junit-jupiter-api-5.8.2.jar;C:\\Users\\user\\.gradle\\caches\\modules-2\\files-2.1\\org.junit.platform\\junit-platform-engine\\1.8.2\\b737de09f19864bd136805c84df7999a142fec29\\junit-platform-engine-1.8.2.jar;C:\\Users\\user\\.gradle\\caches\\modules-2\\files-2.1\\org.junit.platform\\junit-platform-commons\\1.8.2\\32c8b8617c1342376fd5af2053da6410d8866861\\junit-platform-commons-1.8.2.jar;C:\\Users\\user\\.gradle\\caches\\modules-2\\files-2.1\\org.junit.jupiter\\junit-jupiter\\5.8.2\\5a817b1e63f1217e5c586090c45e681281f097ad\\junit-jupiter-5.8.2.jar;C:\\Users\\user\\.gradle\\caches\\modules-2\\files-2.1\\com.codeborne\\selenide\\6.1.1\\256ff48ec58c9147c2f1f0ddd4812f09d1e3fae0\\selenide-6.1.1.jar;C:\\Users\\user\\.gradle\\caches\\modules-2\\files-2.1\\com.codeborne\\selenide-core\\6.1.1\\3acc31dd8977c6962e4ac8b26dff9c62c63746d\\selenide-core-6.1.1.jar;C:\\Users\\user\\.gradle\\caches\\modules-2\\files-2.1\\org.apache.comm
Launcher Type: SUN_STANDARD

[Global flags]
     intx CICompilerCount                          = 4                                         {product} {ergonomic}
     uint ConcGCThreads                            = 2                                         {product} {ergonomic}
     uint G1ConcRefinementThreads                  = 8                                         {product} {ergonomic}
   size_t G1HeapRegionSize                         = 1048576                                   {product} {ergonomic}
    uintx GCDrainStackTargetSize                   = 64                                        {product} {ergonomic}
   size_t InitialHeapSize                          = 268435456                                 {product} {ergonomic}
   size_t MarkStackSize                            = 4194304                                   {product} {ergonomic}
   size_t MaxHeapSize                              = 536870912                                 {product} {command line}
   size_t MaxNewSize                               = 321912832                                 {product} {ergonomic}
   size_t MinHeapDeltaBytes                        = 1048576                                   {product} {ergonomic}
    uintx NonNMethodCodeHeapSize                   = 5836300                                {pd product} {ergonomic}
    uintx NonProfiledCodeHeapSize                  = 122910970                              {pd product} {ergonomic}
    uintx ProfiledCodeHeapSize                     = 122910970                              {pd product} {ergonomic}
    uintx ReservedCodeCacheSize                    = 251658240                              {pd product} {ergonomic}
     bool SegmentedCodeCache                       = true                                      {product} {ergonomic}
     bool UseCompressedClassPointers               = true                                 {lp64_product} {ergonomic}
     bool UseCompressedOops                        = true                                 {lp64_product} {ergonomic}
     bool UseG1GC                                  = true                                      {product} {ergonomic}
     bool UseLargePagesIndividualAllocation        = false                                  {pd product} {ergonomic}

Logging:
Log output configuration:
 #0: stdout all=warning uptime,level,tags
 #1: stderr all=off uptime,level,tags

Environment Variables:
PATH=C:\Program Files\Eclipse Foundation\jdk-11.0.12.7-hotspot\bin;C:\Program Files (x86)\Intel\iCLS Client\;C:\Program Files\Intel\iCLS Client\;C:\Windows\system32;C:\Windows;C:\Windows\System32\Wbem;C:\Windows\System32\WindowsPowerShell\v1.0\;C:\Program Files\Intel\Intel(R) Management Engine Components\DAL;C:\Program Files\Intel\Intel(R) Management Engine Components\IPT;C:\Program Files (x86)\Intel\Intel(R) Management Engine Components\DAL;C:\Program Files (x86)\Intel\Intel(R) Management Engine Components\IPT;C:\Program Files (x86)\NVIDIA Corporation\PhysX\Common;C:\Program Files (x86)\QuickTime\QTSystem\;C:\Program Files\Git\cmd;C:\chromedriver
USERNAME=user
OS=Windows_NT
PROCESSOR_IDENTIFIER=Intel64 Family 6 Model 58 Stepping 9, GenuineIntel



---------------  S Y S T E M  ---------------

OS: Windows 7 , 64 bit Build 7601 (6.1.7601.18015)
OS uptime: 0 days 1:14 hours

CPU:total 8 (initial active 8) (4 cores per cpu, 2 threads per core) family 6 model 58 stepping 9 microcode 0x0, cmov, cx8, fxsr, mmx, sse, sse2, sse3, ssse3, sse4.1, sse4.2, popcnt, avx, aes, clmul, erms, ht, tsc, tscinvbit, tscinv

Memory: 4k page, system-wide physical 16329M (5512M free)
TotalPageFile size 32657M (AvailPageFile size 15251M)
current process WorkingSet (physical memory assigned to process): 179M, peak: 179M
current process commit charge ("private bytes"): 420M, peak: 420M

vm_info: OpenJDK 64-Bit Server VM (11.0.12+7) for windows-amd64 JRE (11.0.12+7), built on Jul 21 2021 16:23:49 by "" with unknown MS VC++:1916

END.
